;  LST file generated by mikroListExporter - v.2.0 
; Date/Time: 8/5/2016 4:09:22 PM
;----------------------------------------------

;Address Opcode 	ASM
0x0000	0xF001EF57  	GOTO        686
_interrupt:
;deneme.c,146 :: 		void interrupt(){
;deneme.c,150 :: 		if(TMR0IF_bit){
0x0008	0xA4F2      	BTFSS       TMR0IF_bit, BitPos(TMR0IF_bit+0) 
0x000A	0xD007      	BRA         L_interrupt0
;deneme.c,151 :: 		TMR0IF_bit = 0;
0x000C	0x94F2      	BCF         TMR0IF_bit, BitPos(TMR0IF_bit+0) 
;deneme.c,152 :: 		TMR0H         = 0xD8;
0x000E	0x0ED8      	MOVLW       216
0x0010	0x6ED7      	MOVWF       TMR0H 
;deneme.c,153 :: 		TMR0L         = 0xF0;
0x0012	0x0EF0      	MOVLW       240
0x0014	0x6ED6      	MOVWF       TMR0L 
;deneme.c,154 :: 		timer_sayac_0++;
0x0016	0x4A15      	INFSNZ      _timer_sayac_0, 1 
0x0018	0x2A16      	INCF        _timer_sayac_0+1, 1 
;deneme.c,155 :: 		}
L_interrupt0:
;deneme.c,156 :: 		if(TMR1IF_bit){
0x001A	0xA09E      	BTFSS       TMR1IF_bit, BitPos(TMR1IF_bit+0) 
0x001C	0xD005      	BRA         L_interrupt1
;deneme.c,157 :: 		TMR1IF_bit = 0;
0x001E	0x909E      	BCF         TMR1IF_bit, BitPos(TMR1IF_bit+0) 
;deneme.c,158 :: 		TMR1H = 0x3C;
0x0020	0x0E3C      	MOVLW       60
0x0022	0x6ECF      	MOVWF       TMR1H 
;deneme.c,159 :: 		TMR1L = 0xB0;
0x0024	0x0EB0      	MOVLW       176
0x0026	0x6ECE      	MOVWF       TMR1L 
;deneme.c,161 :: 		}
L_interrupt1:
;deneme.c,162 :: 		if(TMR2IF_bit){
0x0028	0xB29E      	BTFSC       TMR2IF_bit, BitPos(TMR2IF_bit+0) 
;deneme.c,163 :: 		TMR2IF_bit = 0;
0x002A	0x929E      	BCF         TMR2IF_bit, BitPos(TMR2IF_bit+0) 
;deneme.c,165 :: 		}
L_interrupt2:
;deneme.c,166 :: 		if(TMR3IF_bit){
0x002C	0xA2A1      	BTFSS       TMR3IF_bit, BitPos(TMR3IF_bit+0) 
0x002E	0xD005      	BRA         L_interrupt3
;deneme.c,167 :: 		TMR3IF_bit = 0;
0x0030	0x92A1      	BCF         TMR3IF_bit, BitPos(TMR3IF_bit+0) 
;deneme.c,168 :: 		TMR3H         = 0x3C;
0x0032	0x0E3C      	MOVLW       60
0x0034	0x6EB3      	MOVWF       TMR3H 
;deneme.c,169 :: 		TMR3L         = 0xB0;
0x0036	0x0EB0      	MOVLW       176
0x0038	0x6EB2      	MOVWF       TMR3L 
;deneme.c,171 :: 		}
L_interrupt3:
;deneme.c,172 :: 		if(INT0F_bit){
0x003A	0xA2F2      	BTFSS       INT0F_bit, BitPos(INT0F_bit+0) 
0x003C	0xD003      	BRA         L_interrupt4
;deneme.c,173 :: 		xray_on = 1;
0x003E	0x0E01      	MOVLW       1
0x0040	0x6E17      	MOVWF       _xray_on 
;deneme.c,174 :: 		INT0F_bit = 0;
0x0042	0x92F2      	BCF         INT0F_bit, BitPos(INT0F_bit+0) 
;deneme.c,175 :: 		}
L_interrupt4:
;deneme.c,176 :: 		if(INT1F_bit){
0x0044	0xA0F0      	BTFSS       INT1F_bit, BitPos(INT1F_bit+0) 
0x0046	0xD003      	BRA         L_interrupt5
;deneme.c,177 :: 		ready = 1;
0x0048	0x0E01      	MOVLW       1
0x004A	0x6E29      	MOVWF       _ready 
;deneme.c,178 :: 		INT1F_bit = 0;
0x004C	0x90F0      	BCF         INT1F_bit, BitPos(INT1F_bit+0) 
;deneme.c,179 :: 		}
L_interrupt5:
;deneme.c,180 :: 		if(INT2F_bit){
0x004E	0xB2F0      	BTFSC       INT2F_bit, BitPos(INT2F_bit+0) 
;deneme.c,182 :: 		INT2F_bit = 0;
0x0050	0x92F0      	BCF         INT2F_bit, BitPos(INT2F_bit+0) 
;deneme.c,183 :: 		}
L_interrupt6:
;deneme.c,187 :: 		}
L_end_interrupt:
L__interrupt23:
0x0052	0x0011      	RETFIE      1
; end of _interrupt
_Delay_50us:
;__Lib_Delays.c,19 :: 		void Delay_50us() {
;__Lib_Delays.c,20 :: 		Delay_us(50);
0x0054	0x0E10      	MOVLW       16
0x0056	0x6E0D      	MOVWF       R13, 0
L_Delay_50us2:
0x0058	0x2E0D      	DECFSZ      R13, 1, 0
0x005A	0xD7FE      	BRA         L_Delay_50us2
0x005C	0x0000      	NOP
;__Lib_Delays.c,21 :: 		}
L_end_Delay_50us:
0x005E	0x0012      	RETURN      0
; end of _Delay_50us
_Delay_5500us:
;__Lib_Delays.c,31 :: 		void Delay_5500us() {
;__Lib_Delays.c,32 :: 		Delay_us(5500);
0x0060	0x0E08      	MOVLW       8
0x0062	0x6E0C      	MOVWF       R12, 0
0x0064	0x0E23      	MOVLW       35
0x0066	0x6E0D      	MOVWF       R13, 0
L_Delay_5500us5:
0x0068	0x2E0D      	DECFSZ      R13, 1, 0
0x006A	0xD7FE      	BRA         L_Delay_5500us5
0x006C	0x2E0C      	DECFSZ      R12, 1, 0
0x006E	0xD7FC      	BRA         L_Delay_5500us5
;__Lib_Delays.c,33 :: 		}
L_end_Delay_5500us:
0x0070	0x0012      	RETURN      0
; end of _Delay_5500us
_Delay_1us:
;__Lib_Delays.c,7 :: 		void Delay_1us() {
;__Lib_Delays.c,8 :: 		Delay_us(1);
0x0072	0x0000      	NOP
;__Lib_Delays.c,9 :: 		}
L_end_Delay_1us:
0x0074	0x0012      	RETURN      0
; end of _Delay_1us
_Lcd_Cmd:
;__Lib_Lcd.c,18 :: 		
;__Lib_Lcd.c,20 :: 		
0x0076	0xBE42      	BTFSC       FARG_Lcd_Cmd_out_char, 7 
0x0078	0xD002      	BRA         L__Lcd_Cmd21
0x007A	0x9080      	BCF         LCD_D7, BitPos(LCD_D7+0) 
0x007C	0xD001      	BRA         L__Lcd_Cmd22
L__Lcd_Cmd21:
0x007E	0x8080      	BSF         LCD_D7, BitPos(LCD_D7+0) 
L__Lcd_Cmd22:
;__Lib_Lcd.c,21 :: 		
0x0080	0xBC42      	BTFSC       FARG_Lcd_Cmd_out_char, 6 
0x0082	0xD002      	BRA         L__Lcd_Cmd23
0x0084	0x9280      	BCF         LCD_D6, BitPos(LCD_D6+0) 
0x0086	0xD001      	BRA         L__Lcd_Cmd24
L__Lcd_Cmd23:
0x0088	0x8280      	BSF         LCD_D6, BitPos(LCD_D6+0) 
L__Lcd_Cmd24:
;__Lib_Lcd.c,22 :: 		
0x008A	0xBA42      	BTFSC       FARG_Lcd_Cmd_out_char, 5 
0x008C	0xD002      	BRA         L__Lcd_Cmd25
0x008E	0x9480      	BCF         LCD_D5, BitPos(LCD_D5+0) 
0x0090	0xD001      	BRA         L__Lcd_Cmd26
L__Lcd_Cmd25:
0x0092	0x8480      	BSF         LCD_D5, BitPos(LCD_D5+0) 
L__Lcd_Cmd26:
;__Lib_Lcd.c,23 :: 		
0x0094	0xB842      	BTFSC       FARG_Lcd_Cmd_out_char, 4 
0x0096	0xD002      	BRA         L__Lcd_Cmd27
0x0098	0x9680      	BCF         LCD_D4, BitPos(LCD_D4+0) 
0x009A	0xD001      	BRA         L__Lcd_Cmd28
L__Lcd_Cmd27:
0x009C	0x8680      	BSF         LCD_D4, BitPos(LCD_D4+0) 
L__Lcd_Cmd28:
;__Lib_Lcd.c,25 :: 		
0x009E	0xB036      	BTFSC       __Lib_Lcd_cmd_status, BitPos(__Lib_Lcd_cmd_status+0) 
0x00A0	0xD002      	BRA         L__Lcd_Cmd29
0x00A2	0x8A80      	BSF         LCD_RS, BitPos(LCD_RS+0) 
0x00A4	0xD001      	BRA         L__Lcd_Cmd30
L__Lcd_Cmd29:
0x00A6	0x9A80      	BCF         LCD_RS, BitPos(LCD_RS+0) 
L__Lcd_Cmd30:
;__Lib_Lcd.c,28 :: 		
0x00A8	0x8880      	BSF         LCD_EN, BitPos(LCD_EN+0) 
;__Lib_Lcd.c,29 :: 		
0x00AA	0xDFE3      	RCALL       _Delay_1us
;__Lib_Lcd.c,30 :: 		
0x00AC	0x9880      	BCF         LCD_EN, BitPos(LCD_EN+0) 
;__Lib_Lcd.c,33 :: 		
0x00AE	0xB642      	BTFSC       FARG_Lcd_Cmd_out_char, 3 
0x00B0	0xD002      	BRA         L__Lcd_Cmd31
0x00B2	0x9080      	BCF         LCD_D7, BitPos(LCD_D7+0) 
0x00B4	0xD001      	BRA         L__Lcd_Cmd32
L__Lcd_Cmd31:
0x00B6	0x8080      	BSF         LCD_D7, BitPos(LCD_D7+0) 
L__Lcd_Cmd32:
;__Lib_Lcd.c,34 :: 		
0x00B8	0xB442      	BTFSC       FARG_Lcd_Cmd_out_char, 2 
0x00BA	0xD002      	BRA         L__Lcd_Cmd33
0x00BC	0x9280      	BCF         LCD_D6, BitPos(LCD_D6+0) 
0x00BE	0xD001      	BRA         L__Lcd_Cmd34
L__Lcd_Cmd33:
0x00C0	0x8280      	BSF         LCD_D6, BitPos(LCD_D6+0) 
L__Lcd_Cmd34:
;__Lib_Lcd.c,35 :: 		
0x00C2	0xB242      	BTFSC       FARG_Lcd_Cmd_out_char, 1 
0x00C4	0xD002      	BRA         L__Lcd_Cmd35
0x00C6	0x9480      	BCF         LCD_D5, BitPos(LCD_D5+0) 
0x00C8	0xD001      	BRA         L__Lcd_Cmd36
L__Lcd_Cmd35:
0x00CA	0x8480      	BSF         LCD_D5, BitPos(LCD_D5+0) 
L__Lcd_Cmd36:
;__Lib_Lcd.c,36 :: 		
0x00CC	0xB042      	BTFSC       FARG_Lcd_Cmd_out_char, 0 
0x00CE	0xD002      	BRA         L__Lcd_Cmd37
0x00D0	0x9680      	BCF         LCD_D4, BitPos(LCD_D4+0) 
0x00D2	0xD001      	BRA         L__Lcd_Cmd38
L__Lcd_Cmd37:
0x00D4	0x8680      	BSF         LCD_D4, BitPos(LCD_D4+0) 
L__Lcd_Cmd38:
;__Lib_Lcd.c,38 :: 		
0x00D6	0xB036      	BTFSC       __Lib_Lcd_cmd_status, BitPos(__Lib_Lcd_cmd_status+0) 
0x00D8	0xD002      	BRA         L__Lcd_Cmd39
0x00DA	0x8A80      	BSF         LCD_RS, BitPos(LCD_RS+0) 
0x00DC	0xD001      	BRA         L__Lcd_Cmd40
L__Lcd_Cmd39:
0x00DE	0x9A80      	BCF         LCD_RS, BitPos(LCD_RS+0) 
L__Lcd_Cmd40:
;__Lib_Lcd.c,40 :: 		
0x00E0	0x8880      	BSF         LCD_EN, BitPos(LCD_EN+0) 
;__Lib_Lcd.c,41 :: 		
0x00E2	0xDFC7      	RCALL       _Delay_1us
;__Lib_Lcd.c,42 :: 		
0x00E4	0x9880      	BCF         LCD_EN, BitPos(LCD_EN+0) 
;__Lib_Lcd.c,44 :: 		
0x00E6	0xA036      	BTFSS       __Lib_Lcd_cmd_status, BitPos(__Lib_Lcd_cmd_status+0) 
0x00E8	0xD002      	BRA         L_Lcd_Cmd0
;__Lib_Lcd.c,45 :: 		
0x00EA	0xDFBA      	RCALL       _Delay_5500us
0x00EC	0xD001      	BRA         L_Lcd_Cmd1
L_Lcd_Cmd0:
;__Lib_Lcd.c,47 :: 		
0x00EE	0xDFB2      	RCALL       _Delay_50us
L_Lcd_Cmd1:
;__Lib_Lcd.c,48 :: 		
L_end_Lcd_Cmd:
0x00F0	0x0012      	RETURN      0
; end of _Lcd_Cmd
_Lcd_Chr_CP:
;__Lib_Lcd.c,50 :: 		
;__Lib_Lcd.c,52 :: 		
0x00F2	0x9036      	BCF         __Lib_Lcd_cmd_status, BitPos(__Lib_Lcd_cmd_status+0) 
;__Lib_Lcd.c,53 :: 		
0x00F4	0xF042C041  	MOVFF       FARG_Lcd_Chr_CP_out_char, FARG_Lcd_Cmd_out_char
0x00F8	0xDFBE      	RCALL       _Lcd_Cmd
;__Lib_Lcd.c,54 :: 		
0x00FA	0x8036      	BSF         __Lib_Lcd_cmd_status, BitPos(__Lib_Lcd_cmd_status+0) 
;__Lib_Lcd.c,55 :: 		
L_end_Lcd_Chr_CP:
0x00FC	0x0012      	RETURN      0
; end of _Lcd_Chr_CP
_InitINT0:
;deneme.c,124 :: 		void InitINT0(){
;deneme.c,125 :: 		INT0IE_bit = 1;
0x00FE	0x88F2      	BSF         INT0IE_bit, BitPos(INT0IE_bit+0) 
;deneme.c,126 :: 		GIE_bit = 1;
0x0100	0x8EF2      	BSF         GIE_bit, BitPos(GIE_bit+0) 
;deneme.c,127 :: 		INT0IF_bit = 0;
0x0102	0x92F2      	BCF         INT0IF_bit, BitPos(INT0IF_bit+0) 
;deneme.c,128 :: 		}
L_end_InitINT0:
0x0104	0x0012      	RETURN      0
; end of _InitINT0
_UART1_Data_Ready:
;__Lib_UART_c67.c,34 :: 		
;__Lib_UART_c67.c,35 :: 		
0x0106	0x0E00      	MOVLW       0
0x0108	0xBA9E      	BTFSC       PIR1, 5 
0x010A	0x0E01      	MOVLW       1
0x010C	0x6E00      	MOVWF       R0 
;__Lib_UART_c67.c,36 :: 		
L_end_UART1_Data_Ready:
0x010E	0x0012      	RETURN      0
; end of _UART1_Data_Ready
_UART1_Read:
;__Lib_UART_c67.c,39 :: 		
;__Lib_UART_c67.c,42 :: 		
0x0110	0xF001CFAE  	MOVFF       RCREG, R1
;__Lib_UART_c67.c,43 :: 		
0x0114	0xA2AB      	BTFSS       RCSTA, 1 
0x0116	0xD002      	BRA         L_UART1_Read2
;__Lib_UART_c67.c,44 :: 		
0x0118	0x98AB      	BCF         RCSTA, 4 
;__Lib_UART_c67.c,45 :: 		
0x011A	0x88AB      	BSF         RCSTA, 4 
;__Lib_UART_c67.c,46 :: 		
L_UART1_Read2:
;__Lib_UART_c67.c,47 :: 		
0x011C	0xF000C001  	MOVFF       R1, R0
;__Lib_UART_c67.c,48 :: 		
L_end_UART1_Read:
0x0120	0x0012      	RETURN      0
; end of _UART1_Read
_InitINT1:
;deneme.c,130 :: 		void InitINT1(){
;deneme.c,131 :: 		INT1IE_bit = 1;
0x0122	0x86F0      	BSF         INT1IE_bit, BitPos(INT1IE_bit+0) 
;deneme.c,132 :: 		GIE_bit = 1;
0x0124	0x8EF2      	BSF         GIE_bit, BitPos(GIE_bit+0) 
;deneme.c,133 :: 		INT1IF_bit = 0;
0x0126	0x90F0      	BCF         INT1IF_bit, BitPos(INT1IF_bit+0) 
;deneme.c,134 :: 		}
L_end_InitINT1:
0x0128	0x0012      	RETURN      0
; end of _InitINT1
_Lcd_Init:
;__Lib_Lcd.c,84 :: 		
;__Lib_Lcd.c,86 :: 		
0x012A	0x9892      	BCF         LCD_EN_Direction, BitPos(LCD_EN_Direction+0) 
;__Lib_Lcd.c,87 :: 		
0x012C	0x9A92      	BCF         LCD_RS_Direction, BitPos(LCD_RS_Direction+0) 
;__Lib_Lcd.c,88 :: 		
0x012E	0x9692      	BCF         LCD_D4_Direction, BitPos(LCD_D4_Direction+0) 
;__Lib_Lcd.c,89 :: 		
0x0130	0x9492      	BCF         LCD_D5_Direction, BitPos(LCD_D5_Direction+0) 
;__Lib_Lcd.c,90 :: 		
0x0132	0x9292      	BCF         LCD_D6_Direction, BitPos(LCD_D6_Direction+0) 
;__Lib_Lcd.c,91 :: 		
0x0134	0x9092      	BCF         LCD_D7_Direction, BitPos(LCD_D7_Direction+0) 
;__Lib_Lcd.c,93 :: 		
0x0136	0x9880      	BCF         LCD_EN, BitPos(LCD_EN+0) 
;__Lib_Lcd.c,94 :: 		
0x0138	0x9A80      	BCF         LCD_RS, BitPos(LCD_RS+0) 
;__Lib_Lcd.c,95 :: 		
0x013A	0x9080      	BCF         LCD_D7, BitPos(LCD_D7+0) 
;__Lib_Lcd.c,96 :: 		
0x013C	0x9280      	BCF         LCD_D6, BitPos(LCD_D6+0) 
;__Lib_Lcd.c,97 :: 		
0x013E	0x9480      	BCF         LCD_D5, BitPos(LCD_D5+0) 
;__Lib_Lcd.c,98 :: 		
0x0140	0x9680      	BCF         LCD_D4, BitPos(LCD_D4+0) 
;__Lib_Lcd.c,100 :: 		
0x0142	0xDF8E      	RCALL       _Delay_5500us
;__Lib_Lcd.c,101 :: 		
0x0144	0xDF8D      	RCALL       _Delay_5500us
;__Lib_Lcd.c,102 :: 		
0x0146	0xDF8C      	RCALL       _Delay_5500us
;__Lib_Lcd.c,105 :: 		
0x0148	0x8480      	BSF         LCD_D5, BitPos(LCD_D5+0) 
;__Lib_Lcd.c,106 :: 		
0x014A	0x8680      	BSF         LCD_D4, BitPos(LCD_D4+0) 
;__Lib_Lcd.c,107 :: 		
0x014C	0x8880      	BSF         LCD_EN, BitPos(LCD_EN+0) 
;__Lib_Lcd.c,108 :: 		
0x014E	0xDF91      	RCALL       _Delay_1us
;__Lib_Lcd.c,109 :: 		
0x0150	0x9880      	BCF         LCD_EN, BitPos(LCD_EN+0) 
;__Lib_Lcd.c,110 :: 		
0x0152	0xDF86      	RCALL       _Delay_5500us
;__Lib_Lcd.c,112 :: 		
0x0154	0x8880      	BSF         LCD_EN, BitPos(LCD_EN+0) 
;__Lib_Lcd.c,113 :: 		
0x0156	0xDF8D      	RCALL       _Delay_1us
;__Lib_Lcd.c,114 :: 		
0x0158	0x9880      	BCF         LCD_EN, BitPos(LCD_EN+0) 
;__Lib_Lcd.c,115 :: 		
0x015A	0xDF82      	RCALL       _Delay_5500us
;__Lib_Lcd.c,117 :: 		
0x015C	0x8880      	BSF         LCD_EN, BitPos(LCD_EN+0) 
;__Lib_Lcd.c,118 :: 		
0x015E	0xDF89      	RCALL       _Delay_1us
;__Lib_Lcd.c,119 :: 		
0x0160	0x9880      	BCF         LCD_EN, BitPos(LCD_EN+0) 
;__Lib_Lcd.c,120 :: 		
0x0162	0xDF7E      	RCALL       _Delay_5500us
;__Lib_Lcd.c,123 :: 		
0x0164	0x9680      	BCF         LCD_D4, BitPos(LCD_D4+0) 
;__Lib_Lcd.c,124 :: 		
0x0166	0x8880      	BSF         LCD_EN, BitPos(LCD_EN+0) 
;__Lib_Lcd.c,125 :: 		
0x0168	0xDF84      	RCALL       _Delay_1us
;__Lib_Lcd.c,126 :: 		
0x016A	0x9880      	BCF         LCD_EN, BitPos(LCD_EN+0) 
;__Lib_Lcd.c,127 :: 		
0x016C	0xDF79      	RCALL       _Delay_5500us
;__Lib_Lcd.c,130 :: 		
0x016E	0x8880      	BSF         LCD_EN, BitPos(LCD_EN+0) 
;__Lib_Lcd.c,131 :: 		
0x0170	0xDF80      	RCALL       _Delay_1us
;__Lib_Lcd.c,132 :: 		
0x0172	0x9880      	BCF         LCD_EN, BitPos(LCD_EN+0) 
;__Lib_Lcd.c,134 :: 		
0x0174	0x9480      	BCF         LCD_D5, BitPos(LCD_D5+0) 
;__Lib_Lcd.c,135 :: 		
0x0176	0x8080      	BSF         LCD_D7, BitPos(LCD_D7+0) 
;__Lib_Lcd.c,136 :: 		
0x0178	0x8880      	BSF         LCD_EN, BitPos(LCD_EN+0) 
;__Lib_Lcd.c,137 :: 		
0x017A	0xDF7B      	RCALL       _Delay_1us
;__Lib_Lcd.c,138 :: 		
0x017C	0x9880      	BCF         LCD_EN, BitPos(LCD_EN+0) 
;__Lib_Lcd.c,139 :: 		
0x017E	0xDF70      	RCALL       _Delay_5500us
;__Lib_Lcd.c,142 :: 		
0x0180	0x9080      	BCF         LCD_D7, BitPos(LCD_D7+0) 
;__Lib_Lcd.c,143 :: 		
0x0182	0x8680      	BSF         LCD_D4, BitPos(LCD_D4+0) 
;__Lib_Lcd.c,144 :: 		
0x0184	0x8880      	BSF         LCD_EN, BitPos(LCD_EN+0) 
;__Lib_Lcd.c,145 :: 		
0x0186	0xDF75      	RCALL       _Delay_1us
;__Lib_Lcd.c,146 :: 		
0x0188	0x9880      	BCF         LCD_EN, BitPos(LCD_EN+0) 
;__Lib_Lcd.c,148 :: 		
0x018A	0x9680      	BCF         LCD_D4, BitPos(LCD_D4+0) 
;__Lib_Lcd.c,149 :: 		
0x018C	0x8880      	BSF         LCD_EN, BitPos(LCD_EN+0) 
;__Lib_Lcd.c,150 :: 		
0x018E	0xDF71      	RCALL       _Delay_1us
;__Lib_Lcd.c,151 :: 		
0x0190	0x9880      	BCF         LCD_EN, BitPos(LCD_EN+0) 
;__Lib_Lcd.c,152 :: 		
0x0192	0xDF66      	RCALL       _Delay_5500us
;__Lib_Lcd.c,155 :: 		
0x0194	0x8880      	BSF         LCD_EN, BitPos(LCD_EN+0) 
;__Lib_Lcd.c,156 :: 		
0x0196	0xDF6D      	RCALL       _Delay_1us
;__Lib_Lcd.c,157 :: 		
0x0198	0x9880      	BCF         LCD_EN, BitPos(LCD_EN+0) 
;__Lib_Lcd.c,159 :: 		
0x019A	0x8680      	BSF         LCD_D4, BitPos(LCD_D4+0) 
;__Lib_Lcd.c,160 :: 		
0x019C	0x8880      	BSF         LCD_EN, BitPos(LCD_EN+0) 
;__Lib_Lcd.c,161 :: 		
0x019E	0xDF69      	RCALL       _Delay_1us
;__Lib_Lcd.c,162 :: 		
0x01A0	0x9880      	BCF         LCD_EN, BitPos(LCD_EN+0) 
;__Lib_Lcd.c,163 :: 		
0x01A2	0xDF5E      	RCALL       _Delay_5500us
;__Lib_Lcd.c,166 :: 		
0x01A4	0x9680      	BCF         LCD_D4, BitPos(LCD_D4+0) 
;__Lib_Lcd.c,167 :: 		
0x01A6	0x8880      	BSF         LCD_EN, BitPos(LCD_EN+0) 
;__Lib_Lcd.c,168 :: 		
0x01A8	0xDF64      	RCALL       _Delay_1us
;__Lib_Lcd.c,169 :: 		
0x01AA	0x9880      	BCF         LCD_EN, BitPos(LCD_EN+0) 
;__Lib_Lcd.c,171 :: 		
0x01AC	0x8080      	BSF         LCD_D7, BitPos(LCD_D7+0) 
;__Lib_Lcd.c,172 :: 		
0x01AE	0x8280      	BSF         LCD_D6, BitPos(LCD_D6+0) 
;__Lib_Lcd.c,173 :: 		
0x01B0	0x8480      	BSF         LCD_D5, BitPos(LCD_D5+0) 
;__Lib_Lcd.c,174 :: 		
0x01B2	0x8680      	BSF         LCD_D4, BitPos(LCD_D4+0) 
;__Lib_Lcd.c,175 :: 		
0x01B4	0x8880      	BSF         LCD_EN, BitPos(LCD_EN+0) 
;__Lib_Lcd.c,176 :: 		
0x01B6	0xDF5D      	RCALL       _Delay_1us
;__Lib_Lcd.c,177 :: 		
0x01B8	0x9880      	BCF         LCD_EN, BitPos(LCD_EN+0) 
;__Lib_Lcd.c,179 :: 		
0x01BA	0xDF52      	RCALL       _Delay_5500us
;__Lib_Lcd.c,181 :: 		
0x01BC	0x8036      	BSF         __Lib_Lcd_cmd_status, BitPos(__Lib_Lcd_cmd_status+0) 
;__Lib_Lcd.c,182 :: 		
L_end_Lcd_Init:
0x01BE	0x0012      	RETURN      0
; end of _Lcd_Init
___CC2DW:
;__Lib_System.c,21 :: 		
;__Lib_System.c,23 :: 		
_CC2DL_Loop1:
;__Lib_System.c,24 :: 		
0x01C0	0x0009      	TBLRD*+
;__Lib_System.c,25 :: 		
0x01C2	0xFFE6CFF5  	MOVFF       TABLAT, POSTINC1
;__Lib_System.c,26 :: 		
0x01C6	0x0600      	DECF        R0, 1, 0
;__Lib_System.c,27 :: 		
0x01C8	0xE1FB      	BNZ         _CC2DL_Loop1
;__Lib_System.c,28 :: 		
0x01CA	0x0601      	DECF        R1, 1, 0
;__Lib_System.c,29 :: 		
0x01CC	0xE1F9      	BNZ         _CC2DL_Loop1
;__Lib_System.c,31 :: 		
L_end___CC2DW:
0x01CE	0x0012      	RETURN      0
; end of ___CC2DW
_UART1_Write:
;__Lib_UART_c67.c,58 :: 		
;__Lib_UART_c67.c,59 :: 		
L_UART1_Write3:
0x01D0	0xB2AC      	BTFSC       TXSTA, 1 
0x01D2	0xD002      	BRA         L_UART1_Write4
;__Lib_UART_c67.c,60 :: 		
0x01D4	0x0000      	NOP
0x01D6	0xD7FC      	BRA         L_UART1_Write3
L_UART1_Write4:
;__Lib_UART_c67.c,61 :: 		
0x01D8	0xFFADC03C  	MOVFF       FARG_UART1_Write_data_, TXREG
;__Lib_UART_c67.c,62 :: 		
L_end_UART1_Write:
0x01DC	0x0012      	RETURN      0
; end of _UART1_Write
_UART1_Init:
;__Lib_UART_c67.c,15 :: 		
;__Lib_UART_c67.c,18 :: 		
0x01DE	0x0ED0      	MOVLW       _UART1_Write
0x01E0	0x6E38      	MOVWF       _UART_Wr_Ptr 
0x01E2	0x0E01      	MOVLW       hi_addr(_UART1_Write)
0x01E4	0x6E39      	MOVWF       _UART_Wr_Ptr+1 
0x01E6	0x0E3C      	MOVLW       FARG_UART1_Write_data_
0x01E8	0x6E3A      	MOVWF       _UART_Wr_Ptr+2 
0x01EA	0x0E00      	MOVLW       hi_addr(FARG_UART1_Write_data_)
0x01EC	0x6E3B      	MOVWF       _UART_Wr_Ptr+3 
;__Lib_UART_c67.c,19 :: 		
0x01EE	0x0E10      	MOVLW       _UART1_Read
0x01F0	0x6E32      	MOVWF       _UART_Rd_Ptr 
0x01F2	0x0E01      	MOVLW       hi_addr(_UART1_Read)
0x01F4	0x6E33      	MOVWF       _UART_Rd_Ptr+1 
0x01F6	0x0E00      	MOVLW       0
0x01F8	0x6E34      	MOVWF       _UART_Rd_Ptr+2 
0x01FA	0x0E00      	MOVLW       0
0x01FC	0x6E35      	MOVWF       _UART_Rd_Ptr+3 
;__Lib_UART_c67.c,20 :: 		
0x01FE	0x0E06      	MOVLW       _UART1_Data_Ready
0x0200	0x6E2A      	MOVWF       _UART_Rdy_Ptr 
0x0202	0x0E01      	MOVLW       hi_addr(_UART1_Data_Ready)
0x0204	0x6E2B      	MOVWF       _UART_Rdy_Ptr+1 
0x0206	0x0E00      	MOVLW       0
0x0208	0x6E2C      	MOVWF       _UART_Rdy_Ptr+2 
0x020A	0x0E00      	MOVLW       0
0x020C	0x6E2D      	MOVWF       _UART_Rdy_Ptr+3 
;__Lib_UART_c67.c,21 :: 		
0x020E	0x0EFF      	MOVLW       _UART1_Tx_Idle
0x0210	0x6E2E      	MOVWF       _UART_Tx_Idle_Ptr 
0x0212	0x0EFF      	MOVLW       hi_addr(_UART1_Tx_Idle)
0x0214	0x6E2F      	MOVWF       _UART_Tx_Idle_Ptr+1 
0x0216	0x0E00      	MOVLW       0
0x0218	0x6E30      	MOVWF       _UART_Tx_Idle_Ptr+2 
0x021A	0x0E00      	MOVLW       0
0x021C	0x6E31      	MOVWF       _UART_Tx_Idle_Ptr+3 
;__Lib_UART_c67.c,23 :: 		
0x021E	0x8AAC      	BSF         TXSTA, 5 
;__Lib_UART_c67.c,24 :: 		
0x0220	0x0E90      	MOVLW       144
0x0222	0x6EAB      	MOVWF       RCSTA 
;__Lib_UART_c67.c,25 :: 		
0x0224	0x8E94      	BSF         TRISC7_bit, BitPos(TRISC7_bit+0) 
;__Lib_UART_c67.c,26 :: 		
0x0226	0x9C94      	BCF         TRISC6_bit, BitPos(TRISC6_bit+0) 
;__Lib_UART_c67.c,28 :: 		
L_UART1_Init0:
0x0228	0xAA9E      	BTFSS       PIR1, 5 
0x022A	0xD003      	BRA         L_UART1_Init1
;__Lib_UART_c67.c,29 :: 		
0x022C	0xF000CFAE  	MOVFF       RCREG, R0
0x0230	0xD7FB      	BRA         L_UART1_Init0
L_UART1_Init1:
;__Lib_UART_c67.c,30 :: 		
L_end_UART1_Init:
0x0232	0x0012      	RETURN      0
; end of _UART1_Init
_Lcd_Out:
;__Lib_Lcd.c,184 :: 		
;__Lib_Lcd.c,187 :: 		
0x0234	0xD00F      	BRA         L_Lcd_Out11
;__Lib_Lcd.c,188 :: 		
L_Lcd_Out13:
0x0236	0x0E80      	MOVLW       128
0x0238	0x6E3C      	MOVWF       FARG_Lcd_Out_row 
0x023A	0xD019      	BRA         L_Lcd_Out12
;__Lib_Lcd.c,189 :: 		
L_Lcd_Out14:
0x023C	0x0EC0      	MOVLW       192
0x023E	0x6E3C      	MOVWF       FARG_Lcd_Out_row 
0x0240	0xD016      	BRA         L_Lcd_Out12
;__Lib_Lcd.c,190 :: 		
L_Lcd_Out15:
0x0242	0x0E94      	MOVLW       148
0x0244	0x6E3C      	MOVWF       FARG_Lcd_Out_row 
0x0246	0xD013      	BRA         L_Lcd_Out12
;__Lib_Lcd.c,191 :: 		
L_Lcd_Out16:
0x0248	0x0ED4      	MOVLW       212
0x024A	0x6E3C      	MOVWF       FARG_Lcd_Out_row 
0x024C	0xD010      	BRA         L_Lcd_Out12
;__Lib_Lcd.c,192 :: 		
L_Lcd_Out17:
0x024E	0x0E80      	MOVLW       128
0x0250	0x6E3C      	MOVWF       FARG_Lcd_Out_row 
;__Lib_Lcd.c,193 :: 		
0x0252	0xD00D      	BRA         L_Lcd_Out12
L_Lcd_Out11:
0x0254	0x503C      	MOVF        FARG_Lcd_Out_row, 0 
0x0256	0x0A01      	XORLW       1
0x0258	0xE0EE      	BZ          L_Lcd_Out13
0x025A	0x503C      	MOVF        FARG_Lcd_Out_row, 0 
0x025C	0x0A02      	XORLW       2
0x025E	0xE0EE      	BZ          L_Lcd_Out14
0x0260	0x503C      	MOVF        FARG_Lcd_Out_row, 0 
0x0262	0x0A03      	XORLW       3
0x0264	0xE0EE      	BZ          L_Lcd_Out15
0x0266	0x503C      	MOVF        FARG_Lcd_Out_row, 0 
0x0268	0x0A04      	XORLW       4
0x026A	0xE0EE      	BZ          L_Lcd_Out16
0x026C	0xD7F0      	BRA         L_Lcd_Out17
L_Lcd_Out12:
;__Lib_Lcd.c,194 :: 		
0x026E	0x043D      	DECF        FARG_Lcd_Out_column, 0 
0x0270	0x6E00      	MOVWF       R0 
0x0272	0x503C      	MOVF        FARG_Lcd_Out_row, 0 
0x0274	0x2600      	ADDWF       R0, 1 
0x0276	0xF03CC000  	MOVFF       R0, FARG_Lcd_Out_row
;__Lib_Lcd.c,196 :: 		
0x027A	0xF042C000  	MOVFF       R0, FARG_Lcd_Cmd_out_char
0x027E	0xDEFB      	RCALL       _Lcd_Cmd
;__Lib_Lcd.c,197 :: 		
0x0280	0x9036      	BCF         __Lib_Lcd_cmd_status, BitPos(__Lib_Lcd_cmd_status+0) 
;__Lib_Lcd.c,198 :: 		
0x0282	0x6A40      	CLRF        Lcd_Out_i_L0 
;__Lib_Lcd.c,199 :: 		
L_Lcd_Out18:
0x0284	0x5040      	MOVF        Lcd_Out_i_L0, 0 
0x0286	0x243E      	ADDWF       FARG_Lcd_Out_text, 0 
0x0288	0x6EE9      	MOVWF       FSR0L 
0x028A	0x0E00      	MOVLW       0
0x028C	0x203F      	ADDWFC      FARG_Lcd_Out_text+1, 0 
0x028E	0x6EEA      	MOVWF       FSR0H 
0x0290	0x52EE      	MOVF        POSTINC0, 1 
0x0292	0xE00B      	BZ          L_Lcd_Out19
;__Lib_Lcd.c,200 :: 		
0x0294	0x5040      	MOVF        Lcd_Out_i_L0, 0 
0x0296	0x243E      	ADDWF       FARG_Lcd_Out_text, 0 
0x0298	0x6EE9      	MOVWF       FSR0L 
0x029A	0x0E00      	MOVLW       0
0x029C	0x203F      	ADDWFC      FARG_Lcd_Out_text+1, 0 
0x029E	0x6EEA      	MOVWF       FSR0H 
0x02A0	0xF041CFEE  	MOVFF       POSTINC0, FARG_Lcd_Chr_CP_out_char
0x02A4	0xDF26      	RCALL       _Lcd_Chr_CP
0x02A6	0x2A40      	INCF        Lcd_Out_i_L0, 1 
0x02A8	0xD7ED      	BRA         L_Lcd_Out18
L_Lcd_Out19:
;__Lib_Lcd.c,201 :: 		
0x02AA	0x8036      	BSF         __Lib_Lcd_cmd_status, BitPos(__Lib_Lcd_cmd_status+0) 
;__Lib_Lcd.c,202 :: 		
L_end_Lcd_Out:
0x02AC	0x0012      	RETURN      0
; end of _Lcd_Out
_main:
0x02AE	0xF001EC9E  	CALL        828, 0
;deneme.c,193 :: 		void main() {
;deneme.c,195 :: 		ADCON1 |= 0x0F;
0x02B2	0x0E0F      	MOVLW       15
0x02B4	0x12C1      	IORWF       ADCON1, 1 
;deneme.c,197 :: 		CMCON  |= 7;
0x02B6	0x0E07      	MOVLW       7
0x02B8	0x12B4      	IORWF       CMCON, 1 
;deneme.c,199 :: 		TRISA = 0x00;
0x02BA	0x6A92      	CLRF        TRISA 
;deneme.c,201 :: 		TRISB = 0x00;
0x02BC	0x6A93      	CLRF        TRISB 
;deneme.c,203 :: 		TRISC = 0x00;
0x02BE	0x6A94      	CLRF        TRISC 
;deneme.c,205 :: 		TRISD = 0x00;
0x02C0	0x6A95      	CLRF        TRISD 
;deneme.c,207 :: 		PORTA = 0x00;
0x02C2	0x6A80      	CLRF        PORTA 
;deneme.c,209 :: 		PORTB = 0x00;
0x02C4	0x6A81      	CLRF        PORTB 
;deneme.c,211 :: 		PORTC = 0x00;
0x02C6	0x6A82      	CLRF        PORTC 
;deneme.c,213 :: 		PORTD = 0x00;
0x02C8	0x6A83      	CLRF        PORTD 
;deneme.c,218 :: 		Lcd_Init();
0x02CA	0xDF2F      	RCALL       _Lcd_Init
;deneme.c,220 :: 		Lcd_Out(1,1,"Gulmay Gen. Test");
0x02CC	0x0E01      	MOVLW       1
0x02CE	0x6E3C      	MOVWF       FARG_Lcd_Out_row 
0x02D0	0x0E01      	MOVLW       1
0x02D2	0x6E3D      	MOVWF       FARG_Lcd_Out_column 
0x02D4	0x0E18      	MOVLW       ?lstr1_deneme
0x02D6	0x6E3E      	MOVWF       FARG_Lcd_Out_text 
0x02D8	0x0E00      	MOVLW       hi_addr(?lstr1_deneme)
0x02DA	0x6E3F      	MOVWF       FARG_Lcd_Out_text+1 
0x02DC	0xDFAB      	RCALL       _Lcd_Out
;deneme.c,222 :: 		Delay_ms(1000);
0x02DE	0x0E06      	MOVLW       6
0x02E0	0x6E0B      	MOVWF       R11, 0
0x02E2	0x0E13      	MOVLW       19
0x02E4	0x6E0C      	MOVWF       R12, 0
0x02E6	0x0EAD      	MOVLW       173
0x02E8	0x6E0D      	MOVWF       R13, 0
L_main7:
0x02EA	0x2E0D      	DECFSZ      R13, 1, 0
0x02EC	0xD7FE      	BRA         L_main7
0x02EE	0x2E0C      	DECFSZ      R12, 1, 0
0x02F0	0xD7FC      	BRA         L_main7
0x02F2	0x2E0B      	DECFSZ      R11, 1, 0
0x02F4	0xD7FA      	BRA         L_main7
0x02F6	0x0000      	NOP
0x02F8	0x0000      	NOP
;deneme.c,224 :: 		Lcd_Cmd(_LCD_CLEAR);
0x02FA	0x0E01      	MOVLW       1
0x02FC	0x6E42      	MOVWF       FARG_Lcd_Cmd_out_char 
0x02FE	0xDEBB      	RCALL       _Lcd_Cmd
;deneme.c,228 :: 		UART1_Init(9600);  // UART Portu Etkinleþtirmesi
0x0300	0x86B8      	BSF         BAUDCON, 3, 0
0x0302	0x6AB0      	CLRF        SPBRGH 
0x0304	0x0E67      	MOVLW       103
0x0306	0x6EAF      	MOVWF       SPBRG 
0x0308	0x84AC      	BSF         TXSTA, 2, 0
0x030A	0xDF69      	RCALL       _UART1_Init
;deneme.c,236 :: 		InitINT0();
0x030C	0xDEF8      	RCALL       _InitINT0
;deneme.c,237 :: 		InitINT1();
0x030E	0xDF09      	RCALL       _InitINT1
;deneme.c,242 :: 		while(1){
L_main8:
;deneme.c,261 :: 		if (UART1_Data_Ready()){
0x0310	0xDEFA      	RCALL       _UART1_Data_Ready
0x0312	0x5200      	MOVF        R0, 1 
0x0314	0xE006      	BZ          L_main10
;deneme.c,263 :: 		uart_rd1 = UART1_Read();
0x0316	0xDEFC      	RCALL       _UART1_Read
0x0318	0xF037C000  	MOVFF       R0, _uart_rd1
;deneme.c,266 :: 		UART1_Write(uart_rd1);
0x031C	0xF03CC000  	MOVFF       R0, FARG_UART1_Write_data_
0x0320	0xDF57      	RCALL       _UART1_Write
;deneme.c,271 :: 		}
L_main10:
;deneme.c,279 :: 		} // While Döngüsü Bitiþi
0x0322	0xD7F6      	BRA         L_main8
;deneme.c,280 :: 		}
L_end_main:
0x0324	0xD7FF      	BRA         $+0
; end of _main
0x033C	0xF015EE10  	LFSR        1, 21
0x0340	0x0E15      	MOVLW       21
0x0342	0x6E00      	MOVWF       R0 
0x0344	0x0E01      	MOVLW       1
0x0346	0x6E01      	MOVWF       R1 
0x0348	0x0E26      	MOVLW       38
0x034A	0x6EF6      	MOVWF       4086 
0x034C	0x0E03      	MOVLW       3
0x034E	0x6EF7      	MOVWF       TBLPTRH 
0x0350	0x0E00      	MOVLW       0
0x0352	0x6EF8      	MOVWF       TBLPTRU 
0x0354	0xF000ECE0  	CALL        448, 0
0x0358	0x0012      	RETURN      0
;deneme.c,0 :: ?ICS_timer_sayac_0
0x0326	0x0000 ;?ICS_timer_sayac_0+0
; end of ?ICS_timer_sayac_0
;deneme.c,0 :: ?ICS_xray_on
0x0328	0x00 ;?ICS_xray_on+0
; end of ?ICS_xray_on
;deneme.c,0 :: ?ICS?lstr1_deneme
0x0329	0x7547 ;?ICS?lstr1_deneme+0
0x032B	0x6D6C ;?ICS?lstr1_deneme+2
0x032D	0x7961 ;?ICS?lstr1_deneme+4
0x032F	0x4720 ;?ICS?lstr1_deneme+6
0x0331	0x6E65 ;?ICS?lstr1_deneme+8
0x0333	0x202E ;?ICS?lstr1_deneme+10
0x0335	0x6554 ;?ICS?lstr1_deneme+12
0x0337	0x7473 ;?ICS?lstr1_deneme+14
0x0339	0x00 ;?ICS?lstr1_deneme+16
; end of ?ICS?lstr1_deneme
;deneme.c,0 :: ?ICS_ready
0x033A	0x00 ;?ICS_ready+0
; end of ?ICS_ready
Symbol List:
//** Routines locations **
//ADDRESS    SIZE    PROCEDURE
//----------------------------------------------
0x0008      [76]    _interrupt
0x0054      [12]    _Delay_50us
0x0060      [18]    _Delay_5500us
0x0072       [4]    _Delay_1us
0x0076     [124]    _Lcd_Cmd
0x00F2      [12]    _Lcd_Chr_CP
0x00FE       [8]    _InitINT0
0x0106      [10]    _UART1_Data_Ready
0x0110      [18]    _UART1_Read
0x0122       [8]    _InitINT1
0x012A     [150]    _Lcd_Init
0x01C0      [16]    ___CC2DW
0x01D0      [14]    _UART1_Write
0x01DE      [86]    _UART1_Init
0x0234     [122]    _Lcd_Out
0x02AE     [120]    _main
//** Variables locations ** 
//ADDRESS    SIZE    VARIABLE
//----------------------------------------------
0x0000       [1]    __Lib_SoftI2C_PutZerosToLATSda_temp_sda_L0
0x0000       [1]    FLASH_Erase_64_SaveINTCON_L0
0x0000       [1]    __Lib_SoftI2C_PutZerosToLATScl_temp_scl_L0
0x0000       [1]    R0
0x0000       [1]    EEPROM_Write_SaveINTCON_L0
0x0000       [1]    SPI1_Write_tmp_L0
0x0000       [1]    UART1_Init_tmp_L0
0x0001       [1]    __Lib_TFT_JPEG_FileRead_i_L0
0x0001       [1]    __Lib_TFT_16bit_JPEG_FileRead_i_L0
0x0001       [1]    __Lib_TFT_16bit_JPEG_FileReadBytes_Result_L0
0x0001       [1]    ispunct_rslt_L0
0x0001       [1]    __Lib_TFT_JPEG_FileReadBytes_Result_L0
0x0001       [1]    R1
0x0001       [1]    FLASH_Write_32_i_L0
0x0001       [2]    FLASH_Read_N_Bytes_i_L0
0x0001       [1]    __Lib_USB_genHID_?FLOC____Lib_USB_genHID_USB_Handle_BusyT1
0x0001       [1]    FLASH_Erase_Write_64_i_L0
0x0001       [1]    I2C1_Rd_tmp_L0
0x0001       [1]    __Lib_PS2_Wait_Falling_nsample_L0
0x0001       [1]    UART1_Read___tmp_UART1_Read_L0
0x0002       [1]    FLASH_Write_32_SaveINTCON_L0
0x0002       [1]    __Lib_USB_genHID_USB_CtrlTrf_Rx_Service_byteToRead_L0
0x0002       [2]    memcpy_dd_L0
0x0002       [1]    FLASH_Erase_Write_64_j_L0
0x0002       [2]    strlen_cp_L0
0x0002       [1]    R2
0x0002       [2]    memset_pp_L0
0x0002       [2]    memchr_s_L0
0x0003       [2]    MM_TotalFreeMemSize_Tot_L0
0x0003       [2]    memmove_tt_L0
0x0003       [1]    R3
0x0003       [1]    MM_Init_i_L0
0x0003       [2]    __Lib_MmcFat16_f16_toInt_l_L0
0x0003       [1]    FLASH_Erase_Write_64_SaveINTCON_L0
0x0003       [1]    __Lib_USB_genHID_USB_CtrlTrf_Rx_Service_i_L0
0x0003       [2]    __Lib_USB_genHID_USB_CtrlTrf_Tx_Service_byteToSend_L0
0x0003       [2]    Ltrim_original_L0
0x0003       [1]    __Lib_Sprinti_?FLOC____Lib_Sprinti_Do_FillT29
0x0004       [2]    memcpy_ss_L0
0x0004       [2]    strncpy_cp_L0
0x0004       [2]    __Lib_USB_genHID_USB_Transfer_Packet_handle_L0
0x0004       [1]    __Lib_USB_genHID_GetMaxIndexInDevDsc_index_L0
0x0004       [1]    R4
0x0004       [2]    __Lib_MemManager_MM_GetMemAlign_P_L0
0x0004       [2]    frexp_pom_L0
0x0004       [2]    __Lib_USB_genHID_USB_Get_Status_Handler_p_L2
0x0004       [2]    __Lib_USB_genHID_USB_Std_Feature_Req_Handler_p_L0
0x0004       [2]    strncat_cp_L0
0x0004       [2]    strcat_cp_L0
0x0004       [1]    __Lib_Sprinti_?FLOC____Lib_Sprinti_Do_FillT40
0x0004       [2]    strcpy_cp_L0
0x0005       [2]    LongWordToHex_input_half_L0
0x0005       [1]    R5
0x0005       [2]    __Lib_USB_genHID_USB_Configure_Endpoint_handle_L0
0x0005       [1]    MM_TotalFreeMemSize_i_L0
0x0005       [1]    __Lib_Sprinti_?FLOC____Lib_Sprinti_Do_FillT54
0x0005       [2]    LongIntToHex_input_half_L0
0x0005       [2]    Ltrim_p_L0
0x0005       [2]    memmove_ff_L0
0x0006       [1]    __Lib_Sprinti_?FLOC____Lib_Sprinti_Do_FillT69
0x0006       [1]    __Lib_MemManager_MM_GetMemAlign_i_L0
0x0006       [2]    __Lib_USB_genHID_GetMaxIndexInConfigDsc_totalLen_L0
0x0006       [1]    R6
0x0007       [1]    R7
0x0007       [1]    __Lib_TFT_16bit_JPEG_GenerateHuffmanTables_bLength_L0
0x0007       [1]    __Lib_TFT_JPEG_GenerateHuffmanTables_bLength_L0
0x0008       [1]    __Lib_TFT_16bit_JPEG_GenerateHuffmanTables_bTable_L0
0x0008       [3]    __Lib_USB_genHID_GetMaxIndexInConfigDsc_ptr_L0
0x0008       [1]    __Lib_TFT_JPEG_GenerateHuffmanTables_bTable_L0
0x0008       [1]    R8
0x0009       [4]    __Lib_MmcFat16_f16_toLong_l_L0
0x0009       [1]    R9
0x000A       [1]    R10
0x000B       [1]    R11
0x000C       [1]    R12
0x000D       [1]    R13
0x000E       [1]    R14
0x000F       [1]    R15
0x0010       [1]    R16
0x0011       [1]    R17
0x0012       [1]    R18
0x0013       [1]    R19
0x0014       [1]    R20
0x0015       [2]    _timer_sayac_0
0x0017       [1]    _xray_on
0x0018      [17]    ?lstr1_deneme
0x0029       [1]    _ready
0x002A       [4]    _UART_Rdy_Ptr
0x002E       [4]    _UART_Tx_Idle_Ptr
0x0032       [4]    _UART_Rd_Ptr
0x0036       [0]    __Lib_Lcd_cmd_status
0x0037       [1]    _uart_rd1
0x0038       [4]    _UART_Wr_Ptr
0x003C       [1]    FARG_Lcd_Out_row
0x003C       [1]    FARG_UART1_Write_data_
0x003D       [1]    FARG_Lcd_Out_column
0x003E       [2]    FARG_Lcd_Out_text
0x0040       [1]    Lcd_Out_i_L0
0x0041       [1]    FARG_Lcd_Chr_CP_out_char
0x0042       [1]    FARG_Lcd_Cmd_out_char
0x0F80       [0]    RA2_bit
0x0F80       [0]    RA3_bit
0x0F80       [0]    LCD_D6
0x0F80       [0]    RA5_bit
0x0F80       [0]    LCD_EN
0x0F80       [0]    LCD_RS
0x0F80       [0]    LCD_D4
0x0F80       [0]    RA4_bit
0x0F80       [0]    LCD_D5
0x0F80       [0]    LCD_D7
0x0F80       [1]    PORTA
0x0F80       [0]    RA0_bit
0x0F80       [0]    RA1_bit
0x0F81       [1]    PORTB
0x0F82       [1]    PORTC
0x0F83       [1]    PORTD
0x0F92       [1]    TRISA
0x0F92       [0]    TRISA5_bit
0x0F92       [0]    TRISA2_bit
0x0F92       [0]    TRISA3_bit
0x0F92       [0]    TRISA4_bit
0x0F92       [0]    TRISA1_bit
0x0F92       [0]    TRISA0_bit
0x0F92       [0]    LCD_D5_Direction
0x0F92       [0]    LCD_D4_Direction
0x0F92       [0]    LCD_EN_Direction
0x0F92       [0]    LCD_D7_Direction
0x0F92       [0]    LCD_D6_Direction
0x0F92       [0]    LCD_RS_Direction
0x0F93       [1]    TRISB
0x0F94       [0]    TRISC7_bit
0x0F94       [1]    TRISC
0x0F94       [0]    TRISC6_bit
0x0F95       [1]    TRISD
0x0F9E       [0]    TMR2IF_bit
0x0F9E       [0]    TMR1IF_bit
0x0F9E       [1]    PIR1
0x0FA1       [0]    TMR3IF_bit
0x0FAB       [1]    RCSTA
0x0FAC       [1]    TXSTA
0x0FAD       [1]    TXREG
0x0FAE       [1]    RCREG
0x0FAF       [1]    SPBRG
0x0FB0       [1]    SPBRGH
0x0FB2       [1]    TMR3L
0x0FB3       [1]    TMR3H
0x0FB4       [1]    CMCON
0x0FB8       [1]    BAUDCON
0x0FC1       [1]    ADCON1
0x0FCE       [1]    TMR1L
0x0FCF       [1]    TMR1H
0x0FD6       [1]    TMR0L
0x0FD7       [1]    TMR0H
0x0FD8       [1]    STATUS
0x0FD9       [1]    FSR2L
0x0FDA       [1]    FSR2H
0x0FDE       [1]    POSTINC2
0x0FE0       [1]    BSR
0x0FE1       [1]    FSR1L
0x0FE2       [1]    FSR1H
0x0FE4       [1]    PREINC1
0x0FE6       [1]    POSTINC1
0x0FE7       [1]    INDF1
0x0FE8       [1]    WREG
0x0FE9       [1]    FSR0L
0x0FEA       [1]    FSR0H
0x0FEE       [1]    POSTINC0
0x0FF0       [0]    INT2F_bit
0x0FF0       [0]    INT1F_bit
0x0FF0       [0]    INT1IF_bit
0x0FF0       [0]    INT1IE_bit
0x0FF2       [0]    INT0IE_bit
0x0FF2       [0]    INT0IF_bit
0x0FF2       [0]    TMR0IF_bit
0x0FF2       [0]    GIE_bit
0x0FF2       [0]    INT0F_bit
0x0FF3       [1]    PRODL
0x0FF4       [1]    PRODH
0x0FF5       [1]    TABLAT
0x0FF6       [1]    TBLPTRL
0x0FF7       [1]    TBLPTRH
0x0FF8       [1]    TBLPTRU
//** Constants locations ** 
//ADDRESS    SIZE    CONSTANT
//----------------------------------------------
0x0326       [2]    ?ICS_timer_sayac_0
0x0328       [1]    ?ICS_xray_on
0x0329      [17]    ?ICS?lstr1_deneme
0x033A       [1]    ?ICS_ready
//** Label List: ** 
//----------------------------------------------
  L_interrupt0
  L_interrupt1
  L_interrupt2
  L_interrupt3
  L_interrupt4
  L_interrupt5
  L_interrupt6
  L_main7
  L_main8
  L_main9
  L_main10
  L_end_address1
  _address1
  L_end_address2
  _address2
  L_end_address3
  _address3
  L_end_address4
  _address4
  L_end_InitTimer0
  _InitTimer0
  L_end_InitTimer1
  _InitTimer1
  L_end_InitTimer2
  _InitTimer2
  L_end_InitTimer3
  _InitTimer3
  L_end_InitINT0
  _InitINT0
  L_end_InitINT1
  _InitINT1
  L_end_InitINT2
  _InitINT2
  L_end_interrupt
  _interrupt
  L__interrupt23
  L_end_main
  _main
  L_Delay_10us0
  L_Delay_22us1
  L_Delay_50us2
  L_Delay_80us3
  L_Delay_500us4
  L_Delay_5500us5
  L_Delay_1ms6
  L_Delay_5ms7
  L_Delay_8ms8
  L_Delay_100ms9
  L_Delay_10ms10
  L_Delay_1sec11
  L____Boot_Delay4k12
  L____Boot_Delay8k13
  L____Boot_Delay12k14
  L____Boot_Delay16k15
  L____Boot_Delay24k16
  L____Boot_Delay32k17
  L____Boot_Delay48k18
  L____Boot_Delay64k19
  L____Boot_Delay128k20
  L_Delay_Cyc21
  L_Delay_Cyc22
  L_VDelay_ms23
  L_VDelay_ms24
  L_VDelay_ms25
  L_VDelay_Advanced_ms26
  L_VDelay_Advanced_ms27
  L_VDelay_Advanced_ms28
  L_end_Get_Fosc_kHz
  _Get_Fosc_kHz
  L_end_Delay_1us
  _Delay_1us
  L_end_Delay_10us
  _Delay_10us
  L_end_Delay_22us
  _Delay_22us
  L_end_Delay_50us
  _Delay_50us
  L_end_Delay_80us
  _Delay_80us
  L_end_Delay_500us
  _Delay_500us
  L_end_Delay_5500us
  _Delay_5500us
  L_end_Delay_1ms
  _Delay_1ms
  L_end_Delay_5ms
  _Delay_5ms
  L_end_Delay_8ms
  _Delay_8ms
  L_end_Delay_100ms
  _Delay_100ms
  L_end_Delay_10ms
  _Delay_10ms
  L_end_Delay_1sec
  _Delay_1sec
  L_end____Boot_Delay4k
  ____Boot_Delay4k
  L_end____Boot_Delay8k
  ____Boot_Delay8k
  L_end____Boot_Delay12k
  ____Boot_Delay12k
  L_end____Boot_Delay16k
  ____Boot_Delay16k
  L_end____Boot_Delay24k
  ____Boot_Delay24k
  L_end____Boot_Delay32k
  ____Boot_Delay32k
  L_end____Boot_Delay48k
  ____Boot_Delay48k
  L_end____Boot_Delay64k
  ____Boot_Delay64k
  L_end____Boot_Delay128k
  ____Boot_Delay128k
  L_end_Delay_Cyc
  _Delay_Cyc
  L_end_VDelay_ms
  _VDelay_ms
  L__VDelay_ms54
  L__VDelay_ms55
  L__VDelay_ms56
  L_end_VDelay_Advanced_ms
  _VDelay_Advanced_ms
  L__VDelay_Advanced_ms58
  L__VDelay_Advanced_ms59
  L__VDelay_Advanced_ms60
  L_Lcd_Cmd0
  L_Lcd_Cmd1
  L_Lcd_Out_CP2
  L_Lcd_Out_CP3
  L_Lcd_Chr4
  L_Lcd_Chr5
  L_Lcd_Chr6
  L_Lcd_Chr7
  L_Lcd_Chr8
  L_Lcd_Chr9
  L_Lcd_Chr10
  L_Lcd_Out11
  L_Lcd_Out12
  L_Lcd_Out13
  L_Lcd_Out14
  L_Lcd_Out15
  L_Lcd_Out16
  L_Lcd_Out17
  L_Lcd_Out18
  L_Lcd_Out19
  L_end_Lcd_Cmd
  _Lcd_Cmd
  L__Lcd_Cmd21
  L__Lcd_Cmd22
  L__Lcd_Cmd23
  L__Lcd_Cmd24
  L__Lcd_Cmd25
  L__Lcd_Cmd26
  L__Lcd_Cmd27
  L__Lcd_Cmd28
  L__Lcd_Cmd29
  L__Lcd_Cmd30
  L__Lcd_Cmd31
  L__Lcd_Cmd32
  L__Lcd_Cmd33
  L__Lcd_Cmd34
  L__Lcd_Cmd35
  L__Lcd_Cmd36
  L__Lcd_Cmd37
  L__Lcd_Cmd38
  L__Lcd_Cmd39
  L__Lcd_Cmd40
  L_end_Lcd_Chr_CP
  _Lcd_Chr_CP
  L_end_Lcd_Out_CP
  _Lcd_Out_CP
  L_end_Lcd_Chr
  _Lcd_Chr
  L_end_Lcd_Init
  _Lcd_Init
  L_end_Lcd_Out
  _Lcd_Out
  _CC2D_Loop1
  _CC2DL_Loop1
  L_loopCA2AWs
  L_loopCCA2AWs
  L_loopCS2Ss
  L_CS2Send
  L_loopCCS2Ss
  L_CCS2Send
  L_loopFZinSWs
  L_longjmp7
  L_end___CC2D
  ___CC2D
  L_end___CC2DW
  ___CC2DW
  L_end___CA2AW
  ___CA2AW
  L_end___CCA2AW
  ___CCA2AW
  L_end___CS2S
  ___CS2S
  L_end___CCS2S
  ___CCS2S
  L_end___FZinS
  ___FZinS
  L_end_____DoIFC
  _____DoIFC
  L_end_Swap
  _Swap
  L_end_setjmp
  _setjmp
  L_end_longjmp
  _longjmp
  L_UART1_Init0
  L_UART1_Init1
  L_UART1_Read2
  L_UART1_Write3
  L_UART1_Write4
  L_UART1_Write_Text5
  L_UART1_Write_Text6
  L_UART1_Read_Text7
  L_UART1_Read_Text8
  L_UART1_Read_Text9
  L_UART1_Read_Text10
  L_UART1_Read_Text11
  L_UART1_Read_Text12
  L_UART1_Read_Text13
  L_UART1_Read_Text14
  L_UART1_Read_Text15
  L_UART_Write_Text16
  L_UART_Write_Text17
  L_UART_Read_Text18
  L_UART_Read_Text19
  L_UART_Read_Text20
  L_UART_Read_Text21
  L_UART_Read_Text22
  L_UART_Read_Text23
  L_UART_Read_Text24
  L_UART_Read_Text25
  L_UART_Read_Text26
  L_end_UART1_Init
  _UART1_Init
  L_end_UART1_Data_Ready
  _UART1_Data_Ready
  L_end_UART1_Read
  _UART1_Read
  L_end_UART1_Tx_Idle
  _UART1_Tx_Idle
  L_end_UART1_Write
  _UART1_Write
  L_end_UART1_Write_Text
  _UART1_Write_Text
  L_end_UART1_Read_Text
  _UART1_Read_Text
  L_end_UART_Set_Active
  _UART_Set_Active
  L_end_UART_Write
  _UART_Write
  L_end_UART_Write_Text
  _UART_Write_Text
  L_end_UART_Read
  _UART_Read
  L_end_UART_Data_Ready
  _UART_Data_Ready
  L_end_UART_Read_Text
  _UART_Read_Text
  L_end_UART_Tx_Idle
  _UART_Tx_Idle
  L_interrupt0
  L_interrupt1
  L_interrupt2
  L_interrupt3
  L_interrupt4
  L_interrupt5
  L_interrupt6
  L_main7
  L_main8
  L_main9
  L_main10
  L_end_address1
  _address1
  L_end_address2
  _address2
  L_end_address3
  _address3
  L_end_address4
  _address4
  L_end_InitTimer0
  _InitTimer0
  L_end_InitTimer1
  _InitTimer1
  L_end_InitTimer2
  _InitTimer2
  L_end_InitTimer3
  _InitTimer3
  L_end_InitINT0
  _InitINT0
  L_end_InitINT1
  _InitINT1
  L_end_InitINT2
  _InitINT2
  L_end_interrupt
  _interrupt
  L__interrupt23
  L_end_main
  _main
