;  LST file generated by mikroListExporter - v.2.0 
; Date/Time: 12/18/2015 2:35:15 PM
;----------------------------------------------

;Address Opcode 	ASM
0x0000	0xF000EF12  	GOTO        36
_interrupt:
;interrupt18f.c,21 :: 		void interrupt(void){
;interrupt18f.c,36 :: 		tmp = 1;                                            // Increment variable cnt
0x0008	0x0E01      	MOVLW       1
0x000A	0x6E15      	MOVWF       _tmp 
0x000C	0x0E00      	MOVLW       0
0x000E	0x6E16      	MOVWF       _tmp+1 
;interrupt18f.c,37 :: 		INT0IF_bit = 0;
0x0010	0x92F2      	BCF         INT0IF_bit, BitPos(INT0IF_bit+0) 
;interrupt18f.c,41 :: 		}
L_end_interrupt:
L__interrupt13:
0x0012	0x0011      	RETFIE      1
; end of _interrupt
___CC2DW:
;__Lib_System.c,21 :: 		
;__Lib_System.c,23 :: 		
_CC2DL_Loop1:
;__Lib_System.c,24 :: 		
0x0014	0x0009      	TBLRD*+
;__Lib_System.c,25 :: 		
0x0016	0xFFE6CFF5  	MOVFF       TABLAT, POSTINC1
;__Lib_System.c,26 :: 		
0x001A	0x0600      	DECF        R0, 1, 0
;__Lib_System.c,27 :: 		
0x001C	0xE1FB      	BNZ         _CC2DL_Loop1
;__Lib_System.c,28 :: 		
0x001E	0x0601      	DECF        R1, 1, 0
;__Lib_System.c,29 :: 		
0x0020	0xE1F9      	BNZ         _CC2DL_Loop1
;__Lib_System.c,31 :: 		
L_end___CC2DW:
0x0022	0x0012      	RETURN      0
; end of ___CC2DW
_main:
0x0024	0x6A15      	CLRF        _tmp 
0x0026	0x6A16      	CLRF        22 
;interrupt18f.c,66 :: 		void main() {                                         // Main program
;interrupt18f.c,68 :: 		TRISB = 0;                                          // Set PortB as output
0x0028	0x6A93      	CLRF        TRISB 
;interrupt18f.c,69 :: 		LATB = 0;                                           // Starting value for PortB
0x002A	0x6A8A      	CLRF        LATB 
;interrupt18f.c,71 :: 		INTCON2 = 0x0001;                                   // Setup INT0 pin to interupt on falling edge
0x002C	0x0E01      	MOVLW       1
0x002E	0x6EF1      	MOVWF       INTCON2 
;interrupt18f.c,72 :: 		INT0IF_bit = 0;                                    // Reset INT0 interrupt flag
0x0030	0x92F2      	BCF         INT0IF_bit, BitPos(INT0IF_bit+0) 
;interrupt18f.c,73 :: 		INT0IE_bit = 1;                                    // Enable INT0 Interrupt Service Routine
0x0032	0x88F2      	BSF         INT0IE_bit, BitPos(INT0IE_bit+0) 
;interrupt18f.c,77 :: 		while(1) {                                          // Unending loop
L_main5:
;interrupt18f.c,78 :: 		while (tmp) {
L_main7:
0x0034	0x5015      	MOVF        _tmp, 0 
0x0036	0x1016      	IORWF       _tmp+1, 0 
0x0038	0xE017      	BZ          L_main8
;interrupt18f.c,79 :: 		INTCON2 = 0x0000;                               // Disable interrupts
0x003A	0x6AF1      	CLRF        INTCON2 
;interrupt18f.c,80 :: 		LATB = 0xFF;                                    // Turn on PortB
0x003C	0x0EFF      	MOVLW       255
0x003E	0x6E8A      	MOVWF       LATB 
;interrupt18f.c,81 :: 		Delay_ms(5000);                                 // Wait for 5 seconds
0x0040	0x0E07      	MOVLW       7
0x0042	0x6E0B      	MOVWF       R11, 0
0x0044	0x0E58      	MOVLW       88
0x0046	0x6E0C      	MOVWF       R12, 0
0x0048	0x0E59      	MOVLW       89
0x004A	0x6E0D      	MOVWF       R13, 0
L_main9:
0x004C	0x2E0D      	DECFSZ      R13, 1, 0
0x004E	0xD7FE      	BRA         L_main9
0x0050	0x2E0C      	DECFSZ      R12, 1, 0
0x0052	0xD7FC      	BRA         L_main9
0x0054	0x2E0B      	DECFSZ      R11, 1, 0
0x0056	0xD7FA      	BRA         L_main9
0x0058	0x0000      	NOP
0x005A	0x0000      	NOP
;interrupt18f.c,82 :: 		LATB = 0x00;                                    // Turn off PortB
0x005C	0x6A8A      	CLRF        LATB 
;interrupt18f.c,83 :: 		tmp = 0;                                        // Clear tmp variable
0x005E	0x6A15      	CLRF        _tmp 
0x0060	0x6A16      	CLRF        _tmp+1 
;interrupt18f.c,84 :: 		INTCON2 = 0x0001;                               // Enable interrupts
0x0062	0x0E01      	MOVLW       1
0x0064	0x6EF1      	MOVWF       INTCON2 
;interrupt18f.c,85 :: 		}
0x0066	0xD7E6      	BRA         L_main7
L_main8:
;interrupt18f.c,86 :: 		}
0x0068	0xD7E5      	BRA         L_main5
;interrupt18f.c,87 :: 		}
L_end_main:
0x006A	0xD7FF      	BRA         $+0
; end of _main
Symbol List:
//** Routines locations **
//ADDRESS    SIZE    PROCEDURE
//----------------------------------------------
0x0008      [12]    _interrupt
0x0014      [16]    ___CC2DW
0x0024      [72]    _main
//** Variables locations ** 
//ADDRESS    SIZE    VARIABLE
//----------------------------------------------
0x0000       [1]    R0
0x0000       [1]    __Lib_SoftI2C_PutZerosToLATScl_temp_scl_L0
0x0000       [1]    SPI1_Write_tmp_L0
0x0000       [1]    FLASH_Erase_64_SaveINTCON_L0
0x0000       [1]    EEPROM_Write_SaveINTCON_L0
0x0000       [1]    __Lib_SoftI2C_PutZerosToLATSda_temp_sda_L0
0x0000       [1]    UART1_Init_tmp_L0
0x0001       [1]    UART1_Read___tmp_UART1_Read_L0
0x0001       [1]    __Lib_TFT_JPEG_FileReadBytes_Result_L0
0x0001       [1]    FLASH_Erase_Write_64_i_L0
0x0001       [1]    __Lib_TFT_16bit_JPEG_FileRead_i_L0
0x0001       [1]    __Lib_PS2_Wait_Falling_nsample_L0
0x0001       [1]    __Lib_USB_genHID_?FLOC____Lib_USB_genHID_USB_Handle_BusyT1
0x0001       [1]    ispunct_rslt_L0
0x0001       [1]    I2C1_Rd_tmp_L0
0x0001       [1]    __Lib_TFT_16bit_JPEG_FileReadBytes_Result_L0
0x0001       [1]    FLASH_Write_32_i_L0
0x0001       [2]    FLASH_Read_N_Bytes_i_L0
0x0001       [1]    R1
0x0001       [1]    __Lib_TFT_JPEG_FileRead_i_L0
0x0002       [2]    memcpy_dd_L0
0x0002       [2]    strlen_cp_L0
0x0002       [1]    FLASH_Write_32_SaveINTCON_L0
0x0002       [2]    memset_pp_L0
0x0002       [1]    R2
0x0002       [1]    __Lib_USB_genHID_USB_CtrlTrf_Rx_Service_byteToRead_L0
0x0002       [1]    FLASH_Erase_Write_64_j_L0
0x0002       [2]    memchr_s_L0
0x0003       [1]    __Lib_USB_genHID_USB_CtrlTrf_Rx_Service_i_L0
0x0003       [1]    R3
0x0003       [2]    MM_TotalFreeMemSize_Tot_L0
0x0003       [2]    __Lib_USB_genHID_USB_CtrlTrf_Tx_Service_byteToSend_L0
0x0003       [2]    Ltrim_original_L0
0x0003       [2]    memmove_tt_L0
0x0003       [2]    __Lib_MmcFat16_f16_toInt_l_L0
0x0003       [1]    __Lib_Sprinti_?FLOC____Lib_Sprinti_Do_FillT29
0x0003       [1]    MM_Init_i_L0
0x0003       [1]    FLASH_Erase_Write_64_SaveINTCON_L0
0x0004       [1]    R4
0x0004       [2]    __Lib_USB_genHID_USB_Std_Feature_Req_Handler_p_L0
0x0004       [1]    __Lib_USB_genHID_GetMaxIndexInDevDsc_index_L0
0x0004       [2]    __Lib_MemManager_MM_GetMemAlign_P_L0
0x0004       [2]    strcat_cp_L0
0x0004       [2]    memcpy_ss_L0
0x0004       [2]    __Lib_USB_genHID_USB_Get_Status_Handler_p_L2
0x0004       [2]    strcpy_cp_L0
0x0004       [2]    strncpy_cp_L0
0x0004       [2]    strncat_cp_L0
0x0004       [1]    __Lib_Sprinti_?FLOC____Lib_Sprinti_Do_FillT40
0x0004       [2]    __Lib_USB_genHID_USB_Transfer_Packet_handle_L0
0x0004       [2]    frexp_pom_L0
0x0005       [1]    R5
0x0005       [2]    LongWordToHex_input_half_L0
0x0005       [2]    Ltrim_p_L0
0x0005       [1]    __Lib_Sprinti_?FLOC____Lib_Sprinti_Do_FillT54
0x0005       [2]    memmove_ff_L0
0x0005       [1]    MM_TotalFreeMemSize_i_L0
0x0005       [2]    LongIntToHex_input_half_L0
0x0005       [2]    __Lib_USB_genHID_USB_Configure_Endpoint_handle_L0
0x0006       [1]    __Lib_MemManager_MM_GetMemAlign_i_L0
0x0006       [1]    R6
0x0006       [1]    __Lib_Sprinti_?FLOC____Lib_Sprinti_Do_FillT69
0x0006       [2]    __Lib_USB_genHID_GetMaxIndexInConfigDsc_totalLen_L0
0x0007       [1]    __Lib_TFT_16bit_JPEG_GenerateHuffmanTables_bLength_L0
0x0007       [1]    __Lib_TFT_JPEG_GenerateHuffmanTables_bLength_L0
0x0007       [1]    R7
0x0008       [1]    __Lib_TFT_JPEG_GenerateHuffmanTables_bTable_L0
0x0008       [1]    __Lib_TFT_16bit_JPEG_GenerateHuffmanTables_bTable_L0
0x0008       [3]    __Lib_USB_genHID_GetMaxIndexInConfigDsc_ptr_L0
0x0008       [1]    R8
0x0009       [4]    __Lib_MmcFat16_f16_toLong_l_L0
0x0009       [1]    R9
0x000A       [1]    R10
0x000B       [1]    R11
0x000C       [1]    R12
0x000D       [1]    R13
0x000E       [1]    R14
0x000F       [1]    R15
0x0010       [1]    R16
0x0011       [1]    R17
0x0012       [1]    R18
0x0013       [1]    R19
0x0014       [1]    R20
0x0015       [2]    _tmp
0x0F8A       [1]    LATB
0x0F93       [1]    TRISB
0x0FD8       [1]    STATUS
0x0FD9       [1]    FSR2L
0x0FDA       [1]    FSR2H
0x0FDE       [1]    POSTINC2
0x0FE0       [1]    BSR
0x0FE1       [1]    FSR1L
0x0FE2       [1]    FSR1H
0x0FE4       [1]    PREINC1
0x0FE6       [1]    POSTINC1
0x0FE7       [1]    INDF1
0x0FE8       [1]    WREG
0x0FE9       [1]    FSR0L
0x0FEA       [1]    FSR0H
0x0FEE       [1]    POSTINC0
0x0FF1       [1]    INTCON2
0x0FF2       [0]    INT0IE_bit
0x0FF2       [0]    INT0IF_bit
0x0FF3       [1]    PRODL
0x0FF4       [1]    PRODH
0x0FF5       [1]    TABLAT
0x0FF6       [1]    TBLPTRL
0x0FF7       [1]    TBLPTRH
0x0FF8       [1]    TBLPTRU
//** Label List: ** 
//----------------------------------------------
  L_blink0
  L_blink1
  L_blink2
  L_blink3
  L_blink4
  L_main5
  L_main6
  L_main7
  L_main8
  L_main9
  L_end_blink
  _blink
  L__blink11
  L_end_interrupt
  _interrupt
  L__interrupt13
  L_end_main
  _main
  _CC2D_Loop1
  _CC2DL_Loop1
  L_loopCA2AWs
  L_loopCCA2AWs
  L_loopCS2Ss
  L_CS2Send
  L_loopCCS2Ss
  L_CCS2Send
  L_loopFZinSWs
  L_longjmp7
  L_end___CC2D
  ___CC2D
  L_end___CC2DW
  ___CC2DW
  L_end___CA2AW
  ___CA2AW
  L_end___CCA2AW
  ___CCA2AW
  L_end___CS2S
  ___CS2S
  L_end___CCS2S
  ___CCS2S
  L_end___FZinS
  ___FZinS
  L_end_____DoIFC
  _____DoIFC
  L_end_Swap
  _Swap
  L_end_setjmp
  _setjmp
  L_end_longjmp
  _longjmp
  L_blink0
  L_blink1
  L_blink2
  L_blink3
  L_blink4
  L_main5
  L_main6
  L_main7
  L_main8
  L_main9
  L_end_blink
  _blink
  L__blink11
  L_end_interrupt
  _interrupt
  L__interrupt13
  L_end_main
  _main
