Replace Part C1 C1608X5R0J106M in C:\Users\Altay\Documents\Altium\Projects\SyncBox\Work\Bogazici University\SyncBox\V3I1\Circuit\[03] - MICRO CONTROLLER.SchDoc with C1608X5R0J106M from iMX6 Rex Development Baseboard V1I1.SCHLIB
Replace Part C2 C1005X5R1H104K in C:\Users\Altay\Documents\Altium\Projects\SyncBox\Work\Bogazici University\SyncBox\V3I1\Circuit\[03] - MICRO CONTROLLER.SchDoc with C1005X5R1H104K from iMX6 Rex Development Baseboard V1I1.SCHLIB
Replace Part C3 C1005X5R1H104K in C:\Users\Altay\Documents\Altium\Projects\SyncBox\Work\Bogazici University\SyncBox\V3I1\Circuit\[03] - MICRO CONTROLLER.SchDoc with C1005X5R1H104K from iMX6 Rex Development Baseboard V1I1.SCHLIB
Replace Part CR1 VLMB1310-GS08 in C:\Users\Altay\Documents\Altium\Projects\SyncBox\Work\Bogazici University\SyncBox\V3I1\Circuit\[03] - MICRO CONTROLLER.SchDoc with VLMB1310-GS08 from SYNCBOX_V3I1.SCHLIB
Replace Part CR2 VLMO1300-GS08 in C:\Users\Altay\Documents\Altium\Projects\SyncBox\Work\Bogazici University\SyncBox\V3I1\Circuit\[03] - MICRO CONTROLLER.SchDoc with VLMO1300-GS08 from SYNCBOX_V3I1.SCHLIB
Replace Part D1 LED2 in C:\Users\Altay\Documents\Altium\Projects\SyncBox\Work\Bogazici University\SyncBox\V3I1\Circuit\[03] - MICRO CONTROLLER.SchDoc with LED2 from Miscellaneous Devices.IntLib
Replace Part D2 LED2 in C:\Users\Altay\Documents\Altium\Projects\SyncBox\Work\Bogazici University\SyncBox\V3I1\Circuit\[03] - MICRO CONTROLLER.SchDoc with LED2 from Miscellaneous Devices.IntLib
Replace Part D3 LED2 in C:\Users\Altay\Documents\Altium\Projects\SyncBox\Work\Bogazici University\SyncBox\V3I1\Circuit\[03] - MICRO CONTROLLER.SchDoc with LED2 from Miscellaneous Devices.IntLib
Replace Part D4 LED2 in C:\Users\Altay\Documents\Altium\Projects\SyncBox\Work\Bogazici University\SyncBox\V3I1\Circuit\[03] - MICRO CONTROLLER.SchDoc with LED2 from Miscellaneous Devices.IntLib
Replace Part J1 67997-410HLF in C:\Users\Altay\Documents\Altium\Projects\SyncBox\Work\Bogazici University\SyncBox\V3I1\Circuit\[03] - MICRO CONTROLLER.SchDoc with 67997-410HLF from SYNCBOX_V3I1.SCHLIB
Replace Part P1 Header 3 in C:\Users\Altay\Documents\Altium\Projects\SyncBox\Work\Bogazici University\SyncBox\V3I1\Circuit\[03] - MICRO CONTROLLER.SchDoc with Header 3 from Miscellaneous Connectors.IntLib
Replace Part R1 Res3 in C:\Users\Altay\Documents\Altium\Projects\SyncBox\Work\Bogazici University\SyncBox\V3I1\Circuit\[03] - MICRO CONTROLLER.SchDoc with Res3 from Miscellaneous Devices.IntLib
Replace Part R2 Res3 in C:\Users\Altay\Documents\Altium\Projects\SyncBox\Work\Bogazici University\SyncBox\V3I1\Circuit\[03] - MICRO CONTROLLER.SchDoc with Res3 from Miscellaneous Devices.IntLib
Replace Part R3 Res3 in C:\Users\Altay\Documents\Altium\Projects\SyncBox\Work\Bogazici University\SyncBox\V3I1\Circuit\[03] - MICRO CONTROLLER.SchDoc with Res3 from Miscellaneous Devices.IntLib
Replace Part R4 Res3 in C:\Users\Altay\Documents\Altium\Projects\SyncBox\Work\Bogazici University\SyncBox\V3I1\Circuit\[03] - MICRO CONTROLLER.SchDoc with Res3 from Miscellaneous Devices.IntLib
Replace Part R5 Res3 in C:\Users\Altay\Documents\Altium\Projects\SyncBox\Work\Bogazici University\SyncBox\V3I1\Circuit\[03] - MICRO CONTROLLER.SchDoc with Res3 from Miscellaneous Devices.IntLib
Replace Part R6 Res3 in C:\Users\Altay\Documents\Altium\Projects\SyncBox\Work\Bogazici University\SyncBox\V3I1\Circuit\[03] - MICRO CONTROLLER.SchDoc with Res3 from Miscellaneous Devices.IntLib
Replace Part R7 RC0402JR-070RL in C:\Users\Altay\Documents\Altium\Projects\SyncBox\Work\Bogazici University\SyncBox\V3I1\Circuit\[03] - MICRO CONTROLLER.SchDoc with RC0402JR-070RL from iMX6 Rex Development Baseboard V1I1.SCHLIB
Replace Part R8 RC0402FR-0710RL in C:\Users\Altay\Documents\Altium\Projects\SyncBox\Work\Bogazici University\SyncBox\V3I1\Circuit\[03] - MICRO CONTROLLER.SchDoc with RC0402FR-0710RL from iMX6 Rex Development Baseboard V1I1.SCHLIB
Replace Part R9 RC0402FR-0775RL in C:\Users\Altay\Documents\Altium\Projects\SyncBox\Work\Bogazici University\SyncBox\V3I1\Circuit\[03] - MICRO CONTROLLER.SchDoc with RC0402FR-0775RL from iMX6 Rex Development Baseboard V1I1.SCHLIB
Replace Part R10 RC0402FR-0747K5L in C:\Users\Altay\Documents\Altium\Projects\SyncBox\Work\Bogazici University\SyncBox\V3I1\Circuit\[03] - MICRO CONTROLLER.SchDoc with RC0402FR-0747K5L from iMX6 Rex Development Baseboard V1I1.SCHLIB
Replace Part R11 RC0402FR-0747K5L in C:\Users\Altay\Documents\Altium\Projects\SyncBox\Work\Bogazici University\SyncBox\V3I1\Circuit\[03] - MICRO CONTROLLER.SchDoc with RC0402FR-0747K5L from iMX6 Rex Development Baseboard V1I1.SCHLIB
Replace Part S1 SW-PB in C:\Users\Altay\Documents\Altium\Projects\SyncBox\Work\Bogazici University\SyncBox\V3I1\Circuit\[03] - MICRO CONTROLLER.SchDoc with SW-PB from Miscellaneous Devices.IntLib
