Change Value of Parameter .Checked PCB in Part C2 Old=used New=
Change Value of Parameter .Checked SCH in Part C2 Old=used New=
Change Value of Parameter .Checked PCB in Part C3 Old=used New=
Change Value of Parameter .Checked SCH in Part C3 Old=used New=
Change Value of Parameter .Checked PCB in Part R7 Old=used New=
Change Value of Parameter .Checked SCH in Part R7 Old=used New=
Change Value of Parameter .Checked PCB in Part R8 Old=used New=
Change Value of Parameter .Checked SCH in Part R8 Old=used New=
Change Value of Parameter .Checked PCB in Part R9 Old=used New=
Change Value of Parameter .Checked SCH in Part R9 Old=used New=
Change Value of Parameter .Checked PCB in Part R10 Old=RF New=
Change Value of Parameter .Checked SCH in Part R10 Old=RF New=
Change Value of Parameter .Checked PCB in Part R11 Old=RF New=
Change Value of Parameter .Checked SCH in Part R11 Old=RF New=
Added Parameter .Checked PCB= to Part C1
Added Parameter .Checked PCB= to Part CR1
Added Parameter .Checked PCB= to Part CR2
Added Parameter .Checked PCB= to Part D1
Added Parameter .Checked PCB= to Part D2
Added Parameter .Checked PCB= to Part D3
Added Parameter .Checked PCB= to Part D4
Added Parameter .Checked PCB= to Part J1
Added Parameter .Checked PCB= to Part P1
Added Parameter .Checked PCB= to Part R1
Added Parameter .Checked PCB= to Part R2
Added Parameter .Checked PCB= to Part R3
Added Parameter .Checked PCB= to Part R4
Added Parameter .Checked PCB= to Part R5
Added Parameter .Checked PCB= to Part R6
Added Parameter .Checked PCB= to Part S1
Added Parameter .Checked PCB= to Part U1
Added Parameter .Checked SCH= to Part C1
Added Parameter .Checked SCH= to Part CR1
Added Parameter .Checked SCH= to Part CR2
Added Parameter .Checked SCH= to Part D1
Added Parameter .Checked SCH= to Part D2
Added Parameter .Checked SCH= to Part D3
Added Parameter .Checked SCH= to Part D4
Added Parameter .Checked SCH= to Part J1
Added Parameter .Checked SCH= to Part P1
Added Parameter .Checked SCH= to Part R1
Added Parameter .Checked SCH= to Part R2
Added Parameter .Checked SCH= to Part R3
Added Parameter .Checked SCH= to Part R4
Added Parameter .Checked SCH= to Part R5
Added Parameter .Checked SCH= to Part R6
Added Parameter .Checked SCH= to Part S1
Added Parameter .Checked SCH= to Part U1
