Change Component Designator: Old Designator=C4 New Designator=C28
Change Component Designator: Old Designator=C5 New Designator=C29
Change Component Designator: Old Designator=C6 New Designator=C30
Change Component Designator: Old Designator=C7 New Designator=C31
Change Component Designator: Old Designator=C8 New Designator=C32
Change Component Designator: Old Designator=C9 New Designator=C33
Change Component Designator: Old Designator=C10 New Designator=C34
Change Component Designator: Old Designator=C11 New Designator=C35
Change Component Designator: Old Designator=C12 New Designator=C36
Change Component Designator: Old Designator=C13 New Designator=C37
Change Component Designator: Old Designator=C14 New Designator=C38
Change Component Designator: Old Designator=C15 New Designator=C39
Change Component Designator: Old Designator=C16 New Designator=C40
Change Component Designator: Old Designator=C17 New Designator=C41
Change Component Designator: Old Designator=C18 New Designator=C42
Change Component Designator: Old Designator=C19 New Designator=C43
Change Component Designator: Old Designator=C20 New Designator=C44
Change Component Designator: Old Designator=C? New Designator=C45
Change Component Designator: Old Designator=C? New Designator=C46
Change Component Designator: Old Designator=C? New Designator=C47
Change Component Designator: Old Designator=C? New Designator=C48
Change Component Designator: Old Designator=C? New Designator=C49
Change Component Designator: Old Designator=C? New Designator=C50
Change Component Designator: Old Designator=C? New Designator=C51
Change Component Designator: Old Designator=C? New Designator=C52
Change Component Designator: Old Designator=C? New Designator=C53
Change Component Designator: Old Designator=C? New Designator=C54
Change Component Designator: Old Designator=D? New Designator=D16
Change Component Designator: Old Designator=D? New Designator=D17
Change Component Designator: Old Designator=J? New Designator=J9
Change Component Designator: Old Designator=J? New Designator=J10
Change Component Designator: Old Designator=J? New Designator=J11
Change Component Designator: Old Designator=L1 New Designator=L9
Change Component Designator: Old Designator=L2 New Designator=L10
Change Component Designator: Old Designator=Q1 New Designator=Q3
Change Component Designator: Old Designator=Q2 New Designator=Q4
Change Component Designator: Old Designator=Q? New Designator=Q5
Change Component Designator: Old Designator=Q? New Designator=Q6
Change Component Designator: Old Designator=R12 New Designator=R32
Change Component Designator: Old Designator=R13 New Designator=R33
Change Component Designator: Old Designator=R14 New Designator=R34
Change Component Designator: Old Designator=R15 New Designator=R35
Change Component Designator: Old Designator=R16 New Designator=R36
Change Component Designator: Old Designator=R17 New Designator=R37
Change Component Designator: Old Designator=R18 New Designator=R38
Change Component Designator: Old Designator=R19 New Designator=R39
Change Component Designator: Old Designator=R20 New Designator=R40
Change Component Designator: Old Designator=R21 New Designator=R41
Change Component Designator: Old Designator=R22 New Designator=R42
Change Component Designator: Old Designator=R23 New Designator=R43
Change Component Designator: Old Designator=R24 New Designator=R44
Change Component Designator: Old Designator=R25 New Designator=R45
Change Component Designator: Old Designator=R26 New Designator=R46
Change Component Designator: Old Designator=R27 New Designator=R47
Change Component Designator: Old Designator=R? New Designator=R48
Change Component Designator: Old Designator=R? New Designator=R49
Change Component Designator: Old Designator=R? New Designator=R50
Change Component Designator: Old Designator=R? New Designator=R51
Change Component Designator: Old Designator=R? New Designator=R52
Change Component Designator: Old Designator=R? New Designator=R53
Change Component Designator: Old Designator=R? New Designator=R54
Change Component Designator: Old Designator=R? New Designator=R55
Change Component Designator: Old Designator=S? New Designator=S2
Change Component Designator: Old Designator=SW? New Designator=SW1
Change Component Designator: Old Designator=SW? New Designator=SW2
Change Component Designator: Old Designator=TP1 New Designator=TP2
Change Component Designator: Old Designator=TP2 New Designator=TP3
Change Component Designator: Old Designator=U2 New Designator=U17
Change Component Designator: Old Designator=U? New Designator=U18
Change Component Designator: Old Designator=U? New Designator=U19
Change Component Designator: Old Designator=U? New Designator=U20
