Change Value of Parameter .Checked PCB in Part C28 Old=used New=
Change Value of Parameter .Checked SCH in Part C28 Old=used New=
Change Value of Parameter .Checked PCB in Part C29 Old=used New=
Change Value of Parameter .Checked SCH in Part C29 Old=used New=
Change Value of Parameter .Checked PCB in Part C30 Old=used New=
Change Value of Parameter .Checked SCH in Part C30 Old=used New=
Change Value of Parameter .Checked PCB in Part C31 Old=used New=
Change Value of Parameter .Checked SCH in Part C31 Old=used New=
Change Value of Parameter .Checked PCB in Part C32 Old=used New=
Change Value of Parameter .Checked SCH in Part C32 Old=used New=
Change Value of Parameter .Checked PCB in Part C33 Old=used New=
Change Value of Parameter .Checked SCH in Part C33 Old=used New=
Change Value of Parameter .Checked PCB in Part C34 Old=used New=
Change Value of Parameter .Checked SCH in Part C34 Old=used New=
Change Value of Parameter .Checked PCB in Part C35 Old=used New=
Change Value of Parameter .Checked SCH in Part C35 Old=used New=
Change Value of Parameter .Checked PCB in Part C36 Old=used New=
Change Value of Parameter .Checked SCH in Part C36 Old=used New=
Change Value of Parameter .Checked PCB in Part C37 Old=used New=
Change Value of Parameter .Checked SCH in Part C37 Old=used New=
Change Value of Parameter .Checked PCB in Part C38 Old=used New=
Change Value of Parameter .Checked SCH in Part C38 Old=used New=
Change Value of Parameter .Checked PCB in Part C39 Old=used New=
Change Value of Parameter .Checked SCH in Part C39 Old=used New=
Change Value of Parameter .Checked PCB in Part C40 Old=used New=
Change Value of Parameter .Checked SCH in Part C40 Old=used New=
Change Value of Parameter .Checked PCB in Part C41 Old=used New=
Change Value of Parameter .Checked SCH in Part C41 Old=used New=
Change Value of Parameter .Checked PCB in Part C42 Old=used New=
Change Value of Parameter .Checked SCH in Part C42 Old=used New=
Change Value of Parameter .Checked PCB in Part C43 Old=used New=
Change Value of Parameter .Checked SCH in Part C43 Old=used New=
Change Value of Parameter .Checked PCB in Part C44 Old=used New=
Change Value of Parameter .Checked SCH in Part C44 Old=used New=
Change Value of Parameter .Checked PCB in Part C45 Old=RF New=
Change Value of Parameter .Checked SCH in Part C45 Old=RF New=
Change Value of Parameter .Checked PCB in Part C46 Old=used New=
Change Value of Parameter .Checked SCH in Part C46 Old=used New=
Change Value of Parameter .Checked PCB in Part C47 Old=used New=
Change Value of Parameter .Checked SCH in Part C47 Old=used New=
Change Value of Parameter .Checked PCB in Part C48 Old=used New=
Change Value of Parameter .Checked SCH in Part C48 Old=used New=
Change Value of Parameter .Checked PCB in Part C49 Old=RF New=
Change Value of Parameter .Checked SCH in Part C49 Old=RF New=
Change Value of Parameter .Checked PCB in Part C50 Old=used New=
Change Value of Parameter .Checked SCH in Part C50 Old=used New=
Change Value of Parameter .Checked PCB in Part C51 Old=used New=
Change Value of Parameter .Checked SCH in Part C51 Old=used New=
Change Value of Parameter .Checked PCB in Part C52 Old=used New=
Change Value of Parameter .Checked SCH in Part C52 Old=used New=
Change Value of Parameter .Checked PCB in Part C53 Old=used New=
Change Value of Parameter .Checked SCH in Part C53 Old=used New=
Change Value of Parameter .Checked PCB in Part C54 Old=used New=
Change Value of Parameter .Checked SCH in Part C54 Old=used New=
Change Value of Parameter .Checked PCB in Part D16 Old=used New=
Change Value of Parameter .Checked SCH in Part D16 Old=used New=
Change Value of Parameter .Checked PCB in Part D17 Old=used New=
Change Value of Parameter .Checked SCH in Part D17 Old=used New=
Change Value of Parameter .Checked PCB in Part J9 Old=MM New=
Change Value of Parameter .Checked SCH in Part J9 Old=MM New=
Change Value of Parameter .Checked PCB in Part J10 Old=MM New=
Change Value of Parameter .Checked SCH in Part J10 Old=MM New=
Change Value of Parameter .Checked PCB in Part J11 Old=used New=
Change Value of Parameter .Checked SCH in Part J11 Old=used New=
Change Value of Parameter .Checked PCB in Part L9 Old=used New=
Change Value of Parameter .Checked SCH in Part L9 Old=used New=
Change Value of Parameter .Checked PCB in Part L10 Old=used New=
Change Value of Parameter .Checked SCH in Part L10 Old=used New=
Change Value of Parameter .Checked PCB in Part Q3 Old=used New=
Change Value of Parameter .Checked SCH in Part Q3 Old=used New=
Change Value of Parameter .Checked PCB in Part Q4 Old=used New=
Change Value of Parameter .Checked SCH in Part Q4 Old=used New=
Change Value of Parameter .Checked PCB in Part Q5 Old=RF New=
Change Value of Parameter .Checked SCH in Part Q5 Old=RF New=
Change Value of Parameter .Checked PCB in Part Q6 Old=RF New=
Change Value of Parameter .Checked SCH in Part Q6 Old=RF New=
Change Value of Parameter .Checked PCB in Part R32 Old=used New=
Change Value of Parameter .Checked SCH in Part R32 Old=used New=
Change Value of Parameter .Checked PCB in Part R33 Old=used New=
Change Value of Parameter .Checked SCH in Part R33 Old=used New=
Change Value of Parameter .Checked PCB in Part R34 Old=used New=
Change Value of Parameter .Checked SCH in Part R34 Old=used New=
Change Value of Parameter .Checked PCB in Part R35 Old=used New=
Change Value of Parameter .Checked SCH in Part R35 Old=used New=
Change Value of Parameter .Checked PCB in Part R36 Old=used New=
Change Value of Parameter .Checked SCH in Part R36 Old=used New=
Change Value of Parameter .Checked PCB in Part R37 Old=used New=
Change Value of Parameter .Checked SCH in Part R37 Old=used New=
Change Value of Parameter .Checked PCB in Part R38 Old=used New=
Change Value of Parameter .Checked SCH in Part R38 Old=used New=
Change Value of Parameter .Checked PCB in Part R39 Old=used New=
Change Value of Parameter .Checked SCH in Part R39 Old=used New=
Change Value of Parameter .Checked PCB in Part R40 Old=used New=
Change Value of Parameter .Checked SCH in Part R40 Old=used New=
Change Value of Parameter .Checked PCB in Part R41 Old=used New=
Change Value of Parameter .Checked SCH in Part R41 Old=used New=
Change Value of Parameter .Checked PCB in Part R42 Old=used New=
Change Value of Parameter .Checked SCH in Part R42 Old=used New=
Change Value of Parameter .Checked PCB in Part R43 Old=used New=
Change Value of Parameter .Checked SCH in Part R43 Old=used New=
Change Value of Parameter .Checked PCB in Part R44 Old=used New=
Change Value of Parameter .Checked SCH in Part R44 Old=used New=
Change Value of Parameter .Checked PCB in Part R45 Old=used New=
Change Value of Parameter .Checked SCH in Part R45 Old=used New=
Change Value of Parameter .Checked PCB in Part R46 Old=used New=
Change Value of Parameter .Checked SCH in Part R46 Old=used New=
Change Value of Parameter .Checked PCB in Part R47 Old=used New=
Change Value of Parameter .Checked SCH in Part R47 Old=used New=
Change Value of Parameter .Checked PCB in Part R48 Old=RF New=
Change Value of Parameter .Checked SCH in Part R48 Old=RF New=
Change Value of Parameter .Checked PCB in Part R49 Old=used New=
Change Value of Parameter .Checked SCH in Part R49 Old=used New=
Change Value of Parameter .Checked PCB in Part R50 Old=used New=
Change Value of Parameter .Checked SCH in Part R50 Old=used New=
Change Value of Parameter .Checked PCB in Part R51 Old=RF New=
Change Value of Parameter .Checked SCH in Part R51 Old=RF New=
Change Value of Parameter .Checked PCB in Part R52 Old=used New=
Change Value of Parameter .Checked SCH in Part R52 Old=used New=
Change Value of Parameter .Checked PCB in Part R53 Old=used New=
Change Value of Parameter .Checked SCH in Part R53 Old=used New=
Change Value of Parameter .Checked PCB in Part R54 Old=used New=
Change Value of Parameter .Checked SCH in Part R54 Old=used New=
Change Value of Parameter .Checked PCB in Part R55 Old=used New=
Change Value of Parameter .Checked SCH in Part R55 Old=used New=
Change Value of Parameter .Checked PCB in Part SW1 Old=MM New=
Change Value of Parameter .Checked SCH in Part SW1 Old=MM New=
Change Value of Parameter .Checked PCB in Part SW2 Old=MM New=
Change Value of Parameter .Checked SCH in Part SW2 Old=MM New=
Change Value of Parameter .Checked PCB in Part U17 Old=used New=
Change Value of Parameter .Checked SCH in Part U17 Old=used New=
Change Value of Parameter .Checked PCB in Part U18 Old=used New=
Change Value of Parameter .Checked SCH in Part U18 Old=used New=
Change Value of Parameter .Checked PCB in Part U19 Old=used New=
Change Value of Parameter .Checked SCH in Part U19 Old=used New=
Change Value of Parameter .Checked PCB in Part U20 Old=used New=
Change Value of Parameter .Checked SCH in Part U20 Old=used New=
Added Parameter .Checked PCB= to Part S2
Added Parameter .Checked SCH= to Part S2
