Change Component Designator: Old Designator=C? New Designator=C19
Change Component Designator: Old Designator=C? New Designator=C20
Change Component Designator: Old Designator=C? New Designator=C21
Change Component Designator: Old Designator=C? New Designator=C22
Change Component Designator: Old Designator=C? New Designator=C23
Change Component Designator: Old Designator=C? New Designator=C24
Change Component Designator: Old Designator=D? New Designator=D1
Change Component Designator: Old Designator=D? New Designator=D2
Change Component Designator: Old Designator=D? New Designator=D3
Change Component Designator: Old Designator=D? New Designator=D4
Change Component Designator: Old Designator=FID? New Designator=FID1
Change Component Designator: Old Designator=FID? New Designator=FID2
Change Component Designator: Old Designator=FID? New Designator=FID3
Change Component Designator: Old Designator=FID? New Designator=FID4
Change Component Designator: Old Designator=FID? New Designator=FID5
Change Component Designator: Old Designator=FID? New Designator=FID6
Change Component Designator: Old Designator=FID? New Designator=FID7
Change Component Designator: Old Designator=FID? New Designator=FID8
Change Component Designator: Old Designator=J? New Designator=J1
Change Component Designator: Old Designator=J? New Designator=J2
Change Component Designator: Old Designator=M? New Designator=M1
Change Component Designator: Old Designator=MH? New Designator=MH1
Change Component Designator: Old Designator=MH? New Designator=MH2
Change Component Designator: Old Designator=MH? New Designator=MH3
Change Component Designator: Old Designator=MH? New Designator=MH4
Change Component Designator: Old Designator=MH? New Designator=MH5
Change Component Designator: Old Designator=MH? New Designator=MH6
Change Component Designator: Old Designator=MH? New Designator=MH7
Change Component Designator: Old Designator=MH? New Designator=MH8
Change Component Designator: Old Designator=MH? New Designator=MH9
Change Component Designator: Old Designator=PCB? New Designator=PCB1
Change Component Designator: Old Designator=Q? New Designator=Q3
Change Component Designator: Old Designator=Q? New Designator=Q4
Change Component Designator: Old Designator=R? New Designator=R19
Change Component Designator: Old Designator=R? New Designator=R20
Change Component Designator: Old Designator=R? New Designator=R21
Change Component Designator: Old Designator=R? New Designator=R22
Change Component Designator: Old Designator=R? New Designator=R23
Change Component Designator: Old Designator=R? New Designator=R24
Change Component Designator: Old Designator=R? New Designator=R25
Change Component Designator: Old Designator=R? New Designator=R26
Change Component Designator: Old Designator=R? New Designator=R27
Change Component Designator: Old Designator=R? New Designator=R28
Change Component Designator: Old Designator=R? New Designator=R29
Change Component Designator: Old Designator=SW? New Designator=SW1
Change Component Designator: Old Designator=SW? New Designator=SW2
Change Component Designator: Old Designator=SW? New Designator=SW3
Change Component Designator: Old Designator=TP? New Designator=TP3
