Added Parameter .Checked PCB= to Part F1
Added Parameter .Checked PCB= to Part R23
Added Parameter .Checked PCB= to Part U9
Added Parameter .Checked PCB= to Part U10
Added Parameter .Checked PCB= to Part U11
Added Parameter .Checked PCB= to Part U12
Added Parameter .Checked PCB= to Part U13
Added Parameter .Checked PCB= to Part U14
Added Parameter .Checked PCB= to Part U15
Added Parameter .Checked PCB= to Part U16
Added Parameter .Checked PCB= to Part U18
Added Parameter .Checked PCB= to Part U19
Added Parameter .Checked SCH= to Part F1
Added Parameter .Checked SCH= to Part R23
Added Parameter .Checked SCH= to Part U9
Added Parameter .Checked SCH= to Part U10
Added Parameter .Checked SCH= to Part U11
Added Parameter .Checked SCH= to Part U12
Added Parameter .Checked SCH= to Part U13
Added Parameter .Checked SCH= to Part U14
Added Parameter .Checked SCH= to Part U15
Added Parameter .Checked SCH= to Part U16
Added Parameter .Checked SCH= to Part U18
Added Parameter .Checked SCH= to Part U19
