Change Value of Parameter .Checked PCB in Part C55 Old=used New=
Change Value of Parameter .Checked SCH in Part C55 Old=used New=
Change Value of Parameter .Checked PCB in Part C56 Old=used New=
Change Value of Parameter .Checked SCH in Part C56 Old=used New=
Change Value of Parameter .Checked PCB in Part C57 Old=used New=
Change Value of Parameter .Checked SCH in Part C57 Old=used New=
Change Value of Parameter .Checked PCB in Part C58 Old=used New=
Change Value of Parameter .Checked SCH in Part C58 Old=used New=
Change Value of Parameter .Checked PCB in Part C59 Old=used New=
Change Value of Parameter .Checked SCH in Part C59 Old=used New=
Change Value of Parameter .Checked PCB in Part C60 Old=used New=
Change Value of Parameter .Checked SCH in Part C60 Old=used New=
Change Value of Parameter .Checked PCB in Part C61 Old=used New=
Change Value of Parameter .Checked SCH in Part C61 Old=used New=
Change Value of Parameter .Checked PCB in Part C62 Old=used New=
Change Value of Parameter .Checked SCH in Part C62 Old=used New=
Change Value of Parameter .Checked PCB in Part C63 Old=used New=
Change Value of Parameter .Checked SCH in Part C63 Old=used New=
Change Value of Parameter .Checked PCB in Part C64 Old=used New=
Change Value of Parameter .Checked SCH in Part C64 Old=used New=
Change Value of Parameter .Checked PCB in Part C65 Old=used New=
Change Value of Parameter .Checked SCH in Part C65 Old=used New=
Change Value of Parameter .Checked PCB in Part C66 Old=used New=
Change Value of Parameter .Checked SCH in Part C66 Old=used New=
Change Value of Parameter .Checked PCB in Part C67 Old=used New=
Change Value of Parameter .Checked SCH in Part C67 Old=used New=
Change Value of Parameter .Checked PCB in Part C68 Old=used New=
Change Value of Parameter .Checked SCH in Part C68 Old=used New=
Change Value of Parameter .Checked PCB in Part J15 Old=MM New=
Change Value of Parameter .Checked SCH in Part J15 Old=MM New=
Change Value of Parameter .Checked PCB in Part J16 Old=MM New=
Change Value of Parameter .Checked SCH in Part J16 Old=MM New=
Change Value of Parameter .Checked PCB in Part J17 Old=MM New=
Change Value of Parameter .Checked SCH in Part J17 Old=MM New=
Change Value of Parameter .Checked PCB in Part J19 Old=MM New=
Change Value of Parameter .Checked SCH in Part J19 Old=MM New=
Change Value of Parameter .Checked PCB in Part JP1 Old=RF New=
Change Value of Parameter .Checked SCH in Part JP1 Old=RF New=
Change Value of Parameter .Checked PCB in Part JP2 Old=RF New=
Change Value of Parameter .Checked SCH in Part JP2 Old=RF New=
Change Value of Parameter .Checked PCB in Part L11 Old=RF New=
Change Value of Parameter .Checked SCH in Part L11 Old=RF New=
Change Value of Parameter .Checked PCB in Part R56 Old=used New=
Change Value of Parameter .Checked SCH in Part R56 Old=used New=
Change Value of Parameter .Checked PCB in Part R57 Old=used New=
Change Value of Parameter .Checked SCH in Part R57 Old=used New=
Change Value of Parameter .Checked PCB in Part R60 Old=used New=
Change Value of Parameter .Checked SCH in Part R60 Old=used New=
Change Value of Parameter .Checked PCB in Part R61 Old=used New=
Change Value of Parameter .Checked SCH in Part R61 Old=used New=
Change Value of Parameter .Checked PCB in Part R62 Old=used New=
Change Value of Parameter .Checked SCH in Part R62 Old=used New=
Change Value of Parameter .Checked PCB in Part R63 Old=RF New=
Change Value of Parameter .Checked SCH in Part R63 Old=RF New=
Change Value of Parameter .Checked PCB in Part R64 Old=used New=
Change Value of Parameter .Checked SCH in Part R64 Old=used New=
Change Value of Parameter .Checked PCB in Part R65 Old=RF New=
Change Value of Parameter .Checked SCH in Part R65 Old=RF New=
Change Value of Parameter .Checked PCB in Part R66 Old=used New=
Change Value of Parameter .Checked SCH in Part R66 Old=used New=
Change Value of Parameter .Checked PCB in Part R67 Old=RF New=
Change Value of Parameter .Checked SCH in Part R67 Old=RF New=
Change Value of Parameter .Checked PCB in Part R68 Old=used New=
Change Value of Parameter .Checked SCH in Part R68 Old=used New=
Change Value of Parameter .Checked PCB in Part R69 Old=used New=
Change Value of Parameter .Checked SCH in Part R69 Old=used New=
Change Value of Parameter .Checked PCB in Part R72 Old=used New=
Change Value of Parameter .Checked SCH in Part R72 Old=used New=
Change Value of Parameter .Checked PCB in Part R76 Old=used New=
Change Value of Parameter .Checked SCH in Part R76 Old=used New=
Change Value of Parameter .Checked PCB in Part R81 Old=RF New=
Change Value of Parameter .Checked SCH in Part R81 Old=RF New=
Change Value of Parameter .Checked PCB in Part R82 Old=RF New=
Change Value of Parameter .Checked SCH in Part R82 Old=RF New=
Change Value of Parameter .Checked PCB in Part R83 Old=RF New=
Change Value of Parameter .Checked SCH in Part R83 Old=RF New=
Change Value of Parameter .Checked PCB in Part R84 Old=RF New=
Change Value of Parameter .Checked SCH in Part R84 Old=RF New=
Change Value of Parameter .Checked PCB in Part R88 Old=used New=
Change Value of Parameter .Checked SCH in Part R88 Old=used New=
Change Value of Parameter .Checked PCB in Part R90 Old=used New=
Change Value of Parameter .Checked SCH in Part R90 Old=used New=
Added Parameter .Checked PCB= to Part CR3
Added Parameter .Checked PCB= to Part CR4
Added Parameter .Checked PCB= to Part CR5
Added Parameter .Checked PCB= to Part D18
Added Parameter .Checked PCB= to Part D19
Added Parameter .Checked PCB= to Part D20
Added Parameter .Checked PCB= to Part D21
Added Parameter .Checked PCB= to Part D22
Added Parameter .Checked PCB= to Part D23
Added Parameter .Checked PCB= to Part D24
Added Parameter .Checked PCB= to Part D25
Added Parameter .Checked PCB= to Part D26
Added Parameter .Checked PCB= to Part J12
Added Parameter .Checked PCB= to Part J13
Added Parameter .Checked PCB= to Part J14
Added Parameter .Checked PCB= to Part J18
Added Parameter .Checked PCB= to Part K1
Added Parameter .Checked PCB= to Part K2
Added Parameter .Checked PCB= to Part LS1
Added Parameter .Checked PCB= to Part P4
Added Parameter .Checked PCB= to Part P5
Added Parameter .Checked PCB= to Part Q7
Added Parameter .Checked PCB= to Part Q8
Added Parameter .Checked PCB= to Part Q9
Added Parameter .Checked PCB= to Part R58
Added Parameter .Checked PCB= to Part R59
Added Parameter .Checked PCB= to Part R70
Added Parameter .Checked PCB= to Part R71
Added Parameter .Checked PCB= to Part R73
Added Parameter .Checked PCB= to Part R74
Added Parameter .Checked PCB= to Part R75
Added Parameter .Checked PCB= to Part R77
Added Parameter .Checked PCB= to Part R78
Added Parameter .Checked PCB= to Part R79
Added Parameter .Checked PCB= to Part R80
Added Parameter .Checked PCB= to Part R85
Added Parameter .Checked PCB= to Part R86
Added Parameter .Checked PCB= to Part R87
Added Parameter .Checked PCB= to Part R89
Added Parameter .Checked PCB= to Part SW3
Added Parameter .Checked PCB= to Part SW4
Added Parameter .Checked PCB= to Part U21
Added Parameter .Checked PCB= to Part U22
Added Parameter .Checked PCB= to Part U23
Added Parameter .Checked PCB= to Part U24
Added Parameter .Checked PCB= to Part U25
Added Parameter .Checked PCB= to Part U26
Added Parameter .Checked PCB= to Part U27
Added Parameter .Checked PCB= to Part U28
Added Parameter .Checked PCB= to Part U29
Added Parameter .Checked PCB= to Part U30
Added Parameter .Checked PCB= to Part U31
Added Parameter .Checked SCH= to Part CR3
Added Parameter .Checked SCH= to Part CR4
Added Parameter .Checked SCH= to Part CR5
Added Parameter .Checked SCH= to Part D18
Added Parameter .Checked SCH= to Part D19
Added Parameter .Checked SCH= to Part D20
Added Parameter .Checked SCH= to Part D21
Added Parameter .Checked SCH= to Part D22
Added Parameter .Checked SCH= to Part D23
Added Parameter .Checked SCH= to Part D24
Added Parameter .Checked SCH= to Part D25
Added Parameter .Checked SCH= to Part D26
Added Parameter .Checked SCH= to Part J12
Added Parameter .Checked SCH= to Part J13
Added Parameter .Checked SCH= to Part J14
Added Parameter .Checked SCH= to Part J18
Added Parameter .Checked SCH= to Part K1
Added Parameter .Checked SCH= to Part K2
Added Parameter .Checked SCH= to Part LS1
Added Parameter .Checked SCH= to Part P4
Added Parameter .Checked SCH= to Part P5
Added Parameter .Checked SCH= to Part Q7
Added Parameter .Checked SCH= to Part Q8
Added Parameter .Checked SCH= to Part Q9
Added Parameter .Checked SCH= to Part R58
Added Parameter .Checked SCH= to Part R59
Added Parameter .Checked SCH= to Part R70
Added Parameter .Checked SCH= to Part R71
Added Parameter .Checked SCH= to Part R73
Added Parameter .Checked SCH= to Part R74
Added Parameter .Checked SCH= to Part R75
Added Parameter .Checked SCH= to Part R77
Added Parameter .Checked SCH= to Part R78
Added Parameter .Checked SCH= to Part R79
Added Parameter .Checked SCH= to Part R80
Added Parameter .Checked SCH= to Part R85
Added Parameter .Checked SCH= to Part R86
Added Parameter .Checked SCH= to Part R87
Added Parameter .Checked SCH= to Part R89
Added Parameter .Checked SCH= to Part SW3
Added Parameter .Checked SCH= to Part SW4
Added Parameter .Checked SCH= to Part U21
Added Parameter .Checked SCH= to Part U22
Added Parameter .Checked SCH= to Part U23
Added Parameter .Checked SCH= to Part U24
Added Parameter .Checked SCH= to Part U25
Added Parameter .Checked SCH= to Part U26
Added Parameter .Checked SCH= to Part U27
Added Parameter .Checked SCH= to Part U28
Added Parameter .Checked SCH= to Part U29
Added Parameter .Checked SCH= to Part U30
Added Parameter .Checked SCH= to Part U31
