Replace Part C55 C1005X5R1H104K in C:\Users\Altay\Documents\Altium\Projects\SyncBox\Work\Bogazici University\SyncBox\V3I1\Circuit\[06] - MICRO CONTROLLER CONNECTORS.SchDoc with C1005X5R1H104K from iMX6 Rex Development Baseboard V1I1.SCHLIB
Replace Part C56 C1005X5R1C105K in C:\Users\Altay\Documents\Altium\Projects\SyncBox\Work\Bogazici University\SyncBox\V3I1\Circuit\[06] - MICRO CONTROLLER CONNECTORS.SchDoc with C1005X5R1C105K from iMX6 Rex Development Baseboard V1I1.SCHLIB
Replace Part C57 C1005X5R1H104K in C:\Users\Altay\Documents\Altium\Projects\SyncBox\Work\Bogazici University\SyncBox\V3I1\Circuit\[06] - MICRO CONTROLLER CONNECTORS.SchDoc with C1005X5R1H104K from iMX6 Rex Development Baseboard V1I1.SCHLIB
Replace Part C58 C1005X5R1H104K in C:\Users\Altay\Documents\Altium\Projects\SyncBox\Work\Bogazici University\SyncBox\V3I1\Circuit\[06] - MICRO CONTROLLER CONNECTORS.SchDoc with C1005X5R1H104K from iMX6 Rex Development Baseboard V1I1.SCHLIB
Replace Part C59 C1005X5R1H104K in C:\Users\Altay\Documents\Altium\Projects\SyncBox\Work\Bogazici University\SyncBox\V3I1\Circuit\[06] - MICRO CONTROLLER CONNECTORS.SchDoc with C1005X5R1H104K from iMX6 Rex Development Baseboard V1I1.SCHLIB
Replace Part C60 C1005X5R1H104K in C:\Users\Altay\Documents\Altium\Projects\SyncBox\Work\Bogazici University\SyncBox\V3I1\Circuit\[06] - MICRO CONTROLLER CONNECTORS.SchDoc with C1005X5R1H104K from iMX6 Rex Development Baseboard V1I1.SCHLIB
Replace Part C61 C1005X5R1H104K in C:\Users\Altay\Documents\Altium\Projects\SyncBox\Work\Bogazici University\SyncBox\V3I1\Circuit\[06] - MICRO CONTROLLER CONNECTORS.SchDoc with C1005X5R1H104K from iMX6 Rex Development Baseboard V1I1.SCHLIB
Replace Part C62 C1005X5R1H104K in C:\Users\Altay\Documents\Altium\Projects\SyncBox\Work\Bogazici University\SyncBox\V3I1\Circuit\[06] - MICRO CONTROLLER CONNECTORS.SchDoc with C1005X5R1H104K from iMX6 Rex Development Baseboard V1I1.SCHLIB
Replace Part C63 C1005X5R1H104K in C:\Users\Altay\Documents\Altium\Projects\SyncBox\Work\Bogazici University\SyncBox\V3I1\Circuit\[06] - MICRO CONTROLLER CONNECTORS.SchDoc with C1005X5R1H104K from iMX6 Rex Development Baseboard V1I1.SCHLIB
Replace Part C64 C1005X5R1H104K in C:\Users\Altay\Documents\Altium\Projects\SyncBox\Work\Bogazici University\SyncBox\V3I1\Circuit\[06] - MICRO CONTROLLER CONNECTORS.SchDoc with C1005X5R1H104K from iMX6 Rex Development Baseboard V1I1.SCHLIB
Replace Part C65 C1005X5R1H104K in C:\Users\Altay\Documents\Altium\Projects\SyncBox\Work\Bogazici University\SyncBox\V3I1\Circuit\[06] - MICRO CONTROLLER CONNECTORS.SchDoc with C1005X5R1H104K from iMX6 Rex Development Baseboard V1I1.SCHLIB
Replace Part C66 C1005X5R1H104K in C:\Users\Altay\Documents\Altium\Projects\SyncBox\Work\Bogazici University\SyncBox\V3I1\Circuit\[06] - MICRO CONTROLLER CONNECTORS.SchDoc with C1005X5R1H104K from iMX6 Rex Development Baseboard V1I1.SCHLIB
Replace Part C67 C1005X5R1H104K in C:\Users\Altay\Documents\Altium\Projects\SyncBox\Work\Bogazici University\SyncBox\V3I1\Circuit\[06] - MICRO CONTROLLER CONNECTORS.SchDoc with C1005X5R1H104K from iMX6 Rex Development Baseboard V1I1.SCHLIB
Replace Part C68 C1005X5R1H104K in C:\Users\Altay\Documents\Altium\Projects\SyncBox\Work\Bogazici University\SyncBox\V3I1\Circuit\[06] - MICRO CONTROLLER CONNECTORS.SchDoc with C1005X5R1H104K from iMX6 Rex Development Baseboard V1I1.SCHLIB
Replace Part CR3 BAT43WS-7-F in C:\Users\Altay\Documents\Altium\Projects\SyncBox\Work\Bogazici University\SyncBox\V3I1\Circuit\[06] - MICRO CONTROLLER CONNECTORS.SchDoc with BAT43WS-7-F from SYNCBOX_V3I1.SCHLIB
Replace Part CR4 1N4148 in C:\Users\Altay\Documents\Altium\Projects\SyncBox\Work\Bogazici University\SyncBox\V3I1\Circuit\[06] - MICRO CONTROLLER CONNECTORS.SchDoc with 1N4148 from SYNCBOX_V3I1.SCHLIB
Replace Part CR5 1N4148 in C:\Users\Altay\Documents\Altium\Projects\SyncBox\Work\Bogazici University\SyncBox\V3I1\Circuit\[06] - MICRO CONTROLLER CONNECTORS.SchDoc with 1N4148 from SYNCBOX_V3I1.SCHLIB
Replace Part D18 CDSOT23 in C:\Users\Altay\Documents\Altium\Projects\SyncBox\Work\Bogazici University\SyncBox\V3I1\Circuit\[06] - MICRO CONTROLLER CONNECTORS.SchDoc with CDSOT23 from SYNCBOX_V3I1.SCHLIB
Replace Part D19 LED2 in C:\Users\Altay\Documents\Altium\Projects\SyncBox\Work\Bogazici University\SyncBox\V3I1\Circuit\[06] - MICRO CONTROLLER CONNECTORS.SchDoc with LED2 from Miscellaneous Devices.IntLib
Replace Part D20 LED2 in C:\Users\Altay\Documents\Altium\Projects\SyncBox\Work\Bogazici University\SyncBox\V3I1\Circuit\[06] - MICRO CONTROLLER CONNECTORS.SchDoc with LED2 from Miscellaneous Devices.IntLib
Replace Part D21 CDSOT23 in C:\Users\Altay\Documents\Altium\Projects\SyncBox\Work\Bogazici University\SyncBox\V3I1\Circuit\[06] - MICRO CONTROLLER CONNECTORS.SchDoc with CDSOT23 from SYNCBOX_V3I1.SCHLIB
Replace Part D22 CDSOT23 in C:\Users\Altay\Documents\Altium\Projects\SyncBox\Work\Bogazici University\SyncBox\V3I1\Circuit\[06] - MICRO CONTROLLER CONNECTORS.SchDoc with CDSOT23 from SYNCBOX_V3I1.SCHLIB
Replace Part D23 LED2 in C:\Users\Altay\Documents\Altium\Projects\SyncBox\Work\Bogazici University\SyncBox\V3I1\Circuit\[06] - MICRO CONTROLLER CONNECTORS.SchDoc with LED2 from Miscellaneous Devices.IntLib
Replace Part D24 LED2 in C:\Users\Altay\Documents\Altium\Projects\SyncBox\Work\Bogazici University\SyncBox\V3I1\Circuit\[06] - MICRO CONTROLLER CONNECTORS.SchDoc with LED2 from Miscellaneous Devices.IntLib
Replace Part D25 LED2 in C:\Users\Altay\Documents\Altium\Projects\SyncBox\Work\Bogazici University\SyncBox\V3I1\Circuit\[06] - MICRO CONTROLLER CONNECTORS.SchDoc with LED2 from Miscellaneous Devices.IntLib
Replace Part D26 LED2 in C:\Users\Altay\Documents\Altium\Projects\SyncBox\Work\Bogazici University\SyncBox\V3I1\Circuit\[06] - MICRO CONTROLLER CONNECTORS.SchDoc with LED2 from Miscellaneous Devices.IntLib
Replace Part J12 796644-3 in C:\Users\Altay\Documents\Altium\Projects\SyncBox\Work\Bogazici University\SyncBox\V3I1\Circuit\[06] - MICRO CONTROLLER CONNECTORS.SchDoc with 796644-3 from SYNCBOX_V3I1.SCHLIB
Replace Part J13 292304-1 in C:\Users\Altay\Documents\Altium\Projects\SyncBox\Work\Bogazici University\SyncBox\V3I1\Circuit\[06] - MICRO CONTROLLER CONNECTORS.SchDoc with 292304-1 from TE Audio, Video and High Speed Serial Connectors.IntLib
Replace Part J14 DSUB-9 Stack in C:\Users\Altay\Documents\Altium\Projects\SyncBox\Work\Bogazici University\SyncBox\V3I1\Circuit\[06] - MICRO CONTROLLER CONNECTORS.SchDoc with DSUB-9 Stack from SYNCBOX_V3I1.SCHLIB
Replace Part J18 DSUB-9 Stack in C:\Users\Altay\Documents\Altium\Projects\SyncBox\Work\Bogazici University\SyncBox\V3I1\Circuit\[06] - MICRO CONTROLLER CONNECTORS.SchDoc with DSUB-9 Stack from SYNCBOX_V3I1.SCHLIB
Replace Part K1 EC2-5NU in C:\Users\Altay\Documents\Altium\Projects\SyncBox\Work\Bogazici University\SyncBox\V3I1\Circuit\[06] - MICRO CONTROLLER CONNECTORS.SchDoc with EC2-5NU from SYNCBOX_V3I1.SCHLIB
Replace Part K2 EC2-5NU in C:\Users\Altay\Documents\Altium\Projects\SyncBox\Work\Bogazici University\SyncBox\V3I1\Circuit\[06] - MICRO CONTROLLER CONNECTORS.SchDoc with EC2-5NU from SYNCBOX_V3I1.SCHLIB
Replace Part L11 ACM2012-900-2P-T002 in C:\Users\Altay\Documents\Altium\Projects\SyncBox\Work\Bogazici University\SyncBox\V3I1\Circuit\[06] - MICRO CONTROLLER CONNECTORS.SchDoc with ACM2012-900-2P-T002 from iMX6 Rex Development Baseboard V1I1.SCHLIB
Replace Part P4 691313710005 in C:\Users\Altay\Documents\Altium\Projects\SyncBox\Work\Bogazici University\SyncBox\V3I1\Circuit\[06] - MICRO CONTROLLER CONNECTORS.SchDoc with 691313710005 from SYNCBOX_V3I1.SCHLIB
Replace Part P5 Header 10 in C:\Users\Altay\Documents\Altium\Projects\SyncBox\Work\Bogazici University\SyncBox\V3I1\Circuit\[06] - MICRO CONTROLLER CONNECTORS.SchDoc with Header 10 from Miscellaneous Connectors.IntLib
Replace Part Q8 2N3904 in C:\Users\Altay\Documents\Altium\Projects\SyncBox\Work\Bogazici University\SyncBox\V3I1\Circuit\[06] - MICRO CONTROLLER CONNECTORS.SchDoc with 2N3904 from Miscellaneous Devices.IntLib
Replace Part Q9 2N3904 in C:\Users\Altay\Documents\Altium\Projects\SyncBox\Work\Bogazici University\SyncBox\V3I1\Circuit\[06] - MICRO CONTROLLER CONNECTORS.SchDoc with 2N3904 from Miscellaneous Devices.IntLib
Replace Part R56 RC0402JR-070RL in C:\Users\Altay\Documents\Altium\Projects\SyncBox\Work\Bogazici University\SyncBox\V3I1\Circuit\[06] - MICRO CONTROLLER CONNECTORS.SchDoc with RC0402JR-070RL from iMX6 Rex Development Baseboard V1I1.SCHLIB
Replace Part R57 RC0402FR-0710RL in C:\Users\Altay\Documents\Altium\Projects\SyncBox\Work\Bogazici University\SyncBox\V3I1\Circuit\[06] - MICRO CONTROLLER CONNECTORS.SchDoc with RC0402FR-0710RL from iMX6 Rex Development Baseboard V1I1.SCHLIB
Replace Part R59 RL1632R-R120-F in C:\Users\Altay\Documents\Altium\Projects\SyncBox\Work\Bogazici University\SyncBox\V3I1\Circuit\[06] - MICRO CONTROLLER CONNECTORS.SchDoc with RL1632R-R120-F from SYNCBOX_V3I1.SCHLIB
Replace Part R60 RMCF0402FT4K99 in C:\Users\Altay\Documents\Altium\Projects\SyncBox\Work\Bogazici University\SyncBox\V3I1\Circuit\[06] - MICRO CONTROLLER CONNECTORS.SchDoc with RMCF0402FT4K99 from iMX6 Rex Development Baseboard V1I1.SCHLIB
Replace Part R61 RC0402FR-071KL in C:\Users\Altay\Documents\Altium\Projects\SyncBox\Work\Bogazici University\SyncBox\V3I1\Circuit\[06] - MICRO CONTROLLER CONNECTORS.SchDoc with RC0402FR-071KL from iMX6 Rex Development Baseboard V1I1.SCHLIB
Replace Part R62 RC0402FR-071KL in C:\Users\Altay\Documents\Altium\Projects\SyncBox\Work\Bogazici University\SyncBox\V3I1\Circuit\[06] - MICRO CONTROLLER CONNECTORS.SchDoc with RC0402FR-071KL from iMX6 Rex Development Baseboard V1I1.SCHLIB
Replace Part R63 RC0402FR-07100RL in C:\Users\Altay\Documents\Altium\Projects\SyncBox\Work\Bogazici University\SyncBox\V3I1\Circuit\[06] - MICRO CONTROLLER CONNECTORS.SchDoc with RC0402FR-07100RL from iMX6 Rex Development Baseboard V1I1.SCHLIB
Replace Part R64 RC0402JR-070RL in C:\Users\Altay\Documents\Altium\Projects\SyncBox\Work\Bogazici University\SyncBox\V3I1\Circuit\[06] - MICRO CONTROLLER CONNECTORS.SchDoc with RC0402JR-070RL from iMX6 Rex Development Baseboard V1I1.SCHLIB
Replace Part R65 RC0402FR-07100RL in C:\Users\Altay\Documents\Altium\Projects\SyncBox\Work\Bogazici University\SyncBox\V3I1\Circuit\[06] - MICRO CONTROLLER CONNECTORS.SchDoc with RC0402FR-07100RL from iMX6 Rex Development Baseboard V1I1.SCHLIB
Replace Part R66 RC0402JR-070RL in C:\Users\Altay\Documents\Altium\Projects\SyncBox\Work\Bogazici University\SyncBox\V3I1\Circuit\[06] - MICRO CONTROLLER CONNECTORS.SchDoc with RC0402JR-070RL from iMX6 Rex Development Baseboard V1I1.SCHLIB
Replace Part R68 RC0402FR-071KL in C:\Users\Altay\Documents\Altium\Projects\SyncBox\Work\Bogazici University\SyncBox\V3I1\Circuit\[06] - MICRO CONTROLLER CONNECTORS.SchDoc with RC0402FR-071KL from iMX6 Rex Development Baseboard V1I1.SCHLIB
Replace Part R69 RC0402FR-071KL in C:\Users\Altay\Documents\Altium\Projects\SyncBox\Work\Bogazici University\SyncBox\V3I1\Circuit\[06] - MICRO CONTROLLER CONNECTORS.SchDoc with RC0402FR-071KL from iMX6 Rex Development Baseboard V1I1.SCHLIB
Replace Part R70 Res3 in C:\Users\Altay\Documents\Altium\Projects\SyncBox\Work\Bogazici University\SyncBox\V3I1\Circuit\[06] - MICRO CONTROLLER CONNECTORS.SchDoc with Res3 from Miscellaneous Devices.IntLib
Replace Part R71 Res3 in C:\Users\Altay\Documents\Altium\Projects\SyncBox\Work\Bogazici University\SyncBox\V3I1\Circuit\[06] - MICRO CONTROLLER CONNECTORS.SchDoc with Res3 from Miscellaneous Devices.IntLib
Replace Part R72 RC0402FR-0710RL in C:\Users\Altay\Documents\Altium\Projects\SyncBox\Work\Bogazici University\SyncBox\V3I1\Circuit\[06] - MICRO CONTROLLER CONNECTORS.SchDoc with RC0402FR-0710RL from iMX6 Rex Development Baseboard V1I1.SCHLIB
Replace Part R73 Res3 in C:\Users\Altay\Documents\Altium\Projects\SyncBox\Work\Bogazici University\SyncBox\V3I1\Circuit\[06] - MICRO CONTROLLER CONNECTORS.SchDoc with Res3 from Miscellaneous Devices.IntLib
Replace Part R74 Res3 in C:\Users\Altay\Documents\Altium\Projects\SyncBox\Work\Bogazici University\SyncBox\V3I1\Circuit\[06] - MICRO CONTROLLER CONNECTORS.SchDoc with Res3 from Miscellaneous Devices.IntLib
Replace Part R75 Res3 in C:\Users\Altay\Documents\Altium\Projects\SyncBox\Work\Bogazici University\SyncBox\V3I1\Circuit\[06] - MICRO CONTROLLER CONNECTORS.SchDoc with Res3 from Miscellaneous Devices.IntLib
Replace Part R76 RC0402FR-0710RL in C:\Users\Altay\Documents\Altium\Projects\SyncBox\Work\Bogazici University\SyncBox\V3I1\Circuit\[06] - MICRO CONTROLLER CONNECTORS.SchDoc with RC0402FR-0710RL from iMX6 Rex Development Baseboard V1I1.SCHLIB
Replace Part R77 RC0603FR-0771R5L in C:\Users\Altay\Documents\Altium\Projects\SyncBox\Work\Bogazici University\SyncBox\V3I1\Circuit\[06] - MICRO CONTROLLER CONNECTORS.SchDoc with RC0603FR-0771R5L from SYNCBOX_V3I1.SCHLIB
Replace Part R78 RC0603FR-0771R5L in C:\Users\Altay\Documents\Altium\Projects\SyncBox\Work\Bogazici University\SyncBox\V3I1\Circuit\[06] - MICRO CONTROLLER CONNECTORS.SchDoc with RC0603FR-0771R5L from SYNCBOX_V3I1.SCHLIB
Replace Part R79 RC0603FR-0771R5L in C:\Users\Altay\Documents\Altium\Projects\SyncBox\Work\Bogazici University\SyncBox\V3I1\Circuit\[06] - MICRO CONTROLLER CONNECTORS.SchDoc with RC0603FR-0771R5L from SYNCBOX_V3I1.SCHLIB
Replace Part R80 RC0603FR-0771R5L in C:\Users\Altay\Documents\Altium\Projects\SyncBox\Work\Bogazici University\SyncBox\V3I1\Circuit\[06] - MICRO CONTROLLER CONNECTORS.SchDoc with RC0603FR-0771R5L from SYNCBOX_V3I1.SCHLIB
Replace Part R81 RC0402FR-07100RL in C:\Users\Altay\Documents\Altium\Projects\SyncBox\Work\Bogazici University\SyncBox\V3I1\Circuit\[06] - MICRO CONTROLLER CONNECTORS.SchDoc with RC0402FR-07100RL from iMX6 Rex Development Baseboard V1I1.SCHLIB
Replace Part R82 RC0402FR-07100RL in C:\Users\Altay\Documents\Altium\Projects\SyncBox\Work\Bogazici University\SyncBox\V3I1\Circuit\[06] - MICRO CONTROLLER CONNECTORS.SchDoc with RC0402FR-07100RL from iMX6 Rex Development Baseboard V1I1.SCHLIB
Replace Part R83 RC0402FR-07100RL in C:\Users\Altay\Documents\Altium\Projects\SyncBox\Work\Bogazici University\SyncBox\V3I1\Circuit\[06] - MICRO CONTROLLER CONNECTORS.SchDoc with RC0402FR-07100RL from iMX6 Rex Development Baseboard V1I1.SCHLIB
Replace Part R84 RC0402FR-07100RL in C:\Users\Altay\Documents\Altium\Projects\SyncBox\Work\Bogazici University\SyncBox\V3I1\Circuit\[06] - MICRO CONTROLLER CONNECTORS.SchDoc with RC0402FR-07100RL from iMX6 Rex Development Baseboard V1I1.SCHLIB
Replace Part R85 Res3 in C:\Users\Altay\Documents\Altium\Projects\SyncBox\Work\Bogazici University\SyncBox\V3I1\Circuit\[06] - MICRO CONTROLLER CONNECTORS.SchDoc with Res3 from Miscellaneous Devices.IntLib
Replace Part R86 Res3 in C:\Users\Altay\Documents\Altium\Projects\SyncBox\Work\Bogazici University\SyncBox\V3I1\Circuit\[06] - MICRO CONTROLLER CONNECTORS.SchDoc with Res3 from Miscellaneous Devices.IntLib
Replace Part R87 Res3 in C:\Users\Altay\Documents\Altium\Projects\SyncBox\Work\Bogazici University\SyncBox\V3I1\Circuit\[06] - MICRO CONTROLLER CONNECTORS.SchDoc with Res3 from Miscellaneous Devices.IntLib
Replace Part R88 RC0402FR-0710RL in C:\Users\Altay\Documents\Altium\Projects\SyncBox\Work\Bogazici University\SyncBox\V3I1\Circuit\[06] - MICRO CONTROLLER CONNECTORS.SchDoc with RC0402FR-0710RL from iMX6 Rex Development Baseboard V1I1.SCHLIB
Replace Part R89 Res3 in C:\Users\Altay\Documents\Altium\Projects\SyncBox\Work\Bogazici University\SyncBox\V3I1\Circuit\[06] - MICRO CONTROLLER CONNECTORS.SchDoc with Res3 from Miscellaneous Devices.IntLib
Replace Part R90 RC0402FR-0710RL in C:\Users\Altay\Documents\Altium\Projects\SyncBox\Work\Bogazici University\SyncBox\V3I1\Circuit\[06] - MICRO CONTROLLER CONNECTORS.SchDoc with RC0402FR-0710RL from iMX6 Rex Development Baseboard V1I1.SCHLIB
Replace Part SW3 76SC02T in C:\Users\Altay\Documents\Altium\Projects\SyncBox\Work\Bogazici University\SyncBox\V3I1\Circuit\[06] - MICRO CONTROLLER CONNECTORS.SchDoc with 76SC02T from SYNCBOX_V3I1.SCHLIB
Replace Part SW4 76SC02T in C:\Users\Altay\Documents\Altium\Projects\SyncBox\Work\Bogazici University\SyncBox\V3I1\Circuit\[06] - MICRO CONTROLLER CONNECTORS.SchDoc with 76SC02T from SYNCBOX_V3I1.SCHLIB
Replace Part U21 MAX3207EAUT+T in C:\Users\Altay\Documents\Altium\Projects\SyncBox\Work\Bogazici University\SyncBox\V3I1\Circuit\[06] - MICRO CONTROLLER CONNECTORS.SchDoc with MAX3207EAUT+T from SYNCBOX_V3I1.SCHLIB
Replace Part U22 SN65HVD1050DR in C:\Users\Altay\Documents\Altium\Projects\SyncBox\Work\Bogazici University\SyncBox\V3I1\Circuit\[06] - MICRO CONTROLLER CONNECTORS.SchDoc with SN65HVD1050DR from SYNCBOX_V3I1.SCHLIB
Replace Part U24 CRE1S0505SC in C:\Users\Altay\Documents\Altium\Projects\SyncBox\Work\Bogazici University\SyncBox\V3I1\Circuit\[06] - MICRO CONTROLLER CONNECTORS.SchDoc with CRE1S0505SC from SYNCBOX_V3I1.SCHLIB
Replace Part U25 ST3222 in C:\Users\Altay\Documents\Altium\Projects\SyncBox\Work\Bogazici University\SyncBox\V3I1\Circuit\[06] - MICRO CONTROLLER CONNECTORS.SchDoc with ST3222 from SYNCBOX_V3I1.SCHLIB
Replace Part U26 Optoisolator1 in C:\Users\Altay\Documents\Altium\Projects\SyncBox\Work\Bogazici University\SyncBox\V3I1\Circuit\[06] - MICRO CONTROLLER CONNECTORS.SchDoc with Optoisolator1 from Miscellaneous Devices.IntLib
Replace Part U27 Optoisolator1 in C:\Users\Altay\Documents\Altium\Projects\SyncBox\Work\Bogazici University\SyncBox\V3I1\Circuit\[06] - MICRO CONTROLLER CONNECTORS.SchDoc with Optoisolator1 from Miscellaneous Devices.IntLib
Replace Part U28 Optoisolator1 in C:\Users\Altay\Documents\Altium\Projects\SyncBox\Work\Bogazici University\SyncBox\V3I1\Circuit\[06] - MICRO CONTROLLER CONNECTORS.SchDoc with Optoisolator1 from Miscellaneous Devices.IntLib
Replace Part U29 MAX490 in C:\Users\Altay\Documents\Altium\Projects\SyncBox\Work\Bogazici University\SyncBox\V3I1\Circuit\[06] - MICRO CONTROLLER CONNECTORS.SchDoc with MAX490 from SYNCBOX_V3I1.SCHLIB
Replace Part U30 Optoisolator1 in C:\Users\Altay\Documents\Altium\Projects\SyncBox\Work\Bogazici University\SyncBox\V3I1\Circuit\[06] - MICRO CONTROLLER CONNECTORS.SchDoc with Optoisolator1 from Miscellaneous Devices.IntLib
Replace Part U31 Optoisolator1 in C:\Users\Altay\Documents\Altium\Projects\SyncBox\Work\Bogazici University\SyncBox\V3I1\Circuit\[06] - MICRO CONTROLLER CONNECTORS.SchDoc with Optoisolator1 from Miscellaneous Devices.IntLib
