Replace Part C? C1005X5R1H104K in C:\Users\Altay\Documents\Altium\Projects\SyncBox\Work\Bogazici University\SyncBox\V3I1\Circuit\[06] - MICRO-CONTROLLER CONNECTORS.SchDoc with C1005X5R1H104K from iMX6 Rex Development Baseboard V1I1.SCHLIB
Replace Part C? C1005X5R1C105K in C:\Users\Altay\Documents\Altium\Projects\SyncBox\Work\Bogazici University\SyncBox\V3I1\Circuit\[06] - MICRO-CONTROLLER CONNECTORS.SchDoc with C1005X5R1C105K from iMX6 Rex Development Baseboard V1I1.SCHLIB
Replace Part C? C1005X5R1H104K in C:\Users\Altay\Documents\Altium\Projects\SyncBox\Work\Bogazici University\SyncBox\V3I1\Circuit\[06] - MICRO-CONTROLLER CONNECTORS.SchDoc with C1005X5R1H104K from iMX6 Rex Development Baseboard V1I1.SCHLIB
Replace Part C? C1005X5R1H104K in C:\Users\Altay\Documents\Altium\Projects\SyncBox\Work\Bogazici University\SyncBox\V3I1\Circuit\[06] - MICRO-CONTROLLER CONNECTORS.SchDoc with C1005X5R1H104K from iMX6 Rex Development Baseboard V1I1.SCHLIB
Replace Part C? C1005X5R1H104K in C:\Users\Altay\Documents\Altium\Projects\SyncBox\Work\Bogazici University\SyncBox\V3I1\Circuit\[06] - MICRO-CONTROLLER CONNECTORS.SchDoc with C1005X5R1H104K from iMX6 Rex Development Baseboard V1I1.SCHLIB
Replace Part C? C1005X5R1H104K in C:\Users\Altay\Documents\Altium\Projects\SyncBox\Work\Bogazici University\SyncBox\V3I1\Circuit\[06] - MICRO-CONTROLLER CONNECTORS.SchDoc with C1005X5R1H104K from iMX6 Rex Development Baseboard V1I1.SCHLIB
Replace Part C? C1005X5R1H104K in C:\Users\Altay\Documents\Altium\Projects\SyncBox\Work\Bogazici University\SyncBox\V3I1\Circuit\[06] - MICRO-CONTROLLER CONNECTORS.SchDoc with C1005X5R1H104K from iMX6 Rex Development Baseboard V1I1.SCHLIB
Replace Part C? C1005X5R1H104K in C:\Users\Altay\Documents\Altium\Projects\SyncBox\Work\Bogazici University\SyncBox\V3I1\Circuit\[06] - MICRO-CONTROLLER CONNECTORS.SchDoc with C1005X5R1H104K from iMX6 Rex Development Baseboard V1I1.SCHLIB
Replace Part C? C1005X5R1H104K in C:\Users\Altay\Documents\Altium\Projects\SyncBox\Work\Bogazici University\SyncBox\V3I1\Circuit\[06] - MICRO-CONTROLLER CONNECTORS.SchDoc with C1005X5R1H104K from iMX6 Rex Development Baseboard V1I1.SCHLIB
Replace Part C? C1005X5R1H104K in C:\Users\Altay\Documents\Altium\Projects\SyncBox\Work\Bogazici University\SyncBox\V3I1\Circuit\[06] - MICRO-CONTROLLER CONNECTORS.SchDoc with C1005X5R1H104K from iMX6 Rex Development Baseboard V1I1.SCHLIB
Replace Part C? C1005X5R1H104K in C:\Users\Altay\Documents\Altium\Projects\SyncBox\Work\Bogazici University\SyncBox\V3I1\Circuit\[06] - MICRO-CONTROLLER CONNECTORS.SchDoc with C1005X5R1H104K from iMX6 Rex Development Baseboard V1I1.SCHLIB
Replace Part C? C1005X5R1H104K in C:\Users\Altay\Documents\Altium\Projects\SyncBox\Work\Bogazici University\SyncBox\V3I1\Circuit\[06] - MICRO-CONTROLLER CONNECTORS.SchDoc with C1005X5R1H104K from iMX6 Rex Development Baseboard V1I1.SCHLIB
Replace Part C? C1005X5R1H104K in C:\Users\Altay\Documents\Altium\Projects\SyncBox\Work\Bogazici University\SyncBox\V3I1\Circuit\[06] - MICRO-CONTROLLER CONNECTORS.SchDoc with C1005X5R1H104K from iMX6 Rex Development Baseboard V1I1.SCHLIB
Replace Part C? C1005X5R1H104K in C:\Users\Altay\Documents\Altium\Projects\SyncBox\Work\Bogazici University\SyncBox\V3I1\Circuit\[06] - MICRO-CONTROLLER CONNECTORS.SchDoc with C1005X5R1H104K from iMX6 Rex Development Baseboard V1I1.SCHLIB
Replace Part CR? BAT43WS-7-F in C:\Users\Altay\Documents\Altium\Projects\SyncBox\Work\Bogazici University\SyncBox\V3I1\Circuit\[06] - MICRO-CONTROLLER CONNECTORS.SchDoc with BAT43WS-7-F from SYNCBOX_V3I1.SCHLIB
Replace Part CR? 1N4148 in C:\Users\Altay\Documents\Altium\Projects\SyncBox\Work\Bogazici University\SyncBox\V3I1\Circuit\[06] - MICRO-CONTROLLER CONNECTORS.SchDoc with 1N4148 from SYNCBOX_V3I1.SCHLIB
Replace Part CR? 1N4148 in C:\Users\Altay\Documents\Altium\Projects\SyncBox\Work\Bogazici University\SyncBox\V3I1\Circuit\[06] - MICRO-CONTROLLER CONNECTORS.SchDoc with 1N4148 from SYNCBOX_V3I1.SCHLIB
Replace Part D? CDSOT23 in C:\Users\Altay\Documents\Altium\Projects\SyncBox\Work\Bogazici University\SyncBox\V3I1\Circuit\[06] - MICRO-CONTROLLER CONNECTORS.SchDoc with CDSOT23 from SYNCBOX_V3I1.SCHLIB
Replace Part D? CDSOT23 in C:\Users\Altay\Documents\Altium\Projects\SyncBox\Work\Bogazici University\SyncBox\V3I1\Circuit\[06] - MICRO-CONTROLLER CONNECTORS.SchDoc with CDSOT23 from SYNCBOX_V3I1.SCHLIB
Replace Part D? CDSOT23 in C:\Users\Altay\Documents\Altium\Projects\SyncBox\Work\Bogazici University\SyncBox\V3I1\Circuit\[06] - MICRO-CONTROLLER CONNECTORS.SchDoc with CDSOT23 from SYNCBOX_V3I1.SCHLIB
Replace Part D? LED2 in C:\Users\Altay\Documents\Altium\Projects\SyncBox\Work\Bogazici University\SyncBox\V3I1\Circuit\[06] - MICRO-CONTROLLER CONNECTORS.SchDoc with LED2 from Miscellaneous Devices.IntLib
Replace Part D? LED2 in C:\Users\Altay\Documents\Altium\Projects\SyncBox\Work\Bogazici University\SyncBox\V3I1\Circuit\[06] - MICRO-CONTROLLER CONNECTORS.SchDoc with LED2 from Miscellaneous Devices.IntLib
Replace Part D? LED2 in C:\Users\Altay\Documents\Altium\Projects\SyncBox\Work\Bogazici University\SyncBox\V3I1\Circuit\[06] - MICRO-CONTROLLER CONNECTORS.SchDoc with LED2 from Miscellaneous Devices.IntLib
Replace Part D? LED2 in C:\Users\Altay\Documents\Altium\Projects\SyncBox\Work\Bogazici University\SyncBox\V3I1\Circuit\[06] - MICRO-CONTROLLER CONNECTORS.SchDoc with LED2 from Miscellaneous Devices.IntLib
Replace Part D? LED2 in C:\Users\Altay\Documents\Altium\Projects\SyncBox\Work\Bogazici University\SyncBox\V3I1\Circuit\[06] - MICRO-CONTROLLER CONNECTORS.SchDoc with LED2 from Miscellaneous Devices.IntLib
Replace Part D? LED2 in C:\Users\Altay\Documents\Altium\Projects\SyncBox\Work\Bogazici University\SyncBox\V3I1\Circuit\[06] - MICRO-CONTROLLER CONNECTORS.SchDoc with LED2 from Miscellaneous Devices.IntLib
Replace Part J? 796644-3 in C:\Users\Altay\Documents\Altium\Projects\SyncBox\Work\Bogazici University\SyncBox\V3I1\Circuit\[06] - MICRO-CONTROLLER CONNECTORS.SchDoc with 796644-3 from SYNCBOX_V3I1.SCHLIB
Replace Part J? 292304-1 in C:\Users\Altay\Documents\Altium\Projects\SyncBox\Work\Bogazici University\SyncBox\V3I1\Circuit\[06] - MICRO-CONTROLLER CONNECTORS.SchDoc with 292304-1 from TE Audio, Video and High Speed Serial Connectors.IntLib
Replace Part J? DSUB-9 Stack in C:\Users\Altay\Documents\Altium\Projects\SyncBox\Work\Bogazici University\SyncBox\V3I1\Circuit\[06] - MICRO-CONTROLLER CONNECTORS.SchDoc with DSUB-9 Stack from SYNCBOX_V3I1.SCHLIB
Replace Part J? DSUB-9 Stack in C:\Users\Altay\Documents\Altium\Projects\SyncBox\Work\Bogazici University\SyncBox\V3I1\Circuit\[06] - MICRO-CONTROLLER CONNECTORS.SchDoc with DSUB-9 Stack from SYNCBOX_V3I1.SCHLIB
Replace Part K? EC2-5NU in C:\Users\Altay\Documents\Altium\Projects\SyncBox\Work\Bogazici University\SyncBox\V3I1\Circuit\[06] - MICRO-CONTROLLER CONNECTORS.SchDoc with EC2-5NU from SYNCBOX_V3I1.SCHLIB
Replace Part K? EC2-5NU in C:\Users\Altay\Documents\Altium\Projects\SyncBox\Work\Bogazici University\SyncBox\V3I1\Circuit\[06] - MICRO-CONTROLLER CONNECTORS.SchDoc with EC2-5NU from SYNCBOX_V3I1.SCHLIB
Replace Part L? ACM2012-900-2P-T002 in C:\Users\Altay\Documents\Altium\Projects\SyncBox\Work\Bogazici University\SyncBox\V3I1\Circuit\[06] - MICRO-CONTROLLER CONNECTORS.SchDoc with ACM2012-900-2P-T002 from iMX6 Rex Development Baseboard V1I1.SCHLIB
Replace Part P? Header 10 in C:\Users\Altay\Documents\Altium\Projects\SyncBox\Work\Bogazici University\SyncBox\V3I1\Circuit\[06] - MICRO-CONTROLLER CONNECTORS.SchDoc with Header 10 from Miscellaneous Connectors.IntLib
Replace Part P? 691313710005 in C:\Users\Altay\Documents\Altium\Projects\SyncBox\Work\Bogazici University\SyncBox\V3I1\Circuit\[06] - MICRO-CONTROLLER CONNECTORS.SchDoc with 691313710005 from SYNCBOX_V3I1.SCHLIB
Replace Part Q? 2N3904 in C:\Users\Altay\Documents\Altium\Projects\SyncBox\Work\Bogazici University\SyncBox\V3I1\Circuit\[06] - MICRO-CONTROLLER CONNECTORS.SchDoc with 2N3904 from Miscellaneous Devices.IntLib
Replace Part Q? 2N3904 in C:\Users\Altay\Documents\Altium\Projects\SyncBox\Work\Bogazici University\SyncBox\V3I1\Circuit\[06] - MICRO-CONTROLLER CONNECTORS.SchDoc with 2N3904 from Miscellaneous Devices.IntLib
Replace Part R? RC0402JR-070RL in C:\Users\Altay\Documents\Altium\Projects\SyncBox\Work\Bogazici University\SyncBox\V3I1\Circuit\[06] - MICRO-CONTROLLER CONNECTORS.SchDoc with RC0402JR-070RL from iMX6 Rex Development Baseboard V1I1.SCHLIB
Replace Part R? RC0402FR-07100RL in C:\Users\Altay\Documents\Altium\Projects\SyncBox\Work\Bogazici University\SyncBox\V3I1\Circuit\[06] - MICRO-CONTROLLER CONNECTORS.SchDoc with RC0402FR-07100RL from iMX6 Rex Development Baseboard V1I1.SCHLIB
Replace Part R? RC0402FR-07100RL in C:\Users\Altay\Documents\Altium\Projects\SyncBox\Work\Bogazici University\SyncBox\V3I1\Circuit\[06] - MICRO-CONTROLLER CONNECTORS.SchDoc with RC0402FR-07100RL from iMX6 Rex Development Baseboard V1I1.SCHLIB
Replace Part R? RC0603FR-0771R5L in C:\Users\Altay\Documents\Altium\Projects\SyncBox\Work\Bogazici University\SyncBox\V3I1\Circuit\[06] - MICRO-CONTROLLER CONNECTORS.SchDoc with RC0603FR-0771R5L from SYNCBOX_V3I1.SCHLIB
Replace Part R? RC0603FR-0771R5L in C:\Users\Altay\Documents\Altium\Projects\SyncBox\Work\Bogazici University\SyncBox\V3I1\Circuit\[06] - MICRO-CONTROLLER CONNECTORS.SchDoc with RC0603FR-0771R5L from SYNCBOX_V3I1.SCHLIB
Replace Part R? RC0603FR-0771R5L in C:\Users\Altay\Documents\Altium\Projects\SyncBox\Work\Bogazici University\SyncBox\V3I1\Circuit\[06] - MICRO-CONTROLLER CONNECTORS.SchDoc with RC0603FR-0771R5L from SYNCBOX_V3I1.SCHLIB
Replace Part R? RC0603FR-0771R5L in C:\Users\Altay\Documents\Altium\Projects\SyncBox\Work\Bogazici University\SyncBox\V3I1\Circuit\[06] - MICRO-CONTROLLER CONNECTORS.SchDoc with RC0603FR-0771R5L from SYNCBOX_V3I1.SCHLIB
Replace Part R? RC0402FR-07100RL in C:\Users\Altay\Documents\Altium\Projects\SyncBox\Work\Bogazici University\SyncBox\V3I1\Circuit\[06] - MICRO-CONTROLLER CONNECTORS.SchDoc with RC0402FR-07100RL from iMX6 Rex Development Baseboard V1I1.SCHLIB
Replace Part R? RC0402FR-07100RL in C:\Users\Altay\Documents\Altium\Projects\SyncBox\Work\Bogazici University\SyncBox\V3I1\Circuit\[06] - MICRO-CONTROLLER CONNECTORS.SchDoc with RC0402FR-07100RL from iMX6 Rex Development Baseboard V1I1.SCHLIB
Replace Part R? RC0402FR-07100RL in C:\Users\Altay\Documents\Altium\Projects\SyncBox\Work\Bogazici University\SyncBox\V3I1\Circuit\[06] - MICRO-CONTROLLER CONNECTORS.SchDoc with RC0402FR-07100RL from iMX6 Rex Development Baseboard V1I1.SCHLIB
Replace Part R? RC0402FR-07100RL in C:\Users\Altay\Documents\Altium\Projects\SyncBox\Work\Bogazici University\SyncBox\V3I1\Circuit\[06] - MICRO-CONTROLLER CONNECTORS.SchDoc with RC0402FR-07100RL from iMX6 Rex Development Baseboard V1I1.SCHLIB
Replace Part R? RC0402FR-07100RL in C:\Users\Altay\Documents\Altium\Projects\SyncBox\Work\Bogazici University\SyncBox\V3I1\Circuit\[06] - MICRO-CONTROLLER CONNECTORS.SchDoc with RC0402FR-07100RL from iMX6 Rex Development Baseboard V1I1.SCHLIB
Replace Part R? RC0402JR-070RL in C:\Users\Altay\Documents\Altium\Projects\SyncBox\Work\Bogazici University\SyncBox\V3I1\Circuit\[06] - MICRO-CONTROLLER CONNECTORS.SchDoc with RC0402JR-070RL from iMX6 Rex Development Baseboard V1I1.SCHLIB
Replace Part R? RC0402FR-071KL in C:\Users\Altay\Documents\Altium\Projects\SyncBox\Work\Bogazici University\SyncBox\V3I1\Circuit\[06] - MICRO-CONTROLLER CONNECTORS.SchDoc with RC0402FR-071KL from iMX6 Rex Development Baseboard V1I1.SCHLIB
Replace Part R? RC0402FR-071KL in C:\Users\Altay\Documents\Altium\Projects\SyncBox\Work\Bogazici University\SyncBox\V3I1\Circuit\[06] - MICRO-CONTROLLER CONNECTORS.SchDoc with RC0402FR-071KL from iMX6 Rex Development Baseboard V1I1.SCHLIB
Replace Part R? RC0402FR-07100RL in C:\Users\Altay\Documents\Altium\Projects\SyncBox\Work\Bogazici University\SyncBox\V3I1\Circuit\[06] - MICRO-CONTROLLER CONNECTORS.SchDoc with RC0402FR-07100RL from iMX6 Rex Development Baseboard V1I1.SCHLIB
Replace Part R? RC0402JR-070RL in C:\Users\Altay\Documents\Altium\Projects\SyncBox\Work\Bogazici University\SyncBox\V3I1\Circuit\[06] - MICRO-CONTROLLER CONNECTORS.SchDoc with RC0402JR-070RL from iMX6 Rex Development Baseboard V1I1.SCHLIB
Replace Part R? RC0402FR-071KL in C:\Users\Altay\Documents\Altium\Projects\SyncBox\Work\Bogazici University\SyncBox\V3I1\Circuit\[06] - MICRO-CONTROLLER CONNECTORS.SchDoc with RC0402FR-071KL from iMX6 Rex Development Baseboard V1I1.SCHLIB
Replace Part R? RC0402FR-071KL in C:\Users\Altay\Documents\Altium\Projects\SyncBox\Work\Bogazici University\SyncBox\V3I1\Circuit\[06] - MICRO-CONTROLLER CONNECTORS.SchDoc with RC0402FR-071KL from iMX6 Rex Development Baseboard V1I1.SCHLIB
Replace Part R? Res3 in C:\Users\Altay\Documents\Altium\Projects\SyncBox\Work\Bogazici University\SyncBox\V3I1\Circuit\[06] - MICRO-CONTROLLER CONNECTORS.SchDoc with Res3 from Miscellaneous Devices.IntLib
Replace Part R? Res3 in C:\Users\Altay\Documents\Altium\Projects\SyncBox\Work\Bogazici University\SyncBox\V3I1\Circuit\[06] - MICRO-CONTROLLER CONNECTORS.SchDoc with Res3 from Miscellaneous Devices.IntLib
Replace Part R? Res3 in C:\Users\Altay\Documents\Altium\Projects\SyncBox\Work\Bogazici University\SyncBox\V3I1\Circuit\[06] - MICRO-CONTROLLER CONNECTORS.SchDoc with Res3 from Miscellaneous Devices.IntLib
Replace Part R? Res3 in C:\Users\Altay\Documents\Altium\Projects\SyncBox\Work\Bogazici University\SyncBox\V3I1\Circuit\[06] - MICRO-CONTROLLER CONNECTORS.SchDoc with Res3 from Miscellaneous Devices.IntLib
Replace Part R? Res3 in C:\Users\Altay\Documents\Altium\Projects\SyncBox\Work\Bogazici University\SyncBox\V3I1\Circuit\[06] - MICRO-CONTROLLER CONNECTORS.SchDoc with Res3 from Miscellaneous Devices.IntLib
Replace Part R? Res3 in C:\Users\Altay\Documents\Altium\Projects\SyncBox\Work\Bogazici University\SyncBox\V3I1\Circuit\[06] - MICRO-CONTROLLER CONNECTORS.SchDoc with Res3 from Miscellaneous Devices.IntLib
Replace Part R? Res3 in C:\Users\Altay\Documents\Altium\Projects\SyncBox\Work\Bogazici University\SyncBox\V3I1\Circuit\[06] - MICRO-CONTROLLER CONNECTORS.SchDoc with Res3 from Miscellaneous Devices.IntLib
Replace Part R? Res3 in C:\Users\Altay\Documents\Altium\Projects\SyncBox\Work\Bogazici University\SyncBox\V3I1\Circuit\[06] - MICRO-CONTROLLER CONNECTORS.SchDoc with Res3 from Miscellaneous Devices.IntLib
Replace Part R? Res3 in C:\Users\Altay\Documents\Altium\Projects\SyncBox\Work\Bogazici University\SyncBox\V3I1\Circuit\[06] - MICRO-CONTROLLER CONNECTORS.SchDoc with Res3 from Miscellaneous Devices.IntLib
Replace Part R? RC0402FR-0710RL in C:\Users\Altay\Documents\Altium\Projects\SyncBox\Work\Bogazici University\SyncBox\V3I1\Circuit\[06] - MICRO-CONTROLLER CONNECTORS.SchDoc with RC0402FR-0710RL from iMX6 Rex Development Baseboard V1I1.SCHLIB
Replace Part R? RL1632R-R120-F in C:\Users\Altay\Documents\Altium\Projects\SyncBox\Work\Bogazici University\SyncBox\V3I1\Circuit\[06] - MICRO-CONTROLLER CONNECTORS.SchDoc with RL1632R-R120-F from SYNCBOX_V3I1.SCHLIB
Replace Part SW? 76SC02T in C:\Users\Altay\Documents\Altium\Projects\SyncBox\Work\Bogazici University\SyncBox\V3I1\Circuit\[06] - MICRO-CONTROLLER CONNECTORS.SchDoc with 76SC02T from SYNCBOX_V3I1.SCHLIB
Replace Part SW? 76SC02T in C:\Users\Altay\Documents\Altium\Projects\SyncBox\Work\Bogazici University\SyncBox\V3I1\Circuit\[06] - MICRO-CONTROLLER CONNECTORS.SchDoc with 76SC02T from SYNCBOX_V3I1.SCHLIB
Replace Part U? MAX3207EAUT+T in C:\Users\Altay\Documents\Altium\Projects\SyncBox\Work\Bogazici University\SyncBox\V3I1\Circuit\[06] - MICRO-CONTROLLER CONNECTORS.SchDoc with MAX3207EAUT+T from SYNCBOX_V3I1.SCHLIB
Replace Part U? Optoisolator1 in C:\Users\Altay\Documents\Altium\Projects\SyncBox\Work\Bogazici University\SyncBox\V3I1\Circuit\[06] - MICRO-CONTROLLER CONNECTORS.SchDoc with Optoisolator1 from Miscellaneous Devices.IntLib
Replace Part U? CRE1S0505SC in C:\Users\Altay\Documents\Altium\Projects\SyncBox\Work\Bogazici University\SyncBox\V3I1\Circuit\[06] - MICRO-CONTROLLER CONNECTORS.SchDoc with CRE1S0505SC from SYNCBOX_V3I1.SCHLIB
Replace Part U? Optoisolator1 in C:\Users\Altay\Documents\Altium\Projects\SyncBox\Work\Bogazici University\SyncBox\V3I1\Circuit\[06] - MICRO-CONTROLLER CONNECTORS.SchDoc with Optoisolator1 from Miscellaneous Devices.IntLib
Replace Part U? Optoisolator1 in C:\Users\Altay\Documents\Altium\Projects\SyncBox\Work\Bogazici University\SyncBox\V3I1\Circuit\[06] - MICRO-CONTROLLER CONNECTORS.SchDoc with Optoisolator1 from Miscellaneous Devices.IntLib
Replace Part U? Optoisolator1 in C:\Users\Altay\Documents\Altium\Projects\SyncBox\Work\Bogazici University\SyncBox\V3I1\Circuit\[06] - MICRO-CONTROLLER CONNECTORS.SchDoc with Optoisolator1 from Miscellaneous Devices.IntLib
Replace Part U? Optoisolator1 in C:\Users\Altay\Documents\Altium\Projects\SyncBox\Work\Bogazici University\SyncBox\V3I1\Circuit\[06] - MICRO-CONTROLLER CONNECTORS.SchDoc with Optoisolator1 from Miscellaneous Devices.IntLib
Replace Part U? MAX490 in C:\Users\Altay\Documents\Altium\Projects\SyncBox\Work\Bogazici University\SyncBox\V3I1\Circuit\[06] - MICRO-CONTROLLER CONNECTORS.SchDoc with MAX490 from SYNCBOX_V3I1.SCHLIB
Replace Part U? ST3222 in C:\Users\Altay\Documents\Altium\Projects\SyncBox\Work\Bogazici University\SyncBox\V3I1\Circuit\[06] - MICRO-CONTROLLER CONNECTORS.SchDoc with ST3222 from SYNCBOX_V3I1.SCHLIB
Replace Part U? SN65HVD1050DR in C:\Users\Altay\Documents\Altium\Projects\SyncBox\Work\Bogazici University\SyncBox\V3I1\Circuit\[06] - MICRO-CONTROLLER CONNECTORS.SchDoc with SN65HVD1050DR from SYNCBOX_V3I1.SCHLIB
