Replace Part C4 CL05A104KA5NNNC in C:\Users\Altay\Documents\Altium\Projects\SyncBox\Work\Bogazici University\SyncBox\V3I1\Circuit\[07] - CPU CONNECTORS .SchDoc with CL05A104KA5NNNC from SYNCBOX_V3I1.SCHLIB
Replace Part C5 CL05A104KA5NNNC in C:\Users\Altay\Documents\Altium\Projects\SyncBox\Work\Bogazici University\SyncBox\V3I1\Circuit\[07] - CPU CONNECTORS .SchDoc with CL05A104KA5NNNC from SYNCBOX_V3I1.SCHLIB
Replace Part C6 CL05A104KA5NNNC in C:\Users\Altay\Documents\Altium\Projects\SyncBox\Work\Bogazici University\SyncBox\V3I1\Circuit\[07] - CPU CONNECTORS .SchDoc with CL05A104KA5NNNC from SYNCBOX_V3I1.SCHLIB
Replace Part C7 CL05A104KA5NNNC in C:\Users\Altay\Documents\Altium\Projects\SyncBox\Work\Bogazici University\SyncBox\V3I1\Circuit\[07] - CPU CONNECTORS .SchDoc with CL05A104KA5NNNC from SYNCBOX_V3I1.SCHLIB
Replace Part C8 CL05A104KA5NNNC in C:\Users\Altay\Documents\Altium\Projects\SyncBox\Work\Bogazici University\SyncBox\V3I1\Circuit\[07] - CPU CONNECTORS .SchDoc with CL05A104KA5NNNC from SYNCBOX_V3I1.SCHLIB
Replace Part C9 CL05A104KA5NNNC in C:\Users\Altay\Documents\Altium\Projects\SyncBox\Work\Bogazici University\SyncBox\V3I1\Circuit\[07] - CPU CONNECTORS .SchDoc with CL05A104KA5NNNC from SYNCBOX_V3I1.SCHLIB
Replace Part C10 C1206X102KGRACAUTO in C:\Users\Altay\Documents\Altium\Projects\SyncBox\Work\Bogazici University\SyncBox\V3I1\Circuit\[07] - CPU CONNECTORS .SchDoc with C1206X102KGRACAUTO from SYNCBOX_V3I1.SCHLIB
Replace Part C11 C1206X102KGRACAUTO in C:\Users\Altay\Documents\Altium\Projects\SyncBox\Work\Bogazici University\SyncBox\V3I1\Circuit\[07] - CPU CONNECTORS .SchDoc with C1206X102KGRACAUTO from SYNCBOX_V3I1.SCHLIB
Replace Part C12 CL05A104KA5NNNC in C:\Users\Altay\Documents\Altium\Projects\SyncBox\Work\Bogazici University\SyncBox\V3I1\Circuit\[07] - CPU CONNECTORS .SchDoc with CL05A104KA5NNNC from SYNCBOX_V3I1.SCHLIB
Replace Part C13 CL05A104KA5NNNC in C:\Users\Altay\Documents\Altium\Projects\SyncBox\Work\Bogazici University\SyncBox\V3I1\Circuit\[07] - CPU CONNECTORS .SchDoc with CL05A104KA5NNNC from SYNCBOX_V3I1.SCHLIB
Replace Part C14 CL05A104KA5NNNC in C:\Users\Altay\Documents\Altium\Projects\SyncBox\Work\Bogazici University\SyncBox\V3I1\Circuit\[07] - CPU CONNECTORS .SchDoc with CL05A104KA5NNNC from SYNCBOX_V3I1.SCHLIB
Replace Part C15 CL05A104KA5NNNC in C:\Users\Altay\Documents\Altium\Projects\SyncBox\Work\Bogazici University\SyncBox\V3I1\Circuit\[07] - CPU CONNECTORS .SchDoc with CL05A104KA5NNNC from SYNCBOX_V3I1.SCHLIB
Replace Part C16 CL05A104KA5NNNC in C:\Users\Altay\Documents\Altium\Projects\SyncBox\Work\Bogazici University\SyncBox\V3I1\Circuit\[07] - CPU CONNECTORS .SchDoc with CL05A104KA5NNNC from SYNCBOX_V3I1.SCHLIB
Replace Part C17 CL05A104KA5NNNC in C:\Users\Altay\Documents\Altium\Projects\SyncBox\Work\Bogazici University\SyncBox\V3I1\Circuit\[07] - CPU CONNECTORS .SchDoc with CL05A104KA5NNNC from SYNCBOX_V3I1.SCHLIB
Replace Part C18 CL05A104KA5NNNC in C:\Users\Altay\Documents\Altium\Projects\SyncBox\Work\Bogazici University\SyncBox\V3I1\Circuit\[07] - CPU CONNECTORS .SchDoc with CL05A104KA5NNNC from SYNCBOX_V3I1.SCHLIB
Replace Part C19 CL05A104KA5NNNC in C:\Users\Altay\Documents\Altium\Projects\SyncBox\Work\Bogazici University\SyncBox\V3I1\Circuit\[07] - CPU CONNECTORS .SchDoc with CL05A104KA5NNNC from SYNCBOX_V3I1.SCHLIB
Replace Part C20 CL05A104KA5NNNC in C:\Users\Altay\Documents\Altium\Projects\SyncBox\Work\Bogazici University\SyncBox\V3I1\Circuit\[07] - CPU CONNECTORS .SchDoc with CL05A104KA5NNNC from SYNCBOX_V3I1.SCHLIB
Replace Part C21 CL05A104KA5NNNC in C:\Users\Altay\Documents\Altium\Projects\SyncBox\Work\Bogazici University\SyncBox\V3I1\Circuit\[07] - CPU CONNECTORS .SchDoc with CL05A104KA5NNNC from SYNCBOX_V3I1.SCHLIB
Replace Part C22 C3216JB1V106K160 in C:\Users\Altay\Documents\Altium\Projects\SyncBox\Work\Bogazici University\SyncBox\V3I1\Circuit\[07] - CPU CONNECTORS .SchDoc with C3216JB1V106K160 from SYNCBOX_V3I1.SCHLIB
Replace Part C23 CL05A104KA5NNNC in C:\Users\Altay\Documents\Altium\Projects\SyncBox\Work\Bogazici University\SyncBox\V3I1\Circuit\[07] - CPU CONNECTORS .SchDoc with CL05A104KA5NNNC from SYNCBOX_V3I1.SCHLIB
Replace Part D7 LS Q976-NR-1 in C:\Users\Altay\Documents\Altium\Projects\SyncBox\Work\Bogazici University\SyncBox\V3I1\Circuit\[07] - CPU CONNECTORS .SchDoc with LS Q976-NR-1 from SYNCBOX_V3I1.SCHLIB
Replace Part D8 B560C-13-F in C:\Users\Altay\Documents\Altium\Projects\SyncBox\Work\Bogazici University\SyncBox\V3I1\Circuit\[07] - CPU CONNECTORS .SchDoc with B560C-13-F from SYNCBOX_V3I1.SCHLIB
Replace Part FB1 BLM18SG221TN1D in C:\Users\Altay\Documents\Altium\Projects\SyncBox\Work\Bogazici University\SyncBox\V3I1\Circuit\[07] - CPU CONNECTORS .SchDoc with BLM18SG221TN1D from SYNCBOX_V3I1.SCHLIB
Replace Part J3 D2510-6002-AR in C:\Users\Altay\Documents\Altium\Projects\SyncBox\Work\Bogazici University\SyncBox\V3I1\Circuit\[07] - CPU CONNECTORS .SchDoc with D2510-6002-AR from SYNCBOX_V3I1.SCHLIB
Replace Part J4 2-406549-1 in C:\Users\Altay\Documents\Altium\Projects\SyncBox\Work\Bogazici University\SyncBox\V3I1\Circuit\[07] - CPU CONNECTORS .SchDoc with 2-406549-1 from SYNCBOX_V3I1.SCHLIB
Replace Part J5 5-534206-4 in C:\Users\Altay\Documents\Altium\Projects\SyncBox\Work\Bogazici University\SyncBox\V3I1\Circuit\[07] - CPU CONNECTORS .SchDoc with 5-534206-4 from SYNCBOX_V3I1.SCHLIB
Replace Part J6 47151-0001 in C:\Users\Altay\Documents\Altium\Projects\SyncBox\Work\Bogazici University\SyncBox\V3I1\Circuit\[07] - CPU CONNECTORS .SchDoc with 47151-0001 from SYNCBOX_V3I1.SCHLIB
Replace Part L1 742792662 in C:\Users\Altay\Documents\Altium\Projects\SyncBox\Work\Bogazici University\SyncBox\V3I1\Circuit\[07] - CPU CONNECTORS .SchDoc with 742792662 from SYNCBOX_V3I1.SCHLIB
Replace Part P6 76384-303LF in C:\Users\Altay\Documents\Altium\Projects\SyncBox\Work\Bogazici University\SyncBox\V3I1\Circuit\[07] - CPU CONNECTORS .SchDoc with 76384-303LF from SYNCBOX_V3I1.SCHLIB
Replace Part Q1 2N7002BKW,115 in C:\Users\Altay\Documents\Altium\Projects\SyncBox\Work\Bogazici University\SyncBox\V3I1\Circuit\[07] - CPU CONNECTORS .SchDoc with 2N7002BKW,115 from SYNCBOX_V3I1.SCHLIB
Replace Part Q2 2N7002BKW,115 in C:\Users\Altay\Documents\Altium\Projects\SyncBox\Work\Bogazici University\SyncBox\V3I1\Circuit\[07] - CPU CONNECTORS .SchDoc with 2N7002BKW,115 from SYNCBOX_V3I1.SCHLIB
Replace Part R10 RC1005F750CS in C:\Users\Altay\Documents\Altium\Projects\SyncBox\Work\Bogazici University\SyncBox\V3I1\Circuit\[07] - CPU CONNECTORS .SchDoc with RC1005F750CS from SYNCBOX_V3I1.SCHLIB
Replace Part R11 RC1005F750CS in C:\Users\Altay\Documents\Altium\Projects\SyncBox\Work\Bogazici University\SyncBox\V3I1\Circuit\[07] - CPU CONNECTORS .SchDoc with RC1005F750CS from SYNCBOX_V3I1.SCHLIB
Replace Part R12 RC1005F750CS in C:\Users\Altay\Documents\Altium\Projects\SyncBox\Work\Bogazici University\SyncBox\V3I1\Circuit\[07] - CPU CONNECTORS .SchDoc with RC1005F750CS from SYNCBOX_V3I1.SCHLIB
Replace Part R13 RC1005F750CS in C:\Users\Altay\Documents\Altium\Projects\SyncBox\Work\Bogazici University\SyncBox\V3I1\Circuit\[07] - CPU CONNECTORS .SchDoc with RC1005F750CS from SYNCBOX_V3I1.SCHLIB
Replace Part R14 RMCF0402FT240R in C:\Users\Altay\Documents\Altium\Projects\SyncBox\Work\Bogazici University\SyncBox\V3I1\Circuit\[07] - CPU CONNECTORS .SchDoc with RMCF0402FT240R from SYNCBOX_V3I1.SCHLIB
Replace Part R15 RC0402FR-0747K5L in C:\Users\Altay\Documents\Altium\Projects\SyncBox\Work\Bogazici University\SyncBox\V3I1\Circuit\[07] - CPU CONNECTORS .SchDoc with RC0402FR-0747K5L from SYNCBOX_V3I1.SCHLIB
Replace Part R16 RC0402FR-0747K5L in C:\Users\Altay\Documents\Altium\Projects\SyncBox\Work\Bogazici University\SyncBox\V3I1\Circuit\[07] - CPU CONNECTORS .SchDoc with RC0402FR-0747K5L from SYNCBOX_V3I1.SCHLIB
Replace Part R17 RC1005F103CS in C:\Users\Altay\Documents\Altium\Projects\SyncBox\Work\Bogazici University\SyncBox\V3I1\Circuit\[07] - CPU CONNECTORS .SchDoc with RC1005F103CS from SYNCBOX_V3I1.SCHLIB
Replace Part R18 RC1005F222CS in C:\Users\Altay\Documents\Altium\Projects\SyncBox\Work\Bogazici University\SyncBox\V3I1\Circuit\[07] - CPU CONNECTORS .SchDoc with RC1005F222CS from SYNCBOX_V3I1.SCHLIB
Replace Part R19 RC1005F222CS in C:\Users\Altay\Documents\Altium\Projects\SyncBox\Work\Bogazici University\SyncBox\V3I1\Circuit\[07] - CPU CONNECTORS .SchDoc with RC1005F222CS from SYNCBOX_V3I1.SCHLIB
Replace Part R20 RC1005J000CS in C:\Users\Altay\Documents\Altium\Projects\SyncBox\Work\Bogazici University\SyncBox\V3I1\Circuit\[07] - CPU CONNECTORS .SchDoc with RC1005J000CS from SYNCBOX_V3I1.SCHLIB
Replace Part R21 RC1005F222CS in C:\Users\Altay\Documents\Altium\Projects\SyncBox\Work\Bogazici University\SyncBox\V3I1\Circuit\[07] - CPU CONNECTORS .SchDoc with RC1005F222CS from SYNCBOX_V3I1.SCHLIB
Replace Part R22 RC1005F222CS in C:\Users\Altay\Documents\Altium\Projects\SyncBox\Work\Bogazici University\SyncBox\V3I1\Circuit\[07] - CPU CONNECTORS .SchDoc with RC1005F222CS from SYNCBOX_V3I1.SCHLIB
Replace Part R23 RC2012F104CS in C:\Users\Altay\Documents\Altium\Projects\SyncBox\Work\Bogazici University\SyncBox\V3I1\Circuit\[07] - CPU CONNECTORS .SchDoc with RC2012F104CS from SYNCBOX_V3I1.SCHLIB
Replace Part R24 RC1005J000CS in C:\Users\Altay\Documents\Altium\Projects\SyncBox\Work\Bogazici University\SyncBox\V3I1\Circuit\[07] - CPU CONNECTORS .SchDoc with RC1005J000CS from SYNCBOX_V3I1.SCHLIB
Replace Part R25 RC2012F203CS in C:\Users\Altay\Documents\Altium\Projects\SyncBox\Work\Bogazici University\SyncBox\V3I1\Circuit\[07] - CPU CONNECTORS .SchDoc with RC2012F203CS from SYNCBOX_V3I1.SCHLIB
Replace Part T1 H5007NL in C:\Users\Altay\Documents\Altium\Projects\SyncBox\Work\Bogazici University\SyncBox\V3I1\Circuit\[07] - CPU CONNECTORS .SchDoc with H5007NL from SYNCBOX_V3I1.SCHLIB
