Replace Part C? CL05A104KA5NNNC in C:\Users\Altay\Documents\Altium\Projects\SyncBox\Work\Bogazici University\SyncBox\V3I1\Circuit\[07] - CPU CONNECTORS .SchDoc with CL05A104KA5NNNC from SYNCBOX_V3I1.SCHLIB
Replace Part C? CL05A104KA5NNNC in C:\Users\Altay\Documents\Altium\Projects\SyncBox\Work\Bogazici University\SyncBox\V3I1\Circuit\[07] - CPU CONNECTORS .SchDoc with CL05A104KA5NNNC from SYNCBOX_V3I1.SCHLIB
Replace Part C? CL05A104KA5NNNC in C:\Users\Altay\Documents\Altium\Projects\SyncBox\Work\Bogazici University\SyncBox\V3I1\Circuit\[07] - CPU CONNECTORS .SchDoc with CL05A104KA5NNNC from SYNCBOX_V3I1.SCHLIB
Replace Part C? CL05A104KA5NNNC in C:\Users\Altay\Documents\Altium\Projects\SyncBox\Work\Bogazici University\SyncBox\V3I1\Circuit\[07] - CPU CONNECTORS .SchDoc with CL05A104KA5NNNC from SYNCBOX_V3I1.SCHLIB
Replace Part C? CL05A104KA5NNNC in C:\Users\Altay\Documents\Altium\Projects\SyncBox\Work\Bogazici University\SyncBox\V3I1\Circuit\[07] - CPU CONNECTORS .SchDoc with CL05A104KA5NNNC from SYNCBOX_V3I1.SCHLIB
Replace Part C? CL05A104KA5NNNC in C:\Users\Altay\Documents\Altium\Projects\SyncBox\Work\Bogazici University\SyncBox\V3I1\Circuit\[07] - CPU CONNECTORS .SchDoc with CL05A104KA5NNNC from SYNCBOX_V3I1.SCHLIB
Replace Part C? CL05A104KA5NNNC in C:\Users\Altay\Documents\Altium\Projects\SyncBox\Work\Bogazici University\SyncBox\V3I1\Circuit\[07] - CPU CONNECTORS .SchDoc with CL05A104KA5NNNC from SYNCBOX_V3I1.SCHLIB
Replace Part C? CL05A104KA5NNNC in C:\Users\Altay\Documents\Altium\Projects\SyncBox\Work\Bogazici University\SyncBox\V3I1\Circuit\[07] - CPU CONNECTORS .SchDoc with CL05A104KA5NNNC from SYNCBOX_V3I1.SCHLIB
Replace Part C? CL05A104KA5NNNC in C:\Users\Altay\Documents\Altium\Projects\SyncBox\Work\Bogazici University\SyncBox\V3I1\Circuit\[07] - CPU CONNECTORS .SchDoc with CL05A104KA5NNNC from SYNCBOX_V3I1.SCHLIB
Replace Part C? CL05A104KA5NNNC in C:\Users\Altay\Documents\Altium\Projects\SyncBox\Work\Bogazici University\SyncBox\V3I1\Circuit\[07] - CPU CONNECTORS .SchDoc with CL05A104KA5NNNC from SYNCBOX_V3I1.SCHLIB
Replace Part C? CL05A104KA5NNNC in C:\Users\Altay\Documents\Altium\Projects\SyncBox\Work\Bogazici University\SyncBox\V3I1\Circuit\[07] - CPU CONNECTORS .SchDoc with CL05A104KA5NNNC from SYNCBOX_V3I1.SCHLIB
Replace Part C? CL05A104KA5NNNC in C:\Users\Altay\Documents\Altium\Projects\SyncBox\Work\Bogazici University\SyncBox\V3I1\Circuit\[07] - CPU CONNECTORS .SchDoc with CL05A104KA5NNNC from SYNCBOX_V3I1.SCHLIB
Replace Part C? CL05A104KA5NNNC in C:\Users\Altay\Documents\Altium\Projects\SyncBox\Work\Bogazici University\SyncBox\V3I1\Circuit\[07] - CPU CONNECTORS .SchDoc with CL05A104KA5NNNC from SYNCBOX_V3I1.SCHLIB
Replace Part C? CL05A104KA5NNNC in C:\Users\Altay\Documents\Altium\Projects\SyncBox\Work\Bogazici University\SyncBox\V3I1\Circuit\[07] - CPU CONNECTORS .SchDoc with CL05A104KA5NNNC from SYNCBOX_V3I1.SCHLIB
Replace Part C? CL05A104KA5NNNC in C:\Users\Altay\Documents\Altium\Projects\SyncBox\Work\Bogazici University\SyncBox\V3I1\Circuit\[07] - CPU CONNECTORS .SchDoc with CL05A104KA5NNNC from SYNCBOX_V3I1.SCHLIB
Replace Part C? CL05A104KA5NNNC in C:\Users\Altay\Documents\Altium\Projects\SyncBox\Work\Bogazici University\SyncBox\V3I1\Circuit\[07] - CPU CONNECTORS .SchDoc with CL05A104KA5NNNC from SYNCBOX_V3I1.SCHLIB
Replace Part C? CL05A104KA5NNNC in C:\Users\Altay\Documents\Altium\Projects\SyncBox\Work\Bogazici University\SyncBox\V3I1\Circuit\[07] - CPU CONNECTORS .SchDoc with CL05A104KA5NNNC from SYNCBOX_V3I1.SCHLIB
Replace Part C? C1206X102KGRACAUTO in C:\Users\Altay\Documents\Altium\Projects\SyncBox\Work\Bogazici University\SyncBox\V3I1\Circuit\[07] - CPU CONNECTORS .SchDoc with C1206X102KGRACAUTO from SYNCBOX_V3I1.SCHLIB
Replace Part C? C3216JB1V106K160 in C:\Users\Altay\Documents\Altium\Projects\SyncBox\Work\Bogazici University\SyncBox\V3I1\Circuit\[07] - CPU CONNECTORS .SchDoc with C3216JB1V106K160 from SYNCBOX_V3I1.SCHLIB
Replace Part C? C1206X102KGRACAUTO in C:\Users\Altay\Documents\Altium\Projects\SyncBox\Work\Bogazici University\SyncBox\V3I1\Circuit\[07] - CPU CONNECTORS .SchDoc with C1206X102KGRACAUTO from SYNCBOX_V3I1.SCHLIB
Replace Part D? B560C-13-F in C:\Users\Altay\Documents\Altium\Projects\SyncBox\Work\Bogazici University\SyncBox\V3I1\Circuit\[07] - CPU CONNECTORS .SchDoc with B560C-13-F from SYNCBOX_V3I1.SCHLIB
Replace Part FB? BLM18SG221TN1D in C:\Users\Altay\Documents\Altium\Projects\SyncBox\Work\Bogazici University\SyncBox\V3I1\Circuit\[07] - CPU CONNECTORS .SchDoc with BLM18SG221TN1D from SYNCBOX_V3I1.SCHLIB
Replace Part J? D2510-6002-AR in C:\Users\Altay\Documents\Altium\Projects\SyncBox\Work\Bogazici University\SyncBox\V3I1\Circuit\[07] - CPU CONNECTORS .SchDoc with D2510-6002-AR from SYNCBOX_V3I1.SCHLIB
Replace Part J? 47151-0001 in C:\Users\Altay\Documents\Altium\Projects\SyncBox\Work\Bogazici University\SyncBox\V3I1\Circuit\[07] - CPU CONNECTORS .SchDoc with 47151-0001 from SYNCBOX_V3I1.SCHLIB
Replace Part J? 2-406549-1 in C:\Users\Altay\Documents\Altium\Projects\SyncBox\Work\Bogazici University\SyncBox\V3I1\Circuit\[07] - CPU CONNECTORS .SchDoc with 2-406549-1 from SYNCBOX_V3I1.SCHLIB
Replace Part L? 742792662 in C:\Users\Altay\Documents\Altium\Projects\SyncBox\Work\Bogazici University\SyncBox\V3I1\Circuit\[07] - CPU CONNECTORS .SchDoc with 742792662 from SYNCBOX_V3I1.SCHLIB
Replace Part LED? LS Q976-NR-1 in C:\Users\Altay\Documents\Altium\Projects\SyncBox\Work\Bogazici University\SyncBox\V3I1\Circuit\[07] - CPU CONNECTORS .SchDoc with LS Q976-NR-1 from SYNCBOX_V3I1.SCHLIB
Replace Part P? 76384-303LF in C:\Users\Altay\Documents\Altium\Projects\SyncBox\Work\Bogazici University\SyncBox\V3I1\Circuit\[07] - CPU CONNECTORS .SchDoc with 76384-303LF from SYNCBOX_V3I1.SCHLIB
Replace Part Q? 2N7002BKW,115 in C:\Users\Altay\Documents\Altium\Projects\SyncBox\Work\Bogazici University\SyncBox\V3I1\Circuit\[07] - CPU CONNECTORS .SchDoc with 2N7002BKW,115 from SYNCBOX_V3I1.SCHLIB
Replace Part Q? 2N7002BKW,115 in C:\Users\Altay\Documents\Altium\Projects\SyncBox\Work\Bogazici University\SyncBox\V3I1\Circuit\[07] - CPU CONNECTORS .SchDoc with 2N7002BKW,115 from SYNCBOX_V3I1.SCHLIB
Replace Part R? RC2012F104CS in C:\Users\Altay\Documents\Altium\Projects\SyncBox\Work\Bogazici University\SyncBox\V3I1\Circuit\[07] - CPU CONNECTORS .SchDoc with RC2012F104CS from SYNCBOX_V3I1.SCHLIB
Replace Part R? RC1005F103CS in C:\Users\Altay\Documents\Altium\Projects\SyncBox\Work\Bogazici University\SyncBox\V3I1\Circuit\[07] - CPU CONNECTORS .SchDoc with RC1005F103CS from SYNCBOX_V3I1.SCHLIB
Replace Part R? RC0402FR-0747K5L in C:\Users\Altay\Documents\Altium\Projects\SyncBox\Work\Bogazici University\SyncBox\V3I1\Circuit\[07] - CPU CONNECTORS .SchDoc with RC0402FR-0747K5L from SYNCBOX_V3I1.SCHLIB
Replace Part R? RC0402FR-0747K5L in C:\Users\Altay\Documents\Altium\Projects\SyncBox\Work\Bogazici University\SyncBox\V3I1\Circuit\[07] - CPU CONNECTORS .SchDoc with RC0402FR-0747K5L from SYNCBOX_V3I1.SCHLIB
Replace Part R? RMCF0402FT240R in C:\Users\Altay\Documents\Altium\Projects\SyncBox\Work\Bogazici University\SyncBox\V3I1\Circuit\[07] - CPU CONNECTORS .SchDoc with RMCF0402FT240R from SYNCBOX_V3I1.SCHLIB
Replace Part R? RC2012F203CS in C:\Users\Altay\Documents\Altium\Projects\SyncBox\Work\Bogazici University\SyncBox\V3I1\Circuit\[07] - CPU CONNECTORS .SchDoc with RC2012F203CS from SYNCBOX_V3I1.SCHLIB
Replace Part R? RC1005F222CS in C:\Users\Altay\Documents\Altium\Projects\SyncBox\Work\Bogazici University\SyncBox\V3I1\Circuit\[07] - CPU CONNECTORS .SchDoc with RC1005F222CS from SYNCBOX_V3I1.SCHLIB
Replace Part R? RC1005F222CS in C:\Users\Altay\Documents\Altium\Projects\SyncBox\Work\Bogazici University\SyncBox\V3I1\Circuit\[07] - CPU CONNECTORS .SchDoc with RC1005F222CS from SYNCBOX_V3I1.SCHLIB
Replace Part R? RC1005F222CS in C:\Users\Altay\Documents\Altium\Projects\SyncBox\Work\Bogazici University\SyncBox\V3I1\Circuit\[07] - CPU CONNECTORS .SchDoc with RC1005F222CS from SYNCBOX_V3I1.SCHLIB
Replace Part R? RC1005F222CS in C:\Users\Altay\Documents\Altium\Projects\SyncBox\Work\Bogazici University\SyncBox\V3I1\Circuit\[07] - CPU CONNECTORS .SchDoc with RC1005F222CS from SYNCBOX_V3I1.SCHLIB
Replace Part R? RC1005J000CS in C:\Users\Altay\Documents\Altium\Projects\SyncBox\Work\Bogazici University\SyncBox\V3I1\Circuit\[07] - CPU CONNECTORS .SchDoc with RC1005J000CS from SYNCBOX_V3I1.SCHLIB
Replace Part R? RC1005J000CS in C:\Users\Altay\Documents\Altium\Projects\SyncBox\Work\Bogazici University\SyncBox\V3I1\Circuit\[07] - CPU CONNECTORS .SchDoc with RC1005J000CS from SYNCBOX_V3I1.SCHLIB
Replace Part R? RC1005F750CS in C:\Users\Altay\Documents\Altium\Projects\SyncBox\Work\Bogazici University\SyncBox\V3I1\Circuit\[07] - CPU CONNECTORS .SchDoc with RC1005F750CS from SYNCBOX_V3I1.SCHLIB
Replace Part R? RC1005F750CS in C:\Users\Altay\Documents\Altium\Projects\SyncBox\Work\Bogazici University\SyncBox\V3I1\Circuit\[07] - CPU CONNECTORS .SchDoc with RC1005F750CS from SYNCBOX_V3I1.SCHLIB
Replace Part R? RC1005F750CS in C:\Users\Altay\Documents\Altium\Projects\SyncBox\Work\Bogazici University\SyncBox\V3I1\Circuit\[07] - CPU CONNECTORS .SchDoc with RC1005F750CS from SYNCBOX_V3I1.SCHLIB
Replace Part R? RC1005F750CS in C:\Users\Altay\Documents\Altium\Projects\SyncBox\Work\Bogazici University\SyncBox\V3I1\Circuit\[07] - CPU CONNECTORS .SchDoc with RC1005F750CS from SYNCBOX_V3I1.SCHLIB
Replace Part T? H5007NL in C:\Users\Altay\Documents\Altium\Projects\SyncBox\Work\Bogazici University\SyncBox\V3I1\Circuit\[07] - CPU CONNECTORS .SchDoc with H5007NL from SYNCBOX_V3I1.SCHLIB
