Replace Part C11 C1005X5R1H104K in C:\Users\Altay\Documents\Altium\Projects\SyncBox\Work\Bogazici University\SyncBox\V3I1\Circuit\[07] - CPU CONNECTORS .SchDoc with C1005X5R1H104K from iMX6 Rex Development Baseboard V1I1.SCHLIB
Replace Part C12 C1005X5R1H104K in C:\Users\Altay\Documents\Altium\Projects\SyncBox\Work\Bogazici University\SyncBox\V3I1\Circuit\[07] - CPU CONNECTORS .SchDoc with C1005X5R1H104K from iMX6 Rex Development Baseboard V1I1.SCHLIB
Replace Part C13 C1005X5R1H104K in C:\Users\Altay\Documents\Altium\Projects\SyncBox\Work\Bogazici University\SyncBox\V3I1\Circuit\[07] - CPU CONNECTORS .SchDoc with C1005X5R1H104K from iMX6 Rex Development Baseboard V1I1.SCHLIB
Replace Part C14 C1005X5R1H104K in C:\Users\Altay\Documents\Altium\Projects\SyncBox\Work\Bogazici University\SyncBox\V3I1\Circuit\[07] - CPU CONNECTORS .SchDoc with C1005X5R1H104K from iMX6 Rex Development Baseboard V1I1.SCHLIB
Replace Part C16 C1608X5R0J106M in C:\Users\Altay\Documents\Altium\Projects\SyncBox\Work\Bogazici University\SyncBox\V3I1\Circuit\[07] - CPU CONNECTORS .SchDoc with C1608X5R0J106M from iMX6 Rex Development Baseboard V1I1.SCHLIB
Replace Part C17 C1005X5R1H104K in C:\Users\Altay\Documents\Altium\Projects\SyncBox\Work\Bogazici University\SyncBox\V3I1\Circuit\[07] - CPU CONNECTORS .SchDoc with C1005X5R1H104K from iMX6 Rex Development Baseboard V1I1.SCHLIB
Replace Part D5 CMD17-21VRD/TR8 in C:\Users\Altay\Documents\Altium\Projects\SyncBox\Work\Bogazici University\SyncBox\V3I1\Circuit\[07] - CPU CONNECTORS .SchDoc with CMD17-21VRD/TR8 from SYNCBOX_V3I1.SCHLIB
Replace Part D6 B560C-13-F in C:\Users\Altay\Documents\Altium\Projects\SyncBox\Work\Bogazici University\SyncBox\V3I1\Circuit\[07] - CPU CONNECTORS .SchDoc with B560C-13-F from iMX6 Rex Development Baseboard V1I1.SCHLIB
Replace Part F1 NANOSMDC075F-2 in C:\Users\Altay\Documents\Altium\Projects\SyncBox\Work\Bogazici University\SyncBox\V3I1\Circuit\[07] - CPU CONNECTORS .SchDoc with NANOSMDC075F-2 from SYNCBOX_V3I1.SCHLIB
Replace Part F3 NANOSMDC075F-2 in C:\Users\Altay\Documents\Altium\Projects\SyncBox\Work\Bogazici University\SyncBox\V3I1\Circuit\[07] - CPU CONNECTORS .SchDoc with NANOSMDC075F-2 from SYNCBOX_V3I1.SCHLIB
Replace Part FB1 BLM18SG221TN1D in C:\Users\Altay\Documents\Altium\Projects\SyncBox\Work\Bogazici University\SyncBox\V3I1\Circuit\[07] - CPU CONNECTORS .SchDoc with BLM18SG221TN1D from iMX6 Rex Development Baseboard V1I1.SCHLIB
Replace Part J5 47151-0001 in C:\Users\Altay\Documents\Altium\Projects\SyncBox\Work\Bogazici University\SyncBox\V3I1\Circuit\[07] - CPU CONNECTORS .SchDoc with 47151-0001 from iMX6 Rex Development Baseboard V1I1.SCHLIB
Replace Part P2 Header 4X2 in C:\Users\Altay\Documents\Altium\Projects\SyncBox\Work\Bogazici University\SyncBox\V3I1\Circuit\[07] - CPU CONNECTORS .SchDoc with Header 4X2 from Miscellaneous Connectors.IntLib
Replace Part P3 WM14455TR-ND in C:\Users\Altay\Documents\Altium\Projects\SyncBox\Work\Bogazici University\SyncBox\V3I1\Circuit\[07] - CPU CONNECTORS .SchDoc with WM14455TR-ND from SYNCBOX_V3I1.SCHLIB
Replace Part Q1 2N7002BKW,115 in C:\Users\Altay\Documents\Altium\Projects\SyncBox\Work\Bogazici University\SyncBox\V3I1\Circuit\[07] - CPU CONNECTORS .SchDoc with 2N7002BKW,115 from iMX6 Rex Development Baseboard V1I1.SCHLIB
Replace Part Q2 2N7002BKW,115 in C:\Users\Altay\Documents\Altium\Projects\SyncBox\Work\Bogazici University\SyncBox\V3I1\Circuit\[07] - CPU CONNECTORS .SchDoc with 2N7002BKW,115 from iMX6 Rex Development Baseboard V1I1.SCHLIB
Replace Part R17 RC0402FR-072K2L in C:\Users\Altay\Documents\Altium\Projects\SyncBox\Work\Bogazici University\SyncBox\V3I1\Circuit\[07] - CPU CONNECTORS .SchDoc with RC0402FR-072K2L from iMX6 Rex Development Baseboard V1I1.SCHLIB
Replace Part R18 RC0402FR-072K2L in C:\Users\Altay\Documents\Altium\Projects\SyncBox\Work\Bogazici University\SyncBox\V3I1\Circuit\[07] - CPU CONNECTORS .SchDoc with RC0402FR-072K2L from iMX6 Rex Development Baseboard V1I1.SCHLIB
Replace Part R23 RC0402JR-070RL in C:\Users\Altay\Documents\Altium\Projects\SyncBox\Work\Bogazici University\SyncBox\V3I1\Circuit\[07] - CPU CONNECTORS .SchDoc with RC0402JR-070RL from iMX6 Rex Development Baseboard V1I1.SCHLIB
Replace Part R24 RC0402FR-072K2L in C:\Users\Altay\Documents\Altium\Projects\SyncBox\Work\Bogazici University\SyncBox\V3I1\Circuit\[07] - CPU CONNECTORS .SchDoc with RC0402FR-072K2L from iMX6 Rex Development Baseboard V1I1.SCHLIB
Replace Part R25 RC0402FR-072K2L in C:\Users\Altay\Documents\Altium\Projects\SyncBox\Work\Bogazici University\SyncBox\V3I1\Circuit\[07] - CPU CONNECTORS .SchDoc with RC0402FR-072K2L from iMX6 Rex Development Baseboard V1I1.SCHLIB
Replace Part R26 RMCF0402FT100K in C:\Users\Altay\Documents\Altium\Projects\SyncBox\Work\Bogazici University\SyncBox\V3I1\Circuit\[07] - CPU CONNECTORS .SchDoc with RMCF0402FT100K from iMX6 Rex Development Baseboard V1I1.SCHLIB
Replace Part R27 RC0402JR-070RL in C:\Users\Altay\Documents\Altium\Projects\SyncBox\Work\Bogazici University\SyncBox\V3I1\Circuit\[07] - CPU CONNECTORS .SchDoc with RC0402JR-070RL from iMX6 Rex Development Baseboard V1I1.SCHLIB
Replace Part R28 RNCP0805FTD20K0 in C:\Users\Altay\Documents\Altium\Projects\SyncBox\Work\Bogazici University\SyncBox\V3I1\Circuit\[07] - CPU CONNECTORS .SchDoc with RNCP0805FTD20K0 from SYNCBOX_V3I1.SCHLIB
Replace Part R29 CRG0805F4K7 in C:\Users\Altay\Documents\Altium\Projects\SyncBox\Work\Bogazici University\SyncBox\V3I1\Circuit\[07] - CPU CONNECTORS .SchDoc with CRG0805F4K7 from SYNCBOX_V3I1.SCHLIB
Replace Part R30 CRG0805F4K7 in C:\Users\Altay\Documents\Altium\Projects\SyncBox\Work\Bogazici University\SyncBox\V3I1\Circuit\[07] - CPU CONNECTORS .SchDoc with CRG0805F4K7 from SYNCBOX_V3I1.SCHLIB
Replace Part U2 SN74LVC1G17DCKR in C:\Users\Altay\Documents\Altium\Projects\SyncBox\Work\Bogazici University\SyncBox\V3I1\Circuit\[07] - CPU CONNECTORS .SchDoc with SN74LVC1G17DCKR from SYNCBOX_V3I1.SCHLIB
Replace Part U3 BAT54S in C:\Users\Altay\Documents\Altium\Projects\SyncBox\Work\Bogazici University\SyncBox\V3I1\Circuit\[07] - CPU CONNECTORS .SchDoc with BAT54S from SYNCBOX_V3I1.SCHLIB
Replace Part U4 BAT54S in C:\Users\Altay\Documents\Altium\Projects\SyncBox\Work\Bogazici University\SyncBox\V3I1\Circuit\[07] - CPU CONNECTORS .SchDoc with BAT54S from SYNCBOX_V3I1.SCHLIB
Replace Part U5 BAT54S in C:\Users\Altay\Documents\Altium\Projects\SyncBox\Work\Bogazici University\SyncBox\V3I1\Circuit\[07] - CPU CONNECTORS .SchDoc with BAT54S from SYNCBOX_V3I1.SCHLIB
Replace Part U6 BAT54S in C:\Users\Altay\Documents\Altium\Projects\SyncBox\Work\Bogazici University\SyncBox\V3I1\Circuit\[07] - CPU CONNECTORS .SchDoc with BAT54S from SYNCBOX_V3I1.SCHLIB
Replace Part U7 SN74LVC244APWR in C:\Users\Altay\Documents\Altium\Projects\SyncBox\Work\Bogazici University\SyncBox\V3I1\Circuit\[07] - CPU CONNECTORS .SchDoc with SN74LVC244APWR from SYNCBOX_V3I1.SCHLIB
Replace Part U8 TPD4E05U06DQAR in C:\Users\Altay\Documents\Altium\Projects\SyncBox\Work\Bogazici University\SyncBox\V3I1\Circuit\[07] - CPU CONNECTORS .SchDoc with TPD4E05U06DQAR from SYNCBOX_V3I1.SCHLIB
Replace Part U9 BAT54S in C:\Users\Altay\Documents\Altium\Projects\SyncBox\Work\Bogazici University\SyncBox\V3I1\Circuit\[07] - CPU CONNECTORS .SchDoc with BAT54S from SYNCBOX_V3I1.SCHLIB
Replace Part U10 BAT54S in C:\Users\Altay\Documents\Altium\Projects\SyncBox\Work\Bogazici University\SyncBox\V3I1\Circuit\[07] - CPU CONNECTORS .SchDoc with BAT54S from SYNCBOX_V3I1.SCHLIB
Replace Part U11 BAT54S in C:\Users\Altay\Documents\Altium\Projects\SyncBox\Work\Bogazici University\SyncBox\V3I1\Circuit\[07] - CPU CONNECTORS .SchDoc with BAT54S from SYNCBOX_V3I1.SCHLIB
Replace Part U12 ESP8266 WiFi Module in C:\Users\Altay\Documents\Altium\Projects\SyncBox\Work\Bogazici University\SyncBox\V3I1\Circuit\[07] - CPU CONNECTORS .SchDoc with ESP8266 WiFi Module from SYNCBOX_V3I1.SCHLIB
Replace Part U13 MAX9406ETM+ in C:\Users\Altay\Documents\Altium\Projects\SyncBox\Work\Bogazici University\SyncBox\V3I1\Circuit\[07] - CPU CONNECTORS .SchDoc with MAX9406ETM+ from SYNCBOX_V3I1.SCHLIB
Replace Part U14 TPD4E05U06DQAR in C:\Users\Altay\Documents\Altium\Projects\SyncBox\Work\Bogazici University\SyncBox\V3I1\Circuit\[07] - CPU CONNECTORS .SchDoc with TPD4E05U06DQAR from SYNCBOX_V3I1.SCHLIB
