Change Component Designator: Old Designator=C33 New Designator=C?
Change Component Designator: Old Designator=C34 New Designator=C?
Change Component Designator: Old Designator=C35 New Designator=C?
Change Component Designator: Old Designator=C36 New Designator=C?
Change Component Designator: Old Designator=C37 New Designator=C?
Change Component Designator: Old Designator=C38 New Designator=C?
Change Component Designator: Old Designator=C39 New Designator=C?
Change Component Designator: Old Designator=C40 New Designator=C?
Change Component Designator: Old Designator=C41 New Designator=C?
Change Component Designator: Old Designator=C42 New Designator=C?
Change Component Designator: Old Designator=D3 New Designator=D?
Change Component Designator: Old Designator=D4 New Designator=D?
Change Component Designator: Old Designator=D5 New Designator=D?
Change Component Designator: Old Designator=D6 New Designator=D?
Change Component Designator: Old Designator=D7 New Designator=D?
Change Component Designator: Old Designator=D8 New Designator=D?
Change Component Designator: Old Designator=D9 New Designator=D?
Change Component Designator: Old Designator=D10 New Designator=D?
Change Component Designator: Old Designator=D11 New Designator=D?
Change Component Designator: Old Designator=FB1 New Designator=FB?
Change Component Designator: Old Designator=FB2 New Designator=FB?
Change Component Designator: Old Designator=FB3 New Designator=FB?
Change Component Designator: Old Designator=FB4 New Designator=FB?
Change Component Designator: Old Designator=J9 New Designator=J?
Change Component Designator: Old Designator=J10 New Designator=J?
Change Component Designator: Old Designator=L3 New Designator=L?
Change Component Designator: Old Designator=L4 New Designator=L?
Change Component Designator: Old Designator=L5 New Designator=L?
Change Component Designator: Old Designator=L6 New Designator=L?
Change Component Designator: Old Designator=L7 New Designator=L?
Change Component Designator: Old Designator=L8 New Designator=L?
Change Component Designator: Old Designator=L9 New Designator=L?
Change Component Designator: Old Designator=L10 New Designator=L?
Change Component Designator: Old Designator=R31 New Designator=R?
Change Component Designator: Old Designator=U15 New Designator=U?
Change Component Designator: Old Designator=U16 New Designator=U?
