Change Component Designator: Old Designator=C36 New Designator=C18
Change Component Designator: Old Designator=C37 New Designator=C19
Change Component Designator: Old Designator=C38 New Designator=C20
Change Component Designator: Old Designator=C39 New Designator=C21
Change Component Designator: Old Designator=C40 New Designator=C22
Change Component Designator: Old Designator=C41 New Designator=C23
Change Component Designator: Old Designator=C42 New Designator=C24
Change Component Designator: Old Designator=C43 New Designator=C25
Change Component Designator: Old Designator=C44 New Designator=C26
Change Component Designator: Old Designator=C45 New Designator=C27
Change Component Designator: Old Designator=D9 New Designator=D7
Change Component Designator: Old Designator=D10 New Designator=D8
Change Component Designator: Old Designator=D11 New Designator=D9
Change Component Designator: Old Designator=D12 New Designator=D10
Change Component Designator: Old Designator=D13 New Designator=D11
Change Component Designator: Old Designator=D14 New Designator=D12
Change Component Designator: Old Designator=D15 New Designator=D13
Change Component Designator: Old Designator=D16 New Designator=D14
Change Component Designator: Old Designator=D17 New Designator=D15
Change Component Designator: Old Designator=FB1 New Designator=FB2
Change Component Designator: Old Designator=FB2 New Designator=FB3
Change Component Designator: Old Designator=FB3 New Designator=FB4
Change Component Designator: Old Designator=FB4 New Designator=FB5
Change Component Designator: Old Designator=J5 New Designator=J6
Change Component Designator: Old Designator=J6 New Designator=J7
Change Component Designator: Old Designator=L3 New Designator=L1
Change Component Designator: Old Designator=L4 New Designator=L2
Change Component Designator: Old Designator=L5 New Designator=L3
Change Component Designator: Old Designator=L6 New Designator=L4
Change Component Designator: Old Designator=L7 New Designator=L5
Change Component Designator: Old Designator=L8 New Designator=L6
Change Component Designator: Old Designator=L9 New Designator=L7
Change Component Designator: Old Designator=L10 New Designator=L8
Change Component Designator: Old Designator=R40 New Designator=R31
Change Component Designator: Old Designator=U14 New Designator=U15
Change Component Designator: Old Designator=U15 New Designator=U16
