Added Parameter .Checked PCB= to Part C39
Added Parameter .Checked PCB= to Part C40
Added Parameter .Checked PCB= to Part C45
Added Parameter .Checked PCB= to Part C48
Added Parameter .Checked PCB= to Part D5
Added Parameter .Checked PCB= to Part D6
Added Parameter .Checked PCB= to Part D7
Added Parameter .Checked PCB= to Part D8
Added Parameter .Checked PCB= to Part D9
Added Parameter .Checked PCB= to Part D10
Added Parameter .Checked PCB= to Part D11
Added Parameter .Checked PCB= to Part FB3
Added Parameter .Checked PCB= to Part FB4
Added Parameter .Checked PCB= to Part FB5
Added Parameter .Checked PCB= to Part FB6
Added Parameter .Checked PCB= to Part J8
Added Parameter .Checked PCB= to Part U6
Added Parameter .Checked SCH= to Part C39
Added Parameter .Checked SCH= to Part C40
Added Parameter .Checked SCH= to Part C45
Added Parameter .Checked SCH= to Part C48
Added Parameter .Checked SCH= to Part D5
Added Parameter .Checked SCH= to Part D6
Added Parameter .Checked SCH= to Part D7
Added Parameter .Checked SCH= to Part D8
Added Parameter .Checked SCH= to Part D9
Added Parameter .Checked SCH= to Part D10
Added Parameter .Checked SCH= to Part D11
Added Parameter .Checked SCH= to Part FB3
Added Parameter .Checked SCH= to Part FB4
Added Parameter .Checked SCH= to Part FB5
Added Parameter .Checked SCH= to Part FB6
Added Parameter .Checked SCH= to Part J8
Added Parameter .Checked SCH= to Part U6
