Change Value of Parameter .Checked PCB in Part C18 Old=used New=
Change Value of Parameter .Checked SCH in Part C18 Old=used New=
Change Value of Parameter .Checked PCB in Part C20 Old=used New=
Change Value of Parameter .Checked SCH in Part C20 Old=used New=
Change Value of Parameter .Checked PCB in Part C21 Old=used New=
Change Value of Parameter .Checked SCH in Part C21 Old=used New=
Change Value of Parameter .Checked PCB in Part C22 Old=used New=
Change Value of Parameter .Checked SCH in Part C22 Old=used New=
Change Value of Parameter .Checked PCB in Part C26 Old=used New=
Change Value of Parameter .Checked SCH in Part C26 Old=used New=
Change Value of Parameter .Checked PCB in Part C27 Old=used New=
Change Value of Parameter .Checked SCH in Part C27 Old=used New=
Change Value of Parameter .Checked PCB in Part D14 Old=used New=
Change Value of Parameter .Checked SCH in Part D14 Old=used New=
Change Value of Parameter .Checked PCB in Part D15 Old=used New=
Change Value of Parameter .Checked SCH in Part D15 Old=used New=
Change Value of Parameter .Checked PCB in Part J7 Old=used New=
Change Value of Parameter .Checked SCH in Part J7 Old=used New=
Change Value of Parameter .Checked PCB in Part L1 Old=RF New=
Change Value of Parameter .Checked SCH in Part L1 Old=RF New=
Change Value of Parameter .Checked PCB in Part L2 Old=RF New=
Change Value of Parameter .Checked SCH in Part L2 Old=RF New=
Change Value of Parameter .Checked PCB in Part L3 Old=RF New=
Change Value of Parameter .Checked SCH in Part L3 Old=RF New=
Change Value of Parameter .Checked PCB in Part L4 Old=RF New=
Change Value of Parameter .Checked SCH in Part L4 Old=RF New=
Change Value of Parameter .Checked PCB in Part L5 Old=RF New=
Change Value of Parameter .Checked SCH in Part L5 Old=RF New=
Change Value of Parameter .Checked PCB in Part L6 Old=RF New=
Change Value of Parameter .Checked SCH in Part L6 Old=RF New=
Change Value of Parameter .Checked PCB in Part L7 Old=RF New=
Change Value of Parameter .Checked SCH in Part L7 Old=RF New=
Change Value of Parameter .Checked PCB in Part L8 Old=RF New=
Change Value of Parameter .Checked SCH in Part L8 Old=RF New=
Change Value of Parameter .Checked PCB in Part R31 Old=used New=
Change Value of Parameter .Checked SCH in Part R31 Old=used New=
Change Value of Parameter .Checked PCB in Part U15 Old=used New=
Change Value of Parameter .Checked SCH in Part U15 Old=used New=
Added Parameter .Checked PCB= to Part C19
Added Parameter .Checked PCB= to Part C23
Added Parameter .Checked PCB= to Part C24
Added Parameter .Checked PCB= to Part C25
Added Parameter .Checked PCB= to Part D7
Added Parameter .Checked PCB= to Part D8
Added Parameter .Checked PCB= to Part D9
Added Parameter .Checked PCB= to Part D10
Added Parameter .Checked PCB= to Part D11
Added Parameter .Checked PCB= to Part D12
Added Parameter .Checked PCB= to Part D13
Added Parameter .Checked PCB= to Part FB2
Added Parameter .Checked PCB= to Part FB3
Added Parameter .Checked PCB= to Part FB4
Added Parameter .Checked PCB= to Part FB5
Added Parameter .Checked PCB= to Part J6
Added Parameter .Checked PCB= to Part U16
Added Parameter .Checked SCH= to Part C19
Added Parameter .Checked SCH= to Part C23
Added Parameter .Checked SCH= to Part C24
Added Parameter .Checked SCH= to Part C25
Added Parameter .Checked SCH= to Part D7
Added Parameter .Checked SCH= to Part D8
Added Parameter .Checked SCH= to Part D9
Added Parameter .Checked SCH= to Part D10
Added Parameter .Checked SCH= to Part D11
Added Parameter .Checked SCH= to Part D12
Added Parameter .Checked SCH= to Part D13
Added Parameter .Checked SCH= to Part FB2
Added Parameter .Checked SCH= to Part FB3
Added Parameter .Checked SCH= to Part FB4
Added Parameter .Checked SCH= to Part FB5
Added Parameter .Checked SCH= to Part J6
Added Parameter .Checked SCH= to Part U16
