Change Component Designator: Old Designator=CBL1 New Designator=CBL?
Change Component Designator: Old Designator=CBL2 New Designator=CBL?
Change Component Designator: Old Designator=FID1 New Designator=FID?
Change Component Designator: Old Designator=FID2 New Designator=FID?
Change Component Designator: Old Designator=FID3 New Designator=FID?
Change Component Designator: Old Designator=FID4 New Designator=FID?
Change Component Designator: Old Designator=MH1 New Designator=MH?
Change Component Designator: Old Designator=MH2 New Designator=MH?
Change Component Designator: Old Designator=MH3 New Designator=MH?
Change Component Designator: Old Designator=MH4 New Designator=MH?
Change Component Designator: Old Designator=MH5 New Designator=MH?
Change Component Designator: Old Designator=MH6 New Designator=MH?
Change Component Designator: Old Designator=MH7 New Designator=MH?
Change Component Designator: Old Designator=MH8 New Designator=MH?
Change Component Designator: Old Designator=MODULE1 New Designator=MODULE?
Change Component Designator: Old Designator=P1 New Designator=P?
Change Component Designator: Old Designator=P2 New Designator=P?
Change Component Designator: Old Designator=P3 New Designator=P?
Change Component Designator: Old Designator=P4 New Designator=P?
Change Component Designator: Old Designator=P5 New Designator=P?
Change Component Designator: Old Designator=PCB1 New Designator=PCB?
Change Component Designator: Old Designator=TP1 New Designator=TP?
