Replace Part C42 C1005X5R1H104K in C:\Users\Altay\Documents\Altium\Projects\SyncBox\Work\Bogazici University\SyncBox\V3I1\Circuit\[12] - HDMI.SchDoc with C1005X5R1H104K from iMX6 Rex Development Baseboard V1I1.SCHLIB
Replace Part C44 C1005X5R1H104K in C:\Users\Altay\Documents\Altium\Projects\SyncBox\Work\Bogazici University\SyncBox\V3I1\Circuit\[12] - HDMI.SchDoc with C1005X5R1H104K from iMX6 Rex Development Baseboard V1I1.SCHLIB
Replace Part C49 C1005X5R1H104K in C:\Users\Altay\Documents\Altium\Projects\SyncBox\Work\Bogazici University\SyncBox\V3I1\Circuit\[12] - HDMI.SchDoc with C1005X5R1H104K from iMX6 Rex Development Baseboard V1I1.SCHLIB
Replace Part C50 C1005X5R1H104K in C:\Users\Altay\Documents\Altium\Projects\SyncBox\Work\Bogazici University\SyncBox\V3I1\Circuit\[12] - HDMI.SchDoc with C1005X5R1H104K from iMX6 Rex Development Baseboard V1I1.SCHLIB
Replace Part C51 C1608X5R0J106M in C:\Users\Altay\Documents\Altium\Projects\SyncBox\Work\Bogazici University\SyncBox\V3I1\Circuit\[12] - HDMI.SchDoc with C1608X5R0J106M from iMX6 Rex Development Baseboard V1I1.SCHLIB
Replace Part C52 C1005X5R1H104K in C:\Users\Altay\Documents\Altium\Projects\SyncBox\Work\Bogazici University\SyncBox\V3I1\Circuit\[12] - HDMI.SchDoc with C1005X5R1H104K from iMX6 Rex Development Baseboard V1I1.SCHLIB
Replace Part D13 B560C-13-F in C:\Users\Altay\Documents\Altium\Projects\SyncBox\Work\Bogazici University\SyncBox\V3I1\Circuit\[12] - HDMI.SchDoc with B560C-13-F from iMX6 Rex Development Baseboard V1I1.SCHLIB
Replace Part F2 NANOSMDC075F-2 in C:\Users\Altay\Documents\Altium\Projects\SyncBox\Work\Bogazici University\SyncBox\V3I1\Circuit\[12] - HDMI.SchDoc with NANOSMDC075F-2 from SYNCBOX_V3I1.SCHLIB
Replace Part FB1 BLM18SG221TN1D in C:\Users\Altay\Documents\Altium\Projects\SyncBox\Work\Bogazici University\SyncBox\V3I1\Circuit\[12] - HDMI.SchDoc with BLM18SG221TN1D from iMX6 Rex Development Baseboard V1I1.SCHLIB
Replace Part J9 47151-0001 in C:\Users\Altay\Documents\Altium\Projects\SyncBox\Work\Bogazici University\SyncBox\V3I1\Circuit\[12] - HDMI.SchDoc with 47151-0001 from iMX6 Rex Development Baseboard V1I1.SCHLIB
Replace Part Q7 2N7002BKW,115 in C:\Users\Altay\Documents\Altium\Projects\SyncBox\Work\Bogazici University\SyncBox\V3I1\Circuit\[12] - HDMI.SchDoc with 2N7002BKW,115 from iMX6 Rex Development Baseboard V1I1.SCHLIB
Replace Part Q8 2N7002BKW,115 in C:\Users\Altay\Documents\Altium\Projects\SyncBox\Work\Bogazici University\SyncBox\V3I1\Circuit\[12] - HDMI.SchDoc with 2N7002BKW,115 from iMX6 Rex Development Baseboard V1I1.SCHLIB
Replace Part R32 RC0402FR-072K2L in C:\Users\Altay\Documents\Altium\Projects\SyncBox\Work\Bogazici University\SyncBox\V3I1\Circuit\[12] - HDMI.SchDoc with RC0402FR-072K2L from iMX6 Rex Development Baseboard V1I1.SCHLIB
Replace Part R33 RC0402FR-072K2L in C:\Users\Altay\Documents\Altium\Projects\SyncBox\Work\Bogazici University\SyncBox\V3I1\Circuit\[12] - HDMI.SchDoc with RC0402FR-072K2L from iMX6 Rex Development Baseboard V1I1.SCHLIB
Replace Part R34 RC0402JR-070RL in C:\Users\Altay\Documents\Altium\Projects\SyncBox\Work\Bogazici University\SyncBox\V3I1\Circuit\[12] - HDMI.SchDoc with RC0402JR-070RL from iMX6 Rex Development Baseboard V1I1.SCHLIB
Replace Part R35 RC0402FR-072K2L in C:\Users\Altay\Documents\Altium\Projects\SyncBox\Work\Bogazici University\SyncBox\V3I1\Circuit\[12] - HDMI.SchDoc with RC0402FR-072K2L from iMX6 Rex Development Baseboard V1I1.SCHLIB
Replace Part R36 RC0402FR-072K2L in C:\Users\Altay\Documents\Altium\Projects\SyncBox\Work\Bogazici University\SyncBox\V3I1\Circuit\[12] - HDMI.SchDoc with RC0402FR-072K2L from iMX6 Rex Development Baseboard V1I1.SCHLIB
Replace Part R37 RMCF0402FT100K in C:\Users\Altay\Documents\Altium\Projects\SyncBox\Work\Bogazici University\SyncBox\V3I1\Circuit\[12] - HDMI.SchDoc with RMCF0402FT100K from iMX6 Rex Development Baseboard V1I1.SCHLIB
Replace Part R38 RC0402JR-070RL in C:\Users\Altay\Documents\Altium\Projects\SyncBox\Work\Bogazici University\SyncBox\V3I1\Circuit\[12] - HDMI.SchDoc with RC0402JR-070RL from iMX6 Rex Development Baseboard V1I1.SCHLIB
Replace Part R39 CRG0805F4K7 in C:\Users\Altay\Documents\Altium\Projects\SyncBox\Work\Bogazici University\SyncBox\V3I1\Circuit\[12] - HDMI.SchDoc with CRG0805F4K7 from SYNCBOX_V3I1.SCHLIB
Replace Part R40 CRG0805F4K7 in C:\Users\Altay\Documents\Altium\Projects\SyncBox\Work\Bogazici University\SyncBox\V3I1\Circuit\[12] - HDMI.SchDoc with CRG0805F4K7 from SYNCBOX_V3I1.SCHLIB
Replace Part R45 RNCP0805FTD20K0 in C:\Users\Altay\Documents\Altium\Projects\SyncBox\Work\Bogazici University\SyncBox\V3I1\Circuit\[12] - HDMI.SchDoc with RNCP0805FTD20K0 from SYNCBOX_V3I1.SCHLIB
Replace Part U7 MAX9406ETM+ in C:\Users\Altay\Documents\Altium\Projects\SyncBox\Work\Bogazici University\SyncBox\V3I1\Circuit\[12] - HDMI.SchDoc with MAX9406ETM+ from SYNCBOX_V3I1.SCHLIB
Replace Part U22 TPD4E05U06DQAR in C:\Users\Altay\Documents\Altium\Projects\SyncBox\Work\Bogazici University\SyncBox\V3I1\Circuit\[12] - HDMI.SchDoc with TPD4E05U06DQAR from SYNCBOX_V3I1.SCHLIB
Replace Part U23 TPD4E05U06DQAR in C:\Users\Altay\Documents\Altium\Projects\SyncBox\Work\Bogazici University\SyncBox\V3I1\Circuit\[12] - HDMI.SchDoc with TPD4E05U06DQAR from SYNCBOX_V3I1.SCHLIB
