Change Component Designator: Old Designator=C42 New Designator=C?
Change Component Designator: Old Designator=C44 New Designator=C?
Change Component Designator: Old Designator=C49 New Designator=C?
Change Component Designator: Old Designator=C50 New Designator=C?
Change Component Designator: Old Designator=C51 New Designator=C?
Change Component Designator: Old Designator=C52 New Designator=C?
Change Component Designator: Old Designator=D13 New Designator=D?
Change Component Designator: Old Designator=F2 New Designator=F?
Change Component Designator: Old Designator=FB1 New Designator=FB?
Change Component Designator: Old Designator=J9 New Designator=J?
Change Component Designator: Old Designator=Q7 New Designator=Q?
Change Component Designator: Old Designator=Q8 New Designator=Q?
Change Component Designator: Old Designator=R32 New Designator=R?
Change Component Designator: Old Designator=R33 New Designator=R?
Change Component Designator: Old Designator=R34 New Designator=R?
Change Component Designator: Old Designator=R35 New Designator=R?
Change Component Designator: Old Designator=R36 New Designator=R?
Change Component Designator: Old Designator=R37 New Designator=R?
Change Component Designator: Old Designator=R38 New Designator=R?
Change Component Designator: Old Designator=R39 New Designator=R?
Change Component Designator: Old Designator=R40 New Designator=R?
Change Component Designator: Old Designator=R45 New Designator=R?
Change Component Designator: Old Designator=U7 New Designator=U?
Change Component Designator: Old Designator=U22 New Designator=U?
Change Component Designator: Old Designator=U23 New Designator=U?
