Change Component Designator: Old Designator=C? New Designator=C46
Change Component Designator: Old Designator=C? New Designator=C47
Change Component Designator: Old Designator=C? New Designator=C48
Change Component Designator: Old Designator=C? New Designator=C49
Change Component Designator: Old Designator=C? New Designator=C50
Change Component Designator: Old Designator=C? New Designator=C51
Change Component Designator: Old Designator=D? New Designator=D19
Change Component Designator: Old Designator=F? New Designator=F2
Change Component Designator: Old Designator=FB? New Designator=FB5
Change Component Designator: Old Designator=J? New Designator=J8
Change Component Designator: Old Designator=Q? New Designator=Q5
Change Component Designator: Old Designator=Q? New Designator=Q6
Change Component Designator: Old Designator=R? New Designator=R42
Change Component Designator: Old Designator=R? New Designator=R43
Change Component Designator: Old Designator=R? New Designator=R44
Change Component Designator: Old Designator=R? New Designator=R45
Change Component Designator: Old Designator=R? New Designator=R46
Change Component Designator: Old Designator=R? New Designator=R47
Change Component Designator: Old Designator=R? New Designator=R48
Change Component Designator: Old Designator=R? New Designator=R49
Change Component Designator: Old Designator=R? New Designator=R50
Change Component Designator: Old Designator=R? New Designator=R51
Change Component Designator: Old Designator=U? New Designator=U17
Change Component Designator: Old Designator=U? New Designator=U18
Change Component Designator: Old Designator=U? New Designator=U19
