Removed Pin From Net: NetName=NetQ3_3 Pin=R23-2
Removed Pin From Net: NetName=NetQ4_1 Pin=R27-1
Removed Pin From Net: NetName=NetQ3_1 Pin=R28-1
Change Component Footprint: Designator=P2 Old Footprint=HDR1X5 New Footprint=TerminalBlock5P508
Added Pin To Net: NetName=GND Pin=R22-1
Added Pin To Net: NetName=NetJ2_9 Pin=R22-2
Added Pin To Net: NetName=NetJ2_2 Pin=R23-1
Added Pin To Net: NetName=NetP3_4 Pin=R23-2
Added Pin To Net: NetName=NetQ3_3 Pin=R23-2
Added Pin To Net: NetName=NetK2_5 Pin=R27-1
Added Pin To Net: NetName=NetQ4_1 Pin=R27-1
Added Pin To Net: NetName=+3V3 Pin=R27-2
Added Pin To Net: NetName=NetP3_2 Pin=R28-1
Added Pin To Net: NetName=NetQ3_1 Pin=R28-1
Added Pin To Net: NetName=+3V3 Pin=R28-2
Added Net: Name=NetP4_2
Added Net: Name=NetP4_3
Added Pin To Net: NetName=NetR61_2 Pin=R61-2
Added Pin To Net: NetName=NetR61_2 Pin=R62-1
Added Net: Name=NetR61_2
Added Net: Name=NetU9_1
Added Net: Name=NetU9_5
