Removed Pin From Net: NetName=GND Pin=C31-2
Removed Pin From Net: NetName=GND Pin=C35-2
Removed Member From Class: ClassName=[08] - CPU USB Member=C1
Removed Member From Class: ClassName=[06] - MICRO CONTROLLER CONNECTORS Member=C10
Removed Member From Class: ClassName=[07] - CPU CONNECTORS Member=C10
Removed Member From Class: ClassName=[07] - CPU CONNECTORS Member=C14
Removed Member From Class: ClassName=[07] - CPU CONNECTORS Member=C15
Removed Member From Class: ClassName=[07] - CPU CONNECTORS Member=C18
Removed Member From Class: ClassName=[05] - POWER Member=C21
Removed Member From Class: ClassName=[05] - POWER Member=C30
Removed Member From Class: ClassName=[07] - CPU CONNECTORS Member=C30
Removed Member From Class: ClassName=[07] - CPU CONNECTORS Member=C31
Removed Member From Class: ClassName=[08] - CPU USB Member=C31
Removed Member From Class: ClassName=[03] - MICRO CONTROLLER Member=C34
Removed Member From Class: ClassName=[07] - CPU CONNECTORS Member=C35
Removed Member From Class: ClassName=[08] - CPU USB Member=C35
Removed Member From Class: ClassName=[05] - POWER Member=C36
Removed Member From Class: ClassName=[05] - POWER Member=C37
Removed Member From Class: ClassName=[06] - MICRO CONTROLLER CONNECTORS Member=C37
Removed Member From Class: ClassName=[05] - POWER Member=C38
Removed Member From Class: ClassName=[06] - MICRO CONTROLLER CONNECTORS Member=C38
Removed Member From Class: ClassName=[03] - MICRO CONTROLLER Member=C40
Removed Member From Class: ClassName=[05] - POWER Member=C40
Removed Member From Class: ClassName=[05] - POWER Member=C44
Removed Member From Class: ClassName=[05] - POWER Member=C45
Removed Member From Class: ClassName=[05] - POWER Member=C49
Removed Member From Class: ClassName=[07] - CPU CONNECTORS Member=C49
Removed Member From Class: ClassName=[05] - POWER Member=C51
Removed Member From Class: ClassName=[07] - CPU CONNECTORS Member=C53
Removed Member From Class: ClassName=[07] - CPU CONNECTORS Member=C56
Removed Member From Class: ClassName=[05] - POWER Member=C57
Removed Member From Class: ClassName=[05] - POWER Member=C60
Removed Member From Class: ClassName=[07] - CPU CONNECTORS Member=C60
Removed Member From Class: ClassName=[05] - POWER Member=C65
Removed Member From Class: ClassName=[08] - CPU USB Member=C67
Removed Member From Class: ClassName=[08] - CPU USB Member=D7
Removed Member From Class: ClassName=[03] - MICRO CONTROLLER Member=D8
Removed Member From Class: ClassName=[06] - MICRO CONTROLLER CONNECTORS Member=D8
Removed Member From Class: ClassName=[08] - CPU USB Member=D8
Removed Member From Class: ClassName=[08] - CPU USB Member=D11
Removed Member From Class: ClassName=[08] - CPU USB Member=D12
Removed Member From Class: ClassName=[05] - POWER Member=D16
Removed Member From Class: ClassName=[06] - MICRO CONTROLLER CONNECTORS Member=D19
Removed Member From Class: ClassName=[06] - MICRO CONTROLLER CONNECTORS Member=D23
Removed Member From Class: ClassName=[03] - MICRO CONTROLLER Member=D24
Removed Member From Class: ClassName=[06] - MICRO CONTROLLER CONNECTORS Member=D25
Removed Member From Class: ClassName=[03] - MICRO CONTROLLER Member=D27
Removed Member From Class: ClassName=[06] - MICRO CONTROLLER CONNECTORS Member=D31
Removed Member From Class: ClassName=[06] - MICRO CONTROLLER CONNECTORS Member=D32
Removed Member From Class: ClassName=[06] - MICRO CONTROLLER CONNECTORS Member=D33
Removed Member From Class: ClassName=[07] - CPU CONNECTORS Member=F1
Removed Member From Class: ClassName=[05] - POWER Member=F5
Removed Member From Class: ClassName=[07] - CPU CONNECTORS Member=FB6
Removed Member From Class: ClassName=[04] - COMe CONNECTOR Member=J3
Removed Member From Class: ClassName=[08] - CPU USB Member=J8
Removed Member From Class: ClassName=[06] - MICRO CONTROLLER CONNECTORS Member=J10
Removed Member From Class: ClassName=[06] - MICRO CONTROLLER CONNECTORS Member=J12
Removed Member From Class: ClassName=[06] - MICRO CONTROLLER CONNECTORS Member=J17
Removed Member From Class: ClassName=[06] - MICRO CONTROLLER CONNECTORS Member=J19
Removed Member From Class: ClassName=[05] - POWER Member=J20
Removed Member From Class: ClassName=[07] - CPU CONNECTORS Member=J21
Removed Member From Class: ClassName=[08] - CPU USB Member=L2
Removed Member From Class: ClassName=[05] - POWER Member=L3
Removed Member From Class: ClassName=[08] - CPU USB Member=L3
Removed Member From Class: ClassName=[06] - MICRO CONTROLLER CONNECTORS Member=L8
Removed Member From Class: ClassName=[07] - CPU CONNECTORS Member=Q2
Removed Member From Class: ClassName=[03] - MICRO CONTROLLER Member=R1
Removed Member From Class: ClassName=[05] - POWER Member=R11
Removed Member From Class: ClassName=[05] - POWER Member=R12
Removed Member From Class: ClassName=[07] - CPU CONNECTORS Member=R16
Removed Member From Class: ClassName=[07] - CPU CONNECTORS Member=R17
Removed Member From Class: ClassName=[07] - CPU CONNECTORS Member=R20
Removed Member From Class: ClassName=[07] - CPU CONNECTORS Member=R22
Removed Member From Class: ClassName=[06] - MICRO CONTROLLER CONNECTORS Member=R28
Removed Member From Class: ClassName=[05] - POWER Member=R33
Removed Member From Class: ClassName=[06] - MICRO CONTROLLER CONNECTORS Member=R34
Removed Member From Class: ClassName=[05] - POWER Member=R37
Removed Member From Class: ClassName=[06] - MICRO CONTROLLER CONNECTORS Member=R40
Removed Member From Class: ClassName=[06] - MICRO CONTROLLER CONNECTORS Member=R41
Removed Member From Class: ClassName=[07] - CPU CONNECTORS Member=R41
Removed Member From Class: ClassName=[06] - MICRO CONTROLLER CONNECTORS Member=R42
Removed Member From Class: ClassName=[06] - MICRO CONTROLLER CONNECTORS Member=R43
Removed Member From Class: ClassName=[05] - POWER Member=R44
Removed Member From Class: ClassName=[05] - POWER Member=R45
Removed Member From Class: ClassName=[06] - MICRO CONTROLLER CONNECTORS Member=R45
Removed Member From Class: ClassName=[06] - MICRO CONTROLLER CONNECTORS Member=R46
Removed Member From Class: ClassName=[06] - MICRO CONTROLLER CONNECTORS Member=R47
Removed Member From Class: ClassName=[06] - MICRO CONTROLLER CONNECTORS Member=R50
Removed Member From Class: ClassName=[06] - MICRO CONTROLLER CONNECTORS Member=R51
Removed Member From Class: ClassName=[06] - MICRO CONTROLLER CONNECTORS Member=R53
Removed Member From Class: ClassName=[06] - MICRO CONTROLLER CONNECTORS Member=R55
Removed Member From Class: ClassName=[06] - MICRO CONTROLLER CONNECTORS Member=R59
Removed Member From Class: ClassName=[05] - POWER Member=R60
Removed Member From Class: ClassName=[06] - MICRO CONTROLLER CONNECTORS Member=R60
Removed Member From Class: ClassName=[05] - POWER Member=R68
Removed Member From Class: ClassName=[03] - MICRO CONTROLLER Member=R69
Removed Member From Class: ClassName=[03] - MICRO CONTROLLER Member=R70
Removed Member From Class: ClassName=[06] - MICRO CONTROLLER CONNECTORS Member=R70
Removed Member From Class: ClassName=[06] - MICRO CONTROLLER CONNECTORS Member=R71
Removed Member From Class: ClassName=[06] - MICRO CONTROLLER CONNECTORS Member=R72
Removed Member From Class: ClassName=[03] - MICRO CONTROLLER Member=R73
Removed Member From Class: ClassName=[06] - MICRO CONTROLLER CONNECTORS Member=R73
Removed Member From Class: ClassName=[06] - MICRO CONTROLLER CONNECTORS Member=R74
Removed Member From Class: ClassName=[06] - MICRO CONTROLLER CONNECTORS Member=R76
Removed Member From Class: ClassName=[07] - CPU CONNECTORS Member=R78
Removed Member From Class: ClassName=[05] - POWER Member=S4
Removed Member From Class: ClassName=[09] - PCB AND MECHANICALS Member=TP2
Removed Member From Class: ClassName=[05] - POWER Member=TP3
Removed Member From Class: ClassName=[05] - POWER Member=U6
Removed Member From Class: ClassName=[06] - MICRO CONTROLLER CONNECTORS Member=U6
Removed Member From Class: ClassName=[06] - MICRO CONTROLLER CONNECTORS Member=U7
Removed Member From Class: ClassName=[03] - MICRO CONTROLLER Member=U19
Removed Member From Class: ClassName=[07] - CPU CONNECTORS Member=U28
Removed Member From Class: ClassName=RS232 Member=NetC66_2
Removed Member From Class: ClassName=RS232 Member=NetC71_1
Change Component Comment : Designator=C31 Old Comment=10n New Comment=18p
Change Component Comment : Designator=C35 Old Comment=10n New Comment=18p
Change Component Comment : Designator=P3 Old Comment=LCD Connector New Comment=0532540770
Change component parameters: Designator = "C31"; Footprint = "C0402"; UniqueID = "\QJUUJFSY"
Change component parameters. Clean all parameters for all variants
Change component parameters (AddParameter): Name = ".Checked PCB"; Value = ""; VariantName = "[No Variations]"
Change component parameters (AddParameter): Name = ".Checked SCH"; Value = ""; VariantName = "[No Variations]"
Change component parameters (AddParameter): Name = "Applications"; Value = "General Purpose"; VariantName = "[No Variations]"
Change component parameters (AddParameter): Name = "Category"; Value = "Capacitors"; VariantName = "[No Variations]"
Change component parameters (AddParameter): Name = "ComponentLink1Description"; Value = "http://www.samsungsem.com/kr/support/product-search/mlcc/CL05C180JB5NNNC.jsp"; VariantName = "[No Variations]"
Change component parameters (AddParameter): Name = "ComponentLink1URL"; Value = "http://www.samsungsem.com/kr/support/product-search/mlcc/CL05C180JB5NNNC.jsp"; VariantName = "[No Variations]"
Change component parameters (AddParameter): Name = "Description 1"; Value = "CAP CER 18PF 50V C0G/NP0 0402"; VariantName = "[No Variations]"
Change component parameters (AddParameter): Name = "Features"; Value = "-"; VariantName = "[No Variations]"
Change component parameters (AddParameter): Name = "Height - Seated (Max)"; Value = "-"; VariantName = "[No Variations]"
Change component parameters (AddParameter): Name = "Lead Spacing"; Value = "-"; VariantName = "[No Variations]"
Change component parameters (AddParameter): Name = "Lead Style"; Value = "-"; VariantName = "[No Variations]"
Change component parameters (AddParameter): Name = "Manufacturer 1"; Value = "Samsung Electro-Mechanics"; VariantName = "[No Variations]"
Change component parameters (AddParameter): Name = "Manufacturer Part Number 1"; Value = "CL05C180JB5NNNC"; VariantName = "[No Variations]"
Change component parameters (AddParameter): Name = "Mounting Type"; Value = "Surface Mount, MLCC"; VariantName = "[No Variations]"
Change component parameters (AddParameter): Name = "Notification"; Value = "Current market demand for these product types have resulted in fluctuating and extending lead times. Lead times may differ."; VariantName = "[No Variations]"
Change component parameters (AddParameter): Name = "Operating Temperature"; Value = "-55°C ~ 125°C"; VariantName = "[No Variations]"
Change component parameters (AddParameter): Name = "Package / Case"; Value = "0402 (1005 Metric)"; VariantName = "[No Variations]"
Change component parameters (AddParameter): Name = "Packaging"; Value = "Cut Tape (CT)"; VariantName = "[No Variations]"
Change component parameters (AddParameter): Name = "Part Status"; Value = "Active"; VariantName = "[No Variations]"
Change component parameters (AddParameter): Name = "Pricing 1"; Value = "1=0.1, 10=0.034, 100=0.0154, 500=0.01114, 1000=0.00888, 2500=0.00814, 5000=0.00753 (USD)"; VariantName = "[No Variations]"
Change component parameters (AddParameter): Name = "Ratings"; Value = "-"; VariantName = "[No Variations]"
Change component parameters (AddParameter): Name = "RoHS"; Value = "RoHS Compliant"; VariantName = "[No Variations]"
Change component parameters (AddParameter): Name = "Size / Dimension"; Value = "0.039" L x 0.020" W (1.00mm x 0.50mm)"; VariantName = "[No Variations]"
Change component parameters (AddParameter): Name = "Stock 1"; Value = "89300"; VariantName = "[No Variations]"
Change component parameters (AddParameter): Name = "Supplier 1"; Value = "Digi-Key"; VariantName = "[No Variations]"
Change component parameters (AddParameter): Name = "Supplier Part Number 1"; Value = "1276-1140-1-ND"; VariantName = "[No Variations]"
Change component parameters (AddParameter): Name = "Temperature Coefficient"; Value = "C0G, NP0"; VariantName = "[No Variations]"
Change component parameters (AddParameter): Name = "Thickness (Max)"; Value = "0.022" (0.55mm)"; VariantName = "[No Variations]"
Change component parameters (AddParameter): Name = "Tolerance"; Value = "±5%"; VariantName = "[No Variations]"
Change component parameters (AddParameter): Name = "Voltage - Rated"; Value = "50V"; VariantName = "[No Variations]"
Change component parameters: Designator = "C35"; Footprint = "C0402"; UniqueID = "\SBCODPQQ"
Change component parameters. Clean all parameters for all variants
Change component parameters (AddParameter): Name = ".Checked PCB"; Value = ""; VariantName = "[No Variations]"
Change component parameters (AddParameter): Name = ".Checked SCH"; Value = ""; VariantName = "[No Variations]"
Change component parameters (AddParameter): Name = "Applications"; Value = "General Purpose"; VariantName = "[No Variations]"
Change component parameters (AddParameter): Name = "Category"; Value = "Capacitors"; VariantName = "[No Variations]"
Change component parameters (AddParameter): Name = "ComponentLink1Description"; Value = "http://www.samsungsem.com/kr/support/product-search/mlcc/CL05C180JB5NNNC.jsp"; VariantName = "[No Variations]"
Change component parameters (AddParameter): Name = "ComponentLink1URL"; Value = "http://www.samsungsem.com/kr/support/product-search/mlcc/CL05C180JB5NNNC.jsp"; VariantName = "[No Variations]"
Change component parameters (AddParameter): Name = "Description 1"; Value = "CAP CER 18PF 50V C0G/NP0 0402"; VariantName = "[No Variations]"
Change component parameters (AddParameter): Name = "Features"; Value = "-"; VariantName = "[No Variations]"
Change component parameters (AddParameter): Name = "Height - Seated (Max)"; Value = "-"; VariantName = "[No Variations]"
Change component parameters (AddParameter): Name = "Lead Spacing"; Value = "-"; VariantName = "[No Variations]"
Change component parameters (AddParameter): Name = "Lead Style"; Value = "-"; VariantName = "[No Variations]"
Change component parameters (AddParameter): Name = "Manufacturer 1"; Value = "Samsung Electro-Mechanics"; VariantName = "[No Variations]"
Change component parameters (AddParameter): Name = "Manufacturer Part Number 1"; Value = "CL05C180JB5NNNC"; VariantName = "[No Variations]"
Change component parameters (AddParameter): Name = "Mounting Type"; Value = "Surface Mount, MLCC"; VariantName = "[No Variations]"
Change component parameters (AddParameter): Name = "Notification"; Value = "Current market demand for these product types have resulted in fluctuating and extending lead times. Lead times may differ."; VariantName = "[No Variations]"
Change component parameters (AddParameter): Name = "Operating Temperature"; Value = "-55°C ~ 125°C"; VariantName = "[No Variations]"
Change component parameters (AddParameter): Name = "Package / Case"; Value = "0402 (1005 Metric)"; VariantName = "[No Variations]"
Change component parameters (AddParameter): Name = "Packaging"; Value = "Cut Tape (CT)"; VariantName = "[No Variations]"
Change component parameters (AddParameter): Name = "Part Status"; Value = "Active"; VariantName = "[No Variations]"
Change component parameters (AddParameter): Name = "Pricing 1"; Value = "1=0.1, 10=0.034, 100=0.0154, 500=0.01114, 1000=0.00888, 2500=0.00814, 5000=0.00753 (USD)"; VariantName = "[No Variations]"
Change component parameters (AddParameter): Name = "Ratings"; Value = "-"; VariantName = "[No Variations]"
Change component parameters (AddParameter): Name = "RoHS"; Value = "RoHS Compliant"; VariantName = "[No Variations]"
Change component parameters (AddParameter): Name = "Size / Dimension"; Value = "0.039" L x 0.020" W (1.00mm x 0.50mm)"; VariantName = "[No Variations]"
Change component parameters (AddParameter): Name = "Stock 1"; Value = "89300"; VariantName = "[No Variations]"
Change component parameters (AddParameter): Name = "Supplier 1"; Value = "Digi-Key"; VariantName = "[No Variations]"
Change component parameters (AddParameter): Name = "Supplier Part Number 1"; Value = "1276-1140-1-ND"; VariantName = "[No Variations]"
Change component parameters (AddParameter): Name = "Temperature Coefficient"; Value = "C0G, NP0"; VariantName = "[No Variations]"
Change component parameters (AddParameter): Name = "Thickness (Max)"; Value = "0.022" (0.55mm)"; VariantName = "[No Variations]"
Change component parameters (AddParameter): Name = "Tolerance"; Value = "±5%"; VariantName = "[No Variations]"
Change component parameters (AddParameter): Name = "Voltage - Rated"; Value = "50V"; VariantName = "[No Variations]"
Change component parameters: Designator = "P3"; Footprint = "WM3412-ND"; UniqueID = "\KXANVLRJ"
Change component parameters. Clean all parameters for all variants
Change component parameters (AddParameter): Name = "Applications"; Value = "-"; VariantName = "[No Variations]"
Change component parameters (AddParameter): Name = "Category"; Value = "Connectors, Interconnects"; VariantName = "[No Variations]"
Change component parameters (AddParameter): Name = "ComponentLink1Description"; Value = "http://www.jst-mfg.com/product/pdf/eng/ePH.pdf"; VariantName = "[No Variations]"
Change component parameters (AddParameter): Name = "ComponentLink1URL"; Value = "http://www.jst-mfg.com/product/pdf/eng/ePH.pdf"; VariantName = "[No Variations]"
Change component parameters (AddParameter): Name = "Connector Type"; Value = "Header"; VariantName = "[No Variations]"
Change component parameters (AddParameter): Name = "Contact Finish - Mating"; Value = "Tin"; VariantName = "[No Variations]"
Change component parameters (AddParameter): Name = "Contact Finish - Post"; Value = "Tin"; VariantName = "[No Variations]"
Change component parameters (AddParameter): Name = "Contact Finish Thickness - Mating"; Value = "-"; VariantName = "[No Variations]"
Change component parameters (AddParameter): Name = "Contact Finish Thickness - Post"; Value = "-"; VariantName = "[No Variations]"
Change component parameters (AddParameter): Name = "Contact Length - Mating"; Value = "0.130" (3.30mm)"; VariantName = "[No Variations]"
Change component parameters (AddParameter): Name = "Contact Length - Post"; Value = "-"; VariantName = "[No Variations]"
Change component parameters (AddParameter): Name = "Contact Material"; Value = "Copper Alloy"; VariantName = "[No Variations]"
Change component parameters (AddParameter): Name = "Contact Shape"; Value = "Square"; VariantName = "[No Variations]"
Change component parameters (AddParameter): Name = "Contact Type"; Value = "Male Pin"; VariantName = "[No Variations]"
Change component parameters (AddParameter): Name = "Current Rating"; Value = "2A"; VariantName = "[No Variations]"
Change component parameters (AddParameter): Name = "Description 1"; Value = "CONN HEADER PH SIDE 7POS 2MM SMD"; VariantName = "[No Variations]"
Change component parameters (AddParameter): Name = "Fastening Type"; Value = "Detent Lock"; VariantName = "[No Variations]"
Change component parameters (AddParameter): Name = "Features"; Value = "Solder Retention"; VariantName = "[No Variations]"
Change component parameters (AddParameter): Name = "Ingress Protection"; Value = "-"; VariantName = "[No Variations]"
Change component parameters (AddParameter): Name = "Insulation Color"; Value = "Natural"; VariantName = "[No Variations]"
Change component parameters (AddParameter): Name = "Insulation Height"; Value = "0.217" (5.51mm)"; VariantName = "[No Variations]"
Change component parameters (AddParameter): Name = "Insulation Material"; Value = "Polyamide (PA6T), Nylon 6T"; VariantName = "[No Variations]"
Change component parameters (AddParameter): Name = "Manufacturer 1"; Value = "JST Sales America Inc."; VariantName = "[No Variations]"
Change component parameters (AddParameter): Name = "Manufacturer Part Number 1"; Value = "S7B-PH-SM4-TB(LF)(SN)"; VariantName = "[No Variations]"
Change component parameters (AddParameter): Name = "Mated Stacking Heights"; Value = "-"; VariantName = "[No Variations]"
Change component parameters (AddParameter): Name = "Material Flammability Rating"; Value = "UL94 V-0"; VariantName = "[No Variations]"
Change component parameters (AddParameter): Name = "Mounting Type"; Value = "Surface Mount, Right Angle"; VariantName = "[No Variations]"
Change component parameters (AddParameter): Name = "Number of Positions"; Value = "7"; VariantName = "[No Variations]"
Change component parameters (AddParameter): Name = "Number of Positions Loaded"; Value = "All"; VariantName = "[No Variations]"
Change component parameters (AddParameter): Name = "Number of Rows"; Value = "1"; VariantName = "[No Variations]"
Change component parameters (AddParameter): Name = "Operating Temperature"; Value = "-25°C ~ 85°C"; VariantName = "[No Variations]"
Change component parameters (AddParameter): Name = "Overall Contact Length"; Value = "-"; VariantName = "[No Variations]"
Change component parameters (AddParameter): Name = "Packaging"; Value = "Digi-Reel®"; VariantName = "[No Variations]"
Change component parameters (AddParameter): Name = "Part Status"; Value = "Active"; VariantName = "[No Variations]"
Change component parameters (AddParameter): Name = "Pitch - Mating"; Value = "0.079" (2.00mm)"; VariantName = "[No Variations]"
Change component parameters (AddParameter): Name = "Pricing 1"; Value = "1=0.91, 10=0.798, 100=0.6882, 500=0.56304 (USD)"; VariantName = "[No Variations]"
Change component parameters (AddParameter): Name = "RoHS"; Value = "RoHS Compliant"; VariantName = "[No Variations]"
Change component parameters (AddParameter): Name = "Row Spacing - Mating"; Value = "-"; VariantName = "[No Variations]"
Change component parameters (AddParameter): Name = "Shrouding"; Value = "Shrouded - 4 Wall"; VariantName = "[No Variations]"
Change component parameters (AddParameter): Name = "Stock 1"; Value = "83702"; VariantName = "[No Variations]"
Change component parameters (AddParameter): Name = "Style"; Value = "Board to Cable/Wire"; VariantName = "[No Variations]"
Change component parameters (AddParameter): Name = "Supplier 1"; Value = "Digi-Key"; VariantName = "[No Variations]"
Change component parameters (AddParameter): Name = "Supplier Part Number 1"; Value = "455-1754-6-ND"; VariantName = "[No Variations]"
Change component parameters (AddParameter): Name = "Termination"; Value = "Solder"; VariantName = "[No Variations]"
Change component parameters (AddParameter): Name = "Voltage Rating"; Value = "100V"; VariantName = "[No Variations]"
Added Pin To Net: NetName=GND Pin=C31-1
Added Pin To Net: NetName=GND Pin=C35-1
Change Net Name : Old Net Name=NetC3_2 New Net Name=NetC28_2
Change Net Name : Old Net Name=NetC9_2 New Net Name=NetC29_2
Change Net Name : Old Net Name=NetC10_2 New Net Name=NetC64_2
Change Net Name : Old Net Name=NetC12_1 New Net Name=NetC25_1
Change Net Name : Old Net Name=NetC12_2 New Net Name=NetC25_2
Change Net Name : Old Net Name=NetC14_2 New Net Name=NetC27_2
Change Net Name : Old Net Name=NetC19_1 New Net Name=NetC26_1
Change Net Name : Old Net Name=NetC19_2 New Net Name=NetC26_2
Change Net Name : Old Net Name=NetC20_2 New Net Name=NetC21_2
Change Net Name : Old Net Name=NetC21_2 New Net Name=NetC24_2
Change Net Name : Old Net Name=NetC22_2 New Net Name=NetC52_2
Change Net Name : Old Net Name=NetC26_2 New Net Name=NetC33_1
Change Net Name : Old Net Name=NetC27_2 New Net Name=NetC34_1
Change Net Name : Old Net Name=NetC28_1 New Net Name=NetC40_1
Change Net Name : Old Net Name=NetC29_1 New Net Name=NetC49_1
Change Net Name : Old Net Name=NetC40_1 New Net Name=NetC72_1
Change Net Name : Old Net Name=NetC40_2 New Net Name=NetC72_2
Change Net Name : Old Net Name=NetC41_2 New Net Name=NetC67_2
Change Net Name : Old Net Name=NetC52_2 New Net Name=NetC2_2
Change Net Name : Old Net Name=NetC53_2 New Net Name=NetC3_2
Change Net Name : Old Net Name=NetC56_2 New Net Name=NetC4_2
Change Net Name : Old Net Name=NetC57_2 New Net Name=NetC6_2
Change Net Name : Old Net Name=NetC59_1 New Net Name=NetC1_1
Change Net Name : Old Net Name=NetC60_1 New Net Name=NetC63_1
Change Net Name : Old Net Name=NetC62_1 New Net Name=NetC60_1
Change Net Name : Old Net Name=NetC62_2 New Net Name=NetC60_2
Change Net Name : Old Net Name=NetC64_2 New Net Name=NetC56_2
Change Net Name : Old Net Name=NetC65_1 New Net Name=NetC61_1
Change Net Name : Old Net Name=NetC65_2 New Net Name=NetC61_2
Change Net Name : Old Net Name=NetC66_2 New Net Name=NetC55_2
Change Net Name : Old Net Name=NetC67_1 New Net Name=NetC47_1
Change Net Name : Old Net Name=NetC67_2 New Net Name=NetC47_2
Change Net Name : Old Net Name=NetC69_1 New Net Name=NetC51_1
Change Net Name : Old Net Name=NetC70_1 New Net Name=NetC46_1
Change Net Name : Old Net Name=NetC70_2 New Net Name=NetC46_2
Change Net Name : Old Net Name=NetC71_1 New Net Name=NetC50_1
Change Net Name : Old Net Name=NetD1_1 New Net Name=NetD16_1
Change Net Name : Old Net Name=NetD2_1 New Net Name=NetD17_1
Change Net Name : Old Net Name=NetD3_1 New Net Name=NetD18_1
Change Net Name : Old Net Name=NetD4_1 New Net Name=NetD19_1
Change Net Name : Old Net Name=NetD5_1 New Net Name=NetD21_1
Change Net Name : Old Net Name=NetD6_1 New Net Name=NetD20_1
Change Net Name : Old Net Name=NetD7_2 New Net Name=NetD15_2
Change Net Name : Old Net Name=NetD18_2 New Net Name=NetD8_2
Change Net Name : Old Net Name=NetD19_1 New Net Name=NetD2_1
Change Net Name : Old Net Name=NetD23_2 New Net Name=NetD7_2
Change Net Name : Old Net Name=NetD24_2 New Net Name=NetD6_2
Change Net Name : Old Net Name=NetD25_1 New Net Name=NetD10_1
Change Net Name : Old Net Name=NetD26_1 New Net Name=NetD9_1
Change Net Name : Old Net Name=NetD27_1 New Net Name=NetD14_1
Change Net Name : Old Net Name=NetD28_1 New Net Name=NetD13_1
Change Net Name : Old Net Name=NetD29_1 New Net Name=NetD11_1
Change Net Name : Old Net Name=NetD30_1 New Net Name=NetD12_1
Change Net Name : Old Net Name=NetD33_1 New Net Name=NetD5_1
Change Net Name : Old Net Name=NetF1_1 New Net Name=NetF4_1
Change Net Name : Old Net Name=NetF2_1 New Net Name=NetF5_1
Change Net Name : Old Net Name=NetF4_2 New Net Name=NetF2_2
Change Net Name : Old Net Name=NetJ1_B1 New Net Name=NetJ14_B1
Change Net Name : Old Net Name=NetJ1_B2 New Net Name=NetJ14_B2
Change Net Name : Old Net Name=NetJ1_B3 New Net Name=NetJ14_B3
Change Net Name : Old Net Name=NetJ1_B4 New Net Name=NetJ14_B4
Change Net Name : Old Net Name=NetJ3_1 New Net Name=NetJ13_1
Change Net Name : Old Net Name=NetJ3_3 New Net Name=NetJ13_3
Change Net Name : Old Net Name=NetJ3_4 New Net Name=NetJ13_4
Change Net Name : Old Net Name=NetJ3_5 New Net Name=NetJ13_5
Change Net Name : Old Net Name=NetJ3_6 New Net Name=NetJ13_6
Change Net Name : Old Net Name=NetJ3_7 New Net Name=NetJ13_7
Change Net Name : Old Net Name=NetJ3_8 New Net Name=NetJ13_8
Change Net Name : Old Net Name=NetJ4_9 New Net Name=NetJ11_B2
Change Net Name : Old Net Name=NetJ4_11 New Net Name=NetJ11_A8
Change Net Name : Old Net Name=NetJ5_1 New Net Name=NetJ10_1
Change Net Name : Old Net Name=NetJ5_3 New Net Name=NetJ10_3
Change Net Name : Old Net Name=NetJ5_5 New Net Name=NetJ10_5
Change Net Name : Old Net Name=NetJ5_6 New Net Name=NetJ10_6
Change Net Name : Old Net Name=NetJ5_8 New Net Name=NetJ10_8
Change Net Name : Old Net Name=NetJ6_19 New Net Name=NetJ19_19
Change Net Name : Old Net Name=NetJ9_A28 New Net Name=NetJ11_A28
Change Net Name : Old Net Name=NetJ9_A36 New Net Name=NetJ11_A36
Change Net Name : Old Net Name=NetJ9_A37 New Net Name=NetJ11_A37
Change Net Name : Old Net Name=NetJ9_A38 New Net Name=NetJ11_A38
Change Net Name : Old Net Name=NetJ9_A39 New Net Name=NetJ11_A39
Change Net Name : Old Net Name=NetJ9_A40 New Net Name=NetJ11_A40
Change Net Name : Old Net Name=NetJ9_A44 New Net Name=NetJ11_A44
Change Net Name : Old Net Name=NetJ9_A54 New Net Name=NetJ11_A54
Change Net Name : Old Net Name=NetJ9_A63 New Net Name=NetJ11_A63
Change Net Name : Old Net Name=NetJ9_A67 New Net Name=NetJ11_A67
Change Net Name : Old Net Name=NetJ9_A85 New Net Name=NetJ11_A85
Change Net Name : Old Net Name=NetJ9_A93 New Net Name=NetJ11_A93
Change Net Name : Old Net Name=NetJ9_A98 New Net Name=NetJ11_A98
Change Net Name : Old Net Name=NetJ9_A99 New Net Name=NetJ11_A99
Change Net Name : Old Net Name=NetJ9_B12 New Net Name=NetJ11_B12
Change Net Name : Old Net Name=NetJ9_B19 New Net Name=NetJ11_B19
Change Net Name : Old Net Name=NetJ9_B20 New Net Name=NetJ11_B20
Change Net Name : Old Net Name=NetJ9_B24 New Net Name=NetJ11_B24
Change Net Name : Old Net Name=NetJ9_B33 New Net Name=NetJ11_B33
Change Net Name : Old Net Name=NetJ9_B34 New Net Name=NetJ11_B34
Change Net Name : Old Net Name=NetJ9_B36 New Net Name=NetJ11_B36
Change Net Name : Old Net Name=NetJ9_B37 New Net Name=NetJ11_B37
Change Net Name : Old Net Name=NetJ9_B38 New Net Name=NetJ11_B38
Change Net Name : Old Net Name=NetJ9_B39 New Net Name=NetJ11_B39
Change Net Name : Old Net Name=NetJ9_B40 New Net Name=NetJ11_B40
Change Net Name : Old Net Name=NetJ9_B44 New Net Name=NetJ11_B44
Change Net Name : Old Net Name=NetJ9_B50 New Net Name=NetJ11_B50
Change Net Name : Old Net Name=NetJ9_B54 New Net Name=NetJ11_B54
Change Net Name : Old Net Name=NetJ9_B57 New Net Name=NetJ11_B57
Change Net Name : Old Net Name=NetJ9_B63 New Net Name=NetJ11_B63
Change Net Name : Old Net Name=NetJ9_B89 New Net Name=NetJ11_B89
Change Net Name : Old Net Name=NetJ9_B95 New Net Name=NetJ11_B95
Change Net Name : Old Net Name=NetJ9_B98 New Net Name=NetJ11_B98
Change Net Name : Old Net Name=NetJ9_B99 New Net Name=NetJ11_B99
Change Net Name : Old Net Name=NetJ16_2 New Net Name=NetJ5_2
Change Net Name : Old Net Name=NetJ17_1 New Net Name=NetJ6_2
Change Net Name : Old Net Name=NetJ17_3 New Net Name=NetJ7_3
Change Net Name : Old Net Name=NetJ18_1 New Net Name=NetJ6_1
Change Net Name : Old Net Name=NetJ21_2 New Net Name=NetJ9_2
Change Net Name : Old Net Name=NetK1_8 New Net Name=NetK2_8
Change Net Name : Old Net Name=NetK1_10 New Net Name=NetK2_10
Change Net Name : Old Net Name=NetK2_8 New Net Name=NetK1_8
Change Net Name : Old Net Name=NetK2_10 New Net Name=NetK1_10
Change Net Name : Old Net Name=NetQ1_1 New Net Name=NetQ7_1
Change Net Name : Old Net Name=NetQ1_3 New Net Name=NetQ7_3
Change Net Name : Old Net Name=NetQ3_1 New Net Name=NetQ4_1
Change Net Name : Old Net Name=NetQ3_4 New Net Name=NetQ4_4
Change Net Name : Old Net Name=NetQ7_1 New Net Name=NetQ2_1
Change Net Name : Old Net Name=NetQ7_3 New Net Name=NetQ2_3
Change Net Name : Old Net Name=NetQ8_1 New Net Name=NetQ1_1
Change Net Name : Old Net Name=NetQ8_3 New Net Name=NetQ1_3
Change Net Name : Old Net Name=NetR1_2 New Net Name=NetR42_2
Change Net Name : Old Net Name=NetR2_2 New Net Name=NetR43_2
Change Net Name : Old Net Name=NetR3_2 New Net Name=NetR44_2
Change Net Name : Old Net Name=NetR4_2 New Net Name=NetR45_2
Change Net Name : Old Net Name=NetR14_2 New Net Name=NetR40_2
Change Net Name : Old Net Name=NetR20_1 New Net Name=NetR59_1
Change Net Name : Old Net Name=NetR24_1 New Net Name=NetR62_1
Change Net Name : Old Net Name=NetR28_1 New Net Name=NetR79_1
Change Net Name : Old Net Name=NetR29_2 New Net Name=NetR78_2
Change Net Name : Old Net Name=NetR30_1 New Net Name=NetR71_1
Change Net Name : Old Net Name=NetR31_2 New Net Name=NetR73_2
Change Net Name : Old Net Name=NetR33_1 New Net Name=NetR67_1
Change Net Name : Old Net Name=NetR34_2 New Net Name=NetR77_2
Change Net Name : Old Net Name=NetR35_1 New Net Name=NetR75_1
Change Net Name : Old Net Name=NetR37_2 New Net Name=NetR70_2
Change Net Name : Old Net Name=NetR39_2 New Net Name=NetR4_2
Change Net Name : Old Net Name=NetR57_2 New Net Name=NetR26_2
Change Net Name : Old Net Name=NetR62_1 New Net Name=NetR9_1
Change Net Name : Old Net Name=NetR63_1 New Net Name=NetR11_1
Change Net Name : Old Net Name=NetR63_2 New Net Name=NetR7_1
Change Net Name : Old Net Name=NetR64_2 New Net Name=NetR68_2
Change Net Name : Old Net Name=NetR65_2 New Net Name=NetR12_2
Change Net Name : Old Net Name=NetR66_1 New Net Name=NetR8_1
Change Net Name : Old Net Name=NetR75_2 New Net Name=NetR21_2
Change Net Name : Old Net Name=NetR77_2 New Net Name=NetR64_2
Added Pin To Net: NetName=NetC31_2 Pin=C31-2
Added Pin To Net: NetName=NetC31_2 Pin=U15-64
Added Pin To Net: NetName=NetC31_2 Pin=Y1-1
Added Net: Name=NetC31_2
Added Pin To Net: NetName=NetC35_2 Pin=C35-2
Added Pin To Net: NetName=NetC35_2 Pin=U15-63
Added Pin To Net: NetName=NetC35_2 Pin=Y1-2
Added Net: Name=NetC35_2
Change Class Name : Old Net Name=[07] - CPU CONNECTORS New Net Name=[07] - CPU CONNECTORS 
Added Member To Class: ClassName=[05] - POWER Member=Component C3 100nF
Added Member To Class: ClassName=[05] - POWER Member=Component C4 100nF
Added Member To Class: ClassName=[05] - POWER Member=Component C7 100uF
Added Member To Class: ClassName=[05] - POWER Member=Component C8 100uF
Added Member To Class: ClassName=[05] - POWER Member=Component C9 1uF
Added Member To Class: ClassName=[05] - POWER Member=Component C11 1uF
Added Member To Class: ClassName=[05] - POWER Member=Component C12 10uF
Added Member To Class: ClassName=[05] - POWER Member=Component C15 22uF
Added Member To Class: ClassName=[05] - POWER Member=Component C16 22uF
Added Member To Class: ClassName=[05] - POWER Member=Component C17 100nF
Added Member To Class: ClassName=[05] - POWER Member=Component C20 100uF
Added Member To Class: ClassName=[07] - CPU CONNECTORS  Member=Component C24 100nF
Added Member To Class: ClassName=[07] - CPU CONNECTORS  Member=Component C25 100nF
Added Member To Class: ClassName=[07] - CPU CONNECTORS  Member=Component C26 100nF
Added Member To Class: ClassName=[07] - CPU CONNECTORS  Member=Component C27 100nF
Added Member To Class: ClassName=[03] - MICRO CONTROLLER Member=Component C28 100nF
Added Member To Class: ClassName=[07] - CPU CONNECTORS  Member=Component C29 100nF
Added Member To Class: ClassName=[03] - MICRO CONTROLLER Member=Component C32 100nF
Added Member To Class: ClassName=[08] - CPU USB Member=Component C41 100nF
Added Member To Class: ClassName=[07] - CPU CONNECTORS  Member=Component C42 100nF
Added Member To Class: ClassName=[07] - CPU CONNECTORS  Member=Component C43 100nF
Added Member To Class: ClassName=[07] - CPU CONNECTORS  Member=Component C45 100nF
Added Member To Class: ClassName=[06] - MICRO CONTROLLER CONNECTORS Member=Component C46 100nF
Added Member To Class: ClassName=[06] - MICRO CONTROLLER CONNECTORS Member=Component C50 100nF
Added Member To Class: ClassName=[07] - CPU CONNECTORS  Member=Component C54 100nF
Added Member To Class: ClassName=[06] - MICRO CONTROLLER CONNECTORS Member=Component C55 100nF
Added Member To Class: ClassName=[08] - CPU USB Member=Component C59 100nF
Added Member To Class: ClassName=[07] - CPU CONNECTORS  Member=Component C62 100nF
Added Member To Class: ClassName=[07] - CPU CONNECTORS  Member=Component C64 1000pF
Added Member To Class: ClassName=[05] - POWER Member=Component C68 100nF
Added Member To Class: ClassName=[05] - POWER Member=Component C69 10n
Added Member To Class: ClassName=[08] - CPU USB Member=Component C73 100nF
Added Member To Class: ClassName=[08] - CPU USB Member=Component C74 100nF
Added Member To Class: ClassName=[05] - POWER Member=Component D1 SMAJ12A
Added Member To Class: ClassName=[06] - MICRO CONTROLLER CONNECTORS Member=Component D3 CDSOT23
Added Member To Class: ClassName=[06] - MICRO CONTROLLER CONNECTORS Member=Component D4 CDSOT23
Added Member To Class: ClassName=[06] - MICRO CONTROLLER CONNECTORS Member=Component D9 LED
Added Member To Class: ClassName=[06] - MICRO CONTROLLER CONNECTORS Member=Component D10 LED
Added Member To Class: ClassName=[06] - MICRO CONTROLLER CONNECTORS Member=Component D12 LED
Added Member To Class: ClassName=[06] - MICRO CONTROLLER CONNECTORS Member=Component D13 LED
Added Member To Class: ClassName=[06] - MICRO CONTROLLER CONNECTORS Member=Component D14 LED
Added Member To Class: ClassName=[03] - MICRO CONTROLLER Member=Component D17 LED
Added Member To Class: ClassName=[03] - MICRO CONTROLLER Member=Component D18 LED
Added Member To Class: ClassName=[03] - MICRO CONTROLLER Member=Component D21 LED
Added Member To Class: ClassName=[08] - CPU USB Member=Component D23 ESD5V3U2U03FH6327XTSA1
Added Member To Class: ClassName=[08] - CPU USB Member=Component D29 BAS4002ARPPE6327HTSA1
Added Member To Class: ClassName=[08] - CPU USB Member=Component D30 ESD5V3U2U03FH6327XTSA1
Added Member To Class: ClassName=[08] - CPU USB Member=Component D31 ESD5V3U2U03FH6327XTSA1
Added Member To Class: ClassName=[05] - POWER Member=Component F2 C1Q 1
Added Member To Class: ClassName=[07] - CPU CONNECTORS  Member=Component F5 NANOSMDC075F-2
Added Member To Class: ClassName=[07] - CPU CONNECTORS  Member=Component FB3 220R, 2.5A
Added Member To Class: ClassName=[06] - MICRO CONTROLLER CONNECTORS Member=Component J2 HEADER
Added Member To Class: ClassName=[05] - POWER Member=Component J4 Hdr 4x2mm BOXED
Added Member To Class: ClassName=[06] - MICRO CONTROLLER CONNECTORS Member=Component J5 HDR 1x3
Added Member To Class: ClassName=[06] - MICRO CONTROLLER CONNECTORS Member=Component J6 HDR 1x2
Added Member To Class: ClassName=[06] - MICRO CONTROLLER CONNECTORS Member=Component J7 HDR 1x3
Added Member To Class: ClassName=[04] - COMe CONNECTOR Member=Component J11 3-6318491-6
Added Member To Class: ClassName=[07] - CPU CONNECTORS  Member=Component J13 HDR 2x5, BOXED
Added Member To Class: ClassName=[08] - CPU USB Member=Component J17 WM10420-ND
Added Member To Class: ClassName=[05] - POWER Member=Component L1 4.7µH
Added Member To Class: ClassName=[06] - MICRO CONTROLLER CONNECTORS Member=Component L7 ACM2012-900-2P-T002
Added Member To Class: ClassName=[08] - CPU USB Member=Component L10 ACM2012-900-2P-T002
Added Member To Class: ClassName=[08] - CPU USB Member=Component L11 ACM2012-900-2P-T002
Added Member To Class: ClassName=[07] - CPU CONNECTORS  Member=Component Q7 2N7002BKW,115
Added Member To Class: ClassName=[06] - MICRO CONTROLLER CONNECTORS Member=Component R1 10R
Added Member To Class: ClassName=[06] - MICRO CONTROLLER CONNECTORS Member=Component R2 0R
Added Member To Class: ClassName=[05] - POWER Member=Component R3 0R
Added Member To Class: ClassName=[05] - POWER Member=Component R4 33R
Added Member To Class: ClassName=[05] - POWER Member=Component R6 10K
Added Member To Class: ClassName=[06] - MICRO CONTROLLER CONNECTORS Member=Component R7 10R
Added Member To Class: ClassName=[06] - MICRO CONTROLLER CONNECTORS Member=Component R8 10R
Added Member To Class: ClassName=[06] - MICRO CONTROLLER CONNECTORS Member=Component R9 10R
Added Member To Class: ClassName=[06] - MICRO CONTROLLER CONNECTORS Member=Component R10 1K
Added Member To Class: ClassName=[06] - MICRO CONTROLLER CONNECTORS Member=Component R13 1K
Added Member To Class: ClassName=[06] - MICRO CONTROLLER CONNECTORS Member=Component R14 0R
Added Member To Class: ClassName=[06] - MICRO CONTROLLER CONNECTORS Member=Component R15 0R
Added Member To Class: ClassName=[06] - MICRO CONTROLLER CONNECTORS Member=Component R16 0R
Added Member To Class: ClassName=[06] - MICRO CONTROLLER CONNECTORS Member=Component R20 1K
Added Member To Class: ClassName=[06] - MICRO CONTROLLER CONNECTORS Member=Component R21 1K
Added Member To Class: ClassName=[06] - MICRO CONTROLLER CONNECTORS Member=Component R23 100R
Added Member To Class: ClassName=[06] - MICRO CONTROLLER CONNECTORS Member=Component R26 365R
Added Member To Class: ClassName=[07] - CPU CONNECTORS  Member=Component R29 10K
Added Member To Class: ClassName=[06] - MICRO CONTROLLER CONNECTORS Member=Component R30 1K
Added Member To Class: ClassName=[06] - MICRO CONTROLLER CONNECTORS Member=Component R31 1K
Added Member To Class: ClassName=[06] - MICRO CONTROLLER CONNECTORS Member=Component R32 240R
Added Member To Class: ClassName=[06] - MICRO CONTROLLER CONNECTORS Member=Component R35 240R
Added Member To Class: ClassName=[06] - MICRO CONTROLLER CONNECTORS Member=Component R37 47k5
Added Member To Class: ClassName=[06] - MICRO CONTROLLER CONNECTORS Member=Component R38 240R
Added Member To Class: ClassName=[06] - MICRO CONTROLLER CONNECTORS Member=Component R39 240R
Added Member To Class: ClassName=[03] - MICRO CONTROLLER Member=Component R46 47k5
Added Member To Class: ClassName=[03] - MICRO CONTROLLER Member=Component R47 240R
Added Member To Class: ClassName=[03] - MICRO CONTROLLER Member=Component R48 240R
Added Member To Class: ClassName=[03] - MICRO CONTROLLER Member=Component R49 0R
Added Member To Class: ClassName=[07] - CPU CONNECTORS  Member=Component R53 75R
Added Member To Class: ClassName=[07] - CPU CONNECTORS  Member=Component R54 75R
Added Member To Class: ClassName=[07] - CPU CONNECTORS  Member=Component R55 75R
Added Member To Class: ClassName=[07] - CPU CONNECTORS  Member=Component R58 2K2
Added Member To Class: ClassName=[07] - CPU CONNECTORS  Member=Component R62 0R
Added Member To Class: ClassName=[05] - POWER Member=Component R67 200K
Added Member To Class: ClassName=[05] - POWER Member=Component R74 0R
Added Member To Class: ClassName=[05] - POWER Member=Component R75 0R
Added Member To Class: ClassName=[05] - POWER Member=Component R76 200K
Added Member To Class: ClassName=[05] - POWER Member=Component R77 200K
Added Member To Class: ClassName=[05] - POWER Member=Component S1 R1966ABLKBLKGR
Added Member To Class: ClassName=[05] - POWER Member=Component TP1 TP_25MILC
Added Member To Class: ClassName=[09] - PCB AND MECHANICALS Member=Component TP3 TP_25MILC
Added Member To Class: ClassName=[06] - MICRO CONTROLLER CONNECTORS Member=Component U3 LTV-817S-TA1
Added Member To Class: ClassName=[06] - MICRO CONTROLLER CONNECTORS Member=Component U4 CRE1S0505SC
Added Member To Class: ClassName=[03] - MICRO CONTROLLER Member=Component U15 PIC24EP512GU810-I/PF-ND
Added Member To Class: ClassName=[07] - CPU CONNECTORS  Member=Component U16 SN74LVC1G17DCKR
Added Member To Class: ClassName=[05] - POWER Member=Component U27 ISL6236AIRZ
Added Member To Class: ClassName=RS232 Member=Wire NetC50_1
Added Member To Class: ClassName=RS232 Member=Wire NetC55_2
