Change Component Footprint: Designator=D23 Old Footprint=SOD123-DIOD New Footprint=SOD123-L
Change Component Footprint: Designator=D24 Old Footprint=SOD123-DIOD New Footprint=SOD123-L
Change Physical Footprint: Designator=C1 Old Footprint=C0402 New Footprint=C0402
Change Physical Footprint: Designator=C2 Old Footprint=C0402 New Footprint=C0402
Change Physical Footprint: Designator=C3 Old Footprint=C0402 New Footprint=C0402
Change Physical Footprint: Designator=C4 Old Footprint=C0402 New Footprint=C0402
Change Physical Footprint: Designator=C5 Old Footprint=C0402 New Footprint=C0402
Change Physical Footprint: Designator=C6 Old Footprint=C0402 New Footprint=C0402
Change Physical Footprint: Designator=C7 Old Footprint=C0402 New Footprint=C0402
Change Physical Footprint: Designator=C8 Old Footprint=C0402 New Footprint=C0402
Change Physical Footprint: Designator=C9 Old Footprint=C0402 New Footprint=C0402
Change Physical Footprint: Designator=C10 Old Footprint=C1206 New Footprint=C1206
Change Physical Footprint: Designator=C11 Old Footprint=C1206 New Footprint=C1206
Change Physical Footprint: Designator=C12 Old Footprint=C0402 New Footprint=C0402
Change Physical Footprint: Designator=C13 Old Footprint=C0402 New Footprint=C0402
Change Physical Footprint: Designator=C14 Old Footprint=C0402 New Footprint=C0402
Change Physical Footprint: Designator=C15 Old Footprint=C0402 New Footprint=C0402
Change Physical Footprint: Designator=C16 Old Footprint=C0402 New Footprint=C0402
Change Physical Footprint: Designator=C17 Old Footprint=C0402 New Footprint=C0402
Change Physical Footprint: Designator=C18 Old Footprint=C0402 New Footprint=C0402
Change Physical Footprint: Designator=C19 Old Footprint=C0402 New Footprint=C0402
Change Physical Footprint: Designator=C20 Old Footprint=C0402 New Footprint=C0402
Change Physical Footprint: Designator=C21 Old Footprint=C0402 New Footprint=C0402
Change Physical Footprint: Designator=C22 Old Footprint=CAP_3216 New Footprint=CAP_3216
Change Physical Footprint: Designator=C23 Old Footprint=C0402 New Footprint=C0402
Change Physical Footprint: Designator=C24 Old Footprint=C0402 New Footprint=C0402
Change Physical Footprint: Designator=C25 Old Footprint=C0402 New Footprint=C0402
Change Physical Footprint: Designator=C26 Old Footprint=C0402 New Footprint=C0402
Change Physical Footprint: Designator=C27 Old Footprint=C0402 New Footprint=C0402
Change Physical Footprint: Designator=C28 Old Footprint=CAP_P-B New Footprint=CAP_P-B
Change Physical Footprint: Designator=C29 Old Footprint=CAP_P-B New Footprint=CAP_P-B
Change Physical Footprint: Designator=C30 Old Footprint=C0402 New Footprint=C0402
Change Physical Footprint: Designator=C31 Old Footprint=C0402 New Footprint=C0402
Change Physical Footprint: Designator=C32 Old Footprint=CAP_P-B New Footprint=CAP_P-B
Change Physical Footprint: Designator=C33 Old Footprint=CAP_P-B New Footprint=CAP_P-B
Change Physical Footprint: Designator=C34 Old Footprint=C0603 New Footprint=C0603
Change Physical Footprint: Designator=C35 Old Footprint=C0402 New Footprint=C0402
Change Physical Footprint: Designator=C36 Old Footprint=CAP_3216 New Footprint=CAP_3216
Change Physical Footprint: Designator=C37 Old Footprint=CAP_3216 New Footprint=CAP_3216
Change Physical Footprint: Designator=C38 Old Footprint=CAP_3216 New Footprint=CAP_3216
Change Physical Footprint: Designator=C39 Old Footprint=CAP_3216 New Footprint=CAP_3216
Change Physical Footprint: Designator=C40 Old Footprint=C0402 New Footprint=C0402
Change Physical Footprint: Designator=C41 Old Footprint=C0402 New Footprint=C0402
Change Physical Footprint: Designator=C42 Old Footprint=C1210C New Footprint=C1210C
Change Physical Footprint: Designator=C43 Old Footprint=C1210C New Footprint=C1210C
Change Physical Footprint: Designator=C44 Old Footprint=C1210C New Footprint=C1210C
Change Physical Footprint: Designator=C45 Old Footprint=C1210C New Footprint=C1210C
Change Physical Footprint: Designator=C46 Old Footprint=C1210C New Footprint=C1210C
Change Physical Footprint: Designator=C47 Old Footprint=C1210C New Footprint=C1210C
Change Physical Footprint: Designator=C48 Old Footprint=C0402 New Footprint=C0402
Change Physical Footprint: Designator=C49 Old Footprint=C0402 New Footprint=C0402
Change Physical Footprint: Designator=C50 Old Footprint=C0805 New Footprint=C0805
Change Physical Footprint: Designator=C51 Old Footprint=C0402 New Footprint=C0402
Change Physical Footprint: Designator=C52 Old Footprint=C0402 New Footprint=C0402
Change Physical Footprint: Designator=C53 Old Footprint=C0402 New Footprint=C0402
Change Physical Footprint: Designator=C54 Old Footprint=C0805 New Footprint=C0805
Change Physical Footprint: Designator=C55 Old Footprint=C0402 New Footprint=C0402
Change Physical Footprint: Designator=C56 Old Footprint=C0402 New Footprint=C0402
Change Physical Footprint: Designator=C57 Old Footprint=CAP_3216 New Footprint=CAP_3216
Change Physical Footprint: Designator=C58 Old Footprint=C0402 New Footprint=C0402
Change Physical Footprint: Designator=C59 Old Footprint=C0402 New Footprint=C0402
Change Physical Footprint: Designator=C60 Old Footprint=CAP_3216 New Footprint=CAP_3216
Change Physical Footprint: Designator=C61 Old Footprint=C0402 New Footprint=C0402
Change Physical Footprint: Designator=C62 Old Footprint=C0402 New Footprint=C0402
Change Physical Footprint: Designator=C63 Old Footprint=C0402 New Footprint=C0402
Change Physical Footprint: Designator=C64 Old Footprint=C0402 New Footprint=C0402
Change Physical Footprint: Designator=C65 Old Footprint=C0402 New Footprint=C0402
Change Physical Footprint: Designator=C66 Old Footprint=C0402 New Footprint=C0402
Change Physical Footprint: Designator=C67 Old Footprint=C0402 New Footprint=C0402
Change Physical Footprint: Designator=C68 Old Footprint=C0402 New Footprint=C0402
Change Physical Footprint: Designator=C69 Old Footprint=C0402 New Footprint=C0402
Change Physical Footprint: Designator=C70 Old Footprint=C0402 New Footprint=C0402
Change Physical Footprint: Designator=C71 Old Footprint=C0402 New Footprint=C0402
Change Physical Footprint: Designator=C72 Old Footprint=C0402 New Footprint=C0402
Change Physical Footprint: Designator=D1 Old Footprint=D0603_Directional New Footprint=D0603_Directional
Change Physical Footprint: Designator=D2 Old Footprint=D0603_Directional New Footprint=D0603_Directional
Change Physical Footprint: Designator=D3 Old Footprint=D0603_Directional New Footprint=D0603_Directional
Change Physical Footprint: Designator=D4 Old Footprint=D0603_Directional New Footprint=D0603_Directional
Change Physical Footprint: Designator=D5 Old Footprint=D0603_Directional New Footprint=D0603_Directional
Change Physical Footprint: Designator=D6 Old Footprint=D0603_Directional New Footprint=D0603_Directional
Change Physical Footprint: Designator=D7 Old Footprint=D0603_Directional New Footprint=D0603_Directional
Change Physical Footprint: Designator=D8 Old Footprint=SMC New Footprint=SMC
Change Physical Footprint: Designator=D9 Old Footprint=PG-TSLP-3-7 New Footprint=PG-TSLP-3-7
Change Physical Footprint: Designator=D10 Old Footprint=PG-TSLP-3-7 New Footprint=PG-TSLP-3-7
Change Physical Footprint: Designator=D11 Old Footprint=PG-TSLP-3-7 New Footprint=PG-TSLP-3-7
Change Physical Footprint: Designator=D12 Old Footprint=PG-TSLP-3-7 New Footprint=PG-TSLP-3-7
Change Physical Footprint: Designator=D13 Old Footprint=PG-TSLP-3-7 New Footprint=PG-TSLP-3-7
Change Physical Footprint: Designator=D14 Old Footprint=PG-TSLP-3-7 New Footprint=PG-TSLP-3-7
Change Physical Footprint: Designator=D15 Old Footprint=PG-TSLP-3-7 New Footprint=PG-TSLP-3-7
Change Physical Footprint: Designator=D16 Old Footprint=SOT143B New Footprint=SOT143B
Change Physical Footprint: Designator=D17 Old Footprint=SOT143B New Footprint=SOT143B
Change Physical Footprint: Designator=D18 Old Footprint=D0603_Directional New Footprint=D0603_Directional
Change Physical Footprint: Designator=D19 Old Footprint=SMC New Footprint=SMC
Change Physical Footprint: Designator=D20 Old Footprint=SMA / DO-214AC New Footprint=SMA / DO-214AC
Change Physical Footprint: Designator=D21 Old Footprint=SOD323 New Footprint=SOD323
Change Physical Footprint: Designator=D22 Old Footprint=SOT-23-3 New Footprint=SOT-23-3
Change Physical Footprint: Designator=D25 Old Footprint=D0603_Directional New Footprint=D0603_Directional
Change Physical Footprint: Designator=D26 Old Footprint=D0603_Directional New Footprint=D0603_Directional
Change Physical Footprint: Designator=D27 Old Footprint=D0603_Directional New Footprint=D0603_Directional
Change Physical Footprint: Designator=D28 Old Footprint=D0603_Directional New Footprint=D0603_Directional
Change Physical Footprint: Designator=D29 Old Footprint=D0603_Directional New Footprint=D0603_Directional
Change Physical Footprint: Designator=D30 Old Footprint=D0603_Directional New Footprint=D0603_Directional
Change Physical Footprint: Designator=D31 Old Footprint=SOT-23-3 New Footprint=SOT-23-3
Change Physical Footprint: Designator=D32 Old Footprint=SOT-23-3 New Footprint=SOT-23-3
Change Physical Footprint: Designator=F1 Old Footprint=FUS_NANO_TYCO New Footprint=FUS_NANO_TYCO
Change Physical Footprint: Designator=F2 Old Footprint=FUS_NANO_TYCO New Footprint=FUS_NANO_TYCO
Change Physical Footprint: Designator=F3 Old Footprint=C1 New Footprint=C1
Change Physical Footprint: Designator=F4 Old Footprint=C1 New Footprint=C1
Change Physical Footprint: Designator=F5 Old Footprint=0466Series New Footprint=0466Series
Change Physical Footprint: Designator=FB1 Old Footprint=C0603 New Footprint=C0603
Change Physical Footprint: Designator=FB2 Old Footprint=Ferrite bead New Footprint=Ferrite bead
Change Physical Footprint: Designator=FB3 Old Footprint=Ferrite bead New Footprint=Ferrite bead
Change Physical Footprint: Designator=FB4 Old Footprint=Ferrite bead New Footprint=Ferrite bead
Change Physical Footprint: Designator=FB5 Old Footprint=Ferrite bead New Footprint=Ferrite bead
Change Physical Footprint: Designator=FB6 Old Footprint=Ferrite bead New Footprint=Ferrite bead
Change Physical Footprint: Designator=FID1 Old Footprint=FID_40X120D New Footprint=FID_40X120D
Change Physical Footprint: Designator=FID2 Old Footprint=FID_40X120D New Footprint=FID_40X120D
Change Physical Footprint: Designator=FID3 Old Footprint=FID_40X120D New Footprint=FID_40X120D
Change Physical Footprint: Designator=FID4 Old Footprint=FID_40X120D New Footprint=FID_40X120D
Change Physical Footprint: Designator=J1 Old Footprint=10 Pins New Footprint=10 Pins
Change Physical Footprint: Designator=J2 Old Footprint=SATA_Recepticle New Footprint=SATA_Recepticle
Change Physical Footprint: Designator=J3 Old Footprint=HDR_2X5_2.54MM_BOXED New Footprint=HDR_2X5_2.54MM_BOXED
Change Physical Footprint: Designator=J4 Old Footprint=RJ45LED New Footprint=RJ45LED
Change Physical Footprint: Designator=J5 Old Footprint=ESP8266_WSOC New Footprint=ESP8266_WSOC
Change Physical Footprint: Designator=J6 Old Footprint=HDMI New Footprint=HDMI
Change Physical Footprint: Designator=J7 Old Footprint=USB 3 STACK New Footprint=USB 3 STACK
Change Physical Footprint: Designator=J8 Old Footprint=USB-2A New Footprint=USB-2A
Change Physical Footprint: Designator=J9 Old Footprint=CONN220_3-631849 - WM New Footprint=CONN220_3-631849 - WM
Change Physical Footprint: Designator=J10 Old Footprint=HDR_1x4_2MM_SHDR New Footprint=HDR_1x4_2MM_SHDR
Change Physical Footprint: Designator=J11 Old Footprint=HDR_1x4_2MM_SHDR New Footprint=HDR_1x4_2MM_SHDR
Change Physical Footprint: Designator=J12 Old Footprint=POWER_JACK_5.5_2.1MM_NS New Footprint=POWER_JACK_5.5_2.1MM_NS
Change Physical Footprint: Designator=J13 Old Footprint=USB-B RECEPTACLE New Footprint=USB-B RECEPTACLE
Change Physical Footprint: Designator=J14 Old Footprint=TerminalBlock3P508 New Footprint=TerminalBlock3P508
Change Physical Footprint: Designator=J15 Old Footprint=DSUB9-Double New Footprint=DSUB9-Double
Change Physical Footprint: Designator=J16 Old Footprint=HDR_1X3_2.54MM New Footprint=HDR_1X3_2.54MM
Change Physical Footprint: Designator=J17 Old Footprint=Hdr_1x3_2.54mm New Footprint=Hdr_1x3_2.54mm
Change Physical Footprint: Designator=J18 Old Footprint=HDR_1x2_2.54MM New Footprint=HDR_1x2_2.54MM
Change Physical Footprint: Designator=J19 Old Footprint=Hdr_1x3_2.54mm New Footprint=Hdr_1x3_2.54mm
Change Physical Footprint: Designator=J20 Old Footprint=DSUB9-Double New Footprint=DSUB9-Double
Change Physical Footprint: Designator=J21 Old Footprint=Hdr_1x3_2.54mm New Footprint=Hdr_1x3_2.54mm
Change Physical Footprint: Designator=K1 Old Footprint=EC2NU New Footprint=EC2NU
Change Physical Footprint: Designator=K2 Old Footprint=EC2NU New Footprint=EC2NU
Change Physical Footprint: Designator=L1 Old Footprint=IND_1608-M New Footprint=IND_1608-M
Change Physical Footprint: Designator=L2 Old Footprint=ACM2012 New Footprint=ACM2012
Change Physical Footprint: Designator=L3 Old Footprint=ACM2012 New Footprint=ACM2012
Change Physical Footprint: Designator=L4 Old Footprint=ACM2012 New Footprint=ACM2012
Change Physical Footprint: Designator=L5 Old Footprint=ACM2012 New Footprint=ACM2012
Change Physical Footprint: Designator=L6 Old Footprint=ACM2012 New Footprint=ACM2012
Change Physical Footprint: Designator=L7 Old Footprint=ACM2012 New Footprint=ACM2012
Change Physical Footprint: Designator=L8 Old Footprint=ACM2012 New Footprint=ACM2012
Change Physical Footprint: Designator=L9 Old Footprint=ACM2012 New Footprint=ACM2012
Change Physical Footprint: Designator=L10 Old Footprint=IHLP_255MILx270MIL New Footprint=IHLP_255MILx270MIL
Change Physical Footprint: Designator=L11 Old Footprint=IHLP_255MILx270MIL New Footprint=IHLP_255MILx270MIL
Change Physical Footprint: Designator=L12 Old Footprint=ACM2012 New Footprint=ACM2012
Change Physical Footprint: Designator=LS1 Old Footprint=GT-0903A New Footprint=GT-0903A
Change Physical Footprint: Designator=MH1 Old Footprint=MH_12MMC_10MMD New Footprint=MH_12MMC_10MMD
Change Physical Footprint: Designator=MH2 Old Footprint=MH_12MMC_10MMD New Footprint=MH_12MMC_10MMD
Change Physical Footprint: Designator=MH3 Old Footprint=MH_12MMC_10MMD New Footprint=MH_12MMC_10MMD
Change Physical Footprint: Designator=MH4 Old Footprint=MH_12MMC_10MMD New Footprint=MH_12MMC_10MMD
Change Physical Footprint: Designator=MH5 Old Footprint=MH_7MMC_3.2MMD New Footprint=MH_7MMC_3.2MMD
Change Physical Footprint: Designator=MH6 Old Footprint=MH_7MMC_3.2MMD New Footprint=MH_7MMC_3.2MMD
Change Physical Footprint: Designator=MH7 Old Footprint=MH_7MMC_3.2MMD New Footprint=MH_7MMC_3.2MMD
Change Physical Footprint: Designator=MH8 Old Footprint=MH_7MMC_3.2MMD New Footprint=MH_7MMC_3.2MMD
Change Physical Footprint: Designator=P6 Old Footprint=HDR_1X3_2.54MM_SHDR_V2 New Footprint=HDR_1X3_2.54MM_SHDR_V2
Change Physical Footprint: Designator=P7 Old Footprint=HDR_1x3_2.54MM_SHDR_V2 New Footprint=HDR_1x3_2.54MM_SHDR_V2
Change Physical Footprint: Designator=P8 Old Footprint=WM3412-ND New Footprint=WM3412-ND
Change Physical Footprint: Designator=P9 Old Footprint=WM7852-ND New Footprint=WM7852-ND
Change Physical Footprint: Designator=P10 Old Footprint=691313710005 New Footprint=691313710005
Change Physical Footprint: Designator=Q1 Old Footprint=SC70_SOT323 New Footprint=SC70_SOT323
Change Physical Footprint: Designator=Q2 Old Footprint=SC70_SOT323 New Footprint=SC70_SOT323
Change Physical Footprint: Designator=Q3 Old Footprint=8_SOIC_3.9MM New Footprint=8_SOIC_3.9MM
Change Physical Footprint: Designator=Q4 Old Footprint=8_SOIC_3.9MM New Footprint=8_SOIC_3.9MM
Change Physical Footprint: Designator=Q5 Old Footprint=SC70_SOT323 New Footprint=SC70_SOT323
Change Physical Footprint: Designator=Q6 Old Footprint=SC70_SOT323 New Footprint=SC70_SOT323
Change Physical Footprint: Designator=Q7 Old Footprint=SC70_SOT323 New Footprint=SC70_SOT323
Change Physical Footprint: Designator=Q8 Old Footprint=SC70_SOT323 New Footprint=SC70_SOT323
Change Physical Footprint: Designator=R1 Old Footprint=R0402 New Footprint=R0402
Change Physical Footprint: Designator=R2 Old Footprint=R0402 New Footprint=R0402
Change Physical Footprint: Designator=R3 Old Footprint=R0402 New Footprint=R0402
Change Physical Footprint: Designator=R4 Old Footprint=R0402 New Footprint=R0402
Change Physical Footprint: Designator=R5 Old Footprint=R0402 New Footprint=R0402
Change Physical Footprint: Designator=R6 Old Footprint=R0402 New Footprint=R0402
Change Physical Footprint: Designator=R7 Old Footprint=R0402 New Footprint=R0402
Change Physical Footprint: Designator=R8 Old Footprint=R0402 New Footprint=R0402
Change Physical Footprint: Designator=R9 Old Footprint=R0402 New Footprint=R0402
Change Physical Footprint: Designator=R10 Old Footprint=R0402 New Footprint=R0402
Change Physical Footprint: Designator=R11 Old Footprint=R0402 New Footprint=R0402
Change Physical Footprint: Designator=R12 Old Footprint=R0402 New Footprint=R0402
Change Physical Footprint: Designator=R13 Old Footprint=R0402 New Footprint=R0402
Change Physical Footprint: Designator=R14 Old Footprint=R0402 New Footprint=R0402
Change Physical Footprint: Designator=R15 Old Footprint=R0402 New Footprint=R0402
Change Physical Footprint: Designator=R16 Old Footprint=R0402 New Footprint=R0402
Change Physical Footprint: Designator=R17 Old Footprint=R0402 New Footprint=R0402
Change Physical Footprint: Designator=R18 Old Footprint=R0402 New Footprint=R0402
Change Physical Footprint: Designator=R19 Old Footprint=R0402 New Footprint=R0402
Change Physical Footprint: Designator=R20 Old Footprint=R0402 New Footprint=R0402
Change Physical Footprint: Designator=R21 Old Footprint=R0402 New Footprint=R0402
Change Physical Footprint: Designator=R22 Old Footprint=R0402 New Footprint=R0402
Change Physical Footprint: Designator=R23 Old Footprint=STA_RNCP0805-M New Footprint=STA_RNCP0805-M
Change Physical Footprint: Designator=R24 Old Footprint=R0402 New Footprint=R0402
Change Physical Footprint: Designator=R25 Old Footprint=STA_RNCP0805 New Footprint=STA_RNCP0805
Change Physical Footprint: Designator=R26 Old Footprint=RES0805_CRG_TYCO New Footprint=RES0805_CRG_TYCO
Change Physical Footprint: Designator=R27 Old Footprint=RES0805_CRG_TYCO New Footprint=RES0805_CRG_TYCO
Change Physical Footprint: Designator=R28 Old Footprint=R0402 New Footprint=R0402
Change Physical Footprint: Designator=R29 Old Footprint=R0402 New Footprint=R0402
Change Physical Footprint: Designator=R30 Old Footprint=R0402 New Footprint=R0402
Change Physical Footprint: Designator=R31 Old Footprint=R0402 New Footprint=R0402
Change Physical Footprint: Designator=R32 Old Footprint=R0402 New Footprint=R0402
Change Physical Footprint: Designator=R33 Old Footprint=R0402 New Footprint=R0402
Change Physical Footprint: Designator=R34 Old Footprint=R0402 New Footprint=R0402
Change Physical Footprint: Designator=R35 Old Footprint=R0402 New Footprint=R0402
Change Physical Footprint: Designator=R36 Old Footprint=R0402 New Footprint=R0402
Change Physical Footprint: Designator=R37 Old Footprint=R0402 New Footprint=R0402
Change Physical Footprint: Designator=R38 Old Footprint=R0402 New Footprint=R0402
Change Physical Footprint: Designator=R39 Old Footprint=R0402 New Footprint=R0402
Change Physical Footprint: Designator=R40 Old Footprint=R0402 New Footprint=R0402
Change Physical Footprint: Designator=R41 Old Footprint=R0402 New Footprint=R0402
Change Physical Footprint: Designator=R42 Old Footprint=R0402 New Footprint=R0402
Change Physical Footprint: Designator=R43 Old Footprint=R0402 New Footprint=R0402
Change Physical Footprint: Designator=R44 Old Footprint=R0402 New Footprint=R0402
Change Physical Footprint: Designator=R45 Old Footprint=R0402 New Footprint=R0402
Change Physical Footprint: Designator=R46 Old Footprint=R0402 New Footprint=R0402
Change Physical Footprint: Designator=R47 Old Footprint=R0402 New Footprint=R0402
Change Physical Footprint: Designator=R48 Old Footprint=R0402 New Footprint=R0402
Change Physical Footprint: Designator=R49 Old Footprint=RES_1632 New Footprint=RES_1632
Change Physical Footprint: Designator=R50 Old Footprint=R0402 New Footprint=R0402
Change Physical Footprint: Designator=R51 Old Footprint=R0402 New Footprint=R0402
Change Physical Footprint: Designator=R52 Old Footprint=R0402 New Footprint=R0402
Change Physical Footprint: Designator=R53 Old Footprint=R0402 New Footprint=R0402
Change Physical Footprint: Designator=R54 Old Footprint=R0402 New Footprint=R0402
Change Physical Footprint: Designator=R55 Old Footprint=R0402 New Footprint=R0402
Change Physical Footprint: Designator=R56 Old Footprint=R0402 New Footprint=R0402
Change Physical Footprint: Designator=R57 Old Footprint=R0402 New Footprint=R0402
Change Physical Footprint: Designator=R58 Old Footprint=R0402 New Footprint=R0402
Change Physical Footprint: Designator=R59 Old Footprint=R0402 New Footprint=R0402
Change Physical Footprint: Designator=R60 Old Footprint=R0402 New Footprint=R0402
Change Physical Footprint: Designator=R61 Old Footprint=R0402 New Footprint=R0402
Change Physical Footprint: Designator=R62 Old Footprint=R0402 New Footprint=R0402
Change Physical Footprint: Designator=R63 Old Footprint=RES_1632 New Footprint=RES_1632
Change Physical Footprint: Designator=R64 Old Footprint=R0402 New Footprint=R0402
Change Physical Footprint: Designator=R65 Old Footprint=R0402 New Footprint=R0402
Change Physical Footprint: Designator=R66 Old Footprint=R0402 New Footprint=R0402
Change Physical Footprint: Designator=R67 Old Footprint=R0402 New Footprint=R0402
Change Physical Footprint: Designator=R68 Old Footprint=R0402 New Footprint=R0402
Change Physical Footprint: Designator=R69 Old Footprint=R0402 New Footprint=R0402
Change Physical Footprint: Designator=R70 Old Footprint=R0402 New Footprint=R0402
Change Physical Footprint: Designator=R71 Old Footprint=R0402 New Footprint=R0402
Change Physical Footprint: Designator=R72 Old Footprint=R0402 New Footprint=R0402
Change Physical Footprint: Designator=R73 Old Footprint=R0402 New Footprint=R0402
Change Physical Footprint: Designator=R74 Old Footprint=R0402 New Footprint=R0402
Change Physical Footprint: Designator=R75 Old Footprint=R0402 New Footprint=R0402
Change Physical Footprint: Designator=R76 Old Footprint=R0402 New Footprint=R0402
Change Physical Footprint: Designator=R77 Old Footprint=R0402 New Footprint=R0402
Change Physical Footprint: Designator=R78 Old Footprint=R0402 New Footprint=R0402
Change Physical Footprint: Designator=S1 Old Footprint=TactileSW_SMD New Footprint=TactileSW_SMD
Change Physical Footprint: Designator=S2 Old Footprint=FSMRA3JH New Footprint=FSMRA3JH
Change Physical Footprint: Designator=S3 Old Footprint=FSMRA2JH New Footprint=FSMRA2JH
Change Physical Footprint: Designator=S4 Old Footprint=RockerSwitch New Footprint=RockerSwitch
Change Physical Footprint: Designator=S5 Old Footprint=DIPSW-2x2 New Footprint=DIPSW-2x2
Change Physical Footprint: Designator=S6 Old Footprint=DIPSW-2x2 New Footprint=DIPSW-2x2
Change Physical Footprint: Designator=T1 Old Footprint=H5007NL New Footprint=H5007NL
Change Physical Footprint: Designator=TP1 Old Footprint=TP_25C New Footprint=TP_25C
Change Physical Footprint: Designator=TP2 Old Footprint=TP_25C New Footprint=TP_25C
Change Physical Footprint: Designator=TP3 Old Footprint=TP_25C New Footprint=TP_25C
Change Physical Footprint: Designator=U1 Old Footprint=TQFP100_14x14MC New Footprint=TQFP100_14x14MC
Change Physical Footprint: Designator=U2 Old Footprint=SOT-23 New Footprint=SOT-23
Change Physical Footprint: Designator=U3 Old Footprint=SOT-23 New Footprint=SOT-23
Change Physical Footprint: Designator=U4 Old Footprint=SOT-23 New Footprint=SOT-23
Change Physical Footprint: Designator=U5 Old Footprint=SOT-23 New Footprint=SOT-23
Change Physical Footprint: Designator=U6 Old Footprint=SOT-23 New Footprint=SOT-23
Change Physical Footprint: Designator=U7 Old Footprint=SOT-23 New Footprint=SOT-23
Change Physical Footprint: Designator=U8 Old Footprint=SOT-23 New Footprint=SOT-23
Change Physical Footprint: Designator=U9 Old Footprint=DCK5 New Footprint=DCK5
Change Physical Footprint: Designator=U10 Old Footprint=PW20 New Footprint=PW20
Change Physical Footprint: Designator=U11 Old Footprint=DQA10 New Footprint=DQA10
Change Physical Footprint: Designator=U12 Old Footprint=DQA10 New Footprint=DQA10
Change Physical Footprint: Designator=U13 Old Footprint=TSSOP20 New Footprint=TSSOP20
Change Physical Footprint: Designator=U14 Old Footprint=21-0144H_T4877-6 New Footprint=21-0144H_T4877-6
Change Physical Footprint: Designator=U15 Old Footprint=8_SOIC_3.9MM New Footprint=8_SOIC_3.9MM
Change Physical Footprint: Designator=U16 Old Footprint=D8 New Footprint=D8
Change Physical Footprint: Designator=U17 Old Footprint=32_VFQFN_EXPOSED_PAD New Footprint=32_VFQFN_EXPOSED_PAD
Change Physical Footprint: Designator=U18 Old Footprint=21-0058I New Footprint=21-0058I
Change Physical Footprint: Designator=U19 Old Footprint=D8 New Footprint=D8
Change Physical Footprint: Designator=U20 Old Footprint=CRE1S0505SC New Footprint=CRE1S0505SC
Change Physical Footprint: Designator=U21 Old Footprint=TSSOP20 New Footprint=TSSOP20
Change Physical Footprint: Designator=U22 Old Footprint=TSSOP20 New Footprint=TSSOP20
Change Physical Footprint: Designator=U23 Old Footprint=4-SMD-opto New Footprint=4-SMD-opto
Change Physical Footprint: Designator=U24 Old Footprint=4-SMD-opto New Footprint=4-SMD-opto
Change Physical Footprint: Designator=U25 Old Footprint=4-SMD-opto New Footprint=4-SMD-opto
Change Physical Footprint: Designator=U26 Old Footprint=21-0041B_8 New Footprint=21-0041B_8
Change Physical Footprint: Designator=U27 Old Footprint=4-SMD-opto New Footprint=4-SMD-opto
Change Physical Footprint: Designator=U28 Old Footprint=4-SMD-opto New Footprint=4-SMD-opto
