Change Component Designator: OldDesignator=C1 NewDesignator=C23
Change Component Designator: OldDesignator=C2 NewDesignator=C32
Change Component Designator: OldDesignator=C3 NewDesignator=C28
Change Component Designator: OldDesignator=C4 NewDesignator=C62
Change Component Designator: OldDesignator=C5 NewDesignator=C43
Change Component Designator: OldDesignator=C6 NewDesignator=C42
Change Component Designator: OldDesignator=C7 NewDesignator=C44
Change Component Designator: OldDesignator=C8 NewDesignator=C45
Change Component Designator: OldDesignator=C9 NewDesignator=C29
Change Component Designator: OldDesignator=C10 NewDesignator=C64
Change Component Designator: OldDesignator=C11 NewDesignator=C65
Change Component Designator: OldDesignator=C12 NewDesignator=C25
Change Component Designator: OldDesignator=C13 NewDesignator=C22
Change Component Designator: OldDesignator=C14 NewDesignator=C27
Change Component Designator: OldDesignator=C15 NewDesignator=C36
Change Component Designator: OldDesignator=C16 NewDesignator=C37
Change Component Designator: OldDesignator=C17 NewDesignator=C38
Change Component Designator: OldDesignator=C18 NewDesignator=C39
Change Component Designator: OldDesignator=C19 NewDesignator=C26
Change Component Designator: OldDesignator=C20 NewDesignator=C21
Change Component Designator: OldDesignator=C21 NewDesignator=C24
Change Component Designator: OldDesignator=C22 NewDesignator=C52
Change Component Designator: OldDesignator=C23 NewDesignator=C54
Change Component Designator: OldDesignator=C24 NewDesignator=C53
Change Component Designator: OldDesignator=C25 NewDesignator=C30
Change Component Designator: OldDesignator=C26 NewDesignator=C74
Change Component Designator: OldDesignator=C27 NewDesignator=C73
Change Component Designator: OldDesignator=C28 NewDesignator=C40
Change Component Designator: OldDesignator=C29 NewDesignator=C49
Change Component Designator: OldDesignator=C30 NewDesignator=C59
Change Component Designator: OldDesignator=C31 NewDesignator=C41
Change Component Designator: OldDesignator=C32 NewDesignator=C33
Change Component Designator: OldDesignator=C33 NewDesignator=C34
Change Component Designator: OldDesignator=C34 NewDesignator=C70
Change Component Designator: OldDesignator=C35 NewDesignator=C71
Change Component Designator: OldDesignator=C36 NewDesignator=C9
Change Component Designator: OldDesignator=C37 NewDesignator=C13
Change Component Designator: OldDesignator=C38 NewDesignator=C12
Change Component Designator: OldDesignator=C39 NewDesignator=C11
Change Component Designator: OldDesignator=C40 NewDesignator=C72
Change Component Designator: OldDesignator=C41 NewDesignator=C67
Change Component Designator: OldDesignator=C42 NewDesignator=C14
Change Component Designator: OldDesignator=C43 NewDesignator=C18
Change Component Designator: OldDesignator=C44 NewDesignator=C20
Change Component Designator: OldDesignator=C45 NewDesignator=C10
Change Component Designator: OldDesignator=C46 NewDesignator=C8
Change Component Designator: OldDesignator=C47 NewDesignator=C7
Change Component Designator: OldDesignator=C48 NewDesignator=C69
Change Component Designator: OldDesignator=C49 NewDesignator=C68
Change Component Designator: OldDesignator=C50 NewDesignator=C16
Change Component Designator: OldDesignator=C51 NewDesignator=C19
Change Component Designator: OldDesignator=C52 NewDesignator=C2
Change Component Designator: OldDesignator=C53 NewDesignator=C3
Change Component Designator: OldDesignator=C54 NewDesignator=C15
Change Component Designator: OldDesignator=C55 NewDesignator=C17
Change Component Designator: OldDesignator=C56 NewDesignator=C4
Change Component Designator: OldDesignator=C57 NewDesignator=C6
Change Component Designator: OldDesignator=C58 NewDesignator=C57
Change Component Designator: OldDesignator=C59 NewDesignator=C1
Change Component Designator: OldDesignator=C60 NewDesignator=C63
Change Component Designator: OldDesignator=C61 NewDesignator=C5
Change Component Designator: OldDesignator=C62 NewDesignator=C60
Change Component Designator: OldDesignator=C63 NewDesignator=C48
Change Component Designator: OldDesignator=C64 NewDesignator=C56
Change Component Designator: OldDesignator=C65 NewDesignator=C61
Change Component Designator: OldDesignator=C66 NewDesignator=C55
Change Component Designator: OldDesignator=C67 NewDesignator=C47
Change Component Designator: OldDesignator=C68 NewDesignator=C58
Change Component Designator: OldDesignator=C69 NewDesignator=C51
Change Component Designator: OldDesignator=C70 NewDesignator=C46
Change Component Designator: OldDesignator=C71 NewDesignator=C50
Change Component Designator: OldDesignator=C72 NewDesignator=C66
Change Component Designator: OldDesignator=C73 NewDesignator=C31
Change Component Designator: OldDesignator=C74 NewDesignator=C35
Change Component Designator: OldDesignator=D1 NewDesignator=D16
Change Component Designator: OldDesignator=D2 NewDesignator=D17
Change Component Designator: OldDesignator=D3 NewDesignator=D18
Change Component Designator: OldDesignator=D4 NewDesignator=D19
Change Component Designator: OldDesignator=D5 NewDesignator=D21
Change Component Designator: OldDesignator=D6 NewDesignator=D20
Change Component Designator: OldDesignator=D7 NewDesignator=D15
Change Component Designator: OldDesignator=D8 NewDesignator=D22
Change Component Designator: OldDesignator=D9 NewDesignator=D33
Change Component Designator: OldDesignator=D10 NewDesignator=D23
Change Component Designator: OldDesignator=D11 NewDesignator=D26
Change Component Designator: OldDesignator=D12 NewDesignator=D25
Change Component Designator: OldDesignator=D13 NewDesignator=D31
Change Component Designator: OldDesignator=D14 NewDesignator=D32
Change Component Designator: OldDesignator=D15 NewDesignator=D30
Change Component Designator: OldDesignator=D16 NewDesignator=D29
Change Component Designator: OldDesignator=D17 NewDesignator=D24
Change Component Designator: OldDesignator=D18 NewDesignator=D8
Change Component Designator: OldDesignator=D19 NewDesignator=D2
Change Component Designator: OldDesignator=D20 NewDesignator=D1
Change Component Designator: OldDesignator=D21 NewDesignator=D27
Change Component Designator: OldDesignator=D22 NewDesignator=D28
Change Component Designator: OldDesignator=D23 NewDesignator=D7
Change Component Designator: OldDesignator=D24 NewDesignator=D6
Change Component Designator: OldDesignator=D25 NewDesignator=D10
Change Component Designator: OldDesignator=D26 NewDesignator=D9
Change Component Designator: OldDesignator=D27 NewDesignator=D14
Change Component Designator: OldDesignator=D28 NewDesignator=D13
Change Component Designator: OldDesignator=D29 NewDesignator=D11
Change Component Designator: OldDesignator=D30 NewDesignator=D12
Change Component Designator: OldDesignator=D31 NewDesignator=D3
Change Component Designator: OldDesignator=D32 NewDesignator=D4
Change Component Designator: OldDesignator=D33 NewDesignator=D5
Change Component Designator: OldDesignator=F1 NewDesignator=F4
Change Component Designator: OldDesignator=F2 NewDesignator=F5
Change Component Designator: OldDesignator=F4 NewDesignator=F2
Change Component Designator: OldDesignator=F5 NewDesignator=F1
Change Component Designator: OldDesignator=FB1 NewDesignator=FB3
Change Component Designator: OldDesignator=FB3 NewDesignator=FB6
Change Component Designator: OldDesignator=FB6 NewDesignator=FB1
Change Component Designator: OldDesignator=FID3 NewDesignator=FID4
Change Component Designator: OldDesignator=FID4 NewDesignator=FID3
Change Component Designator: OldDesignator=J1 NewDesignator=J14
Change Component Designator: OldDesignator=J2 NewDesignator=J12
Change Component Designator: OldDesignator=J3 NewDesignator=J13
Change Component Designator: OldDesignator=J4 NewDesignator=J20
Change Component Designator: OldDesignator=J5 NewDesignator=J10
Change Component Designator: OldDesignator=J6 NewDesignator=J19
Change Component Designator: OldDesignator=J7 NewDesignator=J17
Change Component Designator: OldDesignator=J8 NewDesignator=J18
Change Component Designator: OldDesignator=J9 NewDesignator=J11
Change Component Designator: OldDesignator=J9 NewDesignator=J11
Change Component Designator: OldDesignator=J9 NewDesignator=J11
Change Component Designator: OldDesignator=J9 NewDesignator=J11
Change Component Designator: OldDesignator=J9 NewDesignator=J11
Change Component Designator: OldDesignator=J10 NewDesignator=J4
Change Component Designator: OldDesignator=J11 NewDesignator=J3
Change Component Designator: OldDesignator=J12 NewDesignator=J1
Change Component Designator: OldDesignator=J13 NewDesignator=J21
Change Component Designator: OldDesignator=J14 NewDesignator=J2
Change Component Designator: OldDesignator=J15 NewDesignator=J16
Change Component Designator: OldDesignator=J16 NewDesignator=J5
Change Component Designator: OldDesignator=J17 NewDesignator=J8
Change Component Designator: OldDesignator=J18 NewDesignator=J6
Change Component Designator: OldDesignator=J19 NewDesignator=J7
Change Component Designator: OldDesignator=J20 NewDesignator=J15
Change Component Designator: OldDesignator=J21 NewDesignator=J9
Change Component Designator: OldDesignator=K1 NewDesignator=K2
Change Component Designator: OldDesignator=K2 NewDesignator=K1
Change Component Designator: OldDesignator=L1 NewDesignator=L3
Change Component Designator: OldDesignator=L2 NewDesignator=L9
Change Component Designator: OldDesignator=L3 NewDesignator=L6
Change Component Designator: OldDesignator=L5 NewDesignator=L10
Change Component Designator: OldDesignator=L6 NewDesignator=L5
Change Component Designator: OldDesignator=L7 NewDesignator=L8
Change Component Designator: OldDesignator=L8 NewDesignator=L11
Change Component Designator: OldDesignator=L9 NewDesignator=L12
Change Component Designator: OldDesignator=L10 NewDesignator=L2
Change Component Designator: OldDesignator=L11 NewDesignator=L1
Change Component Designator: OldDesignator=L12 NewDesignator=L7
Change Component Designator: OldDesignator=MH2 NewDesignator=MH7
Change Component Designator: OldDesignator=MH3 NewDesignator=MH2
Change Component Designator: OldDesignator=MH4 NewDesignator=MH8
Change Component Designator: OldDesignator=MH5 NewDesignator=MH3
Change Component Designator: OldDesignator=MH6 NewDesignator=MH5
Change Component Designator: OldDesignator=MH7 NewDesignator=MH6
Change Component Designator: OldDesignator=MH8 NewDesignator=MH4
Change Component Designator: OldDesignator=P6 NewDesignator=P5
Change Component Designator: OldDesignator=P7 NewDesignator=P4
Change Component Designator: OldDesignator=P8 NewDesignator=P3
Change Component Designator: OldDesignator=P9 NewDesignator=P1
Change Component Designator: OldDesignator=P10 NewDesignator=P2
Change Component Designator: OldDesignator=Q1 NewDesignator=Q7
Change Component Designator: OldDesignator=Q2 NewDesignator=Q8
Change Component Designator: OldDesignator=Q3 NewDesignator=Q4
Change Component Designator: OldDesignator=Q4 NewDesignator=Q3
Change Component Designator: OldDesignator=Q7 NewDesignator=Q2
Change Component Designator: OldDesignator=Q8 NewDesignator=Q1
Change Component Designator: OldDesignator=R1 NewDesignator=R42
Change Component Designator: OldDesignator=R2 NewDesignator=R43
Change Component Designator: OldDesignator=R3 NewDesignator=R44
Change Component Designator: OldDesignator=R4 NewDesignator=R45
Change Component Designator: OldDesignator=R5 NewDesignator=R49
Change Component Designator: OldDesignator=R6 NewDesignator=R48
Change Component Designator: OldDesignator=R7 NewDesignator=R47
Change Component Designator: OldDesignator=R8 NewDesignator=R46
Change Component Designator: OldDesignator=R9 NewDesignator=R41
Change Component Designator: OldDesignator=R10 NewDesignator=R53
Change Component Designator: OldDesignator=R11 NewDesignator=R56
Change Component Designator: OldDesignator=R12 NewDesignator=R54
Change Component Designator: OldDesignator=R13 NewDesignator=R55
Change Component Designator: OldDesignator=R14 NewDesignator=R40
Change Component Designator: OldDesignator=R15 NewDesignator=R27
Change Component Designator: OldDesignator=R16 NewDesignator=R28
Change Component Designator: OldDesignator=R17 NewDesignator=R29
Change Component Designator: OldDesignator=R18 NewDesignator=R57
Change Component Designator: OldDesignator=R19 NewDesignator=R58
Change Component Designator: OldDesignator=R20 NewDesignator=R59
Change Component Designator: OldDesignator=R21 NewDesignator=R60
Change Component Designator: OldDesignator=R22 NewDesignator=R61
Change Component Designator: OldDesignator=R23 NewDesignator=R34
Change Component Designator: OldDesignator=R24 NewDesignator=R62
Change Component Designator: OldDesignator=R25 NewDesignator=R52
Change Component Designator: OldDesignator=R26 NewDesignator=R50
Change Component Designator: OldDesignator=R27 NewDesignator=R51
Change Component Designator: OldDesignator=R28 NewDesignator=R79
Change Component Designator: OldDesignator=R29 NewDesignator=R78
Change Component Designator: OldDesignator=R30 NewDesignator=R71
Change Component Designator: OldDesignator=R31 NewDesignator=R73
Change Component Designator: OldDesignator=R32 NewDesignator=R74
Change Component Designator: OldDesignator=R33 NewDesignator=R67
Change Component Designator: OldDesignator=R34 NewDesignator=R77
Change Component Designator: OldDesignator=R35 NewDesignator=R76
Change Component Designator: OldDesignator=R36 NewDesignator=R75
Change Component Designator: OldDesignator=R37 NewDesignator=R70
Change Component Designator: OldDesignator=R38 NewDesignator=R72
Change Component Designator: OldDesignator=R39 NewDesignator=R4
Change Component Designator: OldDesignator=R40 NewDesignator=R3
Change Component Designator: OldDesignator=R41 NewDesignator=R6
Change Component Designator: OldDesignator=R42 NewDesignator=R5
Change Component Designator: OldDesignator=R43 NewDesignator=R25
Change Component Designator: OldDesignator=R44 NewDesignator=R2
Change Component Designator: OldDesignator=R45 NewDesignator=R30
Change Component Designator: OldDesignator=R46 NewDesignator=R31
Change Component Designator: OldDesignator=R47 NewDesignator=R1
Change Component Designator: OldDesignator=R48 NewDesignator=R37
Change Component Designator: OldDesignator=R49 NewDesignator=R69
Change Component Designator: OldDesignator=R50 NewDesignator=R24
Change Component Designator: OldDesignator=R51 NewDesignator=R14
Change Component Designator: OldDesignator=R52 NewDesignator=R15
Change Component Designator: OldDesignator=R53 NewDesignator=R17
Change Component Designator: OldDesignator=R54 NewDesignator=R22
Change Component Designator: OldDesignator=R55 NewDesignator=R16
Change Component Designator: OldDesignator=R56 NewDesignator=R23
Change Component Designator: OldDesignator=R57 NewDesignator=R26
Change Component Designator: OldDesignator=R58 NewDesignator=R20
Change Component Designator: OldDesignator=R59 NewDesignator=R19
Change Component Designator: OldDesignator=R60 NewDesignator=R63
Change Component Designator: OldDesignator=R61 NewDesignator=R13
Change Component Designator: OldDesignator=R62 NewDesignator=R9
Change Component Designator: OldDesignator=R63 NewDesignator=R66
Change Component Designator: OldDesignator=R64 NewDesignator=R68
Change Component Designator: OldDesignator=R65 NewDesignator=R12
Change Component Designator: OldDesignator=R66 NewDesignator=R8
Change Component Designator: OldDesignator=R67 NewDesignator=R33
Change Component Designator: OldDesignator=R68 NewDesignator=R32
Change Component Designator: OldDesignator=R69 NewDesignator=R38
Change Component Designator: OldDesignator=R70 NewDesignator=R39
Change Component Designator: OldDesignator=R71 NewDesignator=R35
Change Component Designator: OldDesignator=R72 NewDesignator=R36
Change Component Designator: OldDesignator=R73 NewDesignator=R10
Change Component Designator: OldDesignator=R74 NewDesignator=R65
Change Component Designator: OldDesignator=R75 NewDesignator=R21
Change Component Designator: OldDesignator=R76 NewDesignator=R11
Change Component Designator: OldDesignator=R77 NewDesignator=R64
Change Component Designator: OldDesignator=R78 NewDesignator=R7
Change Component Designator: OldDesignator=R79 NewDesignator=R18
Change Component Designator: OldDesignator=S1 NewDesignator=S4
Change Component Designator: OldDesignator=S4 NewDesignator=S1
Change Component Designator: OldDesignator=TP1 NewDesignator=TP3
Change Component Designator: OldDesignator=TP2 NewDesignator=TP4
Change Component Designator: OldDesignator=TP3 NewDesignator=TP2
Change Component Designator: OldDesignator=TP4 NewDesignator=TP1
Change Component Designator: OldDesignator=U1 NewDesignator=U15
Change Component Designator: OldDesignator=U2 NewDesignator=U11
Change Component Designator: OldDesignator=U3 NewDesignator=U6
Change Component Designator: OldDesignator=U4 NewDesignator=U7
Change Component Designator: OldDesignator=U5 NewDesignator=U9
Change Component Designator: OldDesignator=U6 NewDesignator=U10
Change Component Designator: OldDesignator=U7 NewDesignator=U13
Change Component Designator: OldDesignator=U8 NewDesignator=U12
Change Component Designator: OldDesignator=U9 NewDesignator=U16
Change Component Designator: OldDesignator=U10 NewDesignator=U8
Change Component Designator: OldDesignator=U11 NewDesignator=U21
Change Component Designator: OldDesignator=U12 NewDesignator=U22
Change Component Designator: OldDesignator=U13 NewDesignator=U14
Change Component Designator: OldDesignator=U14 NewDesignator=U17
Change Component Designator: OldDesignator=U15 NewDesignator=U19
Change Component Designator: OldDesignator=U16 NewDesignator=U28
Change Component Designator: OldDesignator=U17 NewDesignator=U27
Change Component Designator: OldDesignator=U18 NewDesignator=U23
Change Component Designator: OldDesignator=U19 NewDesignator=U1
Change Component Designator: OldDesignator=U20 NewDesignator=U4
Change Component Designator: OldDesignator=U21 NewDesignator=U18
Change Component Designator: OldDesignator=U22 NewDesignator=U20
Change Component Designator: OldDesignator=U23 NewDesignator=U5
Change Component Designator: OldDesignator=U24 NewDesignator=U26
Change Component Designator: OldDesignator=U25 NewDesignator=U2
Change Component Designator: OldDesignator=U26 NewDesignator=U24
Change Component Designator: OldDesignator=U27 NewDesignator=U3
Change Component Designator: OldDesignator=U28 NewDesignator=U25
