Removed Pin From Net: NetName=NetP3_1 Pin=R22-1
Removed Pin From Net: NetName=NetK1_6 Pin=R22-2
Removed Pin From Net: NetName=NetK1_5 Pin=R23-1
Removed Pin From Net: NetName=NetP3_1 Pin=R23-2
Removed Pin From Net: NetName=NetK2_5 Pin=R27-1
Removed Pin From Net: NetName=NetP3_3 Pin=R27-2
Removed Pin From Net: NetName=NetP3_3 Pin=R28-1
Removed Pin From Net: NetName=NetK2_6 Pin=R28-2
Change Component Footprint: Designator=U7 Old Footprint=D8 New Footprint=SOIC-8
Change Component Footprint: Designator=U12 Old Footprint=DIP-4 New Footprint=4-SMD
Change Component Footprint: Designator=U13 Old Footprint=DIP-4 New Footprint=4-SMD
Change Component Footprint: Designator=U14 Old Footprint=DIP-4 New Footprint=4-SMD
Change Component Footprint: Designator=U15 Old Footprint=DIP-4 New Footprint=4-SMD
Added Component: Designator=R63(R0805)
Added Component: Designator=R64(R0805)
Added Component: Designator=R65(R0805)
Added Component: Designator=R66(R0805)
Added Component: Designator=U8(SSOP8)
Added Component: Designator=U9(SSOP28)
Added Component: Designator=U10(TSSOP20)
Added Component: Designator=U11(TSSOP20)
Added Pin To Net: NetName=GND Pin=R22-1
Added Pin To Net: NetName=NetJ2_9 Pin=R22-2
Added Pin To Net: NetName=NetJ2_2 Pin=R23-1
Added Pin To Net: NetName=NetQ3_3 Pin=R23-2
Added Pin To Net: NetName=NetQ4_1 Pin=R27-1
Added Pin To Net: NetName=+3V3 Pin=R27-2
Added Pin To Net: NetName=NetQ3_1 Pin=R28-1
Added Pin To Net: NetName=+3V3 Pin=R28-2
Added Pin To Net: NetName=NetK2_5 Pin=R27-1
Added Pin To Net: NetName=NetP3_3 Pin=R27-2
Added Pin To Net: NetName=NetK1_5 Pin=R23-1
Added Pin To Net: NetName=NetP3_1 Pin=R23-2
Added Pin To Net: NetName=NetP3_3 Pin=R28-1
Added Pin To Net: NetName=NetK2_6 Pin=R28-2
Added Pin To Net: NetName=NetP3_1 Pin=R22-1
Added Pin To Net: NetName=NetK1_6 Pin=R22-2
Added Pin To Net: NetName=NetP2_4 Pin=U8-1
Added Pin To Net: NetName=NetP2_3 Pin=U8-2
Added Pin To Net: NetName=+5V Pin=U8-3
Added Pin To Net: NetName=NetU8_4 Pin=U8-4
Added Pin To Net: NetName=NetU8_5 Pin=U8-5
Added Pin To Net: NetName=GND Pin=U8-6
Added Pin To Net: NetName=NetP2_2 Pin=U8-7
Added Pin To Net: NetName=NetP2_1 Pin=U8-8
Added Pin To Net: NetName=NetU9_1 Pin=U9-1
Added Pin To Net: NetName=USB3V Pin=U9-4
Added Pin To Net: NetName=NetU9_5 Pin=U9-5
Added Pin To Net: NetName=GND Pin=U9-7
Added Pin To Net: NetName=NetP4_3 Pin=U9-15
Added Pin To Net: NetName=NetP4_2 Pin=U9-16
Added Pin To Net: NetName=USB3V Pin=U9-17
Added Pin To Net: NetName=GND Pin=U9-18
Added Pin To Net: NetName=NetR61_2 Pin=U9-20
Added Pin To Net: NetName=GND Pin=U9-21
Added Pin To Net: NetName=GND Pin=U9-25
Added Pin To Net: NetName=GND Pin=U9-26
Added Pin To Net: NetName=GND Pin=U10-1
Added Pin To Net: NetName=NetC53_1 Pin=U10-2
Added Pin To Net: NetName=NetC52_1 Pin=U10-3
Added Pin To Net: NetName=NetC53_2 Pin=U10-4
Added Pin To Net: NetName=NetC55_2 Pin=U10-5
Added Pin To Net: NetName=NetC55_1 Pin=U10-6
Added Pin To Net: NetName=NetC56_2 Pin=U10-7
Added Pin To Net: NetName=NetJ10_2 Pin=U10-8
Added Pin To Net: NetName=NetJ10_3 Pin=U10-9
Added Pin To Net: NetName=NetU10_10 Pin=U10-10
Added Pin To Net: NetName=NetU10_12 Pin=U10-12
Added Pin To Net: NetName=NetU10_13 Pin=U10-13
Added Pin To Net: NetName=NetU10_15 Pin=U10-15
Added Pin To Net: NetName=NetJ9_3 Pin=U10-16
Added Pin To Net: NetName=NetJ9_2 Pin=U10-17
Added Pin To Net: NetName=GND Pin=U10-18
Added Pin To Net: NetName=+3V3 Pin=U10-19
Added Pin To Net: NetName=+3V3 Pin=U10-20
Added Pin To Net: NetName=GND Pin=U11-1
Added Pin To Net: NetName=NetC58_1 Pin=U11-2
Added Pin To Net: NetName=NetC57_1 Pin=U11-3
Added Pin To Net: NetName=NetC58_2 Pin=U11-4
Added Pin To Net: NetName=NetC60_2 Pin=U11-5
Added Pin To Net: NetName=NetC60_1 Pin=U11-6
Added Pin To Net: NetName=NetC61_2 Pin=U11-7
Added Pin To Net: NetName=NetJ14_2 Pin=U11-8
Added Pin To Net: NetName=NetJ14_3 Pin=U11-9
Added Pin To Net: NetName=NetU11_10 Pin=U11-10
Added Pin To Net: NetName=NetU11_12 Pin=U11-12
Added Pin To Net: NetName=NetU11_13 Pin=U11-13
Added Pin To Net: NetName=NetU11_15 Pin=U11-15
Added Pin To Net: NetName=NetJ13_3 Pin=U11-16
Added Pin To Net: NetName=NetJ13_2 Pin=U11-17
Added Pin To Net: NetName=GND Pin=U11-18
Added Pin To Net: NetName=+3V3 Pin=U11-19
Added Pin To Net: NetName=+3V3 Pin=U11-20
Added Member To Class: ClassName=[13] - COMM INTERFACES Member=Component U8 MAX490
Added Member To Class: ClassName=[13] - COMM INTERFACES Member=Component U9 FT232RL
Added Member To Class: ClassName=[13] - COMM INTERFACES Member=Component U10 ST3222
Added Member To Class: ClassName=[13] - COMM INTERFACES Member=Component U11 ST3222
