Removed Pin From Net: NetName=NetK2_4 Pin=P3-1
Removed Pin From Net: NetName=NetK1_4 Pin=P3-3
Removed Pin From Net: NetName=NetQ3_3 Pin=R23-2
Removed Pin From Net: NetName=NetQ4_1 Pin=R27-1
Removed Pin From Net: NetName=NetQ3_1 Pin=R28-1
Change Component DesignItemId : Designator=P3 Old DesignItemId=Header 4 New DesignItemId=Header 10
Change Component Footprint: Designator=P1 Old Footprint=HDR1X4 New Footprint=TerminalBlock4P508
Change Component Footprint: Designator=P3 Old Footprint=HDR1X4 New Footprint=TerminalBlock10P508
Change Component Comment : Designator=P3 Old Comment=Header 4 New Comment=Header 10
Added Component: Designator=P4(USB-B RECEPTACLE)
Added Pin To Net: NetName=NetK1_4 Pin=P3-2
Added Pin To Net: NetName=NetK2_4 Pin=P3-4
Added Pin To Net: NetName=GND_OUT Pin=P3-5
Added Pin To Net: NetName=VCC_OUT Pin=P3-10
Added Pin To Net: NetName=NetP4_2 Pin=P4-2
Added Pin To Net: NetName=NetP4_3 Pin=P4-3
Added Pin To Net: NetName=GND Pin=P4-4
Added Pin To Net: NetName=GND Pin=R22-1
Added Pin To Net: NetName=NetJ2_9 Pin=R22-2
Added Pin To Net: NetName=NetJ2_2 Pin=R23-1
Added Pin To Net: NetName=NetQ3_3 Pin=R23-2
Added Pin To Net: NetName=NetK2_5 Pin=R27-1
Added Pin To Net: NetName=NetQ4_1 Pin=R27-1
Added Pin To Net: NetName=+3V3 Pin=R27-2
Added Pin To Net: NetName=NetQ3_1 Pin=R28-1
Added Pin To Net: NetName=+3V3 Pin=R28-2
Added Pin To Net: NetName=NetP3_1 Pin=P3-1
Added Pin To Net: NetName=NetP3_1 Pin=R22-1
Added Pin To Net: NetName=NetP3_1 Pin=R23-2
Added Net: Name=NetP3_1
Added Pin To Net: NetName=NetP3_3 Pin=P3-3
Added Pin To Net: NetName=NetP3_3 Pin=R27-2
Added Pin To Net: NetName=NetP3_3 Pin=R28-1
Added Net: Name=NetP3_3
Added Pin To Net: NetName=NetP3_6 Pin=P3-6
Added Pin To Net: NetName=NetP3_6 Pin=R55-2
Added Net: Name=NetP3_6
Added Pin To Net: NetName=NetP3_7 Pin=P3-7
Added Pin To Net: NetName=NetP3_7 Pin=R51-2
Added Net: Name=NetP3_7
Added Pin To Net: NetName=NetP3_8 Pin=P3-8
Added Pin To Net: NetName=NetP3_8 Pin=R52-1
Added Pin To Net: NetName=NetP3_8 Pin=U14-4
Added Net: Name=NetP3_8
Added Pin To Net: NetName=NetP3_9 Pin=P3-9
Added Pin To Net: NetName=NetP3_9 Pin=R48-1
Added Pin To Net: NetName=NetP3_9 Pin=U12-4
Added Net: Name=NetP3_9
Added Pin To Net: NetName=NetP4_1 Pin=P4-1
Added Pin To Net: NetName=NetP4_1 Pin=R62-2
Added Net: Name=NetP4_1
Added Member To Class: ClassName=[13] - COMM INTERFACES Member=Component P4 1734366-1
