Added Component: Designator=Q4(8_SOIC_3.9MM)
Add component. Clean all parameters for all variants
Add component (AddParameter): Name = ".Checked PCB"; Value = "CHK"; VariantName = "[No Variations]"
Add component (AddParameter): Name = ".Checked SCH"; Value = "CHK"; VariantName = "[No Variations]"
Add component (AddParameter): Name = "Category"; Value = "Discrete Semiconductor Products"; VariantName = "[No Variations]"
Add component (AddParameter): Name = "ComponentLink1Description"; Value = "http://www.vishay.com/docs/73026/si4816bd.pdf"; VariantName = "[No Variations]"
Add component (AddParameter): Name = "ComponentLink1URL"; Value = "http://www.vishay.com/docs/73026/si4816bd.pdf"; VariantName = "[No Variations]"
Add component (AddParameter): Name = "Current - Continuous Drain (Id) @ 25° C"; Value = "5.8A, 8.2A"; VariantName = "[No Variations]"
Add component (AddParameter): Name = "Drain to Source Voltage (Vdss)"; Value = "30V"; VariantName = "[No Variations]"
Add component (AddParameter): Name = "Family"; Value = "FETs - Arrays"; VariantName = "[No Variations]"
Add component (AddParameter): Name = "FET Feature"; Value = "Logic Level Gate"; VariantName = "[No Variations]"
Add component (AddParameter): Name = "FET Type"; Value = "2 N-Channel (Dual)"; VariantName = "[No Variations]"
Add component (AddParameter): Name = "Gate Charge (Qg) @ Vgs"; Value = "10nC @ 5V"; VariantName = "[No Variations]"
Add component (AddParameter): Name = "Input Capacitance (Ciss) @ Vds"; Value = "-"; VariantName = "[No Variations]"
Add component (AddParameter): Name = "Manufacturer"; Value = "Vishay/Siliconix"; VariantName = "[No Variations]"
Add component (AddParameter): Name = "Manufacturer Part Number"; Value = "SI4816BDY-T1-GE3"; VariantName = "[No Variations]"
Add component (AddParameter): Name = "Mounting Type"; Value = "Surface Mount"; VariantName = "[No Variations]"
Add component (AddParameter): Name = "Package / Case"; Value = "8-SOIC (0.154", 3.90mm Width)"; VariantName = "[No Variations]"
Add component (AddParameter): Name = "Packaging"; Value = "Cut Tape (CT)"; VariantName = "[No Variations]"
Add component (AddParameter): Name = "Power - Max"; Value = "1W, 1.25W"; VariantName = "[No Variations]"
Add component (AddParameter): Name = "Price 1k [$]"; Value = "0.84800"; VariantName = "[No Variations]"
Add component (AddParameter): Name = "Pricing 1"; Value = "1=1.84, 25=1.4228, 100=1.2912, 250=1.1594, 500=1.0013, 1000=0.8432 (USD)"; VariantName = "[No Variations]"
Add component (AddParameter): Name = "Rds On (Max) @ Id, Vgs"; Value = "18.5 mOhm @ 6.8A, 10V"; VariantName = "[No Variations]"
Add component (AddParameter): Name = "RoHS"; Value = "RoHS Compliant"; VariantName = "[No Variations]"
Add component (AddParameter): Name = "Stock 1"; Value = "15735"; VariantName = "[No Variations]"
Add component (AddParameter): Name = "Supplier"; Value = "Digikey"; VariantName = "[No Variations]"
Add component (AddParameter): Name = "Supplier 1"; Value = "Digi-Key"; VariantName = "[No Variations]"
Add component (AddParameter): Name = "Supplier Device Package"; Value = "8-SOICN"; VariantName = "[No Variations]"
Add component (AddParameter): Name = "Supplier Part Number"; Value = "SI4816BDY-T1-GE3CT-ND"; VariantName = "[No Variations]"
Add component (AddParameter): Name = "Supplier Part Number 1"; Value = "SI4816BDY-T1-GE3CT-ND"; VariantName = "[No Variations]"
Add component (AddParameter): Name = "Value"; Value = "SI4816BDY-T1-GE3"; VariantName = "[No Variations]"
Add component (AddParameter): Name = "Vgs(th) (Max) @ Id"; Value = "3V @ 250µA"; VariantName = "[No Variations]"
Added Pin To Net: NetName=UGATE2_3V3 Pin=Q4-1
Added Pin To Net: NetName=GND Pin=Q4-2
Added Pin To Net: NetName=GND Pin=Q4-3
Added Pin To Net: NetName=LGATE2_3V3 Pin=Q4-4
Added Pin To Net: NetName=PHASE2_3V3 Pin=Q4-5
Added Pin To Net: NetName=PHASE2_3V3 Pin=Q4-6
Added Pin To Net: NetName=PHASE2_3V3 Pin=Q4-7
Added Pin To Net: NetName=+VIN Pin=Q4-8
Added Member To Class: ClassName=[05] - POWER Member=Component Q4 SI4816BDY-T1-GE3
Added Room: Name=[05] - POWER
Added Room: Name=[09] - PCB AND MECHANICALS
