Removed Pin From Net: NetName=GND Pin=MH6-1
Removed Pin From Net: NetName=GND Pin=MH7-1
Removed Pin From Net: NetName=GND Pin=MH8-1
Removed Pin From Net: NetName=GND Pin=MH9-1
Removed Member From Class: ClassName=[05] - PWR IN LEDS BUTTONS MECH Member=FID5
Removed Member From Class: ClassName=[05] - PWR IN LEDS BUTTONS MECH Member=FID6
Removed Member From Class: ClassName=[05] - PWR IN LEDS BUTTONS MECH Member=FID7
Removed Member From Class: ClassName=[05] - PWR IN LEDS BUTTONS MECH Member=FID8
Removed Member From Class: ClassName=[05] - PWR IN LEDS BUTTONS MECH Member=MH6
Removed Member From Class: ClassName=[05] - PWR IN LEDS BUTTONS MECH Member=MH7
Removed Member From Class: ClassName=[05] - PWR IN LEDS BUTTONS MECH Member=MH8
Removed Member From Class: ClassName=[05] - PWR IN LEDS BUTTONS MECH Member=MH9
Added Room: Name=[04] - POWERS +5V, +3V3
Added Room: Name=[05] - PWR IN LEDS BUTTONS MECH
Added Room: Name=[06] - MISC JTAG HEADERS
Added Room: Name=[07] - ETHERNET
Added Room: Name=[08] - USB
Added Room: Name=[09] - SATA
Added Room: Name=[10] - CONNECTOR
Added Room: Name=[11] - WIFI
Added Room: Name=[12] - HDMI
Added Room: Name=[13] - UART
Added Room: Name=[14] - STONE LCD
