Removed Pin From Net: NetName=NetP3_1 Pin=R22-1
Removed Pin From Net: NetName=NetK1_6 Pin=R22-2
Removed Pin From Net: NetName=NetK1_5 Pin=R23-1
Removed Pin From Net: NetName=NetP3_1 Pin=R23-2
Removed Pin From Net: NetName=NetK2_5 Pin=R27-1
Removed Pin From Net: NetName=NetP3_3 Pin=R27-2
Removed Pin From Net: NetName=NetP3_3 Pin=R28-1
Removed Pin From Net: NetName=NetK2_6 Pin=R28-2
Removed Member From Class: ClassName=[13] - COMM INTERFACES Member=J15
Added Component: Designator=R63(R0805)
Added Component: Designator=R64(R0805)
Added Component: Designator=R65(R0805)
Added Component: Designator=R66(R0805)
Added Pin To Net: NetName=GND Pin=R22-1
Added Pin To Net: NetName=NetJ2_9 Pin=R22-2
Added Pin To Net: NetName=NetJ2_2 Pin=R23-1
Added Pin To Net: NetName=NetQ3_3 Pin=R23-2
Added Pin To Net: NetName=NetQ4_1 Pin=R27-1
Added Pin To Net: NetName=+3V3 Pin=R27-2
Added Pin To Net: NetName=NetQ3_1 Pin=R28-1
Added Pin To Net: NetName=+3V3 Pin=R28-2
Added Pin To Net: NetName=NetK2_5 Pin=R27-1
Added Pin To Net: NetName=NetP3_3 Pin=R27-2
Added Pin To Net: NetName=NetK1_5 Pin=R23-1
Added Pin To Net: NetName=NetP3_1 Pin=R23-2
Added Pin To Net: NetName=NetP3_3 Pin=R28-1
Added Pin To Net: NetName=NetK2_6 Pin=R28-2
Added Pin To Net: NetName=NetP3_1 Pin=R22-1
Added Pin To Net: NetName=NetK1_6 Pin=R22-2
