Reset Component Physical Designator: Old Designator=C1 New Designator=C64
Reset Component Physical Designator: Old Designator=C2 New Designator=C58
Reset Component Physical Designator: Old Designator=C3 New Designator=C59
Reset Component Physical Designator: Old Designator=C4 New Designator=C62
Reset Component Physical Designator: Old Designator=C5 New Designator=C65
Reset Component Physical Designator: Old Designator=C6 New Designator=C63
Reset Component Physical Designator: Old Designator=C7 New Designator=C53
Reset Component Physical Designator: Old Designator=C8 New Designator=C52
Reset Component Physical Designator: Old Designator=C9 New Designator=C42
Reset Component Physical Designator: Old Designator=C10 New Designator=C51
Reset Component Physical Designator: Old Designator=C11 New Designator=C45
Reset Component Physical Designator: Old Designator=C12 New Designator=C44
Reset Component Physical Designator: Old Designator=C13 New Designator=C43
Reset Component Physical Designator: Old Designator=C14 New Designator=C48
Reset Component Physical Designator: Old Designator=C15 New Designator=C60
Reset Component Physical Designator: Old Designator=C16 New Designator=C56
Reset Component Physical Designator: Old Designator=C17 New Designator=C61
Reset Component Physical Designator: Old Designator=C18 New Designator=C49
Reset Component Physical Designator: Old Designator=C19 New Designator=C57
Reset Component Physical Designator: Old Designator=C20 New Designator=C50
Reset Component Physical Designator: Old Designator=C23 New Designator=C5
Reset Component Physical Designator: Old Designator=C28 New Designator=C7
Reset Component Physical Designator: Old Designator=C29 New Designator=C13
Reset Component Physical Designator: Old Designator=C30 New Designator=C31
Reset Component Physical Designator: Old Designator=C32 New Designator=C6
Reset Component Physical Designator: Old Designator=C33 New Designator=C38
Reset Component Physical Designator: Old Designator=C34 New Designator=C39
Reset Component Physical Designator: Old Designator=C36 New Designator=C16
Reset Component Physical Designator: Old Designator=C37 New Designator=C17
Reset Component Physical Designator: Old Designator=C38 New Designator=C18
Reset Component Physical Designator: Old Designator=C39 New Designator=C19
Reset Component Physical Designator: Old Designator=C40 New Designator=C34
Reset Component Physical Designator: Old Designator=C41 New Designator=C37
Reset Component Physical Designator: Old Designator=C42 New Designator=C10
Reset Component Physical Designator: Old Designator=C43 New Designator=C9
Reset Component Physical Designator: Old Designator=C44 New Designator=C11
Reset Component Physical Designator: Old Designator=C45 New Designator=C12
Reset Component Physical Designator: Old Designator=C49 New Designator=C35
Reset Component Physical Designator: Old Designator=C52 New Designator=C28
Reset Component Physical Designator: Old Designator=C53 New Designator=C30
Reset Component Physical Designator: Old Designator=C54 New Designator=C29
Reset Component Physical Designator: Old Designator=C57 New Designator=C66
Reset Component Physical Designator: Old Designator=C59 New Designator=C36
Reset Component Physical Designator: Old Designator=C62 New Designator=C8
Reset Component Physical Designator: Old Designator=C63 New Designator=C67
Reset Component Physical Designator: Old Designator=C64 New Designator=C14
Reset Component Physical Designator: Old Designator=C65 New Designator=C15
Reset Component Physical Designator: Old Designator=C66 New Designator=C83
Reset Component Physical Designator: Old Designator=C67 New Designator=C47
Reset Component Physical Designator: Old Designator=C68 New Designator=C55
Reset Component Physical Designator: Old Designator=C69 New Designator=C54
Reset Component Physical Designator: Old Designator=C70 New Designator=C40
Reset Component Physical Designator: Old Designator=C71 New Designator=C41
Reset Component Physical Designator: Old Designator=C72 New Designator=C46
Reset Component Physical Designator: Old Designator=C73 New Designator=C33
Reset Component Physical Designator: Old Designator=C74 New Designator=C32
Reset Component Physical Designator: Old Designator=D1 New Designator=D16
Reset Component Physical Designator: Old Designator=D2 New Designator=D15
Reset Component Physical Designator: Old Designator=D5 New Designator=D17
Reset Component Physical Designator: Old Designator=D6 New Designator=D21
Reset Component Physical Designator: Old Designator=D7 New Designator=D20
Reset Component Physical Designator: Old Designator=D8 New Designator=D14
Reset Component Physical Designator: Old Designator=D9 New Designator=D25
Reset Component Physical Designator: Old Designator=D10 New Designator=D24
Reset Component Physical Designator: Old Designator=D11 New Designator=D28
Reset Component Physical Designator: Old Designator=D12 New Designator=D29
Reset Component Physical Designator: Old Designator=D13 New Designator=D27
Reset Component Physical Designator: Old Designator=D14 New Designator=D26
Reset Component Physical Designator: Old Designator=D16 New Designator=D1
Reset Component Physical Designator: Old Designator=D17 New Designator=D2
Reset Component Physical Designator: Old Designator=D22 New Designator=D4
Reset Component Physical Designator: Old Designator=D23 New Designator=D6
Reset Component Physical Designator: Old Designator=D24 New Designator=D13
Reset Component Physical Designator: Old Designator=D25 New Designator=D8
Reset Component Physical Designator: Old Designator=D26 New Designator=D7
Reset Component Physical Designator: Old Designator=D27 New Designator=D19
Reset Component Physical Designator: Old Designator=D28 New Designator=D18
Reset Component Physical Designator: Old Designator=D29 New Designator=D12
Reset Component Physical Designator: Old Designator=D30 New Designator=D11
Reset Component Physical Designator: Old Designator=D31 New Designator=D9
Reset Component Physical Designator: Old Designator=D32 New Designator=D10
Reset Component Physical Designator: Old Designator=D33 New Designator=D5
Reset Component Physical Designator: Old Designator=F1 New Designator=F5
Reset Component Physical Designator: Old Designator=F2 New Designator=F4
Reset Component Physical Designator: Old Designator=F3 New Designator=F3
Reset Component Physical Designator: Old Designator=F4 New Designator=F1
Reset Component Physical Designator: Old Designator=F5 New Designator=F2
Reset Component Physical Designator: Old Designator=FB1 New Designator=FB4
Reset Component Physical Designator: Old Designator=FB2 New Designator=FB2
Reset Component Physical Designator: Old Designator=FB3 New Designator=FB1
Reset Component Physical Designator: Old Designator=FB4 New Designator=FB3
Reset Component Physical Designator: Old Designator=FID1 New Designator=FID1
Reset Component Physical Designator: Old Designator=FID2 New Designator=FID2
Reset Component Physical Designator: Old Designator=FID3 New Designator=FID4
Reset Component Physical Designator: Old Designator=FID4 New Designator=FID3
Reset Component Physical Designator: Old Designator=J1 New Designator=J11
Reset Component Physical Designator: Old Designator=J2 New Designator=J26
Reset Component Physical Designator: Old Designator=J3 New Designator=J10
Reset Component Physical Designator: Old Designator=J4 New Designator=J9
Reset Component Physical Designator: Old Designator=J5 New Designator=J29
Reset Component Physical Designator: Old Designator=J6 New Designator=J32
Reset Component Physical Designator: Old Designator=J7 New Designator=J33
Reset Component Physical Designator: Old Designator=J8 New Designator=J30
Reset Component Physical Designator: Old Designator=J9 New Designator=J34
Reset Component Physical Designator: Old Designator=J11 New Designator=J8
Reset Component Physical Designator: Old Designator=J11 New Designator=J8
Reset Component Physical Designator: Old Designator=J11 New Designator=J8
Reset Component Physical Designator: Old Designator=J11 New Designator=J8
Reset Component Physical Designator: Old Designator=J11 New Designator=J8
Reset Component Physical Designator: Old Designator=J12 New Designator=J2
Reset Component Physical Designator: Old Designator=J13 New Designator=J3
Reset Component Physical Designator: Old Designator=J14 New Designator=J1
Reset Component Physical Designator: Old Designator=J17 New Designator=J6
Reset Component Physical Designator: Old Designator=J18 New Designator=J7
Reset Component Physical Designator: Old Designator=J19 New Designator=J5
Reset Component Physical Designator: Old Designator=J20 New Designator=J4
Reset Component Physical Designator: Old Designator=J21 New Designator=J27
Reset Component Physical Designator: Old Designator=K1 New Designator=K2
Reset Component Physical Designator: Old Designator=K2 New Designator=K1
Reset Component Physical Designator: Old Designator=L1 New Designator=L10
Reset Component Physical Designator: Old Designator=L2 New Designator=L9
Reset Component Physical Designator: Old Designator=L4 New Designator=L3
Reset Component Physical Designator: Old Designator=L5 New Designator=L5
Reset Component Physical Designator: Old Designator=L6 New Designator=L2
Reset Component Physical Designator: Old Designator=L7 New Designator=L11
Reset Component Physical Designator: Old Designator=L8 New Designator=L6
Reset Component Physical Designator: Old Designator=L9 New Designator=L1
Reset Component Physical Designator: Old Designator=L10 New Designator=L4
Reset Component Physical Designator: Old Designator=L11 New Designator=L7
Reset Component Physical Designator: Old Designator=L12 New Designator=L8
Reset Component Physical Designator: Old Designator=MH1 New Designator=MH1
Reset Component Physical Designator: Old Designator=MH2 New Designator=MH3
Reset Component Physical Designator: Old Designator=MH3 New Designator=MH5
Reset Component Physical Designator: Old Designator=MH4 New Designator=MH8
Reset Component Physical Designator: Old Designator=MH5 New Designator=MH6
Reset Component Physical Designator: Old Designator=MH6 New Designator=MH7
Reset Component Physical Designator: Old Designator=MH7 New Designator=MH2
Reset Component Physical Designator: Old Designator=MH8 New Designator=MH4
Reset Component Physical Designator: Old Designator=P1 New Designator=P8
Reset Component Physical Designator: Old Designator=P1 New Designator=Plug1
Reset Component Physical Designator: Old Designator=P2 New Designator=P9
Reset Component Physical Designator: Old Designator=P2 New Designator=Plug2
Reset Component Physical Designator: Old Designator=P3 New Designator=P5
Reset Component Physical Designator: Old Designator=P3 New Designator=Plug3
Reset Component Physical Designator: Old Designator=P4 New Designator=P4
Reset Component Physical Designator: Old Designator=P4 New Designator=Plug4
Reset Component Physical Designator: Old Designator=P5 New Designator=P1
Reset Component Physical Designator: Old Designator=PCB1 New Designator=PCB1
Reset Component Physical Designator: Old Designator=Q2 New Designator=Q8
Reset Component Physical Designator: Old Designator=Q3 New Designator=Q5
Reset Component Physical Designator: Old Designator=Q4 New Designator=Q4
Reset Component Physical Designator: Old Designator=Q5 New Designator=Q6
Reset Component Physical Designator: Old Designator=Q6 New Designator=Q7
Reset Component Physical Designator: Old Designator=Q7 New Designator=Q2
Reset Component Physical Designator: Old Designator=Q8 New Designator=Q3
Reset Component Physical Designator: Old Designator=R1 New Designator=R43
Reset Component Physical Designator: Old Designator=R2 New Designator=R42
Reset Component Physical Designator: Old Designator=R3 New Designator=R37
Reset Component Physical Designator: Old Designator=R4 New Designator=R36
Reset Component Physical Designator: Old Designator=R5 New Designator=R39
Reset Component Physical Designator: Old Designator=R6 New Designator=R38
Reset Component Physical Designator: Old Designator=R7 New Designator=R76
Reset Component Physical Designator: Old Designator=R8 New Designator=R64
Reset Component Physical Designator: Old Designator=R9 New Designator=R63
Reset Component Physical Designator: Old Designator=R10 New Designator=R71
Reset Component Physical Designator: Old Designator=R11 New Designator=R74
Reset Component Physical Designator: Old Designator=R12 New Designator=R61
Reset Component Physical Designator: Old Designator=R13 New Designator=R59
Reset Component Physical Designator: Old Designator=R14 New Designator=R49
Reset Component Physical Designator: Old Designator=R15 New Designator=R50
Reset Component Physical Designator: Old Designator=R16 New Designator=R53
Reset Component Physical Designator: Old Designator=R17 New Designator=R51
Reset Component Physical Designator: Old Designator=R19 New Designator=R57
Reset Component Physical Designator: Old Designator=R20 New Designator=R56
Reset Component Physical Designator: Old Designator=R21 New Designator=R73
Reset Component Physical Designator: Old Designator=R22 New Designator=R52
Reset Component Physical Designator: Old Designator=R23 New Designator=R54
Reset Component Physical Designator: Old Designator=R24 New Designator=R48
Reset Component Physical Designator: Old Designator=R25 New Designator=R40
Reset Component Physical Designator: Old Designator=R26 New Designator=R55
Reset Component Physical Designator: Old Designator=R30 New Designator=R45
Reset Component Physical Designator: Old Designator=R31 New Designator=R46
Reset Component Physical Designator: Old Designator=R32 New Designator=R66
Reset Component Physical Designator: Old Designator=R33 New Designator=R65
Reset Component Physical Designator: Old Designator=R34 New Designator=R24
Reset Component Physical Designator: Old Designator=R35 New Designator=R69
Reset Component Physical Designator: Old Designator=R36 New Designator=R70
Reset Component Physical Designator: Old Designator=R37 New Designator=R47
Reset Component Physical Designator: Old Designator=R38 New Designator=R67
Reset Component Physical Designator: Old Designator=R39 New Designator=R68
Reset Component Physical Designator: Old Designator=R40 New Designator=R10
Reset Component Physical Designator: Old Designator=R41 New Designator=R5
Reset Component Physical Designator: Old Designator=R42 New Designator=R1
Reset Component Physical Designator: Old Designator=R43 New Designator=R2
Reset Component Physical Designator: Old Designator=R46 New Designator=R4
Reset Component Physical Designator: Old Designator=R49 New Designator=R3
Reset Component Physical Designator: Old Designator=R50 New Designator=R22
Reset Component Physical Designator: Old Designator=R51 New Designator=R23
Reset Component Physical Designator: Old Designator=R53 New Designator=R6
Reset Component Physical Designator: Old Designator=R54 New Designator=R8
Reset Component Physical Designator: Old Designator=R55 New Designator=R9
Reset Component Physical Designator: Old Designator=R56 New Designator=R7
Reset Component Physical Designator: Old Designator=R57 New Designator=R20
Reset Component Physical Designator: Old Designator=R58 New Designator=R19
Reset Component Physical Designator: Old Designator=R59 New Designator=R18
Reset Component Physical Designator: Old Designator=R63 New Designator=R58
Reset Component Physical Designator: Old Designator=R64 New Designator=R75
Reset Component Physical Designator: Old Designator=R65 New Designator=R72
Reset Component Physical Designator: Old Designator=R67 New Designator=R30
Reset Component Physical Designator: Old Designator=R68 New Designator=R62
Reset Component Physical Designator: Old Designator=R70 New Designator=R34
Reset Component Physical Designator: Old Designator=R71 New Designator=R27
Reset Component Physical Designator: Old Designator=R72 New Designator=R35
Reset Component Physical Designator: Old Designator=R73 New Designator=R28
Reset Component Physical Designator: Old Designator=R74 New Designator=R29
Reset Component Physical Designator: Old Designator=R75 New Designator=R33
Reset Component Physical Designator: Old Designator=R76 New Designator=R32
Reset Component Physical Designator: Old Designator=R77 New Designator=R31
Reset Component Physical Designator: Old Designator=R78 New Designator=R26
Reset Component Physical Designator: Old Designator=R79 New Designator=R25
Reset Component Physical Designator: Old Designator=S1 New Designator=S4
Reset Component Physical Designator: Old Designator=S2 New Designator=S2
Reset Component Physical Designator: Old Designator=S3 New Designator=S3
Reset Component Physical Designator: Old Designator=S4 New Designator=S1
Reset Component Physical Designator: Old Designator=T1 New Designator=T1
Reset Component Physical Designator: Old Designator=TP1 New Designator=TP4
Reset Component Physical Designator: Old Designator=TP2 New Designator=TP3
Reset Component Physical Designator: Old Designator=TP3 New Designator=TP1
Reset Component Physical Designator: Old Designator=TP4 New Designator=TP2
Reset Component Physical Designator: Old Designator=U1 New Designator=U18
Reset Component Physical Designator: Old Designator=U2 New Designator=U25
Reset Component Physical Designator: Old Designator=U3 New Designator=U28
Reset Component Physical Designator: Old Designator=U4 New Designator=U21
Reset Component Physical Designator: Old Designator=U5 New Designator=U24
Reset Component Physical Designator: Old Designator=U6 New Designator=U3
Reset Component Physical Designator: Old Designator=U7 New Designator=U4
Reset Component Physical Designator: Old Designator=U8 New Designator=U10
Reset Component Physical Designator: Old Designator=U9 New Designator=U5
Reset Component Physical Designator: Old Designator=U10 New Designator=U6
Reset Component Physical Designator: Old Designator=U11 New Designator=U2
Reset Component Physical Designator: Old Designator=U12 New Designator=U8
Reset Component Physical Designator: Old Designator=U13 New Designator=U7
Reset Component Physical Designator: Old Designator=U15 New Designator=U1
Reset Component Physical Designator: Old Designator=U16 New Designator=U9
Reset Component Physical Designator: Old Designator=U17 New Designator=U14
Reset Component Physical Designator: Old Designator=U19 New Designator=U15
Reset Component Physical Designator: Old Designator=U21 New Designator=U11
Reset Component Physical Designator: Old Designator=U22 New Designator=U12
Reset Component Physical Designator: Old Designator=U23 New Designator=U19
Reset Component Physical Designator: Old Designator=U24 New Designator=U27
Reset Component Physical Designator: Old Designator=U25 New Designator=U29
Reset Component Physical Designator: Old Designator=U26 New Designator=U26
Reset Component Physical Designator: Old Designator=U27 New Designator=U17
Reset Component Physical Designator: Old Designator=U28 New Designator=U16
Reset Component Physical Designator: Old Designator=Y1 New Designator=Y2
