Added Component: Designator=J9(CONN220_3-631849 - WM)
Add component. Clean all parameters for all variants
Add component (AddParameter): Name = "Built_By"; Value = "EMA_UL_Team"; VariantName = "[No Variations]"
Add component (AddParameter): Name = "C"; Value = "Copyright (C) 2015 Accelerated Designs. All rights reserved"; VariantName = "[No Variations]"
Add component (AddParameter): Name = "Copyright"; Value = "Copyright (C) 2016 Accelerated Designs. All rights reserved"; VariantName = "[No Variations]"
Add component (AddParameter): Name = "Manufacturer_Part_Number"; Value = "3-6318491-6"; VariantName = "[No Variations]"
Add component (AddParameter): Name = "PITCH(MM)"; Value = "0.5"; VariantName = "[No Variations]"
Add component (AddParameter): Name = "POSITIONS"; Value = "220"; VariantName = "[No Variations]"
Add component (AddParameter): Name = "PRODUCT"; Value = "Connector"; VariantName = "[No Variations]"
Add component (AddParameter): Name = "RefDes"; Value = "RefDes"; VariantName = "[No Variations]"
Add component (AddParameter): Name = "ROWS/CONFIG"; Value = "2"; VariantName = "[No Variations]"
Add component (AddParameter): Name = "TE_Part_Number"; Value = "3-6318491-6"; VariantName = "[No Variations]"
Add component (AddParameter): Name = "Type"; Value = "DEV"; VariantName = "[No Variations]"
Add component (AddParameter): Name = "Value"; Value = "Value"; VariantName = "[No Variations]"
Add component (AddParameter): Name = "Vendor"; Value = "TE Connectivity"; VariantName = "[No Variations]"
Added Pin To Net: NetName=GND Pin=J9-A1
Added Pin To Net: NetName=TRD3_N Pin=J9-A2
Added Pin To Net: NetName=TRD3_P Pin=J9-A3
Added Pin To Net: NetName=GBE0_LINK100# Pin=J9-A4
Added Pin To Net: NetName=GBE0_LINK1000# Pin=J9-A5
Added Pin To Net: NetName=TRD2_N Pin=J9-A6
Added Pin To Net: NetName=TRD2_P Pin=J9-A7
Added Pin To Net: NetName=NetJ4_11 Pin=J9-A8
Added Pin To Net: NetName=TRD1_N Pin=J9-A9
Added Pin To Net: NetName=TRD1_P Pin=J9-A10
Added Pin To Net: NetName=GND Pin=J9-A11
Added Pin To Net: NetName=TRD0_N Pin=J9-A12
Added Pin To Net: NetName=TRD0_P Pin=J9-A13
Added Pin To Net: NetName=NetC9_2 Pin=J9-A14
Added Pin To Net: NetName=SUS_S3 Pin=J9-A15
Added Pin To Net: NetName=SATA_CON_TX_P Pin=J9-A16
Added Pin To Net: NetName=SATA_CON_TX_N Pin=J9-A17
Added Pin To Net: NetName=SUS_S4# Pin=J9-A18
Added Pin To Net: NetName=SATA_CON_RX_P Pin=J9-A19
Added Pin To Net: NetName=SATA_CON_RX_N Pin=J9-A20
Added Pin To Net: NetName=GND Pin=J9-A21
Added Pin To Net: NetName=SSRX0_N Pin=J9-A22
Added Pin To Net: NetName=SSRX0_P Pin=J9-A23
Added Pin To Net: NetName=SUS_S5# Pin=J9-A24
Added Pin To Net: NetName=SSRX1_N Pin=J9-A25
Added Pin To Net: NetName=SSRX1_P Pin=J9-A26
Added Pin To Net: NetName=BATLOW# Pin=J9-A27
Added Pin To Net: NetName=NetJ9_A28 Pin=J9-A28
Added Pin To Net: NetName=HDA_SYNC Pin=J9-A29
Added Pin To Net: NetName=HDA_RST# Pin=J9-A30
Added Pin To Net: NetName=GND Pin=J9-A31
Added Pin To Net: NetName=HDA_BITCLK Pin=J9-A32
Added Pin To Net: NetName=HDA_SDOUT Pin=J9-A33
Added Pin To Net: NetName=BIOS_DISABLE# Pin=J9-A34
Added Pin To Net: NetName=THRMTRIP# Pin=J9-A35
Added Pin To Net: NetName=NetJ9_A36 Pin=J9-A36
Added Pin To Net: NetName=NetJ9_A37 Pin=J9-A37
Added Pin To Net: NetName=NetJ9_A38 Pin=J9-A38
Added Pin To Net: NetName=NetJ9_A39 Pin=J9-A39
Added Pin To Net: NetName=NetJ9_A40 Pin=J9-A40
Added Pin To Net: NetName=GND Pin=J9-A41
Added Pin To Net: NetName=USB2_N Pin=J9-A42
Added Pin To Net: NetName=USB2_P Pin=J9-A43
Added Pin To Net: NetName=NetJ9_A44 Pin=J9-A44
Added Pin To Net: NetName=USB0_N Pin=J9-A45
Added Pin To Net: NetName=USB0_P Pin=J9-A46
Added Pin To Net: NetName=VCC_RTC Pin=J9-A47
Added Pin To Net: NetName=EXCD0_PERST# Pin=J9-A48
Added Pin To Net: NetName=EXCD0_CPPE# Pin=J9-A49
Added Pin To Net: NetName=LPC_SERIRQ Pin=J9-A50
Added Pin To Net: NetName=GND Pin=J9-A51
Added Pin To Net: NetName=RSVD1 Pin=J9-A52
Added Pin To Net: NetName=RSVD2 Pin=J9-A53
Added Pin To Net: NetName=NetJ9_A54 Pin=J9-A54
Added Pin To Net: NetName=RSVD3 Pin=J9-A55
Added Pin To Net: NetName=RSVD4 Pin=J9-A56
Added Pin To Net: NetName=GND Pin=J9-A57
Added Pin To Net: NetName=PCIE_TX3+ Pin=J9-A58
Added Pin To Net: NetName=PCIE_TX3- Pin=J9-A59
Added Pin To Net: NetName=GND Pin=J9-A60
Added Pin To Net: NetName=PCIE_TX2+ Pin=J9-A61
Added Pin To Net: NetName=PCIE_TX2- Pin=J9-A62
Added Pin To Net: NetName=NetJ9_A63 Pin=J9-A63
Added Pin To Net: NetName=PCIE_TX1+ Pin=J9-A64
Added Pin To Net: NetName=PCIE_TX1- Pin=J9-A65
Added Pin To Net: NetName=GND Pin=J9-A66
Added Pin To Net: NetName=NetJ9_A67 Pin=J9-A67
Added Pin To Net: NetName=PCIE_TX0+ Pin=J9-A68
Added Pin To Net: NetName=PCIE_TX0- Pin=J9-A69
Added Pin To Net: NetName=GND Pin=J9-A70
Added Pin To Net: NetName=LVDS_A0+ Pin=J9-A71
Added Pin To Net: NetName=LVDS_A0- Pin=J9-A72
Added Pin To Net: NetName=LVDS_A1+ Pin=J9-A73
Added Pin To Net: NetName=LVDS_A1- Pin=J9-A74
Added Pin To Net: NetName=LVDS_A2+ Pin=J9-A75
Added Pin To Net: NetName=LVDS_A2- Pin=J9-A76
Added Pin To Net: NetName=LVDS_VDD_EN Pin=J9-A77
Added Pin To Net: NetName=LVDS_A3+ Pin=J9-A78
Added Pin To Net: NetName=LVDS_A3- Pin=J9-A79
Added Pin To Net: NetName=GND Pin=J9-A80
Added Pin To Net: NetName=LVDS_A_CK+ Pin=J9-A81
Added Pin To Net: NetName=LVDS_I2C_CK Pin=J9-A83
Added Pin To Net: NetName=LVDS_I2C_DAT Pin=J9-A84
Added Pin To Net: NetName=NetJ9_A85 Pin=J9-A85
Added Pin To Net: NetName=RSVD5 Pin=J9-A86
Added Pin To Net: NetName=EDP_HPD Pin=J9-A87
Added Pin To Net: NetName=PCIE_CLK_REF+ Pin=J9-A88
Added Pin To Net: NetName=PCIE_CLK_REF- Pin=J9-A89
Added Pin To Net: NetName=GND Pin=J9-A90
Added Pin To Net: NetName=SPI_PWR Pin=J9-A91
Added Pin To Net: NetName=SPI_MISO Pin=J9-A92
Added Pin To Net: NetName=NetJ9_A93 Pin=J9-A93
Added Pin To Net: NetName=SPI_CLK Pin=J9-A94
Added Pin To Net: NetName=SPI_MOSI Pin=J9-A95
Added Pin To Net: NetName=TPM_PP Pin=J9-A96
Added Pin To Net: NetName=TYPE10# Pin=J9-A97
Added Pin To Net: NetName=NetJ9_A98 Pin=J9-A98
Added Pin To Net: NetName=NetJ9_A99 Pin=J9-A99
Added Pin To Net: NetName=NetJ5_8 Pin=J9-A101
Added Pin To Net: NetName=NetJ5_1 Pin=J9-A102
Added Pin To Net: NetName=LID# Pin=J9-A103
Added Pin To Net: NetName=+VIN Pin=J9-A104
Added Pin To Net: NetName=+VIN Pin=J9-A105
Added Pin To Net: NetName=+VIN Pin=J9-A106
Added Pin To Net: NetName=+VIN Pin=J9-A107
Added Pin To Net: NetName=+VIN Pin=J9-A108
Added Pin To Net: NetName=+VIN Pin=J9-A109
Added Pin To Net: NetName=GND Pin=J9-A110
Added Pin To Net: NetName=GND Pin=J9-B1
Added Pin To Net: NetName=NetJ4_9 Pin=J9-B2
Added Pin To Net: NetName=LPC_FRAME# Pin=J9-B3
Added Pin To Net: NetName=LPC_AD0 Pin=J9-B4
Added Pin To Net: NetName=LPC_AD1 Pin=J9-B5
Added Pin To Net: NetName=LPC_AD2 Pin=J9-B6
Added Pin To Net: NetName=LPC_AD3 Pin=J9-B7
Added Pin To Net: NetName=LPC_DRQ0# Pin=J9-B8
Added Pin To Net: NetName=LPC_DRQ1# Pin=J9-B9
Added Pin To Net: NetName=LPC_CLK Pin=J9-B10
Added Pin To Net: NetName=GND Pin=J9-B11
Added Pin To Net: NetName=NetJ9_B12 Pin=J9-B12
Added Pin To Net: NetName=SMB_CK Pin=J9-B13
Added Pin To Net: NetName=SMB_DAT Pin=J9-B14
Added Pin To Net: NetName=SMB_ALERT# Pin=J9-B15
Added Pin To Net: NetName=SATA1_TX+ Pin=J9-B16
Added Pin To Net: NetName=SATA1_TX- Pin=J9-B17
Added Pin To Net: NetName=SUS_STAT# Pin=J9-B18
Added Pin To Net: NetName=NetJ9_B19 Pin=J9-B19
Added Pin To Net: NetName=NetJ9_B20 Pin=J9-B20
Added Pin To Net: NetName=GND Pin=J9-B21
Added Pin To Net: NetName=SSTX0_N Pin=J9-B22
Added Pin To Net: NetName=SSTX0_P Pin=J9-B23
Added Pin To Net: NetName=NetJ9_B24 Pin=J9-B24
Added Pin To Net: NetName=SSTX1_N Pin=J9-B25
Added Pin To Net: NetName=SSTX1_P Pin=J9-B26
Added Pin To Net: NetName=WDT Pin=J9-B27
Added Pin To Net: NetName=HDA_SDIN2 Pin=J9-B28
Added Pin To Net: NetName=HDA_SDIN1 Pin=J9-B29
Added Pin To Net: NetName=HDA_SDIN0 Pin=J9-B30
Added Pin To Net: NetName=GND Pin=J9-B31
Added Pin To Net: NetName=SPKR Pin=J9-B32
Added Pin To Net: NetName=NetJ9_B33 Pin=J9-B33
Added Pin To Net: NetName=NetJ9_B34 Pin=J9-B34
Added Pin To Net: NetName=THRM# Pin=J9-B35
Added Pin To Net: NetName=NetJ9_B36 Pin=J9-B36
Added Pin To Net: NetName=NetJ9_B37 Pin=J9-B37
Added Pin To Net: NetName=NetJ9_B38 Pin=J9-B38
Added Pin To Net: NetName=NetJ9_B39 Pin=J9-B39
Added Pin To Net: NetName=NetJ9_B40 Pin=J9-B40
Added Pin To Net: NetName=GND Pin=J9-B41
Added Pin To Net: NetName=USB3_N Pin=J9-B42
Added Pin To Net: NetName=USB3_P Pin=J9-B43
Added Pin To Net: NetName=NetJ9_B44 Pin=J9-B44
Added Pin To Net: NetName=USB1_N Pin=J9-B45
Added Pin To Net: NetName=USB1_P Pin=J9-B46
Added Pin To Net: NetName=EXCD1_PERST# Pin=J9-B47
Added Pin To Net: NetName=EXCD1_CPPE# Pin=J9-B48
Added Pin To Net: NetName=NetC53_2 Pin=J9-B49
Added Pin To Net: NetName=NetJ9_B50 Pin=J9-B50
Added Pin To Net: NetName=GND Pin=J9-B51
Added Pin To Net: NetName=RSVD6 Pin=J9-B52
Added Pin To Net: NetName=RSVD7 Pin=J9-B53
Added Pin To Net: NetName=NetJ9_B54 Pin=J9-B54
Added Pin To Net: NetName=RSVD8 Pin=J9-B55
Added Pin To Net: NetName=RSVD9 Pin=J9-B56
Added Pin To Net: NetName=NetJ9_B57 Pin=J9-B57
Added Pin To Net: NetName=PCIE_RX3+ Pin=J9-B58
Added Pin To Net: NetName=PCIE_RX3- Pin=J9-B59
Added Pin To Net: NetName=GND Pin=J9-B60
Added Pin To Net: NetName=PCIE_RX2+ Pin=J9-B61
Added Pin To Net: NetName=PCIE_RX2- Pin=J9-B62
Added Pin To Net: NetName=NetJ9_B63 Pin=J9-B63
Added Pin To Net: NetName=PCIE_RX1+ Pin=J9-B64
Added Pin To Net: NetName=PCIE_RX1- Pin=J9-B65
Added Pin To Net: NetName=WAKE0# Pin=J9-B66
Added Pin To Net: NetName=WAKE1# Pin=J9-B67
Added Pin To Net: NetName=PCIE_RX0+ Pin=J9-B68
Added Pin To Net: NetName=PCIE_RX0- Pin=J9-B69
Added Pin To Net: NetName=GND Pin=J9-B70
Added Pin To Net: NetName=HDMI_D0_TRC_P Pin=J9-B71
Added Pin To Net: NetName=HDMI_D0_TRC_N Pin=J9-B72
Added Pin To Net: NetName=HDMI_D1_TRC_P Pin=J9-B73
Added Pin To Net: NetName=HDMI_D1_TRC_N Pin=J9-B74
Added Pin To Net: NetName=HDMI_D2_TRC_P Pin=J9-B75
Added Pin To Net: NetName=HDMI_D2_TRC_N Pin=J9-B76
Added Pin To Net: NetName=DDI0_PAIR4+ Pin=J9-B77
Added Pin To Net: NetName=DDI0_PAIR4- Pin=J9-B78
Added Pin To Net: NetName=LVDS_BKLT_EN Pin=J9-B79
Added Pin To Net: NetName=GND Pin=J9-B80
Added Pin To Net: NetName=HDMI_D3_TRC_P Pin=J9-B81
Added Pin To Net: NetName=HDMI_D3_TRC_N Pin=J9-B82
Added Pin To Net: NetName=LVDS_BKLT_CTRL Pin=J9-B83
Added Pin To Net: NetName=BIOS_DIS1# Pin=J9-B88
Added Pin To Net: NetName=NetJ9_B89 Pin=J9-B89
Added Pin To Net: NetName=GND Pin=J9-B90
Added Pin To Net: NetName=DDI0_PAIR5+ Pin=J9-B91
Added Pin To Net: NetName=DDI0_PAIR5- Pin=J9-B92
Added Pin To Net: NetName=DDI0_PAIR6+ Pin=J9-B93
Added Pin To Net: NetName=DDI0_PAIR6- Pin=J9-B94
Added Pin To Net: NetName=NetJ9_B95 Pin=J9-B95
Added Pin To Net: NetName=USB_HOST_PRSNT Pin=J9-B96
Added Pin To Net: NetName=SPI_CS# Pin=J9-B97
Added Pin To Net: NetName=NetJ9_B98 Pin=J9-B98
Added Pin To Net: NetName=NetJ9_B99 Pin=J9-B99
Added Pin To Net: NetName=GND Pin=J9-B100
Added Pin To Net: NetName=FAN_PWMOUT Pin=J9-B101
Added Pin To Net: NetName=FAN_TACHIN Pin=J9-B102
Added Pin To Net: NetName=SLEEP# Pin=J9-B103
Added Pin To Net: NetName=+VIN Pin=J9-B104
Added Pin To Net: NetName=+VIN Pin=J9-B105
Added Pin To Net: NetName=+VIN Pin=J9-B106
Added Pin To Net: NetName=+VIN Pin=J9-B107
Added Pin To Net: NetName=+VIN Pin=J9-B108
Added Pin To Net: NetName=+VIN Pin=J9-B109
Added Pin To Net: NetName=GND Pin=J9-B110
Added Member To Class: ClassName=[04] - COMe CONNECTOR Member=Component J9 3-6318491-6
