Added Component: Designator=C39(PCAP_10x10-ELECT)
Added Component: Designator=C40(PCAP_10x10-ELECT)
Added Component: Designator=C42(1608[0603])
Added Component: Designator=C44(1608[0603])
Added Component: Designator=C45(CAP_P-B)
Added Component: Designator=C48(CAP_P-B)
Added Component: Designator=C49(1608[0603])
Added Component: Designator=C52(1608[0603])
Added Component: Designator=C53(1608[0603])
Added Component: Designator=C54(1608[0603])
Added Component: Designator=C55(1608[0603])
Added Component: Designator=C56(1608[0603])
Added Component: Designator=C57(1608[0603])
Added Component: Designator=C58(1608[0603])
Added Component: Designator=C59(1608[0603])
Added Component: Designator=C60(1608[0603])
Added Component: Designator=C61(1608[0603])
Added Component: Designator=D5(MMBZ6V2ALT1G)
Added Component: Designator=D6(PG-TSLP-3-7)
Added Component: Designator=D7(PG-TSLP-3-7)
Added Component: Designator=D8(PG-TSLP-3-7)
Added Component: Designator=D9(PG-TSLP-3-7)
Added Component: Designator=D10(PG-TSLP-3-7)
Added Component: Designator=D11(PG-TSLP-3-7)
Added Component: Designator=D12(DIODE-0.7)
Added Component: Designator=FB3(Ferrite bead)
Added Component: Designator=FB4(Ferrite bead)
Added Component: Designator=FB5(Ferrite bead)
Added Component: Designator=FB6(Ferrite bead)
Added Component: Designator=J8(USB 3 STACK)
Added Component: Designator=J9(DSUB1.385-2H9)
Added Component: Designator=J10(DSUB1.385-2H9)
Added Component: Designator=J13(DSUB1.385-2H9)
Added Component: Designator=J14(DSUB1.385-2H9)
Added Component: Designator=J15(DSUB1.385-2H9)
Added Component: Designator=LS1(BUZZER 9MM)
Added Component: Designator=P1(HDR1X4)
Added Component: Designator=P2(HDR1X5)
Added Component: Designator=P3(HDR1X4)
Added Component: Designator=Q5(SOT23_N)
Added Component: Designator=Q6(SOT23_N)
Added Component: Designator=R22(R0805)
Added Component: Designator=R23(R0805)
Added Component: Designator=R27(R0805)
Added Component: Designator=R28(R0805)
Added Component: Designator=R46(J1-0603)
Added Component: Designator=R47(J1-0603)
Added Component: Designator=R48(J1-0603)
Added Component: Designator=R49(J1-0603)
Added Component: Designator=R50(J1-0603)
Added Component: Designator=R51(J1-0603)
Added Component: Designator=R52(J1-0603)
Added Component: Designator=R53(J1-0603)
Added Component: Designator=R54(J1-0603)
Added Component: Designator=R55(J1-0603)
Added Component: Designator=R56(J1-0603)
Added Component: Designator=R57(J1-0603)
Added Component: Designator=R58(R0805)
Added Component: Designator=R59(R0805)
Added Component: Designator=R61(J1-0603)
Added Component: Designator=R62(J1-0603)
Added Component: Designator=U6(D8)
Added Component: Designator=U7(D8)
Added Component: Designator=U12(DIP-4)
Added Component: Designator=U13(DIP-4)
Added Component: Designator=U14(DIP-4)
Added Component: Designator=U15(DIP-4)
Added Pin To Net: NetName=+3V3 Pin=C44-2
Added Pin To Net: NetName=+3V3 Pin=C54-2
Added Pin To Net: NetName=+3V3 Pin=C59-2
Added Pin To Net: NetName=+3V3 Pin=LS1-1
Added Pin To Net: NetName=+3V3 Pin=R27-2
Added Pin To Net: NetName=+3V3 Pin=R28-2
Added Pin To Net: NetName=+3V3 Pin=R49-1
Added Pin To Net: NetName=+3V3 Pin=R53-1
Added Pin To Net: NetName=+3V3 Pin=U7-5
Added Net: Name=+3V3
Added Net: Name=+5V_LDO1
Added Net: Name=+5V_PVCC1
Added Net: Name=+5V_SBY
Added Pin To Net: NetName=+5V_USB0_VBUS Pin=D5-2
Added Pin To Net: NetName=+5V_USB0_VBUS Pin=FB3-2
Added Net: Name=+5V_USB0_VBUS
Added Pin To Net: NetName=+5V_USB1_VBUS Pin=D5-1
Added Pin To Net: NetName=+5V_USB1_VBUS Pin=FB5-2
Added Net: Name=+5V_USB1_VBUS
Added Pin To Net: NetName=+5V_USB2_VBUS Pin=FB4-2
Added Net: Name=+5V_USB2_VBUS
Added Pin To Net: NetName=+5V_USB3_VBUS Pin=FB6-2
Added Net: Name=+5V_USB3_VBUS
Added Net: Name=+5V_VCC1
Added Pin To Net: NetName=+5V Pin=C42-2
Added Pin To Net: NetName=+5V Pin=C49-2
Added Pin To Net: NetName=+5V Pin=R57-2
Added Pin To Net: NetName=+5V Pin=R61-1
Added Pin To Net: NetName=+5V Pin=U6-2
Added Pin To Net: NetName=+5V Pin=U7-3
Added Net: Name=+5V
Added Net: Name=+12V
Added Net: Name=+V_INPUT
Added Net: Name=+VIN
Added Net: Name=+VREF1_2V_3V3
Added Net: Name=+VREF1_3V3_3V3
Added Net: Name=BUF_SYS_RSTN
Added Net: Name=BUFF_RST_BTNN
Added Net: Name=CSPI2_CLK
Added Net: Name=CSPI2_CS0
Added Net: Name=CSPI2_MOSI
Added Net: Name=FB1_5V
Added Pin To Net: NetName=GND_OUT Pin=U12-3
Added Pin To Net: NetName=GND_OUT Pin=U13-2
Added Pin To Net: NetName=GND_OUT Pin=U14-3
Added Pin To Net: NetName=GND_OUT Pin=U15-2
Added Net: Name=GND_OUT
Added Pin To Net: NetName=GND Pin=C39-2
Added Pin To Net: NetName=GND Pin=C40-2
Added Pin To Net: NetName=GND Pin=C42-1
Added Pin To Net: NetName=GND Pin=C44-1
Added Pin To Net: NetName=GND Pin=C45-2
Added Pin To Net: NetName=GND Pin=C48-2
Added Pin To Net: NetName=GND Pin=C49-1
Added Pin To Net: NetName=GND Pin=C52-2
Added Pin To Net: NetName=GND Pin=C54-1
Added Pin To Net: NetName=GND Pin=C56-1
Added Pin To Net: NetName=GND Pin=C57-2
Added Pin To Net: NetName=GND Pin=C59-1
Added Pin To Net: NetName=GND Pin=C61-1
Added Pin To Net: NetName=GND Pin=D5-3
Added Pin To Net: NetName=GND Pin=D6-3
Added Pin To Net: NetName=GND Pin=D7-3
Added Pin To Net: NetName=GND Pin=D8-3
Added Pin To Net: NetName=GND Pin=D9-3
Added Pin To Net: NetName=GND Pin=D10-3
Added Pin To Net: NetName=GND Pin=D11-3
Added Pin To Net: NetName=GND Pin=D12-1
Added Pin To Net: NetName=GND Pin=J8-4
Added Pin To Net: NetName=GND Pin=J8-7
Added Pin To Net: NetName=GND Pin=J8-13
Added Pin To Net: NetName=GND Pin=J8-16
Added Pin To Net: NetName=GND Pin=J8-19
Added Pin To Net: NetName=GND Pin=J8-21
Added Pin To Net: NetName=GND Pin=J8-22
Added Pin To Net: NetName=GND Pin=J9-5
Added Pin To Net: NetName=GND Pin=J10-5
Added Pin To Net: NetName=GND Pin=J13-5
Added Pin To Net: NetName=GND Pin=J14-5
Added Pin To Net: NetName=GND Pin=P2-5
Added Pin To Net: NetName=GND Pin=Q5-2
Added Pin To Net: NetName=GND Pin=Q6-2
Added Pin To Net: NetName=GND Pin=R22-1
Added Pin To Net: NetName=GND Pin=R56-2
Added Pin To Net: NetName=GND Pin=U6-1
Added Pin To Net: NetName=GND Pin=U7-2
Added Pin To Net: NetName=GND Pin=U12-2
Added Pin To Net: NetName=GND Pin=U13-3
Added Pin To Net: NetName=GND Pin=U14-2
Added Pin To Net: NetName=GND Pin=U15-3
Added Net: Name=GND
Added Net: Name=JTAG_DACK
Added Net: Name=JTAG_DE
Added Net: Name=JTAG_NSRST
Added Net: Name=JTAG_NTRST
Added Net: Name=JTAG_RSTN
Added Net: Name=JTAG_RTCK
Added Net: Name=JTAG_TCK
Added Net: Name=JTAG_TDI
Added Net: Name=JTAG_TDO
Added Net: Name=JTAG_TMS
Added Net: Name=JTAG_VREF
Added Net: Name=LGATE2_3V3
Added Net: Name=MCT0
Added Net: Name=MCT1
Added Net: Name=MCT2
Added Net: Name=MCT3
Added Net: Name=MCT_CHASSIS
Added Net: Name=MX0_N
Added Net: Name=MX0_P
Added Net: Name=MX1_N
Added Net: Name=MX1_P
Added Net: Name=MX2_N
Added Net: Name=MX2_P
Added Net: Name=MX3_N
Added Net: Name=MX3_P
Added Net: Name=NetC8_1
Added Net: Name=NetC8_2
Added Net: Name=NetC9_1
Added Net: Name=NetC18_1
Added Net: Name=NetC20_1
Added Pin To Net: NetName=NetC39_1 Pin=C39-1
Added Pin To Net: NetName=NetC39_1 Pin=FB3-1
Added Pin To Net: NetName=NetC39_1 Pin=U6-7
Added Net: Name=NetC39_1
Added Pin To Net: NetName=NetC40_1 Pin=C40-1
Added Pin To Net: NetName=NetC40_1 Pin=FB5-1
Added Pin To Net: NetName=NetC40_1 Pin=U6-6
Added Net: Name=NetC40_1
Added Pin To Net: NetName=NetC45_1 Pin=C45-1
Added Pin To Net: NetName=NetC45_1 Pin=FB6-1
Added Net: Name=NetC45_1
Added Pin To Net: NetName=NetC48_1 Pin=C48-1
Added Pin To Net: NetName=NetC48_1 Pin=FB4-1
Added Net: Name=NetC48_1
Added Pin To Net: NetName=NetC52_1 Pin=C52-1
Added Net: Name=NetC52_1
Added Pin To Net: NetName=NetC53_1 Pin=C53-1
Added Net: Name=NetC53_1
Added Pin To Net: NetName=NetC53_2 Pin=C53-2
Added Net: Name=NetC53_2
Added Pin To Net: NetName=NetC55_1 Pin=C55-1
Added Net: Name=NetC55_1
Added Pin To Net: NetName=NetC55_2 Pin=C55-2
Added Net: Name=NetC55_2
Added Pin To Net: NetName=NetC56_2 Pin=C56-2
Added Net: Name=NetC56_2
Added Pin To Net: NetName=NetC57_1 Pin=C57-1
Added Net: Name=NetC57_1
Added Pin To Net: NetName=NetC58_1 Pin=C58-1
Added Net: Name=NetC58_1
Added Pin To Net: NetName=NetC58_2 Pin=C58-2
Added Net: Name=NetC58_2
Added Pin To Net: NetName=NetC60_1 Pin=C60-1
Added Net: Name=NetC60_1
Added Pin To Net: NetName=NetC60_2 Pin=C60-2
Added Net: Name=NetC60_2
Added Pin To Net: NetName=NetC61_2 Pin=C61-2
Added Net: Name=NetC61_2
Added Pin To Net: NetName=NetD12_2 Pin=D12-2
Added Pin To Net: NetName=NetD12_2 Pin=P1-1
Added Pin To Net: NetName=NetD12_2 Pin=R57-1
Added Net: Name=NetD12_2
Added Pin To Net: NetName=NetD13_1 Pin=Q5-3
Added Net: Name=NetD13_1
Added Pin To Net: NetName=NetD14_1 Pin=Q6-3
Added Net: Name=NetD14_1
Added Net: Name=NetIC1_1
Added Net: Name=NetIC1_5
Added Net: Name=NetIC1_15
Added Net: Name=NetIC1_16
Added Pin To Net: NetName=NetIC1_20 Pin=R61-2
Added Pin To Net: NetName=NetIC1_20 Pin=R62-1
Added Net: Name=NetIC1_20
Added Pin To Net: NetName=NetJ2_2 Pin=R23-1
Added Net: Name=NetJ2_2
Added Net: Name=NetJ2_3
Added Net: Name=NetJ2_4
Added Net: Name=NetJ2_7
Added Net: Name=NetJ2_8
Added Pin To Net: NetName=NetJ2_9 Pin=R22-2
Added Net: Name=NetJ2_9
Added Net: Name=NetJ2_11
Added Net: Name=NetJ3_2
Added Net: Name=NetJ3_3
Added Net: Name=NetJ3_4
Added Net: Name=NetJ3_5
Added Net: Name=NetJ3_6
Added Net: Name=NetJ3_7
Added Net: Name=NetJ3_8
Added Net: Name=NetJ3_10
Added Net: Name=NetJ6_9
Added Net: Name=NetJ6_11
Added Pin To Net: NetName=NetJ9_2 Pin=J9-2
Added Net: Name=NetJ9_2
Added Pin To Net: NetName=NetJ9_3 Pin=J9-3
Added Net: Name=NetJ9_3
Added Pin To Net: NetName=NetJ10_2 Pin=J10-2
Added Net: Name=NetJ10_2
Added Pin To Net: NetName=NetJ10_3 Pin=J10-3
Added Net: Name=NetJ10_3
Added Net: Name=NetJ12_2
Added Net: Name=NetJ12_3
Added Net: Name=NetJ12_4
Added Net: Name=NetJ12_5
Added Net: Name=NetJ12_6
Added Net: Name=NetJ12_7
Added Net: Name=NetJ12_8
Added Net: Name=NetJ12_9
Added Net: Name=NetJ12_10
Added Net: Name=NetJ12_12
Added Net: Name=NetJ12_13
Added Net: Name=NetJ12_14
Added Net: Name=NetJ12_15
Added Net: Name=NetJ12_18
Added Net: Name=NetJ12_22
Added Net: Name=NetJ12_23
Added Net: Name=NetJ12_24
Added Net: Name=NetJ12_25
Added Net: Name=NetJ12_26
Added Net: Name=NetJ12_27
Added Net: Name=NetJ12_28
Added Net: Name=NetJ12_29
Added Net: Name=NetJ12_30
Added Net: Name=NetJ12_32
Added Net: Name=NetJ12_33
Added Net: Name=NetJ12_34
Added Net: Name=NetJ12_35
Added Net: Name=NetJ12_36
Added Net: Name=NetJ12_37
Added Net: Name=NetJ12_38
Added Net: Name=NetJ12_39
Added Net: Name=NetJ12_40
Added Net: Name=NetJ12_42
Added Net: Name=NetJ12_43
Added Net: Name=NetJ12_44
Added Net: Name=NetJ12_45
Added Net: Name=NetJ12_46
Added Net: Name=NetJ12_47
Added Net: Name=NetJ12_48
Added Net: Name=NetJ12_49
Added Net: Name=NetJ12_50
Added Net: Name=NetJ12_52
Added Net: Name=NetJ12_54
Added Net: Name=NetJ12_58
Added Net: Name=NetJ12_59
Added Net: Name=NetJ12_61
Added Net: Name=NetJ12_62
Added Net: Name=NetJ12_63
Added Net: Name=NetJ12_64
Added Net: Name=NetJ12_65
Added Net: Name=NetJ12_67
Added Net: Name=NetJ12_68
Added Net: Name=NetJ12_69
Added Net: Name=NetJ12_71
Added Net: Name=NetJ12_72
Added Net: Name=NetJ12_73
Added Net: Name=NetJ12_74
Added Net: Name=NetJ12_75
Added Net: Name=NetJ12_76
Added Net: Name=NetJ12_77
Added Net: Name=NetJ12_78
Added Net: Name=NetJ12_79
Added Net: Name=NetJ12_81
Added Net: Name=NetJ12_82
Added Net: Name=NetJ12_83
Added Net: Name=NetJ12_84
Added Net: Name=NetJ12_85
Added Net: Name=NetJ12_87
Added Net: Name=NetJ12_88
Added Net: Name=NetJ12_89
Added Net: Name=NetJ12_91
Added Net: Name=NetJ12_92
Added Net: Name=NetJ12_93
Added Net: Name=NetJ12_94
Added Net: Name=NetJ12_95
Added Net: Name=NetJ12_96
Added Net: Name=NetJ12_97
Added Net: Name=NetJ12_98
Added Net: Name=NetJ12_99
Added Pin To Net: NetName=NetJ12_101 Pin=U7-1
Added Net: Name=NetJ12_101
Added Pin To Net: NetName=NetJ12_102 Pin=U7-4
Added Net: Name=NetJ12_102
Added Net: Name=NetJ12_103
Added Net: Name=NetJ12_112
Added Net: Name=NetJ12_113
Added Net: Name=NetJ12_114
Added Net: Name=NetJ12_115
Added Net: Name=NetJ12_116
Added Net: Name=NetJ12_117
Added Net: Name=NetJ12_118
Added Net: Name=NetJ12_119
Added Net: Name=NetJ12_120
Added Net: Name=NetJ12_122
Added Net: Name=NetJ12_123
Added Net: Name=NetJ12_124
Added Net: Name=NetJ12_125
Added Net: Name=NetJ12_126
Added Net: Name=NetJ12_127
Added Net: Name=NetJ12_128
Added Net: Name=NetJ12_129
Added Net: Name=NetJ12_130
Added Net: Name=NetJ12_132
Added Net: Name=NetJ12_133
Added Net: Name=NetJ12_134
Added Net: Name=NetJ12_135
Added Net: Name=NetJ12_136
Added Net: Name=NetJ12_137
Added Net: Name=NetJ12_138
Added Net: Name=NetJ12_139
Added Net: Name=NetJ12_140
Added Net: Name=NetJ12_142
Added Net: Name=NetJ12_143
Added Net: Name=NetJ12_144
Added Net: Name=NetJ12_145
Added Net: Name=NetJ12_146
Added Net: Name=NetJ12_147
Added Net: Name=NetJ12_148
Added Net: Name=NetJ12_149
Added Net: Name=NetJ12_150
Added Net: Name=NetJ12_152
Added Net: Name=NetJ12_153
Added Pin To Net: NetName=NetJ12_154 Pin=U6-5
Added Pin To Net: NetName=NetJ12_154 Pin=U6-8
Added Net: Name=NetJ12_154
Added Net: Name=NetJ12_155
Added Net: Name=NetJ12_156
Added Net: Name=NetJ12_157
Added Net: Name=NetJ12_158
Added Net: Name=NetJ12_159
Added Net: Name=NetJ12_160
Added Net: Name=NetJ12_164
Added Net: Name=NetJ12_167
Added Net: Name=NetJ12_168
Added Net: Name=NetJ12_169
Added Net: Name=NetJ12_171
Added Net: Name=NetJ12_172
Added Net: Name=NetJ12_173
Added Net: Name=NetJ12_174
Added Net: Name=NetJ12_175
Added Net: Name=NetJ12_176
Added Net: Name=NetJ12_177
Added Net: Name=NetJ12_178
Added Net: Name=NetJ12_179
Added Net: Name=NetJ12_181
Added Net: Name=NetJ12_182
Added Net: Name=NetJ12_183
Added Net: Name=NetJ12_184
Added Net: Name=NetJ12_185
Added Net: Name=NetJ12_186
Added Net: Name=NetJ12_187
Added Net: Name=NetJ12_188
Added Net: Name=NetJ12_189
Added Net: Name=NetJ12_191
Added Net: Name=NetJ12_192
Added Net: Name=NetJ12_193
Added Net: Name=NetJ12_198
Added Net: Name=NetJ12_199
Added Net: Name=NetJ12_201
Added Net: Name=NetJ12_202
Added Net: Name=NetJ12_203
Added Net: Name=NetJ12_204
Added Net: Name=NetJ12_205
Added Net: Name=NetJ12_206
Added Net: Name=NetJ12_207
Added Net: Name=NetJ12_208
Added Net: Name=NetJ12_209
Added Net: Name=NetJ12_211
Added Net: Name=NetJ12_212
Added Net: Name=NetJ12_213
Added Pin To Net: NetName=NetJ13_2 Pin=J13-2
Added Net: Name=NetJ13_2
Added Pin To Net: NetName=NetJ13_3 Pin=J13-3
Added Net: Name=NetJ13_3
Added Pin To Net: NetName=NetJ14_2 Pin=J14-2
Added Net: Name=NetJ14_2
Added Pin To Net: NetName=NetJ14_3 Pin=J14-3
Added Net: Name=NetJ14_3
Added Pin To Net: NetName=NetK1_4 Pin=P3-3
Added Net: Name=NetK1_4
Added Pin To Net: NetName=NetK1_5 Pin=R23-1
Added Net: Name=NetK1_5
Added Pin To Net: NetName=NetK1_6 Pin=R22-2
Added Net: Name=NetK1_6
Added Pin To Net: NetName=NetK2_4 Pin=P3-1
Added Net: Name=NetK2_4
Added Pin To Net: NetName=NetK2_5 Pin=R27-1
Added Net: Name=NetK2_5
Added Pin To Net: NetName=NetK2_6 Pin=R28-2
Added Net: Name=NetK2_6
Added Pin To Net: NetName=NetLS1_2 Pin=LS1-2
Added Net: Name=NetLS1_2
Added Pin To Net: NetName=NetP1_2 Pin=P1-2
Added Pin To Net: NetName=NetP1_2 Pin=R46-1
Added Pin To Net: NetName=NetP1_2 Pin=U7-7
Added Net: Name=NetP1_2
Added Pin To Net: NetName=NetP1_3 Pin=P1-3
Added Pin To Net: NetName=NetP1_3 Pin=R46-2
Added Pin To Net: NetName=NetP1_3 Pin=U7-6
Added Net: Name=NetP1_3
Added Pin To Net: NetName=NetP1_4 Pin=P1-4
Added Pin To Net: NetName=NetP1_4 Pin=R56-1
Added Net: Name=NetP1_4
Added Pin To Net: NetName=NetP2_1 Pin=P2-1
Added Net: Name=NetP2_1
Added Pin To Net: NetName=NetP2_2 Pin=P2-2
Added Net: Name=NetP2_2
Added Pin To Net: NetName=NetP2_3 Pin=P2-3
Added Pin To Net: NetName=NetP2_3 Pin=R47-1
Added Net: Name=NetP2_3
Added Pin To Net: NetName=NetP2_4 Pin=P2-4
Added Pin To Net: NetName=NetP2_4 Pin=R47-2
Added Net: Name=NetP2_4
Added Pin To Net: NetName=NetP3_2 Pin=P3-2
Added Pin To Net: NetName=NetP3_2 Pin=R27-2
Added Pin To Net: NetName=NetP3_2 Pin=R28-1
Added Net: Name=NetP3_2
Added Pin To Net: NetName=NetP3_4 Pin=P3-4
Added Pin To Net: NetName=NetP3_4 Pin=R22-1
Added Pin To Net: NetName=NetP3_4 Pin=R23-2
Added Net: Name=NetP3_4
Added Pin To Net: NetName=NetP4_4 Pin=R62-2
Added Net: Name=NetP4_4
Added Net: Name=NetQ1_1
Added Net: Name=NetQ1_4
Added Pin To Net: NetName=NetQ3_1 Pin=R28-1
Added Net: Name=NetQ3_1
Added Pin To Net: NetName=NetQ3_3 Pin=R23-2
Added Net: Name=NetQ3_3
Added Pin To Net: NetName=NetQ4_1 Pin=R27-1
Added Net: Name=NetQ4_1
Added Net: Name=NetQ4_3
Added Pin To Net: NetName=NetQ5_1 Pin=Q5-1
Added Pin To Net: NetName=NetQ5_1 Pin=R58-2
Added Net: Name=NetQ5_1
Added Pin To Net: NetName=NetQ6_1 Pin=Q6-1
Added Pin To Net: NetName=NetQ6_1 Pin=R59-2
Added Net: Name=NetQ6_1
Added Net: Name=NetQ7_1
Added Net: Name=NetR4_1
Added Net: Name=NetR5_2
Added Net: Name=NetR8_1
Added Net: Name=NetR9_2
Added Net: Name=NetR11_1
Added Net: Name=NetR20_2
Added Pin To Net: NetName=NetR45_2 Pin=U6-3
Added Pin To Net: NetName=NetR45_2 Pin=U6-4
Added Net: Name=NetR45_2
Added Pin To Net: NetName=NetR48_1 Pin=R48-1
Added Pin To Net: NetName=NetR48_1 Pin=U12-4
Added Net: Name=NetR48_1
Added Pin To Net: NetName=NetR49_2 Pin=R49-2
Added Pin To Net: NetName=NetR49_2 Pin=U13-4
Added Net: Name=NetR49_2
Added Pin To Net: NetName=NetR50_1 Pin=R50-1
Added Net: Name=NetR50_1
Added Pin To Net: NetName=NetR50_2 Pin=R50-2
Added Pin To Net: NetName=NetR50_2 Pin=U12-1
Added Net: Name=NetR50_2
Added Pin To Net: NetName=NetR51_1 Pin=R51-1
Added Pin To Net: NetName=NetR51_1 Pin=U13-1
Added Net: Name=NetR51_1
Added Pin To Net: NetName=NetR51_2 Pin=R51-2
Added Net: Name=NetR51_2
Added Pin To Net: NetName=NetR52_1 Pin=R52-1
Added Pin To Net: NetName=NetR52_1 Pin=U14-4
Added Net: Name=NetR52_1
Added Pin To Net: NetName=NetR53_2 Pin=R53-2
Added Pin To Net: NetName=NetR53_2 Pin=U15-4
Added Net: Name=NetR53_2
Added Pin To Net: NetName=NetR54_1 Pin=R54-1
Added Net: Name=NetR54_1
Added Pin To Net: NetName=NetR54_2 Pin=R54-2
Added Pin To Net: NetName=NetR54_2 Pin=U14-1
Added Net: Name=NetR54_2
Added Pin To Net: NetName=NetR55_1 Pin=R55-1
Added Pin To Net: NetName=NetR55_1 Pin=U15-1
Added Net: Name=NetR55_1
Added Pin To Net: NetName=NetR55_2 Pin=R55-2
Added Net: Name=NetR55_2
Added Pin To Net: NetName=NetR58_1 Pin=R58-1
Added Net: Name=NetR58_1
Added Pin To Net: NetName=NetR59_1 Pin=R59-1
Added Net: Name=NetR59_1
Added Net: Name=NetU2_1
Added Net: Name=NetU3_4
Added Pin To Net: NetName=NetU7_8 Pin=U7-8
Added Net: Name=NetU7_8
Added Net: Name=NetU8_4
Added Net: Name=NetU8_5
Added Net: Name=NetU10_10
Added Net: Name=NetU10_12
Added Net: Name=NetU10_13
Added Net: Name=NetU10_15
Added Net: Name=NetU11_10
Added Net: Name=NetU11_12
Added Net: Name=NetU11_13
Added Net: Name=NetU11_15
Added Net: Name=ON_5V_LDO
Added Net: Name=PHASE2_3V3
Added Net: Name=POK_3V3_R
Added Net: Name=POK_3V3
Added Net: Name=POK_5V_R
Added Net: Name=POK_5V
Added Net: Name=PWR_LED_GRN
Added Net: Name=REFIN2_3V3
Added Net: Name=RST_BTN_HDR
Added Net: Name=SATA_CON_RX_N
Added Net: Name=SATA_CON_RX_P
Added Net: Name=SATA_CON_TX_N
Added Net: Name=SATA_CON_TX_P
Added Pin To Net: NetName=SSRX0_CON_N Pin=D9-1
Added Pin To Net: NetName=SSRX0_CON_N Pin=J8-14
Added Net: Name=SSRX0_CON_N
Added Pin To Net: NetName=SSRX0_CON_P Pin=D9-2
Added Pin To Net: NetName=SSRX0_CON_P Pin=J8-15
Added Net: Name=SSRX0_CON_P
Added Net: Name=SSRX0_N
Added Net: Name=SSRX0_P
Added Pin To Net: NetName=SSRX1_CON_N Pin=D6-2
Added Pin To Net: NetName=SSRX1_CON_N Pin=J8-5
Added Net: Name=SSRX1_CON_N
Added Pin To Net: NetName=SSRX1_CON_P Pin=D6-1
Added Pin To Net: NetName=SSRX1_CON_P Pin=J8-6
Added Net: Name=SSRX1_CON_P
Added Net: Name=SSRX1_N
Added Net: Name=SSRX1_P
Added Pin To Net: NetName=SSTX0_CON_N Pin=D10-1
Added Pin To Net: NetName=SSTX0_CON_N Pin=J8-17
Added Net: Name=SSTX0_CON_N
Added Pin To Net: NetName=SSTX0_CON_P Pin=D10-2
Added Pin To Net: NetName=SSTX0_CON_P Pin=J8-18
Added Net: Name=SSTX0_CON_P
Added Net: Name=SSTX0_N
Added Net: Name=SSTX0_P
Added Pin To Net: NetName=SSTX1_CON_N Pin=D11-2
Added Pin To Net: NetName=SSTX1_CON_N Pin=J8-8
Added Net: Name=SSTX1_CON_N
Added Pin To Net: NetName=SSTX1_CON_P Pin=D11-1
Added Pin To Net: NetName=SSTX1_CON_P Pin=J8-9
Added Net: Name=SSTX1_CON_P
Added Net: Name=SSTX1_N
Added Net: Name=SSTX1_P
Added Net: Name=TCT0
Added Net: Name=TCT1
Added Net: Name=TCT2
Added Net: Name=TCT3
Added Net: Name=TRD0_N
Added Net: Name=TRD0_P
Added Net: Name=TRD1_N
Added Net: Name=TRD1_P
Added Net: Name=TRD2_N
Added Net: Name=TRD2_P
Added Net: Name=TRD3_N
Added Net: Name=TRD3_P
Added Net: Name=UGATE2_3V3
Added Pin To Net: NetName=USB0_CON_N Pin=D8-1
Added Pin To Net: NetName=USB0_CON_N Pin=J8-11
Added Net: Name=USB0_CON_N
Added Pin To Net: NetName=USB0_CON_P Pin=D8-2
Added Pin To Net: NetName=USB0_CON_P Pin=J8-12
Added Net: Name=USB0_CON_P
Added Net: Name=USB0_N
Added Net: Name=USB0_P
Added Pin To Net: NetName=USB1_CON_N Pin=D7-2
Added Pin To Net: NetName=USB1_CON_N Pin=J8-2
Added Net: Name=USB1_CON_N
Added Pin To Net: NetName=USB1_CON_P Pin=D7-1
Added Pin To Net: NetName=USB1_CON_P Pin=J8-3
Added Net: Name=USB1_CON_P
Added Net: Name=USB1_N
Added Net: Name=USB1_P
Added Net: Name=USB2_N
Added Net: Name=USB2_P
Added Net: Name=USB3_N
Added Net: Name=USB3_P
Added Net: Name=USB3V
Added Net: Name=USBDN2_CON_N
Added Net: Name=USBDN2_CON_P
Added Net: Name=USBDN3_CON_N
Added Net: Name=USBDN3_CON_P
Added Net: Name=USER_LED_RED
Added Pin To Net: NetName=VCC_OUT Pin=R48-2
Added Pin To Net: NetName=VCC_OUT Pin=R52-2
Added Net: Name=VCC_OUT
Added Class: Name=[04] - POWERS +5V, +3V3
Added Class: Name=[05] - PWR IN LEDS BUTTONS MECH
Added Class: Name=[06] - MISC JTAG HEADERS
Added Class: Name=[07] - ETHERNET
Added Class: Name=[08] - USB
Added Class: Name=[09] - SATA
Added Class: Name=[10] - COM EXPRESS TYPE 10 CONNECTOR
Added Class: Name=[13] - COMM INTERFACES
Added Class: Name=DIFF90
Added Class: Name=DIFF100
Added Class: Name=JTAG
Added Class: Name=MX
Added Class: Name=PHY
Added Class: Name=SATA
Added Class: Name=SPI2
Added Class: Name=USB0
Added Differential Pair: Name=MX0
Added Differential Pair: Name=MX1
Added Differential Pair: Name=MX2
Added Differential Pair: Name=MX3
Added Differential Pair: Name=SATA_CON_RX
Added Differential Pair: Name=SATA_CON_TX
Added Differential Pair: Name=SSRX0_CON
Added Differential Pair: Name=SSRX0
Added Differential Pair: Name=SSRX1_CON
Added Differential Pair: Name=SSTX0_CON
Added Differential Pair: Name=SSTX0
Added Differential Pair: Name=SSTX1_CON
Added Differential Pair: Name=TRD0
Added Differential Pair: Name=TRD1
Added Differential Pair: Name=TRD2
Added Differential Pair: Name=TRD3
Added Differential Pair: Name=USB0_CON
Added Differential Pair: Name=USB0
Added Differential Pair: Name=USB1_CON
Added Differential Pair: Name=USB2
Added Differential Pair: Name=USBDN2_CON
Added Differential Pair: Name=USBDN3_CON
Added Room: Name=[04] - POWERS +5V, +3V3
Added Room: Name=[05] - PWR IN LEDS BUTTONS MECH
Added Room: Name=[06] - MISC JTAG HEADERS
Added Room: Name=[07] - ETHERNET
Added Room: Name=[08] - USB
Added Room: Name=[09] - SATA
Added Room: Name=[10] - COM EXPRESS TYPE 10 CONNECTOR
Added Room: Name=[13] - COMM INTERFACES
