;  LST file generated by mikroListExporter - v.2.0 
; Date/Time: 3/14/2016 1:44:16 PM
;----------------------------------------------

;Address Opcode 	ASM
0x0000	0xF000EF56  	GOTO        172
0x0004	0x0000      	NOP
0x0006	0x0000      	NOP
0x0008	0xF000EF00  	GOTO        0
0x000C	0x0000      	NOP
0x000E	0x0000      	NOP
0x0010	0x0000      	NOP
0x0012	0x0000      	NOP
0x0014	0x0000      	NOP
0x0016	0x0000      	NOP
0x0018	0xD7F3      	BRA         0
_UART1_Write:
;__Lib_UART_c67.c,58 :: 		
;__Lib_UART_c67.c,59 :: 		
L_UART1_Write3:
0x001C	0xB2AC      	BTFSC       TXSTA, 1 
0x001E	0xD002      	BRA         L_UART1_Write4
;__Lib_UART_c67.c,60 :: 		
0x0020	0x0000      	NOP
0x0022	0xD7FC      	BRA         L_UART1_Write3
L_UART1_Write4:
;__Lib_UART_c67.c,61 :: 		
0x0024	0xFFADC028  	MOVFF       FARG_UART1_Write_data_, TXREG
;__Lib_UART_c67.c,62 :: 		
L_end_UART1_Write:
0x0028	0x0012      	RETURN      0
; end of _UART1_Write
_UART1_Data_Ready:
;__Lib_UART_c67.c,34 :: 		
;__Lib_UART_c67.c,35 :: 		
0x002A	0x0E00      	MOVLW       0
0x002C	0xBA9E      	BTFSC       PIR1, 5 
0x002E	0x0E01      	MOVLW       1
0x0030	0x6E00      	MOVWF       R0 
;__Lib_UART_c67.c,36 :: 		
L_end_UART1_Data_Ready:
0x0032	0x0012      	RETURN      0
; end of _UART1_Data_Ready
_UART1_Read:
;__Lib_UART_c67.c,39 :: 		
;__Lib_UART_c67.c,42 :: 		
0x0034	0xF001CFAE  	MOVFF       RCREG, R1
;__Lib_UART_c67.c,43 :: 		
0x0038	0xA2AB      	BTFSS       RCSTA, 1 
0x003A	0xD002      	BRA         L_UART1_Read2
;__Lib_UART_c67.c,44 :: 		
0x003C	0x98AB      	BCF         RCSTA, 4 
;__Lib_UART_c67.c,45 :: 		
0x003E	0x88AB      	BSF         RCSTA, 4 
;__Lib_UART_c67.c,46 :: 		
L_UART1_Read2:
;__Lib_UART_c67.c,47 :: 		
0x0040	0xF000C001  	MOVFF       R1, R0
;__Lib_UART_c67.c,48 :: 		
L_end_UART1_Read:
0x0044	0x0012      	RETURN      0
; end of _UART1_Read
___CC2DW:
;__Lib_System.c,21 :: 		
;__Lib_System.c,23 :: 		
_CC2DL_Loop1:
;__Lib_System.c,24 :: 		
0x0046	0x0009      	TBLRD*+
;__Lib_System.c,25 :: 		
0x0048	0xFFE6CFF5  	MOVFF       TABLAT, POSTINC1
;__Lib_System.c,26 :: 		
0x004C	0x0600      	DECF        R0, 1, 0
;__Lib_System.c,27 :: 		
0x004E	0xE1FB      	BNZ         _CC2DL_Loop1
;__Lib_System.c,28 :: 		
0x0050	0x0601      	DECF        R1, 1, 0
;__Lib_System.c,29 :: 		
0x0052	0xE1F9      	BNZ         _CC2DL_Loop1
;__Lib_System.c,31 :: 		
L_end___CC2DW:
0x0054	0x0012      	RETURN      0
; end of ___CC2DW
_UART1_Init:
;__Lib_UART_c67.c,15 :: 		
;__Lib_UART_c67.c,18 :: 		
0x0056	0x0E1C      	MOVLW       _UART1_Write
0x0058	0x6E20      	MOVWF       _UART_Wr_Ptr 
0x005A	0x0E00      	MOVLW       hi_addr(_UART1_Write)
0x005C	0x6E21      	MOVWF       _UART_Wr_Ptr+1 
0x005E	0x0E28      	MOVLW       FARG_UART1_Write_data_
0x0060	0x6E22      	MOVWF       _UART_Wr_Ptr+2 
0x0062	0x0E00      	MOVLW       hi_addr(FARG_UART1_Write_data_)
0x0064	0x6E23      	MOVWF       _UART_Wr_Ptr+3 
;__Lib_UART_c67.c,19 :: 		
0x0066	0x0E34      	MOVLW       _UART1_Read
0x0068	0x6E17      	MOVWF       _UART_Rd_Ptr 
0x006A	0x0E00      	MOVLW       hi_addr(_UART1_Read)
0x006C	0x6E18      	MOVWF       _UART_Rd_Ptr+1 
0x006E	0x0E00      	MOVLW       0
0x0070	0x6E19      	MOVWF       _UART_Rd_Ptr+2 
0x0072	0x0E00      	MOVLW       0
0x0074	0x6E1A      	MOVWF       _UART_Rd_Ptr+3 
;__Lib_UART_c67.c,20 :: 		
0x0076	0x0E2A      	MOVLW       _UART1_Data_Ready
0x0078	0x6E1B      	MOVWF       _UART_Rdy_Ptr 
0x007A	0x0E00      	MOVLW       hi_addr(_UART1_Data_Ready)
0x007C	0x6E1C      	MOVWF       _UART_Rdy_Ptr+1 
0x007E	0x0E00      	MOVLW       0
0x0080	0x6E1D      	MOVWF       _UART_Rdy_Ptr+2 
0x0082	0x0E00      	MOVLW       0
0x0084	0x6E1E      	MOVWF       _UART_Rdy_Ptr+3 
;__Lib_UART_c67.c,21 :: 		
0x0086	0x0EFF      	MOVLW       _UART1_Tx_Idle
0x0088	0x6E24      	MOVWF       _UART_Tx_Idle_Ptr 
0x008A	0x0EFF      	MOVLW       hi_addr(_UART1_Tx_Idle)
0x008C	0x6E25      	MOVWF       _UART_Tx_Idle_Ptr+1 
0x008E	0x0E00      	MOVLW       0
0x0090	0x6E26      	MOVWF       _UART_Tx_Idle_Ptr+2 
0x0092	0x0E00      	MOVLW       0
0x0094	0x6E27      	MOVWF       _UART_Tx_Idle_Ptr+3 
;__Lib_UART_c67.c,23 :: 		
0x0096	0x8AAC      	BSF         TXSTA, 5 
;__Lib_UART_c67.c,24 :: 		
0x0098	0x0E90      	MOVLW       144
0x009A	0x6EAB      	MOVWF       RCSTA 
;__Lib_UART_c67.c,25 :: 		
0x009C	0x8E94      	BSF         TRISC7_bit, BitPos(TRISC7_bit+0) 
;__Lib_UART_c67.c,26 :: 		
0x009E	0x9C94      	BCF         TRISC6_bit, BitPos(TRISC6_bit+0) 
;__Lib_UART_c67.c,28 :: 		
L_UART1_Init0:
0x00A0	0xAA9E      	BTFSS       PIR1, 5 
0x00A2	0xD003      	BRA         L_UART1_Init1
;__Lib_UART_c67.c,29 :: 		
0x00A4	0xF000CFAE  	MOVFF       RCREG, R0
0x00A8	0xD7FB      	BRA         L_UART1_Init0
L_UART1_Init1:
;__Lib_UART_c67.c,30 :: 		
L_end_UART1_Init:
0x00AA	0x0012      	RETURN      0
; end of _UART1_Init
_main:
0x00AC	0x6A15      	CLRF        _k 
0x00AE	0x6A16      	CLRF        _i 
;button.c,8 :: 		void main() {
;button.c,12 :: 		ADCON1 |= 0x0F;
0x00B0	0x0E0F      	MOVLW       15
0x00B2	0x12C1      	IORWF       ADCON1, 1 
;button.c,14 :: 		CMCON  |= 7;
0x00B4	0x0E07      	MOVLW       7
0x00B6	0x12B4      	IORWF       CMCON, 1 
;button.c,17 :: 		PORTD.F6 = 0;
0x00B8	0x9C83      	BCF         PORTD, 6 
;button.c,18 :: 		PORTD.F7 = 0;
0x00BA	0x9E83      	BCF         PORTD, 7 
;button.c,21 :: 		UART1_Init(9600);
0x00BC	0x86B8      	BSF         BAUDCON, 3, 0
0x00BE	0x6AB0      	CLRF        SPBRGH 
0x00C0	0x0E67      	MOVLW       103
0x00C2	0x6EAF      	MOVWF       SPBRG 
0x00C4	0x84AC      	BSF         TXSTA, 2, 0
0x00C6	0xDFC7      	RCALL       _UART1_Init
;button.c,22 :: 		Delay_ms(100);
0x00C8	0x0E82      	MOVLW       130
0x00CA	0x6E0C      	MOVWF       R12, 0
0x00CC	0x0EDD      	MOVLW       221
0x00CE	0x6E0D      	MOVWF       R13, 0
L_main0:
0x00D0	0x2E0D      	DECFSZ      R13, 1, 0
0x00D2	0xD7FE      	BRA         L_main0
0x00D4	0x2E0C      	DECFSZ      R12, 1, 0
0x00D6	0xD7FC      	BRA         L_main0
0x00D8	0x0000      	NOP
0x00DA	0x0000      	NOP
;button.c,23 :: 		UART1_Write(63);
0x00DC	0x0E3F      	MOVLW       63
0x00DE	0x6E28      	MOVWF       FARG_UART1_Write_data_ 
0x00E0	0xDF9D      	RCALL       _UART1_Write
;button.c,24 :: 		UART1_Write(80);
0x00E2	0x0E50      	MOVLW       80
0x00E4	0x6E28      	MOVWF       FARG_UART1_Write_data_ 
0x00E6	0xDF9A      	RCALL       _UART1_Write
;button.c,25 :: 		UART1_Write(13);
0x00E8	0x0E0D      	MOVLW       13
0x00EA	0x6E28      	MOVWF       FARG_UART1_Write_data_ 
0x00EC	0xDF97      	RCALL       _UART1_Write
;button.c,27 :: 		while(1){
L_main1:
;button.c,28 :: 		if(UART1_Data_Ready()){
0x00EE	0xDF9D      	RCALL       _UART1_Data_Ready
0x00F0	0x5200      	MOVF        R0, 1 
0x00F2	0xE006      	BZ          L_main3
;button.c,29 :: 		uart_rd = UART1_Read();
0x00F4	0xDF9F      	RCALL       _UART1_Read
0x00F6	0xF01FC000  	MOVFF       R0, _uart_rd
;button.c,30 :: 		UART1_Write(uart_rd);
0x00FA	0xF028C000  	MOVFF       R0, FARG_UART1_Write_data_
0x00FE	0xDF8E      	RCALL       _UART1_Write
;button.c,31 :: 		}
L_main3:
;button.c,32 :: 		if(PORTD.F6 == 1){
0x0100	0xAC83      	BTFSS       PORTD, 6 
0x0102	0xD002      	BRA         L_main4
;button.c,33 :: 		i=1;
0x0104	0x0E01      	MOVLW       1
0x0106	0x6E16      	MOVWF       _i 
;button.c,34 :: 		}
L_main4:
;button.c,36 :: 		if(PORTD.F6 == 1 && PORTD.F7 == 1 && i==1){
0x0108	0xAC83      	BTFSS       PORTD, 6 
0x010A	0xD00F      	BRA         L_main7
0x010C	0xAE83      	BTFSS       PORTD, 7 
0x010E	0xD00D      	BRA         L_main7
0x0110	0x5016      	MOVF        _i, 0 
0x0112	0x0A01      	XORLW       1
0x0114	0xE10A      	BNZ         L_main7
L__main12:
;button.c,37 :: 		UART1_Write(33);
0x0116	0x0E21      	MOVLW       33
0x0118	0x6E28      	MOVWF       FARG_UART1_Write_data_ 
0x011A	0xDF80      	RCALL       _UART1_Write
;button.c,38 :: 		UART1_Write(88);
0x011C	0x0E58      	MOVLW       88
0x011E	0x6E28      	MOVWF       FARG_UART1_Write_data_ 
0x0120	0xDF7D      	RCALL       _UART1_Write
;button.c,39 :: 		i=1;
0x0122	0x0E01      	MOVLW       1
0x0124	0x6E16      	MOVWF       _i 
;button.c,40 :: 		k=1;
0x0126	0x0E01      	MOVLW       1
0x0128	0x6E15      	MOVWF       _k 
;button.c,41 :: 		}
L_main7:
;button.c,43 :: 		if(PORTD.F6 == 0 && PORTD.F7 == 0 && i==1 && a==1){
0x012A	0xBC83      	BTFSC       PORTD, 6 
0x012C	0xD005      	BRA         L_main10
0x012E	0xBE83      	BTFSC       PORTD, 7 
0x0130	0xD003      	BRA         L_main10
0x0132	0x5016      	MOVF        _i, 0 
0x0134	0x0A01      	XORLW       1
0x0136	0xE100      	BNZ         L_main10
;button.c,49 :: 		}
L_main10:
;button.c,51 :: 		}
0x0138	0xD7DA      	BRA         L_main1
;button.c,53 :: 		}
L_end_main:
0x013A	0xD7FF      	BRA         $+0
; end of _main
Symbol List:
//** Routines locations **
//ADDRESS    SIZE    PROCEDURE
//----------------------------------------------
0x001C      [14]    _UART1_Write
0x002A      [10]    _UART1_Data_Ready
0x0034      [18]    _UART1_Read
0x0046      [16]    ___CC2DW
0x0056      [86]    _UART1_Init
0x00AC     [144]    _main
//** Variables locations ** 
//ADDRESS    SIZE    VARIABLE
//----------------------------------------------
0x0000       [1]    FLASH_Erase_64_SaveINTCON_L0
0x0000       [1]    UART1_Init_tmp_L0
0x0000       [1]    R0
0x0000       [1]    EEPROM_Write_SaveINTCON_L0
0x0000       [1]    SPI1_Write_tmp_L0
0x0000       [1]    __Lib_SoftI2C_PutZerosToLATSda_temp_sda_L0
0x0000       [1]    __Lib_SoftI2C_PutZerosToLATScl_temp_scl_L0
0x0001       [1]    UART1_Read___tmp_UART1_Read_L0
0x0001       [1]    FLASH_Erase_Write_64_i_L0
0x0001       [2]    FLASH_Read_N_Bytes_i_L0
0x0001       [1]    __Lib_TFT_16bit_JPEG_FileReadBytes_Result_L0
0x0001       [1]    __Lib_TFT_JPEG_FileRead_i_L0
0x0001       [1]    __Lib_USB_genHID_?FLOC____Lib_USB_genHID_USB_Handle_BusyT1
0x0001       [1]    FLASH_Write_32_i_L0
0x0001       [1]    I2C1_Rd_tmp_L0
0x0001       [1]    ispunct_rslt_L0
0x0001       [1]    __Lib_TFT_JPEG_FileReadBytes_Result_L0
0x0001       [1]    R1
0x0001       [1]    __Lib_TFT_16bit_JPEG_FileRead_i_L0
0x0001       [1]    __Lib_PS2_Wait_Falling_nsample_L0
0x0002       [2]    strlen_cp_L0
0x0002       [1]    R2
0x0002       [2]    memcpy_dd_L0
0x0002       [1]    FLASH_Erase_Write_64_j_L0
0x0002       [2]    memset_pp_L0
0x0002       [1]    FLASH_Write_32_SaveINTCON_L0
0x0002       [2]    memchr_s_L0
0x0002       [1]    __Lib_USB_genHID_USB_CtrlTrf_Rx_Service_byteToRead_L0
0x0003       [2]    Ltrim_original_L0
0x0003       [1]    MM_Init_i_L0
0x0003       [2]    __Lib_USB_genHID_USB_CtrlTrf_Tx_Service_byteToSend_L0
0x0003       [1]    __Lib_USB_genHID_USB_CtrlTrf_Rx_Service_i_L0
0x0003       [2]    __Lib_MmcFat16_f16_toInt_l_L0
0x0003       [2]    memmove_tt_L0
0x0003       [1]    __Lib_Sprinti_?FLOC____Lib_Sprinti_Do_FillT29
0x0003       [2]    MM_TotalFreeMemSize_Tot_L0
0x0003       [1]    FLASH_Erase_Write_64_SaveINTCON_L0
0x0003       [1]    R3
0x0004       [2]    __Lib_USB_genHID_USB_Std_Feature_Req_Handler_p_L0
0x0004       [1]    __Lib_USB_genHID_GetMaxIndexInDevDsc_index_L0
0x0004       [2]    __Lib_MemManager_MM_GetMemAlign_P_L0
0x0004       [2]    __Lib_USB_genHID_USB_Get_Status_Handler_p_L2
0x0004       [2]    strcpy_cp_L0
0x0004       [2]    frexp_pom_L0
0x0004       [1]    __Lib_Sprinti_?FLOC____Lib_Sprinti_Do_FillT40
0x0004       [2]    strncpy_cp_L0
0x0004       [2]    strcat_cp_L0
0x0004       [2]    strncat_cp_L0
0x0004       [1]    R4
0x0004       [2]    memcpy_ss_L0
0x0004       [2]    __Lib_USB_genHID_USB_Transfer_Packet_handle_L0
0x0005       [1]    R5
0x0005       [2]    __Lib_USB_genHID_USB_Configure_Endpoint_handle_L0
0x0005       [2]    Ltrim_p_L0
0x0005       [1]    MM_TotalFreeMemSize_i_L0
0x0005       [2]    LongWordToHex_input_half_L0
0x0005       [2]    LongIntToHex_input_half_L0
0x0005       [1]    __Lib_Sprinti_?FLOC____Lib_Sprinti_Do_FillT54
0x0005       [2]    memmove_ff_L0
0x0006       [1]    __Lib_Sprinti_?FLOC____Lib_Sprinti_Do_FillT69
0x0006       [2]    __Lib_USB_genHID_GetMaxIndexInConfigDsc_totalLen_L0
0x0006       [1]    __Lib_MemManager_MM_GetMemAlign_i_L0
0x0006       [1]    R6
0x0007       [1]    R7
0x0007       [1]    __Lib_TFT_16bit_JPEG_GenerateHuffmanTables_bLength_L0
0x0007       [1]    __Lib_TFT_JPEG_GenerateHuffmanTables_bLength_L0
0x0008       [1]    R8
0x0008       [1]    __Lib_TFT_16bit_JPEG_GenerateHuffmanTables_bTable_L0
0x0008       [3]    __Lib_USB_genHID_GetMaxIndexInConfigDsc_ptr_L0
0x0008       [1]    __Lib_TFT_JPEG_GenerateHuffmanTables_bTable_L0
0x0009       [4]    __Lib_MmcFat16_f16_toLong_l_L0
0x0009       [1]    R9
0x000A       [1]    R10
0x000B       [1]    R11
0x000C       [1]    R12
0x000D       [1]    R13
0x000E       [1]    R14
0x000F       [1]    R15
0x0010       [1]    R16
0x0011       [1]    R17
0x0012       [1]    R18
0x0013       [1]    R19
0x0014       [1]    R20
0x0015       [1]    _k
0x0016       [1]    _i
0x0017       [4]    _UART_Rd_Ptr
0x001B       [4]    _UART_Rdy_Ptr
0x001F       [1]    _uart_rd
0x0020       [4]    _UART_Wr_Ptr
0x0024       [4]    _UART_Tx_Idle_Ptr
0x0028       [1]    FARG_UART1_Write_data_
0x0F83       [1]    PORTD
0x0F94       [0]    TRISC7_bit
0x0F94       [0]    TRISC6_bit
0x0F9E       [1]    PIR1
0x0FAB       [1]    RCSTA
0x0FAC       [1]    TXSTA
0x0FAD       [1]    TXREG
0x0FAE       [1]    RCREG
0x0FAF       [1]    SPBRG
0x0FB0       [1]    SPBRGH
0x0FB4       [1]    CMCON
0x0FB8       [1]    BAUDCON
0x0FC1       [1]    ADCON1
0x0FD8       [1]    STATUS
0x0FD9       [1]    FSR2L
0x0FDA       [1]    FSR2H
0x0FDE       [1]    POSTINC2
0x0FE0       [1]    BSR
0x0FE1       [1]    FSR1L
0x0FE2       [1]    FSR1H
0x0FE4       [1]    PREINC1
0x0FE6       [1]    POSTINC1
0x0FE7       [1]    INDF1
0x0FE8       [1]    WREG
0x0FE9       [1]    FSR0L
0x0FEA       [1]    FSR0H
0x0FEE       [1]    POSTINC0
0x0FF3       [1]    PRODL
0x0FF4       [1]    PRODH
0x0FF5       [1]    TABLAT
0x0FF6       [1]    TBLPTRL
0x0FF7       [1]    TBLPTRH
0x0FF8       [1]    TBLPTRU
//** Label List: ** 
//----------------------------------------------
  L_main0
  L_main1
  L_main2
  L_main3
  L_main4
  L_main5
  L_main6
  L_main7
  L_main8
  L_main9
  L_main10
  L__main11
  L__main12
  L_end_main
  _main
  _CC2D_Loop1
  _CC2DL_Loop1
  L_loopCA2AWs
  L_loopCCA2AWs
  L_loopCS2Ss
  L_CS2Send
  L_loopCCS2Ss
  L_CCS2Send
  L_loopFZinSWs
  L_longjmp7
  L_end___CC2D
  ___CC2D
  L_end___CC2DW
  ___CC2DW
  L_end___CA2AW
  ___CA2AW
  L_end___CCA2AW
  ___CCA2AW
  L_end___CS2S
  ___CS2S
  L_end___CCS2S
  ___CCS2S
  L_end___FZinS
  ___FZinS
  L_end_____DoIFC
  _____DoIFC
  L_end_Swap
  _Swap
  L_end_setjmp
  _setjmp
  L_end_longjmp
  _longjmp
  L_UART1_Init0
  L_UART1_Init1
  L_UART1_Read2
  L_UART1_Write3
  L_UART1_Write4
  L_UART1_Write_Text5
  L_UART1_Write_Text6
  L_UART1_Read_Text7
  L_UART1_Read_Text8
  L_UART1_Read_Text9
  L_UART1_Read_Text10
  L_UART1_Read_Text11
  L_UART1_Read_Text12
  L_UART1_Read_Text13
  L_UART1_Read_Text14
  L_UART1_Read_Text15
  L_UART_Write_Text16
  L_UART_Write_Text17
  L_UART_Read_Text18
  L_UART_Read_Text19
  L_UART_Read_Text20
  L_UART_Read_Text21
  L_UART_Read_Text22
  L_UART_Read_Text23
  L_UART_Read_Text24
  L_UART_Read_Text25
  L_UART_Read_Text26
  L_end_UART1_Init
  _UART1_Init
  L_end_UART1_Data_Ready
  _UART1_Data_Ready
  L_end_UART1_Read
  _UART1_Read
  L_end_UART1_Tx_Idle
  _UART1_Tx_Idle
  L_end_UART1_Write
  _UART1_Write
  L_end_UART1_Write_Text
  _UART1_Write_Text
  L_end_UART1_Read_Text
  _UART1_Read_Text
  L_end_UART_Set_Active
  _UART_Set_Active
  L_end_UART_Write
  _UART_Write
  L_end_UART_Write_Text
  _UART_Write_Text
  L_end_UART_Read
  _UART_Read
  L_end_UART_Data_Ready
  _UART_Data_Ready
  L_end_UART_Read_Text
  _UART_Read_Text
  L_end_UART_Tx_Idle
  _UART_Tx_Idle
