;  LST file generated by mikroListExporter - v.2.0 
; Date/Time: 4/22/2016 10:11:42 AM
;----------------------------------------------

;Address Opcode 	ASM
0x0000	0xF002EFA7  	GOTO        1358
_interrupt:
;rs485s.c,11 :: 		void interrupt() {
0x0008	0xF017C000  	MOVFF       R0, 23
0x000C	0xF016C001  	MOVFF       R1, 22
0x0010	0xF015C002  	MOVFF       R2, 21
;rs485s.c,12 :: 		RS485Slave_Receive(dat);
0x0014	0xF01ACFE1  	MOVFF       FSR1L, 26
0x0018	0xF01BCFE2  	MOVFF       FSR1H, 27
0x001C	0xF018CFE9  	MOVFF       FSR0L, 24
0x0020	0xF019CFEA  	MOVFF       FSR0H, 25
0x0024	0x0E39      	MOVLW       _dat
0x0026	0x6E53      	MOVWF       FARG_RS485Slave_Receive_data_buffer 
0x0028	0x0E00      	MOVLW       hi_addr(_dat)
0x002A	0x6E54      	MOVWF       FARG_RS485Slave_Receive_data_buffer+1 
0x002C	0xD881      	RCALL       _RS485Slave_Receive
;rs485s.c,13 :: 		}
L_end_interrupt:
L__interrupt14:
0x002E	0xF000C017  	MOVFF       23, R0
0x0032	0xF001C016  	MOVFF       22, R1
0x0036	0xF002C015  	MOVFF       21, R2
0x003A	0xFFE9C018  	MOVFF       24, FSR0L
0x003E	0xFFEAC019  	MOVFF       25, FSR0H
0x0042	0xFFE1C01A  	MOVFF       26, FSR1L
0x0046	0xFFE2C01B  	MOVFF       27, FSR1H
0x004A	0x0011      	RETFIE      1
; end of _interrupt
_UART1_Data_Ready:
;__Lib_UART_c67b67.c,39 :: 		
;__Lib_UART_c67b67.c,40 :: 		
0x004C	0x0E00      	MOVLW       0
0x004E	0xBA9E      	BTFSC       PIR1, 5 
0x0050	0x0E01      	MOVLW       1
0x0052	0x6E00      	MOVWF       R0 
;__Lib_UART_c67b67.c,41 :: 		
L_end_UART1_Data_Ready:
0x0054	0x0012      	RETURN      0
; end of _UART1_Data_Ready
_UART1_Read:
;__Lib_UART_c67b67.c,44 :: 		
;__Lib_UART_c67b67.c,47 :: 		
0x0056	0xF001CFAE  	MOVFF       RCREG, R1
;__Lib_UART_c67b67.c,48 :: 		
0x005A	0xA2AB      	BTFSS       RCSTA, 1 
0x005C	0xD002      	BRA         L_UART1_Read2
;__Lib_UART_c67b67.c,49 :: 		
0x005E	0x98AB      	BCF         RCSTA, 4 
;__Lib_UART_c67b67.c,50 :: 		
0x0060	0x88AB      	BSF         RCSTA, 4 
;__Lib_UART_c67b67.c,51 :: 		
L_UART1_Read2:
;__Lib_UART_c67b67.c,52 :: 		
0x0062	0xF000C001  	MOVFF       R1, R0
;__Lib_UART_c67b67.c,53 :: 		
L_end_UART1_Read:
0x0066	0x0012      	RETURN      0
; end of _UART1_Read
_UART2_Write:
;__Lib_UART_c67b67.c,160 :: 		
;__Lib_UART_c67b67.c,161 :: 		
L_UART2_Write19:
0x0068	0xB272      	BTFSC       TXSTA2, 1 
0x006A	0xD001      	BRA         L_UART2_Write20
;__Lib_UART_c67b67.c,162 :: 		
0x006C	0xD7FD      	BRA         L_UART2_Write19
L_UART2_Write20:
;__Lib_UART_c67b67.c,163 :: 		
0x006E	0xFF73C052  	MOVFF       FARG_UART2_Write_data_, TXREG2
;__Lib_UART_c67b67.c,164 :: 		
L_end_UART2_Write:
0x0072	0x0012      	RETURN      0
; end of _UART2_Write
_UART2_Data_Ready:
;__Lib_UART_c67b67.c,136 :: 		
;__Lib_UART_c67b67.c,137 :: 		
0x0074	0x0E00      	MOVLW       0
0x0076	0xBAA4      	BTFSC       RC2IF_bit, BitPos(RC2IF_bit+0) 
0x0078	0x0E01      	MOVLW       1
0x007A	0x6E00      	MOVWF       R0 
;__Lib_UART_c67b67.c,138 :: 		
L_end_UART2_Data_Ready:
0x007C	0x0012      	RETURN      0
; end of _UART2_Data_Ready
_UART2_Tx_Idle:
;__Lib_UART_c67b67.c,154 :: 		
;__Lib_UART_c67b67.c,155 :: 		
0x007E	0x0E00      	MOVLW       0
0x0080	0xB272      	BTFSC       TXSTA2, 1 
0x0082	0x0E01      	MOVLW       1
0x0084	0x6E00      	MOVWF       R0 
;__Lib_UART_c67b67.c,156 :: 		
L_end_UART2_Tx_Idle:
0x0086	0x0012      	RETURN      0
; end of _UART2_Tx_Idle
_UART1_Tx_Idle:
;__Lib_UART_c67b67.c,57 :: 		
;__Lib_UART_c67b67.c,58 :: 		
0x0088	0x0E00      	MOVLW       0
0x008A	0xB2AC      	BTFSC       TXSTA, 1 
0x008C	0x0E01      	MOVLW       1
0x008E	0x6E00      	MOVWF       R0 
;__Lib_UART_c67b67.c,59 :: 		
L_end_UART1_Tx_Idle:
0x0090	0x0012      	RETURN      0
; end of _UART1_Tx_Idle
_UART2_Read:
;__Lib_UART_c67b67.c,141 :: 		
;__Lib_UART_c67b67.c,144 :: 		
0x0092	0xF001CF74  	MOVFF       RCREG2, R1
;__Lib_UART_c67b67.c,145 :: 		
0x0096	0xA271      	BTFSS       RCSTA2, 1 
0x0098	0xD002      	BRA         L_UART2_Read18
;__Lib_UART_c67b67.c,146 :: 		
0x009A	0x9871      	BCF         RCSTA2, 4 
;__Lib_UART_c67b67.c,147 :: 		
0x009C	0x8871      	BSF         RCSTA2, 4 
;__Lib_UART_c67b67.c,148 :: 		
L_UART2_Read18:
;__Lib_UART_c67b67.c,149 :: 		
0x009E	0xF000C001  	MOVFF       R1, R0
;__Lib_UART_c67b67.c,150 :: 		
L_end_UART2_Read:
0x00A2	0x0012      	RETURN      0
; end of _UART2_Read
_UART1_Write:
;__Lib_UART_c67b67.c,63 :: 		
;__Lib_UART_c67b67.c,64 :: 		
L_UART1_Write3:
0x00A4	0xB2AC      	BTFSC       TXSTA, 1 
0x00A6	0xD002      	BRA         L_UART1_Write4
;__Lib_UART_c67b67.c,65 :: 		
0x00A8	0x0000      	NOP
0x00AA	0xD7FC      	BRA         L_UART1_Write3
L_UART1_Write4:
;__Lib_UART_c67b67.c,66 :: 		
0x00AC	0xFFADC052  	MOVFF       FARG_UART1_Write_data_, TXREG
;__Lib_UART_c67b67.c,67 :: 		
L_end_UART1_Write:
0x00B0	0x0012      	RETURN      0
; end of _UART1_Write
_____DoIFC:
;__Lib_System.c,93 :: 		
;__Lib_System.c,94 :: 		
0x00B2	0x50F2      	MOVF        INTCON, 0, 0
;__Lib_System.c,95 :: 		
0x00B4	0x6E02      	MOVWF       R2, 0
;__Lib_System.c,96 :: 		
0x00B6	0x9EF2      	BCF         INTCON, 7 
;__Lib_System.c,97 :: 		
0x00B8	0x0005      	PUSH
;__Lib_System.c,98 :: 		
0x00BA	0x6AFF      	CLRF        TOSU, 0
;__Lib_System.c,99 :: 		
0x00BC	0x5001      	MOVF        R1, 0, 0
;__Lib_System.c,100 :: 		
0x00BE	0x6EFE      	MOVWF       TOSH, 0
;__Lib_System.c,101 :: 		
0x00C0	0x5000      	MOVF        R0, 0, 0
;__Lib_System.c,102 :: 		
0x00C2	0x6EFD      	MOVWF       TOSL, 0
;__Lib_System.c,103 :: 		
0x00C4	0xBE02      	BTFSC       R2, 7, 0
;__Lib_System.c,104 :: 		
0x00C6	0x8EF2      	BSF         INTCON, 7, 0
;__Lib_System.c,105 :: 		
;__Lib_System.c,107 :: 		
L_end_____DoIFC:
0x00C8	0x0012      	RETURN      0
; end of _____DoIFC
_UART1_Init:
;__Lib_UART_c67b67.c,20 :: 		
;__Lib_UART_c67b67.c,23 :: 		
0x00CA	0x0EA4      	MOVLW       _UART1_Write
0x00CC	0x6E24      	MOVWF       _UART_Wr_Ptr 
0x00CE	0x0E00      	MOVLW       hi_addr(_UART1_Write)
0x00D0	0x6E25      	MOVWF       _UART_Wr_Ptr+1 
0x00D2	0x0E52      	MOVLW       FARG_UART1_Write_data_
0x00D4	0x6E26      	MOVWF       _UART_Wr_Ptr+2 
0x00D6	0x0E00      	MOVLW       hi_addr(FARG_UART1_Write_data_)
0x00D8	0x6E27      	MOVWF       _UART_Wr_Ptr+3 
;__Lib_UART_c67b67.c,24 :: 		
0x00DA	0x0E56      	MOVLW       _UART1_Read
0x00DC	0x6E2C      	MOVWF       _UART_Rd_Ptr 
0x00DE	0x0E00      	MOVLW       hi_addr(_UART1_Read)
0x00E0	0x6E2D      	MOVWF       _UART_Rd_Ptr+1 
0x00E2	0x0E00      	MOVLW       0
0x00E4	0x6E2E      	MOVWF       _UART_Rd_Ptr+2 
0x00E6	0x0E00      	MOVLW       0
0x00E8	0x6E2F      	MOVWF       _UART_Rd_Ptr+3 
;__Lib_UART_c67b67.c,25 :: 		
0x00EA	0x0E4C      	MOVLW       _UART1_Data_Ready
0x00EC	0x6E28      	MOVWF       _UART_Rdy_Ptr 
0x00EE	0x0E00      	MOVLW       hi_addr(_UART1_Data_Ready)
0x00F0	0x6E29      	MOVWF       _UART_Rdy_Ptr+1 
0x00F2	0x0E00      	MOVLW       0
0x00F4	0x6E2A      	MOVWF       _UART_Rdy_Ptr+2 
0x00F6	0x0E00      	MOVLW       0
0x00F8	0x6E2B      	MOVWF       _UART_Rdy_Ptr+3 
;__Lib_UART_c67b67.c,26 :: 		
0x00FA	0x0E88      	MOVLW       _UART1_Tx_Idle
0x00FC	0x6E20      	MOVWF       _UART_Tx_Idle_Ptr 
0x00FE	0x0E00      	MOVLW       hi_addr(_UART1_Tx_Idle)
0x0100	0x6E21      	MOVWF       _UART_Tx_Idle_Ptr+1 
0x0102	0x0E00      	MOVLW       0
0x0104	0x6E22      	MOVWF       _UART_Tx_Idle_Ptr+2 
0x0106	0x0E00      	MOVLW       0
0x0108	0x6E23      	MOVWF       _UART_Tx_Idle_Ptr+3 
;__Lib_UART_c67b67.c,28 :: 		
0x010A	0x8AAC      	BSF         TXSTA, 5 
;__Lib_UART_c67b67.c,29 :: 		
0x010C	0x0E90      	MOVLW       144
0x010E	0x6EAB      	MOVWF       RCSTA 
;__Lib_UART_c67b67.c,30 :: 		
0x0110	0x8E94      	BSF         TRISC7_bit, BitPos(TRISC7_bit+0) 
;__Lib_UART_c67b67.c,31 :: 		
0x0112	0x9C94      	BCF         TRISC6_bit, BitPos(TRISC6_bit+0) 
;__Lib_UART_c67b67.c,33 :: 		
L_UART1_Init0:
0x0114	0xAA9E      	BTFSS       PIR1, 5 
0x0116	0xD003      	BRA         L_UART1_Init1
;__Lib_UART_c67b67.c,34 :: 		
0x0118	0xF000CFAE  	MOVFF       RCREG, R0
0x011C	0xD7FB      	BRA         L_UART1_Init0
L_UART1_Init1:
;__Lib_UART_c67b67.c,35 :: 		
L_end_UART1_Init:
0x011E	0x0012      	RETURN      0
; end of _UART1_Init
___CC2DW:
;__Lib_System.c,21 :: 		
;__Lib_System.c,23 :: 		
_CC2DL_Loop1:
;__Lib_System.c,24 :: 		
0x0120	0x0009      	TBLRD*+
;__Lib_System.c,25 :: 		
0x0122	0xFFE6CFF5  	MOVFF       TABLAT, POSTINC1
;__Lib_System.c,26 :: 		
0x0126	0x0600      	DECF        R0, 1, 0
;__Lib_System.c,27 :: 		
0x0128	0xE1FB      	BNZ         _CC2DL_Loop1
;__Lib_System.c,28 :: 		
0x012A	0x0601      	DECF        R1, 1, 0
;__Lib_System.c,29 :: 		
0x012C	0xE1F9      	BNZ         _CC2DL_Loop1
;__Lib_System.c,31 :: 		
L_end___CC2DW:
0x012E	0x0012      	RETURN      0
; end of ___CC2DW
_RS485Slave_Receive:
;__Lib_RS485.c,69 :: 		
;__Lib_RS485.c,73 :: 		
0x0130	0xF000C028  	MOVFF       _UART_Rdy_Ptr, R0
0x0134	0xF001C029  	MOVFF       _UART_Rdy_Ptr+1, R1
0x0138	0xDFBC      	RCALL       _____DoIFC
0x013A	0x5200      	MOVF        R0, 1 
0x013C	0xE101      	BNZ         L_RS485Slave_Receive3
;__Lib_RS485.c,74 :: 		
0x013E	0xD116      	BRA         L_end_RS485Slave_Receive
L_RS485Slave_Receive3:
;__Lib_RS485.c,75 :: 		
0x0140	0xF000C02C  	MOVFF       _UART_Rd_Ptr, R0
0x0144	0xF001C02D  	MOVFF       _UART_Rd_Ptr+1, R1
0x0148	0xDFB4      	RCALL       _____DoIFC
0x014A	0xF037C000  	MOVFF       R0, RS485Slave_Receive_rec_L0
;__Lib_RS485.c,77 :: 		
0x014E	0xD0F3      	BRA         L_RS485Slave_Receive4
;__Lib_RS485.c,78 :: 		
L_RS485Slave_Receive6:
;__Lib_RS485.c,79 :: 		
0x0150	0x5037      	MOVF        RS485Slave_Receive_rec_L0, 0 
0x0152	0x0A96      	XORLW       150
0x0154	0xE103      	BNZ         L_RS485Slave_Receive7
;__Lib_RS485.c,80 :: 		
0x0156	0x0E02      	MOVLW       2
0x0158	0x6E30      	MOVWF       __Lib_RS485_sl_state 
;__Lib_RS485.c,81 :: 		
0x015A	0x6A38      	CLRF        RS485Slave_Receive_crc_is_ok_L0 
;__Lib_RS485.c,82 :: 		
L_RS485Slave_Receive7:
;__Lib_RS485.c,83 :: 		
0x015C	0xD107      	BRA         L_RS485Slave_Receive5
;__Lib_RS485.c,86 :: 		
L_RS485Slave_Receive8:
;__Lib_RS485.c,87 :: 		
0x015E	0x5037      	MOVF        RS485Slave_Receive_rec_L0, 0 
0x0160	0x1831      	XORWF       __Lib_RS485__sladdress, 0 
0x0162	0xE004      	BZ          L__RS485Slave_Receive106
0x0164	0x5037      	MOVF        RS485Slave_Receive_rec_L0, 0 
0x0166	0x0A32      	XORLW       50
0x0168	0xE001      	BZ          L__RS485Slave_Receive106
0x016A	0xD005      	BRA         L_RS485Slave_Receive11
L__RS485Slave_Receive106:
;__Lib_RS485.c,88 :: 		
0x016C	0x0E03      	MOVLW       3
0x016E	0x6E30      	MOVWF       __Lib_RS485_sl_state 
;__Lib_RS485.c,90 :: 		
0x0170	0x5037      	MOVF        RS485Slave_Receive_rec_L0, 0 
0x0172	0x1A38      	XORWF       RS485Slave_Receive_crc_is_ok_L0, 1 
;__Lib_RS485.c,91 :: 		
0x0174	0xD002      	BRA         L_RS485Slave_Receive12
L_RS485Slave_Receive11:
;__Lib_RS485.c,93 :: 		
0x0176	0x0E01      	MOVLW       1
0x0178	0x6E30      	MOVWF       __Lib_RS485_sl_state 
;__Lib_RS485.c,94 :: 		
L_RS485Slave_Receive12:
;__Lib_RS485.c,95 :: 		
0x017A	0xD0F8      	BRA         L_RS485Slave_Receive5
;__Lib_RS485.c,97 :: 		
L_RS485Slave_Receive13:
;__Lib_RS485.c,98 :: 		
0x017C	0x5232      	MOVF        __Lib_RS485_specadr, 1 
0x017E	0xE009      	BZ          L_RS485Slave_Receive14
;__Lib_RS485.c,99 :: 		
0x0180	0x0E40      	MOVLW       64
0x0182	0x1437      	ANDWF       RS485Slave_Receive_rec_L0, 0 
0x0184	0x6E01      	MOVWF       R1 
0x0186	0x5001      	MOVF        R1, 0 
0x0188	0x0A00      	XORLW       0
0x018A	0xE103      	BNZ         L_RS485Slave_Receive15
;__Lib_RS485.c,100 :: 		
0x018C	0x0E01      	MOVLW       1
0x018E	0x6E30      	MOVWF       __Lib_RS485_sl_state 
;__Lib_RS485.c,101 :: 		
0x0190	0xD0ED      	BRA         L_RS485Slave_Receive5
;__Lib_RS485.c,102 :: 		
L_RS485Slave_Receive15:
L_RS485Slave_Receive14:
;__Lib_RS485.c,104 :: 		
0x0192	0xAE37      	BTFSS       RS485Slave_Receive_rec_L0, 7 
0x0194	0xD013      	BRA         L_RS485Slave_Receive16
;__Lib_RS485.c,105 :: 		
0x0196	0x0E04      	MOVLW       4
0x0198	0x6E30      	MOVWF       __Lib_RS485_sl_state 
;__Lib_RS485.c,106 :: 		
0x019A	0xF036C037  	MOVFF       RS485Slave_Receive_rec_L0, RS485Slave_Receive_key_L0
;__Lib_RS485.c,107 :: 		
0x019E	0x5037      	MOVF        RS485Slave_Receive_rec_L0, 0 
0x01A0	0x1A38      	XORWF       RS485Slave_Receive_crc_is_ok_L0, 1 
;__Lib_RS485.c,108 :: 		
0x01A2	0x0E03      	MOVLW       3
0x01A4	0x1437      	ANDWF       RS485Slave_Receive_rec_L0, 0 
0x01A6	0x6E01      	MOVWF       R1 
0x01A8	0xF033C001  	MOVFF       R1, RS485Slave_Receive_datalen_L0
;__Lib_RS485.c,109 :: 		
0x01AC	0x5001      	MOVF        R1, 0 
0x01AE	0x0A00      	XORLW       0
0x01B0	0xE102      	BNZ         L_RS485Slave_Receive17
;__Lib_RS485.c,110 :: 		
0x01B2	0x0E05      	MOVLW       5
0x01B4	0x6E30      	MOVWF       __Lib_RS485_sl_state 
L_RS485Slave_Receive17:
;__Lib_RS485.c,111 :: 		
0x01B6	0x0E01      	MOVLW       1
0x01B8	0x6E35      	MOVWF       RS485Slave_Receive_i_L0 
;__Lib_RS485.c,112 :: 		
0x01BA	0xD00A      	BRA         L_RS485Slave_Receive18
L_RS485Slave_Receive16:
;__Lib_RS485.c,114 :: 		
0x01BC	0x0E05      	MOVLW       5
0x01BE	0x2453      	ADDWF       FARG_RS485Slave_Receive_data_buffer, 0 
0x01C0	0x6EE1      	MOVWF       FSR1L 
0x01C2	0x0E00      	MOVLW       0
0x01C4	0x2054      	ADDWFC      FARG_RS485Slave_Receive_data_buffer+1, 0 
0x01C6	0x6EE2      	MOVWF       FSR1H 
0x01C8	0x0EFF      	MOVLW       255
0x01CA	0x6EE6      	MOVWF       POSTINC1 
;__Lib_RS485.c,115 :: 		
0x01CC	0x0E01      	MOVLW       1
0x01CE	0x6E30      	MOVWF       __Lib_RS485_sl_state 
;__Lib_RS485.c,116 :: 		
L_RS485Slave_Receive18:
;__Lib_RS485.c,117 :: 		
0x01D0	0xD0CD      	BRA         L_RS485Slave_Receive5
;__Lib_RS485.c,119 :: 		
L_RS485Slave_Receive19:
;__Lib_RS485.c,120 :: 		
0x01D2	0x5037      	MOVF        RS485Slave_Receive_rec_L0, 0 
0x01D4	0x0AA9      	XORLW       169
0x01D6	0xE10B      	BNZ         L_RS485Slave_Receive20
;__Lib_RS485.c,121 :: 		
0x01D8	0x0E05      	MOVLW       5
0x01DA	0x2453      	ADDWF       FARG_RS485Slave_Receive_data_buffer, 0 
0x01DC	0x6EE1      	MOVWF       FSR1L 
0x01DE	0x0E00      	MOVLW       0
0x01E0	0x2054      	ADDWFC      FARG_RS485Slave_Receive_data_buffer+1, 0 
0x01E2	0x6EE2      	MOVWF       FSR1H 
0x01E4	0x0EFF      	MOVLW       255
0x01E6	0x6EE6      	MOVWF       POSTINC1 
;__Lib_RS485.c,122 :: 		
0x01E8	0x0E01      	MOVLW       1
0x01EA	0x6E30      	MOVWF       __Lib_RS485_sl_state 
;__Lib_RS485.c,123 :: 		
0x01EC	0xD0BF      	BRA         L_RS485Slave_Receive5
;__Lib_RS485.c,124 :: 		
L_RS485Slave_Receive20:
;__Lib_RS485.c,125 :: 		
0x01EE	0x5035      	MOVF        RS485Slave_Receive_i_L0, 0 
0x01F0	0x5C33      	SUBWF       RS485Slave_Receive_datalen_L0, 0 
0x01F2	0x6E00      	MOVWF       R0 
0x01F4	0x6A01      	CLRF        R1 
0x01F6	0x0E00      	MOVLW       0
0x01F8	0x5A01      	SUBWFB      R1, 1 
0x01FA	0x5000      	MOVF        R0, 0 
0x01FC	0x1001      	IORWF       R1, 0 
0x01FE	0xE011      	BZ          L_RS485Slave_Receive21
;__Lib_RS485.c,126 :: 		
0x0200	0x0435      	DECF        RS485Slave_Receive_i_L0, 0 
0x0202	0x6E00      	MOVWF       R0 
0x0204	0x6A01      	CLRF        R1 
0x0206	0x0E00      	MOVLW       0
0x0208	0x5A01      	SUBWFB      R1, 1 
0x020A	0x5000      	MOVF        R0, 0 
0x020C	0x2453      	ADDWF       FARG_RS485Slave_Receive_data_buffer, 0 
0x020E	0x6EE1      	MOVWF       FSR1L 
0x0210	0x5001      	MOVF        R1, 0 
0x0212	0x2054      	ADDWFC      FARG_RS485Slave_Receive_data_buffer+1, 0 
0x0214	0x6EE2      	MOVWF       FSR1H 
0x0216	0xFFE6C037  	MOVFF       RS485Slave_Receive_rec_L0, POSTINC1
;__Lib_RS485.c,127 :: 		
0x021A	0x5037      	MOVF        RS485Slave_Receive_rec_L0, 0 
0x021C	0x1A38      	XORWF       RS485Slave_Receive_crc_is_ok_L0, 1 
;__Lib_RS485.c,128 :: 		
0x021E	0x2A35      	INCF        RS485Slave_Receive_i_L0, 1 
;__Lib_RS485.c,129 :: 		
0x0220	0xD011      	BRA         L_RS485Slave_Receive22
L_RS485Slave_Receive21:
;__Lib_RS485.c,131 :: 		
0x0222	0x0435      	DECF        RS485Slave_Receive_i_L0, 0 
0x0224	0x6E00      	MOVWF       R0 
0x0226	0x6A01      	CLRF        R1 
0x0228	0x0E00      	MOVLW       0
0x022A	0x5A01      	SUBWFB      R1, 1 
0x022C	0x5000      	MOVF        R0, 0 
0x022E	0x2453      	ADDWF       FARG_RS485Slave_Receive_data_buffer, 0 
0x0230	0x6EE1      	MOVWF       FSR1L 
0x0232	0x5001      	MOVF        R1, 0 
0x0234	0x2054      	ADDWFC      FARG_RS485Slave_Receive_data_buffer+1, 0 
0x0236	0x6EE2      	MOVWF       FSR1H 
0x0238	0xFFE6C037  	MOVFF       RS485Slave_Receive_rec_L0, POSTINC1
;__Lib_RS485.c,132 :: 		
0x023C	0x0E05      	MOVLW       5
0x023E	0x6E30      	MOVWF       __Lib_RS485_sl_state 
;__Lib_RS485.c,133 :: 		
0x0240	0x5037      	MOVF        RS485Slave_Receive_rec_L0, 0 
0x0242	0x1A38      	XORWF       RS485Slave_Receive_crc_is_ok_L0, 1 
;__Lib_RS485.c,134 :: 		
L_RS485Slave_Receive22:
;__Lib_RS485.c,135 :: 		
0x0244	0xD093      	BRA         L_RS485Slave_Receive5
;__Lib_RS485.c,137 :: 		
L_RS485Slave_Receive23:
;__Lib_RS485.c,138 :: 		
0x0246	0x1C38      	COMF        RS485Slave_Receive_crc_is_ok_L0, 0 
0x0248	0x6E01      	MOVWF       R1 
0x024A	0xF038C001  	MOVFF       R1, RS485Slave_Receive_crc_is_ok_L0
;__Lib_RS485.c,139 :: 		
0x024E	0x5001      	MOVF        R1, 0 
0x0250	0x0A96      	XORLW       150
0x0252	0xE004      	BZ          L__RS485Slave_Receive105
0x0254	0x5038      	MOVF        RS485Slave_Receive_crc_is_ok_L0, 0 
0x0256	0x0AA9      	XORLW       169
0x0258	0xE001      	BZ          L__RS485Slave_Receive105
0x025A	0xD001      	BRA         L_RS485Slave_Receive26
L__RS485Slave_Receive105:
;__Lib_RS485.c,140 :: 		
0x025C	0x2A38      	INCF        RS485Slave_Receive_crc_is_ok_L0, 1 
L_RS485Slave_Receive26:
;__Lib_RS485.c,141 :: 		
0x025E	0x5038      	MOVF        RS485Slave_Receive_crc_is_ok_L0, 0 
0x0260	0x1837      	XORWF       RS485Slave_Receive_rec_L0, 0 
0x0262	0xE103      	BNZ         L_RS485Slave_Receive27
;__Lib_RS485.c,142 :: 		
0x0264	0x0E06      	MOVLW       6
0x0266	0x6E30      	MOVWF       __Lib_RS485_sl_state 
0x0268	0xD00A      	BRA         L_RS485Slave_Receive28
L_RS485Slave_Receive27:
;__Lib_RS485.c,144 :: 		
0x026A	0x0E05      	MOVLW       5
0x026C	0x2453      	ADDWF       FARG_RS485Slave_Receive_data_buffer, 0 
0x026E	0x6EE1      	MOVWF       FSR1L 
0x0270	0x0E00      	MOVLW       0
0x0272	0x2054      	ADDWFC      FARG_RS485Slave_Receive_data_buffer+1, 0 
0x0274	0x6EE2      	MOVWF       FSR1H 
0x0276	0x0EFF      	MOVLW       255
0x0278	0x6EE6      	MOVWF       POSTINC1 
;__Lib_RS485.c,145 :: 		
0x027A	0x0E01      	MOVLW       1
0x027C	0x6E30      	MOVWF       __Lib_RS485_sl_state 
;__Lib_RS485.c,146 :: 		
L_RS485Slave_Receive28:
;__Lib_RS485.c,147 :: 		
0x027E	0xD076      	BRA         L_RS485Slave_Receive5
;__Lib_RS485.c,149 :: 		
L_RS485Slave_Receive29:
;__Lib_RS485.c,150 :: 		
0x0280	0x5037      	MOVF        RS485Slave_Receive_rec_L0, 0 
0x0282	0x0AA9      	XORLW       169
0x0284	0xE13F      	BNZ         L_RS485Slave_Receive30
;__Lib_RS485.c,151 :: 		
0x0286	0x0E01      	MOVLW       1
0x0288	0x6E30      	MOVWF       __Lib_RS485_sl_state 
;__Lib_RS485.c,152 :: 		
0x028A	0x0E04      	MOVLW       4
0x028C	0x2453      	ADDWF       FARG_RS485Slave_Receive_data_buffer, 0 
0x028E	0x6EE1      	MOVWF       FSR1L 
0x0290	0x0E00      	MOVLW       0
0x0292	0x2054      	ADDWFC      FARG_RS485Slave_Receive_data_buffer+1, 0 
0x0294	0x6EE2      	MOVWF       FSR1H 
0x0296	0x0EFF      	MOVLW       255
0x0298	0x6EE6      	MOVWF       POSTINC1 
;__Lib_RS485.c,153 :: 		
0x029A	0x0E03      	MOVLW       3
0x029C	0x2453      	ADDWF       FARG_RS485Slave_Receive_data_buffer, 0 
0x029E	0x6EE1      	MOVWF       FSR1L 
0x02A0	0x0E00      	MOVLW       0
0x02A2	0x2054      	ADDWFC      FARG_RS485Slave_Receive_data_buffer+1, 0 
0x02A4	0x6EE2      	MOVWF       FSR1H 
0x02A6	0xFFE6C033  	MOVFF       RS485Slave_Receive_datalen_L0, POSTINC1
;__Lib_RS485.c,154 :: 		
0x02AA	0x0E01      	MOVLW       1
0x02AC	0x6E35      	MOVWF       RS485Slave_Receive_i_L0 
L_RS485Slave_Receive31:
0x02AE	0x5035      	MOVF        RS485Slave_Receive_i_L0, 0 
0x02B0	0x5C33      	SUBWF       RS485Slave_Receive_datalen_L0, 0 
0x02B2	0xE327      	BNC         L_RS485Slave_Receive32
;__Lib_RS485.c,156 :: 		
0x02B4	0xF001C035  	MOVFF       RS485Slave_Receive_i_L0, R1
0x02B8	0x0E02      	MOVLW       2
0x02BA	0x6E00      	MOVWF       R0 
0x02BC	0x5001      	MOVF        R1, 0 
L__RS485Slave_Receive117:
0x02BE	0xE004      	BZ          L__RS485Slave_Receive118
0x02C0	0x3600      	RLCF        R0, 1 
0x02C2	0x9000      	BCF         R0, 0 
0x02C4	0x0FFF      	ADDLW       255
0x02C6	0xD7FB      	BRA         L__RS485Slave_Receive117
L__RS485Slave_Receive118:
;__Lib_RS485.c,157 :: 		
0x02C8	0x5036      	MOVF        RS485Slave_Receive_key_L0, 0 
0x02CA	0x1600      	ANDWF       R0, 1 
0x02CC	0xE018      	BZ          L_RS485Slave_Receive34
;__Lib_RS485.c,158 :: 		
0x02CE	0x0435      	DECF        RS485Slave_Receive_i_L0, 0 
0x02D0	0x6E00      	MOVWF       R0 
0x02D2	0x6A01      	CLRF        R1 
0x02D4	0x0E00      	MOVLW       0
0x02D6	0x5A01      	SUBWFB      R1, 1 
0x02D8	0x5000      	MOVF        R0, 0 
0x02DA	0x2453      	ADDWF       FARG_RS485Slave_Receive_data_buffer, 0 
0x02DC	0x6E02      	MOVWF       R2 
0x02DE	0x5001      	MOVF        R1, 0 
0x02E0	0x2054      	ADDWFC      FARG_RS485Slave_Receive_data_buffer+1, 0 
0x02E2	0x6E03      	MOVWF       R3 
0x02E4	0xFFE9C002  	MOVFF       R2, FSR0L
0x02E8	0xFFEAC003  	MOVFF       R3, FSR0H
0x02EC	0x0E01      	MOVLW       1
0x02EE	0x18EE      	XORWF       POSTINC0, 0 
0x02F0	0x6E00      	MOVWF       R0 
0x02F2	0xFFE1C002  	MOVFF       R2, FSR1L
0x02F6	0xFFE2C003  	MOVFF       R3, FSR1H
0x02FA	0xFFE6C000  	MOVFF       R0, POSTINC1
L_RS485Slave_Receive34:
;__Lib_RS485.c,154 :: 		
0x02FE	0x2A35      	INCF        RS485Slave_Receive_i_L0, 1 
;__Lib_RS485.c,159 :: 		
0x0300	0xD7D6      	BRA         L_RS485Slave_Receive31
L_RS485Slave_Receive32:
;__Lib_RS485.c,160 :: 		
0x0302	0xD00A      	BRA         L_RS485Slave_Receive35
L_RS485Slave_Receive30:
;__Lib_RS485.c,163 :: 		
0x0304	0x0E05      	MOVLW       5
0x0306	0x2453      	ADDWF       FARG_RS485Slave_Receive_data_buffer, 0 
0x0308	0x6EE1      	MOVWF       FSR1L 
0x030A	0x0E00      	MOVLW       0
0x030C	0x2054      	ADDWFC      FARG_RS485Slave_Receive_data_buffer+1, 0 
0x030E	0x6EE2      	MOVWF       FSR1H 
0x0310	0x0EFF      	MOVLW       255
0x0312	0x6EE6      	MOVWF       POSTINC1 
;__Lib_RS485.c,164 :: 		
0x0314	0x0E01      	MOVLW       1
0x0316	0x6E30      	MOVWF       __Lib_RS485_sl_state 
;__Lib_RS485.c,165 :: 		
L_RS485Slave_Receive35:
;__Lib_RS485.c,166 :: 		
0x0318	0xD029      	BRA         L_RS485Slave_Receive5
;__Lib_RS485.c,168 :: 		
L_RS485Slave_Receive36:
;__Lib_RS485.c,169 :: 		
0x031A	0x0E05      	MOVLW       5
0x031C	0x2453      	ADDWF       FARG_RS485Slave_Receive_data_buffer, 0 
0x031E	0x6EE1      	MOVWF       FSR1L 
0x0320	0x0E00      	MOVLW       0
0x0322	0x2054      	ADDWFC      FARG_RS485Slave_Receive_data_buffer+1, 0 
0x0324	0x6EE2      	MOVWF       FSR1H 
0x0326	0x0EFF      	MOVLW       255
0x0328	0x6EE6      	MOVWF       POSTINC1 
;__Lib_RS485.c,170 :: 		
0x032A	0x0E01      	MOVLW       1
0x032C	0x6E30      	MOVWF       __Lib_RS485_sl_state 
;__Lib_RS485.c,171 :: 		
0x032E	0xD01E      	BRA         L_RS485Slave_Receive5
;__Lib_RS485.c,173 :: 		
L_RS485Slave_Receive37:
;__Lib_RS485.c,174 :: 		
0x0330	0x0E01      	MOVLW       1
0x0332	0x6E30      	MOVWF       __Lib_RS485_sl_state 
;__Lib_RS485.c,176 :: 		
0x0334	0xD01B      	BRA         L_RS485Slave_Receive5
L_RS485Slave_Receive4:
0x0336	0x5030      	MOVF        __Lib_RS485_sl_state, 0 
0x0338	0x0A01      	XORLW       1
0x033A	0xB4D8      	BTFSC       STATUS, 2 
0x033C	0xD709      	BRA         L_RS485Slave_Receive6
0x033E	0x5030      	MOVF        __Lib_RS485_sl_state, 0 
0x0340	0x0A02      	XORLW       2
0x0342	0xB4D8      	BTFSC       STATUS, 2 
0x0344	0xD70C      	BRA         L_RS485Slave_Receive8
0x0346	0x5030      	MOVF        __Lib_RS485_sl_state, 0 
0x0348	0x0A03      	XORLW       3
0x034A	0xB4D8      	BTFSC       STATUS, 2 
0x034C	0xD717      	BRA         L_RS485Slave_Receive13
0x034E	0x5030      	MOVF        __Lib_RS485_sl_state, 0 
0x0350	0x0A04      	XORLW       4
0x0352	0xB4D8      	BTFSC       STATUS, 2 
0x0354	0xD73E      	BRA         L_RS485Slave_Receive19
0x0356	0x5030      	MOVF        __Lib_RS485_sl_state, 0 
0x0358	0x0A05      	XORLW       5
0x035A	0xB4D8      	BTFSC       STATUS, 2 
0x035C	0xD774      	BRA         L_RS485Slave_Receive23
0x035E	0x5030      	MOVF        __Lib_RS485_sl_state, 0 
0x0360	0x0A06      	XORLW       6
0x0362	0xE08E      	BZ          L_RS485Slave_Receive29
0x0364	0x5030      	MOVF        __Lib_RS485_sl_state, 0 
0x0366	0x0A07      	XORLW       7
0x0368	0xE0D8      	BZ          L_RS485Slave_Receive36
0x036A	0xD7E2      	BRA         L_RS485Slave_Receive37
L_RS485Slave_Receive5:
;__Lib_RS485.c,177 :: 		
L_end_RS485Slave_Receive:
0x036C	0x0012      	RETURN      0
; end of _RS485Slave_Receive
_RS485Slave_Send:
;__Lib_RS485.c,190 :: 		
;__Lib_RS485.c,195 :: 		
0x036E	0xF048C031  	MOVFF       __Lib_RS485__sladdress, RS485Slave_Send_slave_address_L0
;__Lib_RS485.c,196 :: 		
0x0372	0x5232      	MOVF        __Lib_RS485_specadr, 1 
0x0374	0xE003      	BZ          L_RS485Slave_Send38
;__Lib_RS485.c,197 :: 		
0x0376	0x0E01      	MOVLW       1
0x0378	0x1831      	XORWF       __Lib_RS485__sladdress, 0 
0x037A	0x6E48      	MOVWF       RS485Slave_Send_slave_address_L0 
L_RS485Slave_Send38:
;__Lib_RS485.c,199 :: 		
0x037C	0x8482      	BSF         rs485_rxtx_pin, BitPos(rs485_rxtx_pin+0) 
;__Lib_RS485.c,200 :: 		
0x037E	0x0444      	DECF        FARG_RS485Slave_Send_datalen, 0 
0x0380	0x6E47      	MOVWF       RS485Slave_Send_len_L0 
;__Lib_RS485.c,201 :: 		
0x0382	0xFFE1C026  	MOVFF       _UART_Wr_Ptr+2, FSR1L
0x0386	0xFFE2C027  	MOVFF       _UART_Wr_Ptr+3, FSR1H
0x038A	0x0E96      	MOVLW       150
0x038C	0x6EE6      	MOVWF       POSTINC1 
0x038E	0xF000C024  	MOVFF       _UART_Wr_Ptr, R0
0x0392	0xF001C025  	MOVFF       _UART_Wr_Ptr+1, R1
0x0396	0xDE8D      	RCALL       _____DoIFC
;__Lib_RS485.c,202 :: 		
0x0398	0x5048      	MOVF        RS485Slave_Send_slave_address_L0, 0 
0x039A	0x0A96      	XORLW       150
0x039C	0xE004      	BZ          L__RS485Slave_Send109
0x039E	0x5048      	MOVF        RS485Slave_Send_slave_address_L0, 0 
0x03A0	0x0AA9      	XORLW       169
0x03A2	0xE001      	BZ          L__RS485Slave_Send109
0x03A4	0xD002      	BRA         L_RS485Slave_Send41
L__RS485Slave_Send109:
;__Lib_RS485.c,203 :: 		
0x03A6	0x7048      	BTG         RS485Slave_Send_slave_address_L0, 0 
;__Lib_RS485.c,204 :: 		
0x03A8	0x8C44      	BSF         FARG_RS485Slave_Send_datalen, 6 
;__Lib_RS485.c,205 :: 		
L_RS485Slave_Send41:
;__Lib_RS485.c,206 :: 		
0x03AA	0xFFE1C026  	MOVFF       _UART_Wr_Ptr+2, FSR1L
0x03AE	0xFFE2C027  	MOVFF       _UART_Wr_Ptr+3, FSR1H
0x03B2	0xFFE6C048  	MOVFF       RS485Slave_Send_slave_address_L0, POSTINC1
0x03B6	0xF000C024  	MOVFF       _UART_Wr_Ptr, R0
0x03BA	0xF001C025  	MOVFF       _UART_Wr_Ptr+1, R1
0x03BE	0xDE79      	RCALL       _____DoIFC
;__Lib_RS485.c,207 :: 		
0x03C0	0x6A45      	CLRF        RS485Slave_Send_i_L0 
L_RS485Slave_Send42:
0x03C2	0x5045      	MOVF        RS485Slave_Send_i_L0, 0 
0x03C4	0x5C47      	SUBWF       RS485Slave_Send_len_L0, 0 
0x03C6	0xE332      	BNC         L_RS485Slave_Send43
;__Lib_RS485.c,208 :: 		
0x03C8	0x5045      	MOVF        RS485Slave_Send_i_L0, 0 
0x03CA	0x2442      	ADDWF       FARG_RS485Slave_Send_data_buffer, 0 
0x03CC	0x6EE9      	MOVWF       FSR0L 
0x03CE	0x0E00      	MOVLW       0
0x03D0	0x2043      	ADDWFC      FARG_RS485Slave_Send_data_buffer+1, 0 
0x03D2	0x6EEA      	MOVWF       FSR0H 
0x03D4	0xF001CFEE  	MOVFF       POSTINC0, R1
0x03D8	0xF049C001  	MOVFF       R1, RS485Slave_Send_temp_L0
;__Lib_RS485.c,209 :: 		
0x03DC	0x5001      	MOVF        R1, 0 
0x03DE	0x0A96      	XORLW       150
0x03E0	0xE004      	BZ          L__RS485Slave_Send108
0x03E2	0x5049      	MOVF        RS485Slave_Send_temp_L0, 0 
0x03E4	0x0AA9      	XORLW       169
0x03E6	0xE001      	BZ          L__RS485Slave_Send108
0x03E8	0xD01F      	BRA         L_RS485Slave_Send47
L__RS485Slave_Send108:
;__Lib_RS485.c,210 :: 		
0x03EA	0x5045      	MOVF        RS485Slave_Send_i_L0, 0 
0x03EC	0x2442      	ADDWF       FARG_RS485Slave_Send_data_buffer, 0 
0x03EE	0x6E01      	MOVWF       R1 
0x03F0	0x0E00      	MOVLW       0
0x03F2	0x2043      	ADDWFC      FARG_RS485Slave_Send_data_buffer+1, 0 
0x03F4	0x6E02      	MOVWF       R2 
0x03F6	0xFFE9C001  	MOVFF       R1, FSR0L
0x03FA	0xFFEAC002  	MOVFF       R2, FSR0H
0x03FE	0x0E01      	MOVLW       1
0x0400	0x18EE      	XORWF       POSTINC0, 0 
0x0402	0x6E00      	MOVWF       R0 
0x0404	0xFFE1C001  	MOVFF       R1, FSR1L
0x0408	0xFFE2C002  	MOVFF       R2, FSR1H
0x040C	0xFFE6C000  	MOVFF       R0, POSTINC1
;__Lib_RS485.c,211 :: 		
0x0410	0xF001C045  	MOVFF       RS485Slave_Send_i_L0, R1
0x0414	0x0E04      	MOVLW       4
0x0416	0x6E00      	MOVWF       R0 
0x0418	0x5001      	MOVF        R1, 0 
L__RS485Slave_Send120:
0x041A	0xE004      	BZ          L__RS485Slave_Send121
0x041C	0x3600      	RLCF        R0, 1 
0x041E	0x9000      	BCF         R0, 0 
0x0420	0x0FFF      	ADDLW       255
0x0422	0xD7FB      	BRA         L__RS485Slave_Send120
L__RS485Slave_Send121:
0x0424	0x5000      	MOVF        R0, 0 
0x0426	0x1244      	IORWF       FARG_RS485Slave_Send_datalen, 1 
;__Lib_RS485.c,212 :: 		
L_RS485Slave_Send47:
;__Lib_RS485.c,207 :: 		
0x0428	0x2A45      	INCF        RS485Slave_Send_i_L0, 1 
;__Lib_RS485.c,213 :: 		
0x042A	0xD7CB      	BRA         L_RS485Slave_Send42
L_RS485Slave_Send43:
;__Lib_RS485.c,214 :: 		
0x042C	0xFFE1C026  	MOVFF       _UART_Wr_Ptr+2, FSR1L
0x0430	0xFFE2C027  	MOVFF       _UART_Wr_Ptr+3, FSR1H
0x0434	0xFFE6C044  	MOVFF       FARG_RS485Slave_Send_datalen, POSTINC1
0x0438	0xF000C024  	MOVFF       _UART_Wr_Ptr, R0
0x043C	0xF001C025  	MOVFF       _UART_Wr_Ptr+1, R1
0x0440	0xDE38      	RCALL       _____DoIFC
;__Lib_RS485.c,215 :: 		
0x0442	0x5048      	MOVF        RS485Slave_Send_slave_address_L0, 0 
0x0444	0x1844      	XORWF       FARG_RS485Slave_Send_datalen, 0 
0x0446	0x6E46      	MOVWF       RS485Slave_Send_crc_send_L0 
;__Lib_RS485.c,216 :: 		
0x0448	0x6A45      	CLRF        RS485Slave_Send_i_L0 
L_RS485Slave_Send48:
0x044A	0x5045      	MOVF        RS485Slave_Send_i_L0, 0 
0x044C	0x5C47      	SUBWF       RS485Slave_Send_len_L0, 0 
0x044E	0xE31D      	BNC         L_RS485Slave_Send49
;__Lib_RS485.c,217 :: 		
0x0450	0x5045      	MOVF        RS485Slave_Send_i_L0, 0 
0x0452	0x2442      	ADDWF       FARG_RS485Slave_Send_data_buffer, 0 
0x0454	0x6E00      	MOVWF       R0 
0x0456	0x0E00      	MOVLW       0
0x0458	0x2043      	ADDWFC      FARG_RS485Slave_Send_data_buffer+1, 0 
0x045A	0x6E01      	MOVWF       R1 
0x045C	0xFFD9C000  	MOVFF       R0, FSR2L
0x0460	0xFFDAC001  	MOVFF       R1, FSR2H
0x0464	0x50DE      	MOVF        POSTINC2, 0 
0x0466	0x1A46      	XORWF       RS485Slave_Send_crc_send_L0, 1 
;__Lib_RS485.c,218 :: 		
0x0468	0xFFE1C026  	MOVFF       _UART_Wr_Ptr+2, FSR1L
0x046C	0xFFE2C027  	MOVFF       _UART_Wr_Ptr+3, FSR1H
0x0470	0xFFE9C000  	MOVFF       R0, FSR0L
0x0474	0xFFEAC001  	MOVFF       R1, FSR0H
0x0478	0xFFE6CFEE  	MOVFF       POSTINC0, POSTINC1
0x047C	0xF000C024  	MOVFF       _UART_Wr_Ptr, R0
0x0480	0xF001C025  	MOVFF       _UART_Wr_Ptr+1, R1
0x0484	0xDE16      	RCALL       _____DoIFC
;__Lib_RS485.c,216 :: 		
0x0486	0x2A45      	INCF        RS485Slave_Send_i_L0, 1 
;__Lib_RS485.c,219 :: 		
0x0488	0xD7E0      	BRA         L_RS485Slave_Send48
L_RS485Slave_Send49:
;__Lib_RS485.c,221 :: 		
0x048A	0x1C46      	COMF        RS485Slave_Send_crc_send_L0, 0 
0x048C	0x6E01      	MOVWF       R1 
0x048E	0xF046C001  	MOVFF       R1, RS485Slave_Send_crc_send_L0
;__Lib_RS485.c,222 :: 		
0x0492	0x5001      	MOVF        R1, 0 
0x0494	0x0A96      	XORLW       150
0x0496	0xE004      	BZ          L__RS485Slave_Send107
0x0498	0x5046      	MOVF        RS485Slave_Send_crc_send_L0, 0 
0x049A	0x0AA9      	XORLW       169
0x049C	0xE001      	BZ          L__RS485Slave_Send107
0x049E	0xD001      	BRA         L_RS485Slave_Send53
L__RS485Slave_Send107:
;__Lib_RS485.c,223 :: 		
0x04A0	0x2A46      	INCF        RS485Slave_Send_crc_send_L0, 1 
L_RS485Slave_Send53:
;__Lib_RS485.c,224 :: 		
0x04A2	0xFFE1C026  	MOVFF       _UART_Wr_Ptr+2, FSR1L
0x04A6	0xFFE2C027  	MOVFF       _UART_Wr_Ptr+3, FSR1H
0x04AA	0xFFE6C046  	MOVFF       RS485Slave_Send_crc_send_L0, POSTINC1
0x04AE	0xF000C024  	MOVFF       _UART_Wr_Ptr, R0
0x04B2	0xF001C025  	MOVFF       _UART_Wr_Ptr+1, R1
0x04B6	0xDDFD      	RCALL       _____DoIFC
;__Lib_RS485.c,225 :: 		
0x04B8	0xFFE1C026  	MOVFF       _UART_Wr_Ptr+2, FSR1L
0x04BC	0xFFE2C027  	MOVFF       _UART_Wr_Ptr+3, FSR1H
0x04C0	0x0EA9      	MOVLW       169
0x04C2	0x6EE6      	MOVWF       POSTINC1 
0x04C4	0xF000C024  	MOVFF       _UART_Wr_Ptr, R0
0x04C8	0xF001C025  	MOVFF       _UART_Wr_Ptr+1, R1
0x04CC	0xDDF2      	RCALL       _____DoIFC
;__Lib_RS485.c,227 :: 		
L_RS485Slave_Send54:
0x04CE	0xF000C020  	MOVFF       _UART_Tx_Idle_Ptr, R0
0x04D2	0xF001C021  	MOVFF       _UART_Tx_Idle_Ptr+1, R1
0x04D6	0xDDED      	RCALL       _____DoIFC
0x04D8	0x5000      	MOVF        R0, 0 
0x04DA	0x0A00      	XORLW       0
0x04DC	0xE101      	BNZ         L_RS485Slave_Send55
;__Lib_RS485.c,228 :: 		
0x04DE	0xD7F7      	BRA         L_RS485Slave_Send54
L_RS485Slave_Send55:
;__Lib_RS485.c,230 :: 		
0x04E0	0x9482      	BCF         rs485_rxtx_pin, BitPos(rs485_rxtx_pin+0) 
;__Lib_RS485.c,231 :: 		
L_end_RS485Slave_Send:
0x04E2	0x0012      	RETURN      0
; end of _RS485Slave_Send
_RS485Slave_Init:
;__Lib_RS485.c,40 :: 		
;__Lib_RS485.c,41 :: 		
0x04E4	0x9494      	BCF         rs485_rxtx_pin_direction, BitPos(rs485_rxtx_pin_direction+0) 
;__Lib_RS485.c,42 :: 		
0x04E6	0x9482      	BCF         rs485_rxtx_pin, BitPos(rs485_rxtx_pin+0) 
;__Lib_RS485.c,44 :: 		
0x04E8	0x0E01      	MOVLW       1
0x04EA	0x6E30      	MOVWF       __Lib_RS485_sl_state 
;__Lib_RS485.c,45 :: 		
0x04EC	0x6A32      	CLRF        __Lib_RS485_specadr 
;__Lib_RS485.c,46 :: 		
0x04EE	0xF031C042  	MOVFF       FARG_RS485Slave_Init_slave_address, __Lib_RS485__sladdress
;__Lib_RS485.c,47 :: 		
0x04F2	0x5042      	MOVF        FARG_RS485Slave_Init_slave_address, 0 
0x04F4	0x0A96      	XORLW       150
0x04F6	0xE004      	BZ          L__RS485Slave_Init104
0x04F8	0x5042      	MOVF        FARG_RS485Slave_Init_slave_address, 0 
0x04FA	0x0AA9      	XORLW       169
0x04FC	0xE001      	BZ          L__RS485Slave_Init104
0x04FE	0xD005      	BRA         L_RS485Slave_Init2
L__RS485Slave_Init104:
;__Lib_RS485.c,48 :: 		
0x0500	0x0E01      	MOVLW       1
0x0502	0x1842      	XORWF       FARG_RS485Slave_Init_slave_address, 0 
0x0504	0x6E31      	MOVWF       __Lib_RS485__sladdress 
;__Lib_RS485.c,49 :: 		
0x0506	0x0EFF      	MOVLW       255
0x0508	0x6E32      	MOVWF       __Lib_RS485_specadr 
;__Lib_RS485.c,50 :: 		
L_RS485Slave_Init2:
;__Lib_RS485.c,51 :: 		
L_end_RS485Slave_Init:
0x050A	0x0012      	RETURN      0
; end of _RS485Slave_Init
_UART_Set_Active:
;__Lib_UART_c67b67.c,214 :: 		
;__Lib_UART_c67b67.c,215 :: 		
0x050C	0xF02CC042  	MOVFF       FARG_UART_Set_Active_read_ptr, _UART_Rd_Ptr
0x0510	0xF02DC043  	MOVFF       FARG_UART_Set_Active_read_ptr+1, _UART_Rd_Ptr+1
0x0514	0xF02EC044  	MOVFF       FARG_UART_Set_Active_read_ptr+2, _UART_Rd_Ptr+2
0x0518	0xF02FC045  	MOVFF       FARG_UART_Set_Active_read_ptr+3, _UART_Rd_Ptr+3
;__Lib_UART_c67b67.c,216 :: 		
0x051C	0xF024C046  	MOVFF       FARG_UART_Set_Active_write_ptr, _UART_Wr_Ptr
0x0520	0xF025C047  	MOVFF       FARG_UART_Set_Active_write_ptr+1, _UART_Wr_Ptr+1
0x0524	0xF026C048  	MOVFF       FARG_UART_Set_Active_write_ptr+2, _UART_Wr_Ptr+2
0x0528	0xF027C049  	MOVFF       FARG_UART_Set_Active_write_ptr+3, _UART_Wr_Ptr+3
;__Lib_UART_c67b67.c,217 :: 		
0x052C	0xF028C04A  	MOVFF       FARG_UART_Set_Active_ready_ptr, _UART_Rdy_Ptr
0x0530	0xF029C04B  	MOVFF       FARG_UART_Set_Active_ready_ptr+1, _UART_Rdy_Ptr+1
0x0534	0xF02AC04C  	MOVFF       FARG_UART_Set_Active_ready_ptr+2, _UART_Rdy_Ptr+2
0x0538	0xF02BC04D  	MOVFF       FARG_UART_Set_Active_ready_ptr+3, _UART_Rdy_Ptr+3
;__Lib_UART_c67b67.c,218 :: 		
0x053C	0xF020C04E  	MOVFF       FARG_UART_Set_Active_tx_idle_ptr, _UART_Tx_Idle_Ptr
0x0540	0xF021C04F  	MOVFF       FARG_UART_Set_Active_tx_idle_ptr+1, _UART_Tx_Idle_Ptr+1
0x0544	0xF022C050  	MOVFF       FARG_UART_Set_Active_tx_idle_ptr+2, _UART_Tx_Idle_Ptr+2
0x0548	0xF023C051  	MOVFF       FARG_UART_Set_Active_tx_idle_ptr+3, _UART_Tx_Idle_Ptr+3
;__Lib_UART_c67b67.c,219 :: 		
L_end_UART_Set_Active:
0x054C	0x0012      	RETURN      0
; end of _UART_Set_Active
_main:
0x054E	0x6A1C      	CLRF        _cnt 
0x0550	0x6A1D      	CLRF        29 
0x0552	0x6A1E      	CLRF        30 
0x0554	0x6A1F      	CLRF        31 
;rs485s.c,15 :: 		void main() {
;rs485s.c,18 :: 		ADCON1 = 0x0F ;
0x0556	0x0E0F      	MOVLW       15
0x0558	0x6EC1      	MOVWF       ADCON1 
;rs485s.c,28 :: 		PORTB = 0;
0x055A	0x6A81      	CLRF        PORTB 
;rs485s.c,29 :: 		PORTC = 0;
0x055C	0x6A82      	CLRF        PORTC 
;rs485s.c,33 :: 		TRISB = 0;
0x055E	0x6A93      	CLRF        TRISB 
;rs485s.c,34 :: 		TRISC = 0;
0x0560	0x6A94      	CLRF        TRISC 
;rs485s.c,40 :: 		UART1_Init(9600);
0x0562	0x86B8      	BSF         BAUDCON, 3, 0
0x0564	0x6AB0      	CLRF        SPBRGH 
0x0566	0x0E67      	MOVLW       103
0x0568	0x6EAF      	MOVWF       SPBRG 
0x056A	0x84AC      	BSF         TXSTA, 2, 0
0x056C	0xDDAE      	RCALL       _UART1_Init
;rs485s.c,42 :: 		UART_Set_Active(&UART1_Read, &UART1_Write, &UART1_Data_Ready, &UART1_Tx_Idle);
0x056E	0x0E56      	MOVLW       _UART1_Read
0x0570	0x6E42      	MOVWF       FARG_UART_Set_Active_read_ptr 
0x0572	0x0E00      	MOVLW       hi_addr(_UART1_Read)
0x0574	0x6E43      	MOVWF       FARG_UART_Set_Active_read_ptr+1 
0x0576	0x0E00      	MOVLW       0
0x0578	0x6E44      	MOVWF       FARG_UART_Set_Active_read_ptr+2 
0x057A	0x0E00      	MOVLW       0
0x057C	0x6E45      	MOVWF       FARG_UART_Set_Active_read_ptr+3 
0x057E	0x0EA4      	MOVLW       _UART1_Write
0x0580	0x6E46      	MOVWF       FARG_UART_Set_Active_write_ptr 
0x0582	0x0E00      	MOVLW       hi_addr(_UART1_Write)
0x0584	0x6E47      	MOVWF       FARG_UART_Set_Active_write_ptr+1 
0x0586	0x0E52      	MOVLW       FARG_UART1_Write_data_
0x0588	0x6E48      	MOVWF       FARG_UART_Set_Active_write_ptr+2 
0x058A	0x0E00      	MOVLW       hi_addr(FARG_UART1_Write_data_)
0x058C	0x6E49      	MOVWF       FARG_UART_Set_Active_write_ptr+3 
0x058E	0x0E4C      	MOVLW       _UART1_Data_Ready
0x0590	0x6E4A      	MOVWF       FARG_UART_Set_Active_ready_ptr 
0x0592	0x0E00      	MOVLW       hi_addr(_UART1_Data_Ready)
0x0594	0x6E4B      	MOVWF       FARG_UART_Set_Active_ready_ptr+1 
0x0596	0x0E00      	MOVLW       0
0x0598	0x6E4C      	MOVWF       FARG_UART_Set_Active_ready_ptr+2 
0x059A	0x0E00      	MOVLW       0
0x059C	0x6E4D      	MOVWF       FARG_UART_Set_Active_ready_ptr+3 
0x059E	0x0E88      	MOVLW       _UART1_Tx_Idle
0x05A0	0x6E4E      	MOVWF       FARG_UART_Set_Active_tx_idle_ptr 
0x05A2	0x0E00      	MOVLW       hi_addr(_UART1_Tx_Idle)
0x05A4	0x6E4F      	MOVWF       FARG_UART_Set_Active_tx_idle_ptr+1 
0x05A6	0x0E00      	MOVLW       0
0x05A8	0x6E50      	MOVWF       FARG_UART_Set_Active_tx_idle_ptr+2 
0x05AA	0x0E00      	MOVLW       0
0x05AC	0x6E51      	MOVWF       FARG_UART_Set_Active_tx_idle_ptr+3 
0x05AE	0xDFAE      	RCALL       _UART_Set_Active
;rs485s.c,43 :: 		RS485Slave_Init(160);              // Intialize MCU as slave, address 160
0x05B0	0x0EA0      	MOVLW       160
0x05B2	0x6E42      	MOVWF       FARG_RS485Slave_Init_slave_address 
0x05B4	0xDF97      	RCALL       _RS485Slave_Init
;rs485s.c,47 :: 		dat[0] = 0xAA;
0x05B6	0x0EAA      	MOVLW       170
0x05B8	0x6E39      	MOVWF       _dat 
;rs485s.c,48 :: 		dat[1] = 0xF0;
0x05BA	0x0EF0      	MOVLW       240
0x05BC	0x6E3A      	MOVWF       _dat+1 
;rs485s.c,49 :: 		dat[2] = 0x0F;
0x05BE	0x0E0F      	MOVLW       15
0x05C0	0x6E3B      	MOVWF       _dat+2 
;rs485s.c,50 :: 		dat[4] = 0;                          // ensure that message received flag is 0
0x05C2	0x6A3D      	CLRF        _dat+4 
;rs485s.c,51 :: 		dat[5] = 0;                          // ensure that error flag is 0
0x05C4	0x6A3E      	CLRF        _dat+5 
;rs485s.c,52 :: 		dat[6] = 0;
0x05C6	0x6A3F      	CLRF        _dat+6 
;rs485s.c,54 :: 		RCIE_bit = 1;                      // enable interrupt on UART1 receive
0x05C8	0x8A9D      	BSF         RCIE_bit, BitPos(RCIE_bit+0) 
;rs485s.c,55 :: 		TXIE_bit = 0;                      // disable interrupt on UART1 transmit
0x05CA	0x989D      	BCF         TXIE_bit, BitPos(TXIE_bit+0) 
;rs485s.c,56 :: 		PEIE_bit = 1;                      // enable peripheral interrupts
0x05CC	0x8CF2      	BSF         PEIE_bit, BitPos(PEIE_bit+0) 
;rs485s.c,57 :: 		GIE_bit = 1;                       // enable all interrupts
0x05CE	0x8EF2      	BSF         GIE_bit, BitPos(GIE_bit+0) 
;rs485s.c,66 :: 		for (i = 1; i <= 3; i++) {  // TEST LEDs
0x05D0	0x0E01      	MOVLW       1
0x05D2	0x6E34      	MOVWF       _i 
L_main0:
0x05D4	0x5034      	MOVF        _i, 0 
0x05D6	0x0803      	SUBLW       3
0x05D8	0xE323      	BNC         L_main1
;rs485s.c,68 :: 		PORTB.F2=1;
0x05DA	0x8481      	BSF         PORTB, 2 
;rs485s.c,69 :: 		Delay_ms(50);
0x05DC	0x0E41      	MOVLW       65
0x05DE	0x6E0C      	MOVWF       R12, 0
0x05E0	0x0EEE      	MOVLW       238
0x05E2	0x6E0D      	MOVWF       R13, 0
L_main3:
0x05E4	0x2E0D      	DECFSZ      R13, 1, 0
0x05E6	0xD7FE      	BRA         L_main3
0x05E8	0x2E0C      	DECFSZ      R12, 1, 0
0x05EA	0xD7FC      	BRA         L_main3
0x05EC	0x0000      	NOP
;rs485s.c,70 :: 		PORTB.F2=0;
0x05EE	0x9481      	BCF         PORTB, 2 
;rs485s.c,72 :: 		PORTB.F3=1;
0x05F0	0x8681      	BSF         PORTB, 3 
;rs485s.c,73 :: 		Delay_ms(50);
0x05F2	0x0E41      	MOVLW       65
0x05F4	0x6E0C      	MOVWF       R12, 0
0x05F6	0x0EEE      	MOVLW       238
0x05F8	0x6E0D      	MOVWF       R13, 0
L_main4:
0x05FA	0x2E0D      	DECFSZ      R13, 1, 0
0x05FC	0xD7FE      	BRA         L_main4
0x05FE	0x2E0C      	DECFSZ      R12, 1, 0
0x0600	0xD7FC      	BRA         L_main4
0x0602	0x0000      	NOP
;rs485s.c,74 :: 		PORTB.F3=0;
0x0604	0x9681      	BCF         PORTB, 3 
;rs485s.c,76 :: 		PORTB.F4=1;
0x0606	0x8881      	BSF         PORTB, 4 
;rs485s.c,77 :: 		Delay_ms(50);
0x0608	0x0E41      	MOVLW       65
0x060A	0x6E0C      	MOVWF       R12, 0
0x060C	0x0EEE      	MOVLW       238
0x060E	0x6E0D      	MOVWF       R13, 0
L_main5:
0x0610	0x2E0D      	DECFSZ      R13, 1, 0
0x0612	0xD7FE      	BRA         L_main5
0x0614	0x2E0C      	DECFSZ      R12, 1, 0
0x0616	0xD7FC      	BRA         L_main5
0x0618	0x0000      	NOP
;rs485s.c,78 :: 		PORTB.F4=0;
0x061A	0x9881      	BCF         PORTB, 4 
;rs485s.c,66 :: 		for (i = 1; i <= 3; i++) {  // TEST LEDs
0x061C	0x2A34      	INCF        _i, 1 
;rs485s.c,79 :: 		}
0x061E	0xD7DA      	BRA         L_main0
L_main1:
;rs485s.c,81 :: 		Delay_ms(500);
0x0620	0x0E03      	MOVLW       3
0x0622	0x6E0B      	MOVWF       R11, 0
0x0624	0x0E8A      	MOVLW       138
0x0626	0x6E0C      	MOVWF       R12, 0
0x0628	0x0E55      	MOVLW       85
0x062A	0x6E0D      	MOVWF       R13, 0
L_main6:
0x062C	0x2E0D      	DECFSZ      R13, 1, 0
0x062E	0xD7FE      	BRA         L_main6
0x0630	0x2E0C      	DECFSZ      R12, 1, 0
0x0632	0xD7FC      	BRA         L_main6
0x0634	0x2E0B      	DECFSZ      R11, 1, 0
0x0636	0xD7FA      	BRA         L_main6
0x0638	0x0000      	NOP
0x063A	0x0000      	NOP
;rs485s.c,83 :: 		while (1) {
L_main7:
;rs485s.c,84 :: 		cnt++;
0x063C	0x0E01      	MOVLW       1
0x063E	0x261C      	ADDWF       _cnt, 1 
0x0640	0x0E00      	MOVLW       0
0x0642	0x221D      	ADDWFC      _cnt+1, 1 
0x0644	0x221E      	ADDWFC      _cnt+2, 1 
0x0646	0x221F      	ADDWFC      _cnt+3, 1 
;rs485s.c,85 :: 		if (dat[5])  {                     // if an error detected, signal it
0x0648	0x523E      	MOVF        _dat+5, 1 
0x064A	0xA4D8      	BTFSS       STATUS, 2 
;rs485s.c,87 :: 		PORTB.F2=1;
0x064C	0x8481      	BSF         PORTB, 2 
;rs485s.c,88 :: 		}
L_main9:
;rs485s.c,89 :: 		if (dat[4]) {                      // if message received successfully
0x064E	0x523D      	MOVF        _dat+4, 1 
0x0650	0xE020      	BZ          L_main10
;rs485s.c,90 :: 		cnt = 0;
0x0652	0x6A1C      	CLRF        _cnt 
0x0654	0x6A1D      	CLRF        _cnt+1 
0x0656	0x6A1E      	CLRF        _cnt+2 
0x0658	0x6A1F      	CLRF        _cnt+3 
;rs485s.c,91 :: 		dat[4] = 0;                      // clear message received flag
0x065A	0x6A3D      	CLRF        _dat+4 
;rs485s.c,94 :: 		PORTB.F3=1;
0x065C	0x8681      	BSF         PORTB, 3 
;rs485s.c,95 :: 		Delay_ms(50);
0x065E	0x0E41      	MOVLW       65
0x0660	0x6E0C      	MOVWF       R12, 0
0x0662	0x0EEE      	MOVLW       238
0x0664	0x6E0D      	MOVWF       R13, 0
L_main11:
0x0666	0x2E0D      	DECFSZ      R13, 1, 0
0x0668	0xD7FE      	BRA         L_main11
0x066A	0x2E0C      	DECFSZ      R12, 1, 0
0x066C	0xD7FC      	BRA         L_main11
0x066E	0x0000      	NOP
;rs485s.c,96 :: 		PORTB.F3=0;
0x0670	0x9681      	BCF         PORTB, 3 
;rs485s.c,99 :: 		dat[0] = dat[0]+1;                // increment message by one
0x0672	0x2A39      	INCF        _dat, 1 
;rs485s.c,100 :: 		Delay_ms(1);
0x0674	0x0E02      	MOVLW       2
0x0676	0x6E0C      	MOVWF       R12, 0
0x0678	0x0E4B      	MOVLW       75
0x067A	0x6E0D      	MOVWF       R13, 0
L_main12:
0x067C	0x2E0D      	DECFSZ      R13, 1, 0
0x067E	0xD7FE      	BRA         L_main12
0x0680	0x2E0C      	DECFSZ      R12, 1, 0
0x0682	0xD7FC      	BRA         L_main12
;rs485s.c,102 :: 		RS485Slave_Send(dat,1);     // send back to slave
0x0684	0x0E39      	MOVLW       _dat
0x0686	0x6E42      	MOVWF       FARG_RS485Slave_Send_data_buffer 
0x0688	0x0E00      	MOVLW       hi_addr(_dat)
0x068A	0x6E43      	MOVWF       FARG_RS485Slave_Send_data_buffer+1 
0x068C	0x0E01      	MOVLW       1
0x068E	0x6E44      	MOVWF       FARG_RS485Slave_Send_datalen 
0x0690	0xDE6E      	RCALL       _RS485Slave_Send
;rs485s.c,105 :: 		}
L_main10:
;rs485s.c,107 :: 		}
0x0692	0xD7D4      	BRA         L_main7
;rs485s.c,109 :: 		}
L_end_main:
0x0694	0xD7FF      	BRA         $+0
; end of _main
Symbol List:
//** Routines locations **
//ADDRESS    SIZE    PROCEDURE
//----------------------------------------------
0x0008      [68]    _interrupt
0x004C      [10]    _UART1_Data_Ready
0x0056      [18]    _UART1_Read
0x0068      [12]    _UART2_Write
0x0074      [10]    _UART2_Data_Ready
0x007E      [10]    _UART2_Tx_Idle
0x0088      [10]    _UART1_Tx_Idle
0x0092      [18]    _UART2_Read
0x00A4      [14]    _UART1_Write
0x00B2      [24]    _____DoIFC
0x00CA      [86]    _UART1_Init
0x0120      [16]    ___CC2DW
0x0130     [574]    _RS485Slave_Receive
0x036E     [374]    _RS485Slave_Send
0x04E4      [40]    _RS485Slave_Init
0x050C      [66]    _UART_Set_Active
0x054E     [328]    _main
//** Variables locations ** 
//ADDRESS    SIZE    VARIABLE
//----------------------------------------------
0x0000       [1]    UART2_Init_tmp_L0
0x0000       [1]    R0
0x0000       [1]    UART1_Init_tmp_L0
0x0001       [1]    UART1_Read___tmp_UART1_Read_L0
0x0001       [1]    UART2_Read___tmp_UART2_Read_L0
0x0001       [1]    R1
0x0002       [1]    R2
0x0003       [1]    R3
0x0004       [1]    R4
0x0005       [1]    R5
0x0006       [1]    R6
0x0007       [1]    R7
0x0008       [1]    R8
0x0009       [1]    R9
0x000A       [1]    R10
0x000B       [1]    R11
0x000C       [1]    R12
0x000D       [1]    R13
0x000E       [1]    R14
0x000F       [1]    R15
0x0010       [1]    R16
0x0011       [1]    R17
0x0012       [1]    R18
0x0013       [1]    R19
0x0014       [1]    R20
0x001C       [4]    _cnt
0x0020       [4]    _UART_Tx_Idle_Ptr
0x0024       [4]    _UART_Wr_Ptr
0x0028       [4]    _UART_Rdy_Ptr
0x002C       [4]    _UART_Rd_Ptr
0x0030       [1]    __Lib_RS485_sl_state
0x0031       [1]    __Lib_RS485__sladdress
0x0032       [1]    __Lib_RS485_specadr
0x0033       [1]    RS485Slave_Receive_datalen_L0
0x0034       [1]    _i
0x0035       [1]    RS485Slave_Receive_i_L0
0x0036       [1]    RS485Slave_Receive_key_L0
0x0037       [1]    RS485Slave_Receive_rec_L0
0x0038       [1]    RS485Slave_Receive_crc_is_ok_L0
0x0039       [9]    _dat
0x0042       [4]    FARG_UART_Set_Active_read_ptr
0x0042       [1]    FARG_RS485Slave_Init_slave_address
0x0042       [2]    FARG_RS485Slave_Send_data_buffer
0x0044       [1]    FARG_RS485Slave_Send_datalen
0x0045       [1]    RS485Slave_Send_i_L0
0x0046       [4]    FARG_UART_Set_Active_write_ptr
0x0046       [1]    RS485Slave_Send_crc_send_L0
0x0047       [1]    RS485Slave_Send_len_L0
0x0048       [1]    RS485Slave_Send_slave_address_L0
0x0049       [1]    RS485Slave_Send_temp_L0
0x004A       [4]    FARG_UART_Set_Active_ready_ptr
0x004E       [4]    FARG_UART_Set_Active_tx_idle_ptr
0x0052       [1]    FARG_UART2_Write_data_
0x0052       [1]    FARG_UART1_Write_data_
0x0053       [2]    FARG_RS485Slave_Receive_data_buffer
0x0F71       [1]    RCSTA2
0x0F72       [1]    TXSTA2
0x0F73       [1]    TXREG2
0x0F74       [1]    RCREG2
0x0F81       [1]    PORTB
0x0F82       [0]    RC2_bit
0x0F82       [0]    rs485_rxtx_pin
0x0F82       [1]    PORTC
0x0F93       [1]    TRISB
0x0F94       [1]    TRISC
0x0F94       [0]    TRISC6_bit
0x0F94       [0]    rs485_rxtx_pin_direction
0x0F94       [0]    TRISC2_bit
0x0F94       [0]    TRISC7_bit
0x0F9D       [0]    RCIE_bit
0x0F9D       [0]    TXIE_bit
0x0F9E       [1]    PIR1
0x0FA4       [0]    RC2IF_bit
0x0FAB       [1]    RCSTA
0x0FAC       [1]    TXSTA
0x0FAD       [1]    TXREG
0x0FAE       [1]    RCREG
0x0FAF       [1]    SPBRG
0x0FB0       [1]    SPBRGH
0x0FB8       [1]    BAUDCON
0x0FC1       [1]    ADCON1
0x0FD8       [1]    STATUS
0x0FD9       [1]    FSR2L
0x0FDA       [1]    FSR2H
0x0FDE       [1]    POSTINC2
0x0FE0       [1]    BSR
0x0FE1       [2]    FSR1
0x0FE1       [1]    FSR1L
0x0FE2       [1]    FSR1H
0x0FE4       [1]    PREINC1
0x0FE6       [1]    POSTINC1
0x0FE7       [1]    INDF1
0x0FE8       [1]    WREG
0x0FE9       [1]    FSR0L
0x0FEA       [1]    FSR0H
0x0FEE       [1]    POSTINC0
0x0FF2       [1]    INTCON
0x0FF2       [0]    GIE_bit
0x0FF2       [0]    PEIE_bit
0x0FF3       [1]    PRODL
0x0FF4       [1]    PRODH
0x0FF5       [1]    TABLAT
0x0FF6       [1]    TBLPTRL
0x0FF7       [1]    TBLPTRH
0x0FF8       [1]    TBLPTRU
0x0FFD       [1]    TOSL
0x0FFE       [1]    TOSH
0x0FFF       [1]    TOSU
//** Label List: ** 
//----------------------------------------------
  L_main0
  L_main1
  L_main2
  L_main3
  L_main4
  L_main5
  L_main6
  L_main7
  L_main8
  L_main9
  L_main10
  L_main11
  L_main12
  L_end_interrupt
  _interrupt
  L__interrupt14
  L_end_main
  _main
  L_RS485Slave_Init0
  L_RS485Slave_Init1
  L_RS485Slave_Init2
  L_RS485Slave_Receive3
  L_RS485Slave_Receive4
  L_RS485Slave_Receive5
  L_RS485Slave_Receive6
  L_RS485Slave_Receive7
  L_RS485Slave_Receive8
  L_RS485Slave_Receive9
  L_RS485Slave_Receive10
  L_RS485Slave_Receive11
  L_RS485Slave_Receive12
  L_RS485Slave_Receive13
  L_RS485Slave_Receive14
  L_RS485Slave_Receive15
  L_RS485Slave_Receive16
  L_RS485Slave_Receive17
  L_RS485Slave_Receive18
  L_RS485Slave_Receive19
  L_RS485Slave_Receive20
  L_RS485Slave_Receive21
  L_RS485Slave_Receive22
  L_RS485Slave_Receive23
  L_RS485Slave_Receive24
  L_RS485Slave_Receive25
  L_RS485Slave_Receive26
  L_RS485Slave_Receive27
  L_RS485Slave_Receive28
  L_RS485Slave_Receive29
  L_RS485Slave_Receive30
  L_RS485Slave_Receive31
  L_RS485Slave_Receive32
  L_RS485Slave_Receive33
  L_RS485Slave_Receive34
  L_RS485Slave_Receive35
  L_RS485Slave_Receive36
  L_RS485Slave_Receive37
  L_RS485Slave_Send38
  L_RS485Slave_Send39
  L_RS485Slave_Send40
  L_RS485Slave_Send41
  L_RS485Slave_Send42
  L_RS485Slave_Send43
  L_RS485Slave_Send44
  L_RS485Slave_Send45
  L_RS485Slave_Send46
  L_RS485Slave_Send47
  L_RS485Slave_Send48
  L_RS485Slave_Send49
  L_RS485Slave_Send50
  L_RS485Slave_Send51
  L_RS485Slave_Send52
  L_RS485Slave_Send53
  L_RS485Slave_Send54
  L_RS485Slave_Send55
  L_RS485Master_Send56
  L_RS485Master_Send57
  L_RS485Master_Send58
  L_RS485Master_Send59
  L_RS485Master_Send60
  L_RS485Master_Send61
  L_RS485Master_Send62
  L_RS485Master_Send63
  L_RS485Master_Send64
  L_RS485Master_Send65
  L_RS485Master_Send66
  L_RS485Master_Send67
  L_RS485Master_Send68
  L_RS485Master_Send69
  L_RS485Master_Send70
  L_RS485Master_Send71
  L_RS485Master_Send72
  L_RS485Master_Receive73
  L_RS485Master_Receive74
  L_RS485Master_Receive75
  L_RS485Master_Receive76
  L_RS485Master_Receive77
  L_RS485Master_Receive78
  L_RS485Master_Receive79
  L_RS485Master_Receive80
  L_RS485Master_Receive81
  L_RS485Master_Receive82
  L_RS485Master_Receive83
  L_RS485Master_Receive84
  L_RS485Master_Receive85
  L_RS485Master_Receive86
  L_RS485Master_Receive87
  L_RS485Master_Receive88
  L_RS485Master_Receive89
  L_RS485Master_Receive90
  L_RS485Master_Receive91
  L_RS485Master_Receive92
  L_RS485Master_Receive93
  L_RS485Master_Receive94
  L_RS485Master_Receive95
  L_RS485Master_Receive96
  L_RS485Master_Receive97
  L_RS485Master_Receive98
  L_RS485Master_Receive99
  L_RS485Master_Receive100
  L_RS485Master_Receive101
  L_RS485Master_Receive102
  L_RS485Master_Receive103
  L__RS485Slave_Init104
  L__RS485Slave_Receive105
  L__RS485Slave_Receive106
  L__RS485Slave_Send107
  L__RS485Slave_Send108
  L__RS485Slave_Send109
  L__RS485Master_Send110
  L__RS485Master_Send111
  L__RS485Master_Send112
  L__RS485Master_Receive113
  L_end_RS485Master_Init
  _RS485Master_Init
  L_end_RS485Slave_Init
  _RS485Slave_Init
  L_end_RS485Slave_Receive
  _RS485Slave_Receive
  L__RS485Slave_Receive117
  L__RS485Slave_Receive118
  L_end_RS485Slave_Send
  _RS485Slave_Send
  L__RS485Slave_Send120
  L__RS485Slave_Send121
  L_end_RS485Master_Send
  _RS485Master_Send
  L__RS485Master_Send123
  L__RS485Master_Send124
  L_end_RS485Master_Receive
  _RS485Master_Receive
  L__RS485Master_Receive126
  L__RS485Master_Receive127
  _CC2D_Loop1
  _CC2DL_Loop1
  L_loopCA2AWs
  L_loopCCA2AWs
  L_loopCS2Ss
  L_CS2Send
  L_loopCCS2Ss
  L_CCS2Send
  L_loopFZinSWs
  L_longjmp7
  L_end___CC2D
  ___CC2D
  L_end___CC2DW
  ___CC2DW
  L_end___CA2AW
  ___CA2AW
  L_end___CCA2AW
  ___CCA2AW
  L_end___CS2S
  ___CS2S
  L_end___CCS2S
  ___CCS2S
  L_end___FZinS
  ___FZinS
  L_end_____DoIFC
  _____DoIFC
  L_end_Swap
  _Swap
  L_end_setjmp
  _setjmp
  L_end_longjmp
  _longjmp
  L_UART1_Init0
  L_UART1_Init1
  L_UART1_Read2
  L_UART1_Write3
  L_UART1_Write4
  L_UART1_Write_Text5
  L_UART1_Write_Text6
  L_UART1_Read_Text7
  L_UART1_Read_Text8
  L_UART1_Read_Text9
  L_UART1_Read_Text10
  L_UART1_Read_Text11
  L_UART1_Read_Text12
  L_UART1_Read_Text13
  L_UART1_Read_Text14
  L_UART1_Read_Text15
  L_UART2_Init16
  L_UART2_Init17
  L_UART2_Read18
  L_UART2_Write19
  L_UART2_Write20
  L_UART2_Write_Text21
  L_UART2_Write_Text22
  L_UART2_Read_Text23
  L_UART2_Read_Text24
  L_UART2_Read_Text25
  L_UART2_Read_Text26
  L_UART2_Read_Text27
  L_UART2_Read_Text28
  L_UART2_Read_Text29
  L_UART2_Read_Text30
  L_UART2_Read_Text31
  L_UART_Write_Text32
  L_UART_Write_Text33
  L_UART_Read_Text34
  L_UART_Read_Text35
  L_UART_Read_Text36
  L_UART_Read_Text37
  L_UART_Read_Text38
  L_UART_Read_Text39
  L_UART_Read_Text40
  L_UART_Read_Text41
  L_UART_Read_Text42
  L_end_UART1_Init
  _UART1_Init
  L_end_UART1_Data_Ready
  _UART1_Data_Ready
  L_end_UART1_Read
  _UART1_Read
  L_end_UART1_Tx_Idle
  _UART1_Tx_Idle
  L_end_UART1_Write
  _UART1_Write
  L_end_UART1_Write_Text
  _UART1_Write_Text
  L_end_UART1_Read_Text
  _UART1_Read_Text
  L_end_UART2_Init
  _UART2_Init
  L_end_UART2_Data_Ready
  _UART2_Data_Ready
  L_end_UART2_Read
  _UART2_Read
  L_end_UART2_Tx_Idle
  _UART2_Tx_Idle
  L_end_UART2_Write
  _UART2_Write
  L_end_UART2_Write_Text
  _UART2_Write_Text
  L_end_UART2_Read_Text
  _UART2_Read_Text
  L_end_UART_Set_Active
  _UART_Set_Active
  L_end_UART_Write
  _UART_Write
  L_end_UART_Write_Text
  _UART_Write_Text
  L_end_UART_Read
  _UART_Read
  L_end_UART_Data_Ready
  _UART_Data_Ready
  L_end_UART_Read_Text
  _UART_Read_Text
  L_end_UART_Tx_Idle
  _UART_Tx_Idle
  L_main0
  L_main1
  L_main2
  L_main3
  L_main4
  L_main5
  L_main6
  L_main7
  L_main8
  L_main9
  L_main10
  L_main11
  L_main12
  L_end_interrupt
  _interrupt
  L__interrupt14
  L_end_main
  _main
  L_RS485Slave_Init0
  L_RS485Slave_Init1
  L_RS485Slave_Init2
  L_RS485Slave_Receive3
  L_RS485Slave_Receive4
  L_RS485Slave_Receive5
  L_RS485Slave_Receive6
  L_RS485Slave_Receive7
  L_RS485Slave_Receive8
  L_RS485Slave_Receive9
  L_RS485Slave_Receive10
  L_RS485Slave_Receive11
  L_RS485Slave_Receive12
  L_RS485Slave_Receive13
  L_RS485Slave_Receive14
  L_RS485Slave_Receive15
  L_RS485Slave_Receive16
  L_RS485Slave_Receive17
  L_RS485Slave_Receive18
  L_RS485Slave_Receive19
  L_RS485Slave_Receive20
  L_RS485Slave_Receive21
  L_RS485Slave_Receive22
  L_RS485Slave_Receive23
  L_RS485Slave_Receive24
  L_RS485Slave_Receive25
  L_RS485Slave_Receive26
  L_RS485Slave_Receive27
  L_RS485Slave_Receive28
  L_RS485Slave_Receive29
  L_RS485Slave_Receive30
  L_RS485Slave_Receive31
  L_RS485Slave_Receive32
  L_RS485Slave_Receive33
  L_RS485Slave_Receive34
  L_RS485Slave_Receive35
  L_RS485Slave_Receive36
  L_RS485Slave_Receive37
  L_RS485Slave_Send38
  L_RS485Slave_Send39
  L_RS485Slave_Send40
  L_RS485Slave_Send41
  L_RS485Slave_Send42
  L_RS485Slave_Send43
  L_RS485Slave_Send44
  L_RS485Slave_Send45
  L_RS485Slave_Send46
  L_RS485Slave_Send47
  L_RS485Slave_Send48
  L_RS485Slave_Send49
  L_RS485Slave_Send50
  L_RS485Slave_Send51
  L_RS485Slave_Send52
  L_RS485Slave_Send53
  L_RS485Slave_Send54
  L_RS485Slave_Send55
  L_RS485Master_Send56
  L_RS485Master_Send57
  L_RS485Master_Send58
  L_RS485Master_Send59
  L_RS485Master_Send60
  L_RS485Master_Send61
  L_RS485Master_Send62
  L_RS485Master_Send63
  L_RS485Master_Send64
  L_RS485Master_Send65
  L_RS485Master_Send66
  L_RS485Master_Send67
  L_RS485Master_Send68
  L_RS485Master_Send69
  L_RS485Master_Send70
  L_RS485Master_Send71
  L_RS485Master_Send72
  L_RS485Master_Receive73
  L_RS485Master_Receive74
  L_RS485Master_Receive75
  L_RS485Master_Receive76
  L_RS485Master_Receive77
  L_RS485Master_Receive78
  L_RS485Master_Receive79
  L_RS485Master_Receive80
  L_RS485Master_Receive81
  L_RS485Master_Receive82
  L_RS485Master_Receive83
  L_RS485Master_Receive84
  L_RS485Master_Receive85
  L_RS485Master_Receive86
  L_RS485Master_Receive87
  L_RS485Master_Receive88
  L_RS485Master_Receive89
  L_RS485Master_Receive90
  L_RS485Master_Receive91
  L_RS485Master_Receive92
  L_RS485Master_Receive93
  L_RS485Master_Receive94
  L_RS485Master_Receive95
  L_RS485Master_Receive96
  L_RS485Master_Receive97
  L_RS485Master_Receive98
  L_RS485Master_Receive99
  L_RS485Master_Receive100
  L_RS485Master_Receive101
  L_RS485Master_Receive102
  L_RS485Master_Receive103
  L__RS485Slave_Init104
  L__RS485Slave_Receive105
  L__RS485Slave_Receive106
  L__RS485Slave_Send107
  L__RS485Slave_Send108
  L__RS485Slave_Send109
  L__RS485Master_Send110
  L__RS485Master_Send111
  L__RS485Master_Send112
  L__RS485Master_Receive113
  L_end_RS485Master_Init
  _RS485Master_Init
  L_end_RS485Slave_Init
  _RS485Slave_Init
  L_end_RS485Slave_Receive
  _RS485Slave_Receive
  L__RS485Slave_Receive117
  L__RS485Slave_Receive118
  L_end_RS485Slave_Send
  _RS485Slave_Send
  L__RS485Slave_Send120
  L__RS485Slave_Send121
  L_end_RS485Master_Send
  _RS485Master_Send
  L__RS485Master_Send123
  L__RS485Master_Send124
  L_end_RS485Master_Receive
  _RS485Master_Receive
  L__RS485Master_Receive126
  L__RS485Master_Receive127
