;  LST file generated by mikroListExporter - v.2.0 
; Date/Time: 8/16/2016 1:04:52 PM
;----------------------------------------------

;Address Opcode 	ASM
0x0000	0xF000EF60  	GOTO        192
0x0004	0x0000      	NOP
0x0006	0x0000      	NOP
0x0008	0xF000EF00  	GOTO        0
0x000C	0x0000      	NOP
0x000E	0x0000      	NOP
0x0010	0x0000      	NOP
0x0012	0x0000      	NOP
0x0014	0x0000      	NOP
0x0016	0x0000      	NOP
0x0018	0xD7F3      	BRA         0
_UART1_Write:
;__Lib_UART_c67.c,58 :: 		
;__Lib_UART_c67.c,59 :: 		
L_UART1_Write3:
0x001C	0xB2AC      	BTFSC       TXSTA, 1 
0x001E	0xD002      	BRA         L_UART1_Write4
;__Lib_UART_c67.c,60 :: 		
0x0020	0x0000      	NOP
0x0022	0xD7FC      	BRA         L_UART1_Write3
L_UART1_Write4:
;__Lib_UART_c67.c,61 :: 		
0x0024	0xFFADC039  	MOVFF       FARG_UART1_Write_data_, TXREG
;__Lib_UART_c67.c,62 :: 		
L_end_UART1_Write:
0x0028	0x0012      	RETURN      0
; end of _UART1_Write
_UART1_Write_Text:
;__Lib_UART_c67.c,66 :: 		
;__Lib_UART_c67.c,67 :: 		
0x002A	0x6A38      	CLRF        UART1_Write_Text_counter_L0 
;__Lib_UART_c67.c,69 :: 		
0x002C	0xFFE9C035  	MOVFF       FARG_UART1_Write_Text_uart_text, FSR0L
0x0030	0xFFEAC036  	MOVFF       FARG_UART1_Write_Text_uart_text+1, FSR0H
0x0034	0xF037CFEE  	MOVFF       POSTINC0, UART1_Write_Text_data__L0
;__Lib_UART_c67.c,70 :: 		
L_UART1_Write_Text5:
0x0038	0x5037      	MOVF        UART1_Write_Text_data__L0, 0 
0x003A	0x0A00      	XORLW       0
0x003C	0xE00D      	BZ          L_UART1_Write_Text6
;__Lib_UART_c67.c,71 :: 		
0x003E	0xF039C037  	MOVFF       UART1_Write_Text_data__L0, FARG_UART1_Write_data_
0x0042	0xDFEC      	RCALL       _UART1_Write
;__Lib_UART_c67.c,72 :: 		
0x0044	0x2A38      	INCF        UART1_Write_Text_counter_L0, 1 
;__Lib_UART_c67.c,73 :: 		
0x0046	0x5038      	MOVF        UART1_Write_Text_counter_L0, 0 
0x0048	0x2435      	ADDWF       FARG_UART1_Write_Text_uart_text, 0 
0x004A	0x6EE9      	MOVWF       FSR0L 
0x004C	0x0E00      	MOVLW       0
0x004E	0x2036      	ADDWFC      FARG_UART1_Write_Text_uart_text+1, 0 
0x0050	0x6EEA      	MOVWF       FSR0H 
0x0052	0xF037CFEE  	MOVFF       POSTINC0, UART1_Write_Text_data__L0
;__Lib_UART_c67.c,74 :: 		
0x0056	0xD7F0      	BRA         L_UART1_Write_Text5
L_UART1_Write_Text6:
;__Lib_UART_c67.c,75 :: 		
L_end_UART1_Write_Text:
0x0058	0x0012      	RETURN      0
; end of _UART1_Write_Text
_UART1_Init:
;__Lib_UART_c67.c,15 :: 		
;__Lib_UART_c67.c,18 :: 		
0x005A	0x0E1C      	MOVLW       _UART1_Write
0x005C	0x6E31      	MOVWF       _UART_Wr_Ptr 
0x005E	0x0E00      	MOVLW       hi_addr(_UART1_Write)
0x0060	0x6E32      	MOVWF       _UART_Wr_Ptr+1 
0x0062	0x0E39      	MOVLW       FARG_UART1_Write_data_
0x0064	0x6E33      	MOVWF       _UART_Wr_Ptr+2 
0x0066	0x0E00      	MOVLW       hi_addr(FARG_UART1_Write_data_)
0x0068	0x6E34      	MOVWF       _UART_Wr_Ptr+3 
;__Lib_UART_c67.c,19 :: 		
0x006A	0x0EFF      	MOVLW       _UART1_Read
0x006C	0x6E25      	MOVWF       _UART_Rd_Ptr 
0x006E	0x0EFF      	MOVLW       hi_addr(_UART1_Read)
0x0070	0x6E26      	MOVWF       _UART_Rd_Ptr+1 
0x0072	0x0E00      	MOVLW       0
0x0074	0x6E27      	MOVWF       _UART_Rd_Ptr+2 
0x0076	0x0E00      	MOVLW       0
0x0078	0x6E28      	MOVWF       _UART_Rd_Ptr+3 
;__Lib_UART_c67.c,20 :: 		
0x007A	0x0EFF      	MOVLW       _UART1_Data_Ready
0x007C	0x6E29      	MOVWF       _UART_Rdy_Ptr 
0x007E	0x0EFF      	MOVLW       hi_addr(_UART1_Data_Ready)
0x0080	0x6E2A      	MOVWF       _UART_Rdy_Ptr+1 
0x0082	0x0E00      	MOVLW       0
0x0084	0x6E2B      	MOVWF       _UART_Rdy_Ptr+2 
0x0086	0x0E00      	MOVLW       0
0x0088	0x6E2C      	MOVWF       _UART_Rdy_Ptr+3 
;__Lib_UART_c67.c,21 :: 		
0x008A	0x0EFF      	MOVLW       _UART1_Tx_Idle
0x008C	0x6E2D      	MOVWF       _UART_Tx_Idle_Ptr 
0x008E	0x0EFF      	MOVLW       hi_addr(_UART1_Tx_Idle)
0x0090	0x6E2E      	MOVWF       _UART_Tx_Idle_Ptr+1 
0x0092	0x0E00      	MOVLW       0
0x0094	0x6E2F      	MOVWF       _UART_Tx_Idle_Ptr+2 
0x0096	0x0E00      	MOVLW       0
0x0098	0x6E30      	MOVWF       _UART_Tx_Idle_Ptr+3 
;__Lib_UART_c67.c,23 :: 		
0x009A	0x8AAC      	BSF         TXSTA, 5 
;__Lib_UART_c67.c,24 :: 		
0x009C	0x0E90      	MOVLW       144
0x009E	0x6EAB      	MOVWF       RCSTA 
;__Lib_UART_c67.c,25 :: 		
0x00A0	0x8E94      	BSF         TRISC7_bit, BitPos(TRISC7_bit+0) 
;__Lib_UART_c67.c,26 :: 		
0x00A2	0x9C94      	BCF         TRISC6_bit, BitPos(TRISC6_bit+0) 
;__Lib_UART_c67.c,28 :: 		
L_UART1_Init0:
0x00A4	0xAA9E      	BTFSS       PIR1, 5 
0x00A6	0xD003      	BRA         L_UART1_Init1
;__Lib_UART_c67.c,29 :: 		
0x00A8	0xF000CFAE  	MOVFF       RCREG, R0
0x00AC	0xD7FB      	BRA         L_UART1_Init0
L_UART1_Init1:
;__Lib_UART_c67.c,30 :: 		
L_end_UART1_Init:
0x00AE	0x0012      	RETURN      0
; end of _UART1_Init
___CC2DW:
;__Lib_System.c,21 :: 		
;__Lib_System.c,23 :: 		
_CC2DL_Loop1:
;__Lib_System.c,24 :: 		
0x00B0	0x0009      	TBLRD*+
;__Lib_System.c,25 :: 		
0x00B2	0xFFE6CFF5  	MOVFF       TABLAT, POSTINC1
;__Lib_System.c,26 :: 		
0x00B6	0x0600      	DECF        R0, 1, 0
;__Lib_System.c,27 :: 		
0x00B8	0xE1FB      	BNZ         _CC2DL_Loop1
;__Lib_System.c,28 :: 		
0x00BA	0x0601      	DECF        R1, 1, 0
;__Lib_System.c,29 :: 		
0x00BC	0xE1F9      	BNZ         _CC2DL_Loop1
;__Lib_System.c,31 :: 		
L_end___CC2DW:
0x00BE	0x0012      	RETURN      0
; end of ___CC2DW
_main:
0x00C0	0xF000ECAF  	CALL        350, 0
;toshiba.c,2 :: 		void main() {
;toshiba.c,4 :: 		TRISD.F7 = 1;
0x00C4	0x8E95      	BSF         TRISD, 7 
;toshiba.c,5 :: 		TRISD.F6 = 0;
0x00C6	0x9C95      	BCF         TRISD, 6 
;toshiba.c,6 :: 		PORTD = 0;
0x00C8	0x6A83      	CLRF        PORTD 
;toshiba.c,10 :: 		CMCON = 0x07; // turn off comparators
0x00CA	0x0E07      	MOVLW       7
0x00CC	0x6EB4      	MOVWF       CMCON 
;toshiba.c,11 :: 		ADCON1 = 0xFF; // turn off analog inputs
0x00CE	0x0EFF      	MOVLW       255
0x00D0	0x6EC1      	MOVWF       ADCON1 
;toshiba.c,13 :: 		UART1_Init(9600);
0x00D2	0x86B8      	BSF         BAUDCON, 3, 0
0x00D4	0x6AB0      	CLRF        SPBRGH 
0x00D6	0x0E67      	MOVLW       103
0x00D8	0x6EAF      	MOVWF       SPBRG 
0x00DA	0x84AC      	BSF         TXSTA, 2, 0
0x00DC	0xDFBE      	RCALL       _UART1_Init
;toshiba.c,14 :: 		Delay_Ms(100);
0x00DE	0x0E82      	MOVLW       130
0x00E0	0x6E0C      	MOVWF       R12, 0
0x00E2	0x0EDD      	MOVLW       221
0x00E4	0x6E0D      	MOVWF       R13, 0
L_main0:
0x00E6	0x2E0D      	DECFSZ      R13, 1, 0
0x00E8	0xD7FE      	BRA         L_main0
0x00EA	0x2E0C      	DECFSZ      R12, 1, 0
0x00EC	0xD7FC      	BRA         L_main0
0x00EE	0x0000      	NOP
0x00F0	0x0000      	NOP
;toshiba.c,15 :: 		UART1_Write_Text("Starting");
0x00F2	0x0E15      	MOVLW       ?lstr1_toshiba
0x00F4	0x6E35      	MOVWF       FARG_UART1_Write_Text_uart_text 
0x00F6	0x0E00      	MOVLW       hi_addr(?lstr1_toshiba)
0x00F8	0x6E36      	MOVWF       FARG_UART1_Write_Text_uart_text+1 
0x00FA	0xDF97      	RCALL       _UART1_Write_Text
;toshiba.c,18 :: 		Delay_ms(100);
0x00FC	0x0E82      	MOVLW       130
0x00FE	0x6E0C      	MOVWF       R12, 0
0x0100	0x0EDD      	MOVLW       221
0x0102	0x6E0D      	MOVWF       R13, 0
L_main1:
0x0104	0x2E0D      	DECFSZ      R13, 1, 0
0x0106	0xD7FE      	BRA         L_main1
0x0108	0x2E0C      	DECFSZ      R12, 1, 0
0x010A	0xD7FC      	BRA         L_main1
0x010C	0x0000      	NOP
0x010E	0x0000      	NOP
;toshiba.c,19 :: 		PORTD.F6 = 1;
0x0110	0x8C83      	BSF         PORTD, 6 
;toshiba.c,20 :: 		Delay_Ms(40);
0x0112	0x0E34      	MOVLW       52
0x0114	0x6E0C      	MOVWF       R12, 0
0x0116	0x0EF1      	MOVLW       241
0x0118	0x6E0D      	MOVWF       R13, 0
L_main2:
0x011A	0x2E0D      	DECFSZ      R13, 1, 0
0x011C	0xD7FE      	BRA         L_main2
0x011E	0x2E0C      	DECFSZ      R12, 1, 0
0x0120	0xD7FC      	BRA         L_main2
0x0122	0x0000      	NOP
0x0124	0x0000      	NOP
;toshiba.c,21 :: 		PORTD.F6 = 0;
0x0126	0x9C83      	BCF         PORTD, 6 
;toshiba.c,22 :: 		Delay_Ms(10);
0x0128	0x0E0D      	MOVLW       13
0x012A	0x6E0C      	MOVWF       R12, 0
0x012C	0x0EFB      	MOVLW       251
0x012E	0x6E0D      	MOVWF       R13, 0
L_main3:
0x0130	0x2E0D      	DECFSZ      R13, 1, 0
0x0132	0xD7FE      	BRA         L_main3
0x0134	0x2E0C      	DECFSZ      R12, 1, 0
0x0136	0xD7FC      	BRA         L_main3
0x0138	0x0000      	NOP
0x013A	0x0000      	NOP
;toshiba.c,24 :: 		while(1){
L_main4:
;toshiba.c,25 :: 		if (PORTD.F7 == 1){
0x013C	0xAE83      	BTFSS       PORTD, 7 
0x013E	0xD005      	BRA         L_main6
;toshiba.c,27 :: 		UART1_Write_Text("EXP_OK");
0x0140	0x0E1E      	MOVLW       ?lstr2_toshiba
0x0142	0x6E35      	MOVWF       FARG_UART1_Write_Text_uart_text 
0x0144	0x0E00      	MOVLW       hi_addr(?lstr2_toshiba)
0x0146	0x6E36      	MOVWF       FARG_UART1_Write_Text_uart_text+1 
0x0148	0xDF70      	RCALL       _UART1_Write_Text
;toshiba.c,29 :: 		}  }
L_main6:
0x014A	0xD7F8      	BRA         L_main4
;toshiba.c,33 :: 		}
L_end_main:
0x014C	0xD7FF      	BRA         $+0
; end of _main
0x015E	0xF015EE10  	LFSR        1, 21
0x0162	0x0E10      	MOVLW       16
0x0164	0x6E00      	MOVWF       R0 
0x0166	0x0E01      	MOVLW       1
0x0168	0x6E01      	MOVWF       R1 
0x016A	0x0E4E      	MOVLW       78
0x016C	0x6EF6      	MOVWF       4086 
0x016E	0x0E01      	MOVLW       1
0x0170	0x6EF7      	MOVWF       TBLPTRH 
0x0172	0x0E00      	MOVLW       0
0x0174	0x6EF8      	MOVWF       TBLPTRU 
0x0176	0xF000EC58  	CALL        176, 0
0x017A	0x0012      	RETURN      0
;toshiba.c,0 :: ?ICS?lstr1_toshiba
0x014E	0x7453 ;?ICS?lstr1_toshiba+0
0x0150	0x7261 ;?ICS?lstr1_toshiba+2
0x0152	0x6974 ;?ICS?lstr1_toshiba+4
0x0154	0x676E ;?ICS?lstr1_toshiba+6
0x0156	0x00 ;?ICS?lstr1_toshiba+8
; end of ?ICS?lstr1_toshiba
;toshiba.c,0 :: ?ICS?lstr2_toshiba
0x0157	0x5845 ;?ICS?lstr2_toshiba+0
0x0159	0x5F50 ;?ICS?lstr2_toshiba+2
0x015B	0x4B4F ;?ICS?lstr2_toshiba+4
0x015D	0x00 ;?ICS?lstr2_toshiba+6
; end of ?ICS?lstr2_toshiba
Symbol List:
//** Routines locations **
//ADDRESS    SIZE    PROCEDURE
//----------------------------------------------
0x001C      [14]    _UART1_Write
0x002A      [48]    _UART1_Write_Text
0x005A      [86]    _UART1_Init
0x00B0      [16]    ___CC2DW
0x00C0     [142]    _main
//** Variables locations ** 
//ADDRESS    SIZE    VARIABLE
//----------------------------------------------
0x0000       [1]    UART1_Init_tmp_L0
0x0000       [1]    SPI1_Write_tmp_L0
0x0000       [1]    __Lib_SoftI2C_PutZerosToLATSda_temp_sda_L0
0x0000       [1]    EEPROM_Write_SaveINTCON_L0
0x0000       [1]    R0
0x0000       [1]    FLASH_Erase_64_SaveINTCON_L0
0x0000       [1]    __Lib_SoftI2C_PutZerosToLATScl_temp_scl_L0
0x0001       [1]    __Lib_TFT_16bit_JPEG_FileReadBytes_Result_L0
0x0001       [1]    __Lib_TFT_16bit_JPEG_FileRead_i_L0
0x0001       [1]    __Lib_USB_genHID_?FLOC____Lib_USB_genHID_USB_Handle_BusyT1
0x0001       [1]    ispunct_rslt_L0
0x0001       [1]    UART1_Read___tmp_UART1_Read_L0
0x0001       [1]    __Lib_TFT_JPEG_FileReadBytes_Result_L0
0x0001       [1]    __Lib_PS2_Wait_Falling_nsample_L0
0x0001       [1]    FLASH_Erase_Write_64_i_L0
0x0001       [1]    R1
0x0001       [2]    FLASH_Read_N_Bytes_i_L0
0x0001       [1]    FLASH_Write_32_i_L0
0x0001       [1]    I2C1_Rd_tmp_L0
0x0001       [1]    __Lib_TFT_JPEG_FileRead_i_L0
0x0002       [2]    memcpy_dd_L0
0x0002       [1]    R2
0x0002       [1]    __Lib_USB_genHID_USB_CtrlTrf_Rx_Service_byteToRead_L0
0x0002       [2]    memset_pp_L0
0x0002       [1]    FLASH_Write_32_SaveINTCON_L0
0x0002       [2]    memchr_s_L0
0x0002       [1]    FLASH_Erase_Write_64_j_L0
0x0002       [2]    strlen_cp_L0
0x0003       [1]    MM_Init_i_L0
0x0003       [2]    memmove_tt_L0
0x0003       [2]    MM_TotalFreeMemSize_Tot_L0
0x0003       [1]    __Lib_Sprinti_?FLOC____Lib_Sprinti_Do_FillT29
0x0003       [2]    __Lib_MmcFat16_f16_toInt_l_L0
0x0003       [1]    R3
0x0003       [1]    FLASH_Erase_Write_64_SaveINTCON_L0
0x0003       [1]    __Lib_USB_genHID_USB_CtrlTrf_Rx_Service_i_L0
0x0003       [2]    Ltrim_original_L0
0x0003       [2]    __Lib_USB_genHID_USB_CtrlTrf_Tx_Service_byteToSend_L0
0x0004       [2]    strncat_cp_L0
0x0004       [2]    strncpy_cp_L0
0x0004       [1]    __Lib_USB_genHID_GetMaxIndexInDevDsc_index_L0
0x0004       [2]    __Lib_MemManager_MM_GetMemAlign_P_L0
0x0004       [2]    frexp_pom_L0
0x0004       [1]    R4
0x0004       [2]    __Lib_USB_genHID_USB_Transfer_Packet_handle_L0
0x0004       [2]    memcpy_ss_L0
0x0004       [2]    strcat_cp_L0
0x0004       [1]    __Lib_Sprinti_?FLOC____Lib_Sprinti_Do_FillT40
0x0004       [2]    strcpy_cp_L0
0x0004       [2]    __Lib_USB_genHID_USB_Get_Status_Handler_p_L2
0x0004       [2]    __Lib_USB_genHID_USB_Std_Feature_Req_Handler_p_L0
0x0005       [2]    LongWordToHex_input_half_L0
0x0005       [2]    __Lib_USB_genHID_USB_Configure_Endpoint_handle_L0
0x0005       [2]    LongIntToHex_input_half_L0
0x0005       [1]    R5
0x0005       [2]    memmove_ff_L0
0x0005       [2]    Ltrim_p_L0
0x0005       [1]    __Lib_Sprinti_?FLOC____Lib_Sprinti_Do_FillT54
0x0005       [1]    MM_TotalFreeMemSize_i_L0
0x0006       [1]    __Lib_Sprinti_?FLOC____Lib_Sprinti_Do_FillT69
0x0006       [1]    __Lib_MemManager_MM_GetMemAlign_i_L0
0x0006       [1]    R6
0x0006       [2]    __Lib_USB_genHID_GetMaxIndexInConfigDsc_totalLen_L0
0x0007       [1]    __Lib_TFT_JPEG_GenerateHuffmanTables_bLength_L0
0x0007       [1]    __Lib_TFT_16bit_JPEG_GenerateHuffmanTables_bLength_L0
0x0007       [1]    R7
0x0008       [1]    R8
0x0008       [1]    __Lib_TFT_16bit_JPEG_GenerateHuffmanTables_bTable_L0
0x0008       [1]    __Lib_TFT_JPEG_GenerateHuffmanTables_bTable_L0
0x0008       [3]    __Lib_USB_genHID_GetMaxIndexInConfigDsc_ptr_L0
0x0009       [1]    R9
0x0009       [4]    __Lib_MmcFat16_f16_toLong_l_L0
0x000A       [1]    R10
0x000B       [1]    R11
0x000C       [1]    R12
0x000D       [1]    R13
0x000E       [1]    R14
0x000F       [1]    R15
0x0010       [1]    R16
0x0011       [1]    R17
0x0012       [1]    R18
0x0013       [1]    R19
0x0014       [1]    R20
0x0015       [9]    ?lstr1_toshiba
0x001E       [7]    ?lstr2_toshiba
0x0025       [4]    _UART_Rd_Ptr
0x0029       [4]    _UART_Rdy_Ptr
0x002D       [4]    _UART_Tx_Idle_Ptr
0x0031       [4]    _UART_Wr_Ptr
0x0035       [2]    FARG_UART1_Write_Text_uart_text
0x0037       [1]    UART1_Write_Text_data__L0
0x0038       [1]    UART1_Write_Text_counter_L0
0x0039       [1]    FARG_UART1_Write_data_
0x0F83       [1]    PORTD
0x0F94       [0]    TRISC6_bit
0x0F94       [0]    TRISC7_bit
0x0F95       [1]    TRISD
0x0F9E       [1]    PIR1
0x0FAB       [1]    RCSTA
0x0FAC       [1]    TXSTA
0x0FAD       [1]    TXREG
0x0FAE       [1]    RCREG
0x0FAF       [1]    SPBRG
0x0FB0       [1]    SPBRGH
0x0FB4       [1]    CMCON
0x0FB8       [1]    BAUDCON
0x0FC1       [1]    ADCON1
0x0FD8       [1]    STATUS
0x0FD9       [1]    FSR2L
0x0FDA       [1]    FSR2H
0x0FDE       [1]    POSTINC2
0x0FE0       [1]    BSR
0x0FE1       [1]    FSR1L
0x0FE2       [1]    FSR1H
0x0FE4       [1]    PREINC1
0x0FE6       [1]    POSTINC1
0x0FE7       [1]    INDF1
0x0FE8       [1]    WREG
0x0FE9       [1]    FSR0L
0x0FEA       [1]    FSR0H
0x0FEE       [1]    POSTINC0
0x0FF3       [1]    PRODL
0x0FF4       [1]    PRODH
0x0FF5       [1]    TABLAT
0x0FF6       [1]    TBLPTRL
0x0FF7       [1]    TBLPTRH
0x0FF8       [1]    TBLPTRU
//** Constants locations ** 
//ADDRESS    SIZE    CONSTANT
//----------------------------------------------
0x014E       [9]    ?ICS?lstr1_toshiba
0x0157       [7]    ?ICS?lstr2_toshiba
//** Label List: ** 
//----------------------------------------------
  L_main0
  L_main1
  L_main2
  L_main3
  L_main4
  L_main5
  L_main6
  L_end_main
  _main
  _CC2D_Loop1
  _CC2DL_Loop1
  L_loopCA2AWs
  L_loopCCA2AWs
  L_loopCS2Ss
  L_CS2Send
  L_loopCCS2Ss
  L_CCS2Send
  L_loopFZinSWs
  L_longjmp7
  L_end___CC2D
  ___CC2D
  L_end___CC2DW
  ___CC2DW
  L_end___CA2AW
  ___CA2AW
  L_end___CCA2AW
  ___CCA2AW
  L_end___CS2S
  ___CS2S
  L_end___CCS2S
  ___CCS2S
  L_end___FZinS
  ___FZinS
  L_end_____DoIFC
  _____DoIFC
  L_end_Swap
  _Swap
  L_end_setjmp
  _setjmp
  L_end_longjmp
  _longjmp
  L_UART1_Init0
  L_UART1_Init1
  L_UART1_Read2
  L_UART1_Write3
  L_UART1_Write4
  L_UART1_Write_Text5
  L_UART1_Write_Text6
  L_UART1_Read_Text7
  L_UART1_Read_Text8
  L_UART1_Read_Text9
  L_UART1_Read_Text10
  L_UART1_Read_Text11
  L_UART1_Read_Text12
  L_UART1_Read_Text13
  L_UART1_Read_Text14
  L_UART1_Read_Text15
  L_UART_Write_Text16
  L_UART_Write_Text17
  L_UART_Read_Text18
  L_UART_Read_Text19
  L_UART_Read_Text20
  L_UART_Read_Text21
  L_UART_Read_Text22
  L_UART_Read_Text23
  L_UART_Read_Text24
  L_UART_Read_Text25
  L_UART_Read_Text26
  L_end_UART1_Init
  _UART1_Init
  L_end_UART1_Data_Ready
  _UART1_Data_Ready
  L_end_UART1_Read
  _UART1_Read
  L_end_UART1_Tx_Idle
  _UART1_Tx_Idle
  L_end_UART1_Write
  _UART1_Write
  L_end_UART1_Write_Text
  _UART1_Write_Text
  L_end_UART1_Read_Text
  _UART1_Read_Text
  L_end_UART_Set_Active
  _UART_Set_Active
  L_end_UART_Write
  _UART_Write
  L_end_UART_Write_Text
  _UART_Write_Text
  L_end_UART_Read
  _UART_Read
  L_end_UART_Data_Ready
  _UART_Data_Ready
  L_end_UART_Read_Text
  _UART_Read_Text
  L_end_UART_Tx_Idle
  _UART_Tx_Idle
