Removed Member From Class: ClassName=[07] - CPU CONNECTORS  Member=C5
Removed Member From Class: ClassName=[06] - MICRO CONTROLLER CONNECTORS Member=C6
Removed Member From Class: ClassName=[08] - CPU USB Member=C6
Removed Member From Class: ClassName=[05] - POWER Member=C9
Removed Member From Class: ClassName=[05] - POWER Member=C10
Removed Member From Class: ClassName=[06] - MICRO CONTROLLER CONNECTORS Member=C15
Removed Member From Class: ClassName=[08] - CPU USB Member=C18
Removed Member From Class: ClassName=[06] - MICRO CONTROLLER CONNECTORS Member=C33
Removed Member From Class: ClassName=[05] - POWER Member=C35
Removed Member From Class: ClassName=[05] - POWER Member=C36
Removed Member From Class: ClassName=[06] - MICRO CONTROLLER CONNECTORS Member=C40
Removed Member From Class: ClassName=[06] - MICRO CONTROLLER CONNECTORS Member=C41
Removed Member From Class: ClassName=[07] - CPU CONNECTORS  Member=C44
Removed Member From Class: ClassName=[07] - CPU CONNECTORS  Member=C45
Removed Member From Class: ClassName=[07] - CPU CONNECTORS  Member=C52
Removed Member From Class: ClassName=[03] - MICRO CONTROLLER Member=C53
Removed Member From Class: ClassName=[06] - MICRO CONTROLLER CONNECTORS Member=C54
Removed Member From Class: ClassName=[07] - CPU CONNECTORS  Member=C57
Removed Member From Class: ClassName=[08] - CPU USB Member=C57
Removed Member From Class: ClassName=[03] - MICRO CONTROLLER Member=C62
Removed Member From Class: ClassName=[08] - CPU USB Member=C62
Removed Member From Class: ClassName=[03] - MICRO CONTROLLER Member=C64
Removed Member From Class: ClassName=[05] - POWER Member=C67
Removed Member From Class: ClassName=[05] - POWER Member=D2
Removed Member From Class: ClassName=[08] - CPU USB Member=D2
Removed Member From Class: ClassName=[06] - MICRO CONTROLLER CONNECTORS Member=D6
Removed Member From Class: ClassName=[05] - POWER Member=D7
Removed Member From Class: ClassName=[06] - MICRO CONTROLLER CONNECTORS Member=D7
Removed Member From Class: ClassName=[06] - MICRO CONTROLLER CONNECTORS Member=D13
Removed Member From Class: ClassName=[03] - MICRO CONTROLLER Member=D16
Removed Member From Class: ClassName=[08] - CPU USB Member=D25
Removed Member From Class: ClassName=[08] - CPU USB Member=D26
Removed Member From Class: ClassName=[08] - CPU USB Member=D27
Removed Member From Class: ClassName=[08] - CPU USB Member=D29
Removed Member From Class: ClassName=[07] - CPU CONNECTORS  Member=F4
Removed Member From Class: ClassName=[07] - CPU CONNECTORS  Member=F5
Removed Member From Class: ClassName=[05] - POWER Member=FB3
Removed Member From Class: ClassName=[07] - CPU CONNECTORS  Member=FB3
Removed Member From Class: ClassName=[06] - MICRO CONTROLLER CONNECTORS Member=J2
Removed Member From Class: ClassName=[06] - MICRO CONTROLLER CONNECTORS Member=J6
Removed Member From Class: ClassName=[06] - MICRO CONTROLLER CONNECTORS Member=J7
Removed Member From Class: ClassName=[06] - MICRO CONTROLLER CONNECTORS Member=J9
Removed Member From Class: ClassName=[07] - CPU CONNECTORS  Member=J9
Removed Member From Class: ClassName=[03] - MICRO CONTROLLER Member=J11
Removed Member From Class: ClassName=[06] - MICRO CONTROLLER CONNECTORS Member=J11
Removed Member From Class: ClassName=[07] - CPU CONNECTORS  Member=J29
Removed Member From Class: ClassName=[08] - CPU USB Member=J33
Removed Member From Class: ClassName=[05] - POWER Member=L1
Removed Member From Class: ClassName=[05] - POWER Member=L4
Removed Member From Class: ClassName=[06] - MICRO CONTROLLER CONNECTORS Member=L7
Removed Member From Class: ClassName=[08] - CPU USB Member=L10
Removed Member From Class: ClassName=[09] - PCB AND MECHANICALS Member=P8
Removed Member From Class: ClassName=[07] - CPU CONNECTORS  Member=P9
Removed Member From Class: ClassName=[05] - POWER Member=Q7
Removed Member From Class: ClassName=[07] - CPU CONNECTORS  Member=Q7
Removed Member From Class: ClassName=[06] - MICRO CONTROLLER CONNECTORS Member=R2
Removed Member From Class: ClassName=[06] - MICRO CONTROLLER CONNECTORS Member=R6
Removed Member From Class: ClassName=[06] - MICRO CONTROLLER CONNECTORS Member=R7
Removed Member From Class: ClassName=[05] - POWER Member=R10
Removed Member From Class: ClassName=[06] - MICRO CONTROLLER CONNECTORS Member=R19
Removed Member From Class: ClassName=[06] - MICRO CONTROLLER CONNECTORS Member=R20
Removed Member From Class: ClassName=[06] - MICRO CONTROLLER CONNECTORS Member=R23
Removed Member From Class: ClassName=[05] - POWER Member=R24
Removed Member From Class: ClassName=[06] - MICRO CONTROLLER CONNECTORS Member=R32
Removed Member From Class: ClassName=[07] - CPU CONNECTORS  Member=R32
Removed Member From Class: ClassName=[06] - MICRO CONTROLLER CONNECTORS Member=R33
Removed Member From Class: ClassName=[03] - MICRO CONTROLLER Member=R36
Removed Member From Class: ClassName=[03] - MICRO CONTROLLER Member=R37
Removed Member From Class: ClassName=[06] - MICRO CONTROLLER CONNECTORS Member=R37
Removed Member From Class: ClassName=[07] - CPU CONNECTORS  Member=R37
Removed Member From Class: ClassName=[07] - CPU CONNECTORS  Member=R50
Removed Member From Class: ClassName=[07] - CPU CONNECTORS  Member=R51
Removed Member From Class: ClassName=[07] - CPU CONNECTORS  Member=R53
Removed Member From Class: ClassName=[05] - POWER Member=R55
Removed Member From Class: ClassName=[07] - CPU CONNECTORS  Member=R63
Removed Member From Class: ClassName=[07] - CPU CONNECTORS  Member=R64
Removed Member From Class: ClassName=[05] - POWER Member=R67
Removed Member From Class: ClassName=[03] - MICRO CONTROLLER Member=R68
Removed Member From Class: ClassName=[05] - POWER Member=R68
Removed Member From Class: ClassName=[03] - MICRO CONTROLLER Member=S4
Removed Member From Class: ClassName=[05] - POWER Member=TP1
Removed Member From Class: ClassName=[06] - MICRO CONTROLLER CONNECTORS Member=U8
Removed Member From Class: ClassName=[08] - CPU USB Member=U9
Removed Member From Class: ClassName=[06] - MICRO CONTROLLER CONNECTORS Member=U11
Removed Member From Class: ClassName=[07] - CPU CONNECTORS  Member=U24
Added Member To Class: ClassName=[03] - MICRO CONTROLLER Member=Component C1 12p
Added Member To Class: ClassName=[03] - MICRO CONTROLLER Member=Component C2 12p
Added Member To Class: ClassName=[03] - MICRO CONTROLLER Member=Component C4 18p
Added Member To Class: ClassName=[03] - MICRO CONTROLLER Member=Component C7 100nF
Added Member To Class: ClassName=[07] - CPU CONNECTORS  Member=Component C8 100nF
Added Member To Class: ClassName=[07] - CPU CONNECTORS  Member=Component C11 100nF
Added Member To Class: ClassName=[07] - CPU CONNECTORS  Member=Component C12 100nF
Added Member To Class: ClassName=[07] - CPU CONNECTORS  Member=Component C16 100nF
Added Member To Class: ClassName=[07] - CPU CONNECTORS  Member=Component C17 100nF
Added Member To Class: ClassName=[07] - CPU CONNECTORS  Member=Component C19 100nF
Added Member To Class: ClassName=[07] - CPU CONNECTORS  Member=Component C20 100nF
Added Member To Class: ClassName=[07] - CPU CONNECTORS  Member=Component C21 100nF
Added Member To Class: ClassName=[07] - CPU CONNECTORS  Member=Component C22 100nF
Added Member To Class: ClassName=[07] - CPU CONNECTORS  Member=Component C23 100nF
Added Member To Class: ClassName=[07] - CPU CONNECTORS  Member=Component C24 100nF
Added Member To Class: ClassName=[07] - CPU CONNECTORS  Member=Component C25 100nF
Added Member To Class: ClassName=[07] - CPU CONNECTORS  Member=Component C26 100nF
Added Member To Class: ClassName=[07] - CPU CONNECTORS  Member=Component C27 100nF
Added Member To Class: ClassName=[08] - CPU USB Member=Component C30 100nF
Added Member To Class: ClassName=[08] - CPU USB Member=Component C32 100nF
Added Member To Class: ClassName=[08] - CPU USB Member=Component C33 100nF
Added Member To Class: ClassName=[08] - CPU USB Member=Component C34 47uF
Added Member To Class: ClassName=[08] - CPU USB Member=Component C37 100nF
Added Member To Class: ClassName=[05] - POWER Member=Component C42 1uF
Added Member To Class: ClassName=[05] - POWER Member=Component C43 10uF
Added Member To Class: ClassName=[05] - POWER Member=Component C46 100nF
Added Member To Class: ClassName=[05] - POWER Member=Component C47 100nF
Added Member To Class: ClassName=[05] - POWER Member=Component C48 100uF
Added Member To Class: ClassName=[05] - POWER Member=Component C49 100uF
Added Member To Class: ClassName=[05] - POWER Member=Component C50 100uF
Added Member To Class: ClassName=[05] - POWER Member=Component C51 100uF
Added Member To Class: ClassName=[05] - POWER Member=Component C55 100nF
Added Member To Class: ClassName=[05] - POWER Member=Component C56 22uF
Added Member To Class: ClassName=[05] - POWER Member=Component C58 100nF
Added Member To Class: ClassName=[05] - POWER Member=Component C59 100nF
Added Member To Class: ClassName=[05] - POWER Member=Component C60 22uF
Added Member To Class: ClassName=[05] - POWER Member=Component C61 100nF
Added Member To Class: ClassName=[05] - POWER Member=Component C63 10uF
Added Member To Class: ClassName=[06] - MICRO CONTROLLER CONNECTORS Member=Component C65 100nF
Added Member To Class: ClassName=[06] - MICRO CONTROLLER CONNECTORS Member=Component C68 100nF
Added Member To Class: ClassName=[06] - MICRO CONTROLLER CONNECTORS Member=Component C69 100nF
Added Member To Class: ClassName=[06] - MICRO CONTROLLER CONNECTORS Member=Component C70 100nF
Added Member To Class: ClassName=[06] - MICRO CONTROLLER CONNECTORS Member=Component C71 100nF
Added Member To Class: ClassName=[06] - MICRO CONTROLLER CONNECTORS Member=Component C72 100nF
Added Member To Class: ClassName=[06] - MICRO CONTROLLER CONNECTORS Member=Component C73 100nF
Added Member To Class: ClassName=[06] - MICRO CONTROLLER CONNECTORS Member=Component C74 100nF
Added Member To Class: ClassName=[03] - MICRO CONTROLLER Member=Component D1 LED
Added Member To Class: ClassName=[07] - CPU CONNECTORS  Member=Component D3 SML-D12V1WT86
Added Member To Class: ClassName=[07] - CPU CONNECTORS  Member=Component D4 B560C-13-F
Added Member To Class: ClassName=[08] - CPU USB Member=Component D5 ESD5V3U2U03FH6327XTSA1
Added Member To Class: ClassName=[08] - CPU USB Member=Component D6 ESD5V3U2U03FH6327XTSA1
Added Member To Class: ClassName=[08] - CPU USB Member=Component D8 ESD5V3U2U03FH6327XTSA1
Added Member To Class: ClassName=[08] - CPU USB Member=Component D9 ESD5V3U2U03FH6327XTSA1
Added Member To Class: ClassName=[08] - CPU USB Member=Component D12 BAS4002ARPPE6327HTSA1
Added Member To Class: ClassName=[08] - CPU USB Member=Component D13 BAS4002ARPPE6327HTSA1
Added Member To Class: ClassName=[05] - POWER Member=Component D14 LED
Added Member To Class: ClassName=[05] - POWER Member=Component D15 B560C-13-F
Added Member To Class: ClassName=[05] - POWER Member=Component D17 LED
Added Member To Class: ClassName=[06] - MICRO CONTROLLER CONNECTORS Member=Component D18 CDSOT23
Added Member To Class: ClassName=[06] - MICRO CONTROLLER CONNECTORS Member=Component D19 BAT43WS
Added Member To Class: ClassName=[06] - MICRO CONTROLLER CONNECTORS Member=Component D20 1N4148
Added Member To Class: ClassName=[06] - MICRO CONTROLLER CONNECTORS Member=Component D21 1N4148
Added Member To Class: ClassName=[06] - MICRO CONTROLLER CONNECTORS Member=Component D22 TVS
Added Member To Class: ClassName=[06] - MICRO CONTROLLER CONNECTORS Member=Component D23 TVS
Added Member To Class: ClassName=[06] - MICRO CONTROLLER CONNECTORS Member=Component D24 LED
Added Member To Class: ClassName=[06] - MICRO CONTROLLER CONNECTORS Member=Component D26 LED
Added Member To Class: ClassName=[07] - CPU CONNECTORS  Member=Component F1 NANOSMDC075F-2
Added Member To Class: ClassName=[07] - CPU CONNECTORS  Member=Component F2 NANOSMDC075F-2
Added Member To Class: ClassName=[07] - CPU CONNECTORS  Member=Component FB1 220R, 2.5A
Added Member To Class: ClassName=[05] - POWER Member=Component FB4 742792114
Added Member To Class: ClassName=[03] - MICRO CONTROLLER Member=Component J1 2X5 Header
Added Member To Class: ClassName=[07] - CPU CONNECTORS  Member=Component J3 HDR 2x5, BOXED
Added Member To Class: ClassName=[07] - CPU CONNECTORS  Member=Component J4 2-406549-1
Added Member To Class: ClassName=[07] - CPU CONNECTORS  Member=Component J5 47151-0001
Added Member To Class: ClassName=[08] - CPU USB Member=Component J7 5787617-1
Added Member To Class: ClassName=[05] - POWER Member=Component J10 Hdr 4x2mm BOXED
Added Member To Class: ClassName=[06] - MICRO CONTROLLER CONNECTORS Member=Component J12 HDR 1x2
Added Member To Class: ClassName=[06] - MICRO CONTROLLER CONNECTORS Member=Component J13 HDR 1x2
Added Member To Class: ClassName=[06] - MICRO CONTROLLER CONNECTORS Member=Component J14 HDR 1x2
Added Member To Class: ClassName=[06] - MICRO CONTROLLER CONNECTORS Member=Component J15 HDR 1x2
Added Member To Class: ClassName=[06] - MICRO CONTROLLER CONNECTORS Member=Component J16 HDR 1x2
Added Member To Class: ClassName=[06] - MICRO CONTROLLER CONNECTORS Member=Component J17 HDR 1x2
Added Member To Class: ClassName=[06] - MICRO CONTROLLER CONNECTORS Member=Component J18 HDR 1x2
Added Member To Class: ClassName=[06] - MICRO CONTROLLER CONNECTORS Member=Component J19 HDR 1x2
Added Member To Class: ClassName=[06] - MICRO CONTROLLER CONNECTORS Member=Component J20 HDR 1x2
Added Member To Class: ClassName=[06] - MICRO CONTROLLER CONNECTORS Member=Component J21 HDR 1x2
Added Member To Class: ClassName=[08] - CPU USB Member=Component L1 ACM2012-900-2P-T002
Added Member To Class: ClassName=[08] - CPU USB Member=Component L3 ACM2012-900-2P-T002
Added Member To Class: ClassName=[05] - POWER Member=Component L9 4.7µH
Added Member To Class: ClassName=[05] - POWER Member=Component L10 4.7µH
Added Member To Class: ClassName=[06] - MICRO CONTROLLER CONNECTORS Member=Component L11 ACM2012-900-2P-T002
Added Member To Class: ClassName=[07] - CPU CONNECTORS  Member=Component LS1 GT-0903A
Added Member To Class: ClassName=[07] - CPU CONNECTORS  Member=Component P2 76384-303LF
Added Member To Class: ClassName=[06] - MICRO CONTROLLER CONNECTORS Member=Component P3 76384-303LF
Added Member To Class: ClassName=[07] - CPU CONNECTORS  Member=Component Q1 MOSFET N-CH 20V 1A SOT323
Added Member To Class: ClassName=[07] - CPU CONNECTORS  Member=Component Q3 2N7002BKW,115
Added Member To Class: ClassName=[05] - POWER Member=Component Q6 2N7002BKW,115
Added Member To Class: ClassName=[03] - MICRO CONTROLLER Member=Component R3 0R
Added Member To Class: ClassName=[03] - MICRO CONTROLLER Member=Component R4 47k5
Added Member To Class: ClassName=[03] - MICRO CONTROLLER Member=Component R5 47k5
Added Member To Class: ClassName=[07] - CPU CONNECTORS  Member=Component R7 75R
Added Member To Class: ClassName=[07] - CPU CONNECTORS  Member=Component R8 75R
Added Member To Class: ClassName=[07] - CPU CONNECTORS  Member=Component R9 75R
Added Member To Class: ClassName=[07] - CPU CONNECTORS  Member=Component R11 33R
Added Member To Class: ClassName=[07] - CPU CONNECTORS  Member=Component R12 100R
Added Member To Class: ClassName=[07] - CPU CONNECTORS  Member=Component R13 1K
Added Member To Class: ClassName=[07] - CPU CONNECTORS  Member=Component R14 1K
Added Member To Class: ClassName=[07] - CPU CONNECTORS  Member=Component R15 470R
Added Member To Class: ClassName=[07] - CPU CONNECTORS  Member=Component R16 2K2
Added Member To Class: ClassName=[07] - CPU CONNECTORS  Member=Component R17 2K2
Added Member To Class: ClassName=[07] - CPU CONNECTORS  Member=Component R18 0R
Added Member To Class: ClassName=[07] - CPU CONNECTORS  Member=Component R21 100K
Added Member To Class: ClassName=[05] - POWER Member=Component R25 0R
Added Member To Class: ClassName=[05] - POWER Member=Component R26 1R
Added Member To Class: ClassName=[05] - POWER Member=Component R27 1R
Added Member To Class: ClassName=[05] - POWER Member=Component R28 0R
Added Member To Class: ClassName=[05] - POWER Member=Component R29 0R
Added Member To Class: ClassName=[05] - POWER Member=Component R30 200K
Added Member To Class: ClassName=[05] - POWER Member=Component R34 0R
Added Member To Class: ClassName=[05] - POWER Member=Component R38 10K
Added Member To Class: ClassName=[05] - POWER Member=Component R39 33R
Added Member To Class: ClassName=[05] - POWER Member=Component R41 1K
Added Member To Class: ClassName=[06] - MICRO CONTROLLER CONNECTORS Member=Component R43 10R
Added Member To Class: ClassName=[06] - MICRO CONTROLLER CONNECTORS Member=Component R44 120R
Added Member To Class: ClassName=[06] - MICRO CONTROLLER CONNECTORS Member=Component R45 1K
Added Member To Class: ClassName=[06] - MICRO CONTROLLER CONNECTORS Member=Component R46 1K
Added Member To Class: ClassName=[06] - MICRO CONTROLLER CONNECTORS Member=Component R47 47k5
Added Member To Class: ClassName=[06] - MICRO CONTROLLER CONNECTORS Member=Component R48 4k99
Added Member To Class: ClassName=[06] - MICRO CONTROLLER CONNECTORS Member=Component R49 0R
Added Member To Class: ClassName=[06] - MICRO CONTROLLER CONNECTORS Member=Component R51 0R
Added Member To Class: ClassName=[06] - MICRO CONTROLLER CONNECTORS Member=Component R52 100R
Added Member To Class: ClassName=[06] - MICRO CONTROLLER CONNECTORS Member=Component R53 0R
Added Member To Class: ClassName=[06] - MICRO CONTROLLER CONNECTORS Member=Component R56 1K
Added Member To Class: ClassName=[06] - MICRO CONTROLLER CONNECTORS Member=Component R57 1K
Added Member To Class: ClassName=[06] - MICRO CONTROLLER CONNECTORS Member=Component R58 1K
Added Member To Class: ClassName=[06] - MICRO CONTROLLER CONNECTORS Member=Component R59 1K
Added Member To Class: ClassName=[06] - MICRO CONTROLLER CONNECTORS Member=Component R60 120R
Added Member To Class: ClassName=[06] - MICRO CONTROLLER CONNECTORS Member=Component R61 1K
Added Member To Class: ClassName=[06] - MICRO CONTROLLER CONNECTORS Member=Component R62 1K
Added Member To Class: ClassName=[06] - MICRO CONTROLLER CONNECTORS Member=Component R66 240R
Added Member To Class: ClassName=[06] - MICRO CONTROLLER CONNECTORS Member=Component R69 240R
Added Member To Class: ClassName=[06] - MICRO CONTROLLER CONNECTORS Member=Component R73 1K
Added Member To Class: ClassName=[06] - MICRO CONTROLLER CONNECTORS Member=Component R74 10R
Added Member To Class: ClassName=[06] - MICRO CONTROLLER CONNECTORS Member=Component R75 1K
Added Member To Class: ClassName=[06] - MICRO CONTROLLER CONNECTORS Member=Component R76 10R
Added Member To Class: ClassName=[03] - MICRO CONTROLLER Member=Component S1 TL3305AF160QG
Added Member To Class: ClassName=[05] - POWER Member=Component TP4 TP_25MILC
Added Member To Class: ClassName=[03] - MICRO CONTROLLER Member=Component U1 PIC24EP512GU810-I/PF-ND
Added Member To Class: ClassName=[07] - CPU CONNECTORS  Member=Component U5 BAT54S
Added Member To Class: ClassName=[07] - CPU CONNECTORS  Member=Component U12 296-35765-6-ND
Added Member To Class: ClassName=[07] - CPU CONNECTORS  Member=Component U14 MAX9406ETM+
Added Member To Class: ClassName=[08] - CPU USB Member=Component U16 TPS2066DR
Added Member To Class: ClassName=[05] - POWER Member=Component U17 ISL6236AIRZ
Added Member To Class: ClassName=[06] - MICRO CONTROLLER CONNECTORS Member=Component U18 296-26335-1-ND
Added Member To Class: ClassName=[06] - MICRO CONTROLLER CONNECTORS Member=Component U20 ST3222
Added Member To Class: ClassName=[06] - MICRO CONTROLLER CONNECTORS Member=Component U21 CRE1S0505SC
Added Member To Class: ClassName=[06] - MICRO CONTROLLER CONNECTORS Member=Component U22 ST3222
Added Member To Class: ClassName=[06] - MICRO CONTROLLER CONNECTORS Member=Component U27 MAX490ECSA+
Added Member To Class: ClassName=[03] - MICRO CONTROLLER Member=Component Y1 32.768kHz
Added Member To Class: ClassName=DIFF100 Member=Wire HDMI_D1_N
Added Member To Class: ClassName=HDMI Member=Wire HDMI_D1_N
Added Member To Class: ClassName=DIFF100 Member=Wire HDMI_D1_P
Added Member To Class: ClassName=HDMI Member=Wire HDMI_D1_P
Added Member To Class: ClassName=DIFF100 Member=Wire HDMI_D3_N
Added Member To Class: ClassName=HDMI Member=Wire HDMI_D3_N
Added Member To Class: ClassName=DIFF100 Member=Wire HDMI_D3_P
Added Member To Class: ClassName=HDMI Member=Wire HDMI_D3_P
Added Member To Class: ClassName=RS232 Member=Wire NetC72_2
