;  LST file generated by mikroListExporter - v.2.0 
; Date/Time: 3/9/2016 11:31:26 AM
;----------------------------------------------

;Address Opcode 	ASM
0x0000	0xF000EF23  	GOTO        70
_interrupt:
;timer0.c,5 :: 		void interrupt(){//kesme alt programý
;timer0.c,6 :: 		if (TMR0IF_bit){//Timer0 Kesme bayraðý kontrol ediliyor.
0x0008	0xA4F2      	BTFSS       TMR0IF_bit, BitPos(TMR0IF_bit+0) 
0x000A	0xD004      	BRA         L_interrupt0
;timer0.c,7 :: 		i++;
0x000C	0x2A15      	INCF        _i, 1 
;timer0.c,8 :: 		TMR0L=131;
0x000E	0x0E83      	MOVLW       131
0x0010	0x6ED6      	MOVWF       TMR0L 
;timer0.c,9 :: 		TMR0IF_bit=0;// Kesme bayraðý sýfýrlanýyor.
0x0012	0x94F2      	BCF         TMR0IF_bit, BitPos(TMR0IF_bit+0) 
;timer0.c,10 :: 		}
L_interrupt0:
;timer0.c,11 :: 		}
L_end_interrupt:
L__interrupt5:
0x0014	0x0011      	RETFIE      1
; end of _interrupt
_kurulum:
;timer0.c,13 :: 		void kurulum(){
;timer0.c,14 :: 		TRISB=0;//PORTB çýkýþ
0x0016	0x6A93      	CLRF        TRISB 
;timer0.c,15 :: 		PORTB=0;//PORTB'nin tüm pinleri 0 seviyesinde.
0x0018	0x6A81      	CLRF        PORTB 
;timer0.c,16 :: 		TMR0ON_bit=1;
0x001A	0x8ED5      	BSF         TMR0ON_bit, BitPos(TMR0ON_bit+0) 
;timer0.c,17 :: 		T08BIT_bit=0;
0x001C	0x9CD5      	BCF         T08BIT_bit, BitPos(T08BIT_bit+0) 
;timer0.c,18 :: 		T0CS_bit=0;// Clock palsi kaynaðý olarak dahili osilatör seçildi.
0x001E	0x9AD5      	BCF         T0CS_bit, BitPos(T0CS_bit+0) 
;timer0.c,19 :: 		T0SE_bit=0;
0x0020	0x98D5      	BCF         T0SE_bit, BitPos(T0SE_bit+0) 
;timer0.c,20 :: 		PSA_bit=0;//Prescaler deðeri Timer0 için kullanýlacak.
0x0022	0x96D5      	BCF         PSA_bit, BitPos(PSA_bit+0) 
;timer0.c,21 :: 		T0PS2_bit=0;//Prescaler deðeri 1:32 olarak seçildi.
0x0024	0x94D5      	BCF         T0PS2_bit, BitPos(T0PS2_bit+0) 
;timer0.c,22 :: 		T0PS1_bit=0;
0x0026	0x92D5      	BCF         T0PS1_bit, BitPos(T0PS1_bit+0) 
;timer0.c,23 :: 		T0PS0_bit=1;
0x0028	0x80D5      	BSF         T0PS0_bit, BitPos(T0PS0_bit+0) 
;timer0.c,24 :: 		GIE_bit=1;// tüm kesmelere izin verdik.
0x002A	0x8EF2      	BSF         GIE_bit, BitPos(GIE_bit+0) 
;timer0.c,25 :: 		TMR0IF_bit=0;//Kesme bayraðýný her ihtimale karþý sýfýrladýk
0x002C	0x94F2      	BCF         TMR0IF_bit, BitPos(TMR0IF_bit+0) 
;timer0.c,26 :: 		TMR0L = 131;
0x002E	0x0E83      	MOVLW       131
0x0030	0x6ED6      	MOVWF       TMR0L 
;timer0.c,27 :: 		TMR0IE_bit=1;//Timer0 kesmesini aktif ettik.
0x0032	0x8AF2      	BSF         TMR0IE_bit, BitPos(TMR0IE_bit+0) 
;timer0.c,28 :: 		}
L_end_kurulum:
0x0034	0x0012      	RETURN      0
; end of _kurulum
___CC2DW:
;__Lib_System.c,21 :: 		
;__Lib_System.c,23 :: 		
_CC2DL_Loop1:
;__Lib_System.c,24 :: 		
0x0036	0x0009      	TBLRD*+
;__Lib_System.c,25 :: 		
0x0038	0xFFE6CFF5  	MOVFF       TABLAT, POSTINC1
;__Lib_System.c,26 :: 		
0x003C	0x0600      	DECF        R0, 1, 0
;__Lib_System.c,27 :: 		
0x003E	0xE1FB      	BNZ         _CC2DL_Loop1
;__Lib_System.c,28 :: 		
0x0040	0x0601      	DECF        R1, 1, 0
;__Lib_System.c,29 :: 		
0x0042	0xE1F9      	BNZ         _CC2DL_Loop1
;__Lib_System.c,31 :: 		
L_end___CC2DW:
0x0044	0x0012      	RETURN      0
; end of ___CC2DW
_main:
0x0046	0x6A15      	CLRF        _i 
;timer0.c,30 :: 		void main(){
;timer0.c,31 :: 		kurulum();
0x0048	0xDFE6      	RCALL       _kurulum
;timer0.c,49 :: 		while(1){
L_main1:
;timer0.c,51 :: 		if(i==1)  // Eðer i=5 ise yani 5 kesme oluþmuþsa(5 x 4ms = 20 ms)
0x004A	0x5015      	MOVF        _i, 0 
0x004C	0x0A01      	XORLW       1
0x004E	0xE102      	BNZ         L_main3
;timer0.c,53 :: 		latb=~latb;//portb tersleniyor
0x0050	0x1E8A      	COMF        LATB, 1 
;timer0.c,54 :: 		i=0;//i deðiþkeni sýfýrlanýyor.
0x0052	0x6A15      	CLRF        _i 
;timer0.c,56 :: 		}
L_main3:
;timer0.c,57 :: 		}
0x0054	0xD7FA      	BRA         L_main1
;timer0.c,58 :: 		}
L_end_main:
0x0056	0xD7FF      	BRA         $+0
; end of _main
Symbol List:
//** Routines locations **
//ADDRESS    SIZE    PROCEDURE
//----------------------------------------------
0x0008      [14]    _interrupt
0x0016      [32]    _kurulum
0x0036      [16]    ___CC2DW
0x0046      [18]    _main
//** Variables locations ** 
//ADDRESS    SIZE    VARIABLE
//----------------------------------------------
0x0000       [1]    UART1_Init_tmp_L0
0x0000       [1]    SPI1_Write_tmp_L0
0x0000       [1]    EEPROM_Write_SaveINTCON_L0
0x0000       [1]    __Lib_SoftI2C_PutZerosToLATSda_temp_sda_L0
0x0000       [1]    FLASH_Erase_64_SaveINTCON_L0
0x0000       [1]    R0
0x0000       [1]    __Lib_SoftI2C_PutZerosToLATScl_temp_scl_L0
0x0001       [1]    __Lib_USB_genHID_?FLOC____Lib_USB_genHID_USB_Handle_BusyT1
0x0001       [1]    __Lib_TFT_16bit_JPEG_FileReadBytes_Result_L0
0x0001       [1]    __Lib_TFT_16bit_JPEG_FileRead_i_L0
0x0001       [1]    UART1_Read___tmp_UART1_Read_L0
0x0001       [2]    FLASH_Read_N_Bytes_i_L0
0x0001       [1]    __Lib_PS2_Wait_Falling_nsample_L0
0x0001       [1]    I2C1_Rd_tmp_L0
0x0001       [1]    ispunct_rslt_L0
0x0001       [1]    __Lib_TFT_JPEG_FileRead_i_L0
0x0001       [1]    __Lib_TFT_JPEG_FileReadBytes_Result_L0
0x0001       [1]    FLASH_Erase_Write_64_i_L0
0x0001       [1]    FLASH_Write_32_i_L0
0x0001       [1]    R1
0x0002       [2]    strlen_cp_L0
0x0002       [1]    __Lib_USB_genHID_USB_CtrlTrf_Rx_Service_byteToRead_L0
0x0002       [2]    memcpy_dd_L0
0x0002       [2]    memchr_s_L0
0x0002       [1]    R2
0x0002       [1]    FLASH_Erase_Write_64_j_L0
0x0002       [2]    memset_pp_L0
0x0002       [1]    FLASH_Write_32_SaveINTCON_L0
0x0003       [1]    FLASH_Erase_Write_64_SaveINTCON_L0
0x0003       [2]    __Lib_USB_genHID_USB_CtrlTrf_Tx_Service_byteToSend_L0
0x0003       [1]    __Lib_USB_genHID_USB_CtrlTrf_Rx_Service_i_L0
0x0003       [2]    memmove_tt_L0
0x0003       [2]    Ltrim_original_L0
0x0003       [2]    __Lib_MmcFat16_f16_toInt_l_L0
0x0003       [1]    MM_Init_i_L0
0x0003       [2]    MM_TotalFreeMemSize_Tot_L0
0x0003       [1]    R3
0x0003       [1]    __Lib_Sprinti_?FLOC____Lib_Sprinti_Do_FillT29
0x0004       [1]    __Lib_USB_genHID_GetMaxIndexInDevDsc_index_L0
0x0004       [2]    __Lib_USB_genHID_USB_Std_Feature_Req_Handler_p_L0
0x0004       [2]    __Lib_USB_genHID_USB_Transfer_Packet_handle_L0
0x0004       [2]    __Lib_MemManager_MM_GetMemAlign_P_L0
0x0004       [1]    R4
0x0004       [2]    __Lib_USB_genHID_USB_Get_Status_Handler_p_L2
0x0004       [2]    strcat_cp_L0
0x0004       [2]    strcpy_cp_L0
0x0004       [2]    frexp_pom_L0
0x0004       [2]    strncat_cp_L0
0x0004       [2]    strncpy_cp_L0
0x0004       [1]    __Lib_Sprinti_?FLOC____Lib_Sprinti_Do_FillT40
0x0004       [2]    memcpy_ss_L0
0x0005       [1]    R5
0x0005       [1]    __Lib_Sprinti_?FLOC____Lib_Sprinti_Do_FillT54
0x0005       [1]    MM_TotalFreeMemSize_i_L0
0x0005       [2]    LongIntToHex_input_half_L0
0x0005       [2]    LongWordToHex_input_half_L0
0x0005       [2]    Ltrim_p_L0
0x0005       [2]    __Lib_USB_genHID_USB_Configure_Endpoint_handle_L0
0x0005       [2]    memmove_ff_L0
0x0006       [1]    R6
0x0006       [2]    __Lib_USB_genHID_GetMaxIndexInConfigDsc_totalLen_L0
0x0006       [1]    __Lib_Sprinti_?FLOC____Lib_Sprinti_Do_FillT69
0x0006       [1]    __Lib_MemManager_MM_GetMemAlign_i_L0
0x0007       [1]    __Lib_TFT_16bit_JPEG_GenerateHuffmanTables_bLength_L0
0x0007       [1]    R7
0x0007       [1]    __Lib_TFT_JPEG_GenerateHuffmanTables_bLength_L0
0x0008       [3]    __Lib_USB_genHID_GetMaxIndexInConfigDsc_ptr_L0
0x0008       [1]    __Lib_TFT_JPEG_GenerateHuffmanTables_bTable_L0
0x0008       [1]    __Lib_TFT_16bit_JPEG_GenerateHuffmanTables_bTable_L0
0x0008       [1]    R8
0x0009       [1]    R9
0x0009       [4]    __Lib_MmcFat16_f16_toLong_l_L0
0x000A       [1]    R10
0x000B       [1]    R11
0x000C       [1]    R12
0x000D       [1]    R13
0x000E       [1]    R14
0x000F       [1]    R15
0x0010       [1]    R16
0x0011       [1]    R17
0x0012       [1]    R18
0x0013       [1]    R19
0x0014       [1]    R20
0x0015       [1]    _i
0x0F81       [1]    PORTB
0x0F8A       [1]    LATB
0x0F93       [1]    TRISB
0x0FD5       [0]    T0CS_bit
0x0FD5       [0]    T08BIT_bit
0x0FD5       [0]    PSA_bit
0x0FD5       [0]    T0SE_bit
0x0FD5       [0]    T0PS2_bit
0x0FD5       [0]    T0PS1_bit
0x0FD5       [0]    TMR0ON_bit
0x0FD5       [0]    T0PS0_bit
0x0FD6       [1]    TMR0L
0x0FD8       [1]    STATUS
0x0FD9       [1]    FSR2L
0x0FDA       [1]    FSR2H
0x0FDE       [1]    POSTINC2
0x0FE0       [1]    BSR
0x0FE1       [1]    FSR1L
0x0FE2       [1]    FSR1H
0x0FE4       [1]    PREINC1
0x0FE6       [1]    POSTINC1
0x0FE7       [1]    INDF1
0x0FE8       [1]    WREG
0x0FE9       [1]    FSR0L
0x0FEA       [1]    FSR0H
0x0FEE       [1]    POSTINC0
0x0FF2       [0]    TMR0IE_bit
0x0FF2       [0]    TMR0IF_bit
0x0FF2       [0]    GIE_bit
0x0FF3       [1]    PRODL
0x0FF4       [1]    PRODH
0x0FF5       [1]    TABLAT
0x0FF6       [1]    TBLPTRL
0x0FF7       [1]    TBLPTRH
0x0FF8       [1]    TBLPTRU
//** Label List: ** 
//----------------------------------------------
  L_interrupt0
  L_main1
  L_main2
  L_main3
  L_end_interrupt
  _interrupt
  L__interrupt5
  L_end_kurulum
  _kurulum
  L_end_main
  _main
  _CC2D_Loop1
  _CC2DL_Loop1
  L_loopCA2AWs
  L_loopCCA2AWs
  L_loopCS2Ss
  L_CS2Send
  L_loopCCS2Ss
  L_CCS2Send
  L_loopFZinSWs
  L_longjmp7
  L_end___CC2D
  ___CC2D
  L_end___CC2DW
  ___CC2DW
  L_end___CA2AW
  ___CA2AW
  L_end___CCA2AW
  ___CCA2AW
  L_end___CS2S
  ___CS2S
  L_end___CCS2S
  ___CCS2S
  L_end___FZinS
  ___FZinS
  L_end_____DoIFC
  _____DoIFC
  L_end_Swap
  _Swap
  L_end_setjmp
  _setjmp
  L_end_longjmp
  _longjmp
  L_interrupt0
  L_main1
  L_main2
  L_main3
  L_end_interrupt
  _interrupt
  L__interrupt5
  L_end_kurulum
  _kurulum
  L_end_main
  _main
